Log file open, 10/18/17 13:22:23
LogWindows: Failed to load 'aqProf.dll' (GetLastError=126)
LogWindows: File 'aqProf.dll' does not exist
LogWindows: Failed to load 'VtuneApi.dll' (GetLastError=126)
LogWindows: File 'VtuneApi.dll' does not exist
LogWindows: Failed to load 'VtuneApi32e.dll' (GetLastError=126)
LogWindows: File 'VtuneApi32e.dll' does not exist
LogInit: Display: Running engine for game: FRazavi_LevelDesign1
LogPlatformFile: Not using cached read wrapper
LogInit: Display: RandInit(-26853815) SRandInit(-26853815).
LogTaskGraph: Started task graph with 5 named threads and 14 total threads with 3 sets of task threads.
LogStats: Stats thread started at 0.364289
LogD3D11RHI: Aftermath initialized
LogPluginManager: Mounting plugin Paper2D
LogPluginManager: Mounting plugin LightPropagationVolume
LogPluginManager: Mounting plugin CodeLiteSourceCodeAccess
LogPluginManager: Mounting plugin GitSourceControl
LogPluginManager: Mounting plugin KDevelopSourceCodeAccess
LogPluginManager: Mounting plugin NullSourceCodeAccess
LogPluginManager: Mounting plugin PerforceSourceControl
LogPluginManager: Mounting plugin SubversionSourceControl
LogPluginManager: Mounting plugin UObjectPlugin
LogPluginManager: Mounting plugin VisualStudioSourceCodeAccess
LogPluginManager: Mounting plugin XCodeSourceCodeAccess
LogPluginManager: Mounting plugin AssetManagerEditor
LogPluginManager: Mounting plugin AudioCapture
LogPluginManager: Mounting plugin FacialAnimation
LogPluginManager: Mounting plugin GameplayTagsEditor
LogPluginManager: Mounting plugin MobileLauncherProfileWizard
LogPluginManager: Mounting plugin PluginBrowser
LogPluginManager: Mounting plugin SpeedTreeImporter
LogPluginManager: Mounting plugin AlembicImporter
LogPluginManager: Mounting plugin CharacterAI
LogPluginManager: Mounting plugin HTML5Networking
LogPluginManager: Mounting plugin AndroidMedia
LogPluginManager: Mounting plugin AvfMedia
LogPluginManager: Mounting plugin MediaPlayerEditor
LogPluginManager: Mounting plugin WmfMedia
LogPluginManager: Mounting plugin TcpMessaging
LogPluginManager: Mounting plugin UdpMessaging
LogPluginManager: Mounting plugin LevelSequenceEditor
LogPluginManager: Mounting plugin MatineeToLevelSequence
LogPluginManager: Mounting plugin OnlineSubsystemGooglePlay
LogPluginManager: Mounting plugin OnlineSubsystemIOS
LogPluginManager: Mounting plugin OnlineSubsystem
LogPluginManager: Mounting plugin OnlineSubsystemNull
LogPluginManager: Mounting plugin OnlineSubsystemUtils
LogPluginManager: Mounting plugin AndroidDeviceProfileSelector
LogPluginManager: Mounting plugin AndroidMoviePlayer
LogPluginManager: Mounting plugin AndroidPermission
LogPluginManager: Mounting plugin AppleMoviePlayer
LogPluginManager: Mounting plugin ArchVisCharacter
LogPluginManager: Mounting plugin CableComponent
LogPluginManager: Mounting plugin CustomMeshComponent
LogPluginManager: Mounting plugin ExampleDeviceProfileSelector
LogPluginManager: Mounting plugin GoogleCloudMessaging
LogPluginManager: Mounting plugin ImmediatePhysics
LogPluginManager: Mounting plugin IOSDeviceProfileSelector
LogPluginManager: Mounting plugin LinuxDeviceProfileSelector
LogPluginManager: Mounting plugin LocationServicesBPLibrary
LogPluginManager: Mounting plugin MobilePatchingUtils
LogPluginManager: Mounting plugin OculusVR
LogPluginManager: Mounting plugin PhysXVehicles
LogPluginManager: Mounting plugin ProceduralMeshComponent
LogPluginManager: Mounting plugin RuntimePhysXCooking
LogPluginManager: Mounting plugin SteamVR
LogPluginManager: Mounting plugin WindowsMoviePlayer
LogInit: Using libcurl 7.47.1
LogInit:  - built for x86_64-pc-win32
LogInit:  - supports SSL with OpenSSL/1.0.2g
LogInit:  - supports HTTP deflate (compression) using libz 1.2.8
LogInit:  - other features:
LogInit:      CURL_VERSION_SSL
LogInit:      CURL_VERSION_LIBZ
LogInit:      CURL_VERSION_IPV6
LogInit:      CURL_VERSION_ASYNCHDNS
LogInit:      CURL_VERSION_LARGEFILE
LogInit:      CURL_VERSION_IDN
LogInit:  CurlRequestOptions (configurable via config and command line):
LogInit:  - bVerifyPeer = false  - Libcurl will NOT verify peer certificate
LogInit:  - bUseHttpProxy = false  - Libcurl will NOT use HTTP proxy
LogInit:  - bDontReuseConnections = false  - Libcurl will reuse connections
LogInit:  - CertBundlePath = nullptr  - Libcurl will use whatever was configured at build time.
LogInit: Build: ++UE4+Release-4.17-CL-3658906
LogInit: Engine Version: 4.17.2-3658906+++UE4+Release-4.17
LogInit: Compatible Engine Version: 4.17.0-3573198+++UE4+Release-4.17
LogInit: Net CL: 3573198
LogDevObjectVersion: Number of dev versions registered: 16
LogDevObjectVersion:   Dev-Blueprints (B0D832E4-1F89-4F0D-ACCF-7EB736FD4AA2): 10
LogDevObjectVersion:   Dev-Build (E1C64328-A22C-4D53-A36C-8E866417BD8C): 0
LogDevObjectVersion:   Dev-Core (375EC13C-06E4-48FB-B500-84F0262A717E): 2
LogDevObjectVersion:   Dev-Editor (E4B068ED-F494-42E9-A231-DA0B2E46BB41): 20
LogDevObjectVersion:   Dev-Framework (CFFC743F-43B0-4480-9391-14DF171D2073): 28
LogDevObjectVersion:   Dev-Mobile (B02B49B5-BB20-44E9-A304-32B752E40360): 0
LogDevObjectVersion:   Dev-Networking (A4E4105C-59A1-49B5-A7C5-40C4547EDFEE): 0
LogDevObjectVersion:   Dev-Online (39C831C9-5AE6-47DC-9A44-9C173E1C8E7C): 0
LogDevObjectVersion:   Dev-Physics (78F01B33-EBEA-4F98-B9B4-84EACCB95AA2): 0
LogDevObjectVersion:   Dev-Platform (6631380F-2D4D-43E0-8009-CF276956A95A): 0
LogDevObjectVersion:   Dev-Rendering (12F88B9F-8875-4AFC-A67C-D90C383ABD29): 19
LogDevObjectVersion:   Dev-Sequencer (7B5AE74C-D270-4C10-A958-57980B212A5A): 4
LogDevObjectVersion:   Dev-VR (D7296918-1DD6-4BDD-9DE2-64A83CC13884): 0
LogDevObjectVersion:   Dev-LoadTimes (C2A15278-BFE7-4AFE-6C17-90FF531DF755): 1
LogDevObjectVersion:   Private-Geometry (6EACA3D4-40EC-4CC1-B786-8BED09428FC5): 1
LogDevObjectVersion:   Dev-AnimPhys (29E575DD-E0A3-4627-9D10-D276232CDCEA): 7
LogInit: Compiled (64-bit): Sep 22 2017 13:47:16
LogInit: Compiled with Visual C++: 19.00.24215.01
LogInit: Build Configuration: Development
LogInit: Branch Name: ++UE4+Release-4.17
LogInit: Command line:  
LogInit: Base directory: C:/Program Files/Epic Games/UE_4.17/Engine/Binaries/Win64/
LogInit: Installed Engine Build: 1
LogInit: Presizing for max 8388607 objects, including 0 objects not considered by GC, pre-allocating 0 bytes for permanent pool.
LogInit: Object subsystem initialized
[2017.10.18-20.22.25:300][  0]LogInit: Selected Device Profile: [Windows]
[2017.10.18-20.22.25:300][  0]LogInit: Applying CVar settings loaded from the selected device profile: [Windows]
[2017.10.18-20.22.25:345][  0]LogInit: Computer: FARANAKPC
[2017.10.18-20.22.25:346][  0]LogInit: User: Faranak
[2017.10.18-20.22.25:346][  0]LogInit: CPU Page size=4096, Cores=4
[2017.10.18-20.22.25:346][  0]LogInit: High frequency timer resolution =2.533208 MHz
[2017.10.18-20.22.25:346][  0]LogMemory: Memory total: Physical=15.9GB (16GB approx)
[2017.10.18-20.22.25:347][  0]LogMemory: Platform Memory Stats for Windows
[2017.10.18-20.22.25:347][  0]LogMemory: Process Physical Memory: 277.88 MB used, 277.88 MB peak
[2017.10.18-20.22.25:347][  0]LogMemory: Process Virtual Memory: 274.29 MB used, 274.29 MB peak
[2017.10.18-20.22.25:347][  0]LogMemory: Physical Memory: 5905.61 MB used,  10401.41 MB free, 16307.03 MB total
[2017.10.18-20.22.25:347][  0]LogMemory: Virtual Memory: 673.86 MB used,  10401.41 MB free, 134217728.00 MB total
[2017.10.18-20.22.26:889][  0]LogInit: Using OS detected language (en-US).
[2017.10.18-20.22.26:889][  0]LogInit: Using OS detected locale (en-US).
[2017.10.18-20.22.26:902][  0]LogTextLocalizationManager: No specific localization for 'en-US' exists, so the 'en' localization will be used.
[2017.10.18-20.22.29:651][  0]LogD3D11RHI: D3D11 adapters:
[2017.10.18-20.22.29:806][  0]LogD3D11RHI:    0. 'NVIDIA GeForce GTX 970M' (Feature Level 11_0)
[2017.10.18-20.22.29:806][  0]LogD3D11RHI:       3040/0/8153 MB DedicatedVideo/DedicatedSystem/SharedSystem, Outputs:2, VendorId:0x10de
[2017.10.18-20.22.29:823][  0]LogD3D11RHI:    1. 'Intel(R) HD Graphics 4600' (Feature Level 11_0)
[2017.10.18-20.22.29:823][  0]LogD3D11RHI:       112/0/2048 MB DedicatedVideo/DedicatedSystem/SharedSystem, Outputs:0, VendorId:0x8086
[2017.10.18-20.22.29:828][  0]LogD3D11RHI:    2. 'Microsoft Basic Render Driver' (Feature Level 11_0)
[2017.10.18-20.22.29:828][  0]LogD3D11RHI:       0/0/8153 MB DedicatedVideo/DedicatedSystem/SharedSystem, Outputs:0, VendorId:0x1414
[2017.10.18-20.22.29:828][  0]LogD3D11RHI: Chosen D3D11 Adapter: 0
[2017.10.18-20.22.29:849][  0]LogD3D11RHI: Creating new Direct3DDevice
[2017.10.18-20.22.29:850][  0]LogD3D11RHI:     GPU DeviceId: 0x13d8 (for the marketing name, search the web for "GPU Device Id")
[2017.10.18-20.22.29:850][  0]LogWindows: EnumDisplayDevices:
[2017.10.18-20.22.29:850][  0]LogWindows:    0. 'Intel(R) HD Graphics 4600' (P:1 D:1)
[2017.10.18-20.22.29:851][  0]LogWindows:    1. 'Intel(R) HD Graphics 4600' (P:0 D:1)
[2017.10.18-20.22.29:852][  0]LogWindows:    2. 'Intel(R) HD Graphics 4600' (P:0 D:0)
[2017.10.18-20.22.29:852][  0]LogWindows: DebugString: PrimaryIsNotTheChoosenAdapter PrimaryIsNotTheChoosenAdapter PrimaryIsNotTheChoosenAdapter FoundDriverCount:0 
[2017.10.18-20.22.29:852][  0]LogD3D11RHI:     Adapter Name: NVIDIA GeForce GTX 970M
[2017.10.18-20.22.29:852][  0]LogD3D11RHI:   Driver Version: Unknown (internal:Unknown, unified:Unknown)
[2017.10.18-20.22.29:852][  0]LogD3D11RHI:      Driver Date: Unknown
[2017.10.18-20.22.29:852][  0]LogRHI: Texture pool is 1361 MB (70% of 1945 MB)
[2017.10.18-20.22.29:972][  0]LogD3D11RHI: Async texture creation enabled
[2017.10.18-20.22.29:999][  0]LogD3D11RHI: GPU Timing Frequency: 1000.000000 (Debug: 2 1)
[2017.10.18-20.22.30:003][  0]LogShaderCompilers: Guid format shader working directory is -12 characters bigger than the processId version (../../../../../../Users/Faranak/Desktop/FRazavi_LevelDesign1/Intermediate/Shaders/WorkingDirectory/8716/).
[2017.10.18-20.22.30:004][  0]LogShaderCompilers: Cleaned the shader compiler working directory 'C:/Users/Faranak/AppData/Local/Temp/UnrealShaderWorkingDir/E64046524027C9160C747DA04C8E7A24/'.
[2017.10.18-20.22.30:004][  0]LogShaderCompilers: Display: Using Local Shader Compiler.
[2017.10.18-20.22.33:969][  0]LogTemp: Display: Loaded TP AllDesktopTargetPlatform
[2017.10.18-20.22.34:192][  0]LogTemp: Display: Loaded TP MacClientTargetPlatform
[2017.10.18-20.22.34:422][  0]LogTemp: Display: Loaded TP MacNoEditorTargetPlatform
[2017.10.18-20.22.34:639][  0]LogTemp: Display: Loaded TP MacServerTargetPlatform
[2017.10.18-20.22.34:859][  0]LogTemp: Display: Loaded TP MacTargetPlatform
[2017.10.18-20.22.35:100][  0]LogTemp: Display: Loaded TP WindowsClientTargetPlatform
[2017.10.18-20.22.35:315][  0]LogTemp: Display: Loaded TP WindowsNoEditorTargetPlatform
[2017.10.18-20.22.35:532][  0]LogTemp: Display: Loaded TP WindowsServerTargetPlatform
[2017.10.18-20.22.35:737][  0]LogTemp: Display: Loaded TP WindowsTargetPlatform
[2017.10.18-20.22.35:962][  0]LogTemp: Display: Loaded TP AndroidTargetPlatform
[2017.10.18-20.22.36:182][  0]LogTemp: Display: Loaded TP Android_ASTCTargetPlatform
[2017.10.18-20.22.36:392][  0]LogTemp: Display: Loaded TP Android_ATCTargetPlatform
[2017.10.18-20.22.36:619][  0]LogTemp: Display: Loaded TP Android_DXTTargetPlatform
[2017.10.18-20.22.36:834][  0]LogTemp: Display: Loaded TP Android_ETC1TargetPlatform
[2017.10.18-20.22.37:044][  0]LogTemp: Display: Loaded TP Android_ETC2TargetPlatform
[2017.10.18-20.22.37:469][  0]LogTemp: Display: Loaded TP Android_MultiTargetPlatform
[2017.10.18-20.22.37:469][  0]LogTemp: Display: Loaded TP Android_PVRTCTargetPlatform
[2017.10.18-20.22.37:640][  0]LogTemp: Display: Loaded TP HTML5TargetPlatform
[2017.10.18-20.22.37:963][  0]LogTemp: Display: Loaded TP IOSTargetPlatform
[2017.10.18-20.22.38:088][  0]LogTemp: Display: Loaded TP TVOSTargetPlatform
[2017.10.18-20.22.38:297][  0]LogTemp: Display: Loaded TP LinuxClientTargetPlatform
[2017.10.18-20.22.38:505][  0]LogTemp: Display: Loaded TP LinuxNoEditorTargetPlatform
[2017.10.18-20.22.38:713][  0]LogTemp: Display: Loaded TP LinuxServerTargetPlatform
[2017.10.18-20.22.38:920][  0]LogTemp: Display: Loaded TP LinuxTargetPlatform
[2017.10.18-20.22.38:920][  0]LogTargetPlatformManager: Display: Building Assets For Windows
[2017.10.18-20.22.41:015][  0]LogDerivedDataCache: Display: Max Cache Size: 512 MB
[2017.10.18-20.22.41:350][  0]LogDerivedDataCache: Loaded boot cache 0.34s 93MB C:/Users/Faranak/AppData/Local/UnrealEngine/4.17/DerivedDataCache/Boot.ddc.
[2017.10.18-20.22.41:350][  0]LogDerivedDataCache: Display: Loaded Boot cache: C:/Users/Faranak/AppData/Local/UnrealEngine/4.17/DerivedDataCache/Boot.ddc
[2017.10.18-20.22.41:351][  0]LogDerivedDataCache: FDerivedDataBackendGraph:  Pak pak cache file ../../../../../../Users/Faranak/Desktop/FRazavi_LevelDesign1/DerivedDataCache/DDC.ddp not found, will not use a pak cache.
[2017.10.18-20.22.41:351][  0]LogDerivedDataCache: Unable to find inner node Pak for hierarchical cache Hierarchy.
[2017.10.18-20.22.41:351][  0]LogDerivedDataCache: FDerivedDataBackendGraph:  CompressedPak pak cache file ../../../../../../Users/Faranak/Desktop/FRazavi_LevelDesign1/DerivedDataCache/Compressed.ddp not found, will not use a pak cache.
[2017.10.18-20.22.41:351][  0]LogDerivedDataCache: Unable to find inner node CompressedPak for hierarchical cache Hierarchy.
[2017.10.18-20.22.41:418][  0]LogDerivedDataCache: Display: Pak cache opened for reading ../../../Engine/DerivedDataCache/Compressed.ddp.
[2017.10.18-20.22.41:433][  0]LogDerivedDataCache: Using Local data cache path C:/Users/Faranak/AppData/Local/UnrealEngine/Common/DerivedDataCache: Writable
[2017.10.18-20.22.41:473][  0]LogMaterial: Verifying Global Shaders for PCD3D_SM5
[2017.10.18-20.22.41:474][  0]LogSlate: Using Freetype 2.6.0
[2017.10.18-20.22.41:476][  0]LogSlate: SlateFontCache - WITH_FREETYPE: 1, WITH_HARFBUZZ: 1
[2017.10.18-20.22.41:477][  0]LogSlate: SlateFontCache - WITH_FREETYPE: 1, WITH_HARFBUZZ: 1
[2017.10.18-20.22.43:288][  0]LogAssetRegistry: FAssetRegistry took 0.0400 seconds to start up
[2017.10.18-20.22.43:787][  0]LogInit: Selected Device Profile: [Windows]
[2017.10.18-20.22.44:356][  0]LogContentStreaming: Texture pool size is 0.00 MB
[2017.10.18-20.22.45:651][  0]LogSimplygon: Simplygon DLL not present - disabling.
[2017.10.18-20.22.45:838][  0]LogMeshReduction: Using SimplygonSwarm for distributed automatic mesh merging
[2017.10.18-20.22.45:839][  0]LogMeshReduction: Using QuadricMeshReduction for automatic static mesh reduction
[2017.10.18-20.22.45:839][  0]LogMeshReduction: No automatic skeletal mesh reduction module available
[2017.10.18-20.22.45:839][  0]LogMeshReduction: No automatic mesh merging module available
[2017.10.18-20.22.45:839][  0]LogMeshMerging: No automatic mesh merging module available
[2017.10.18-20.22.47:291][  0]LogNetVersion: FRazavi_LevelDesign1 , NetCL: 3573198, EngineNetVer: 2, GameNetVer: 0 (Checksum: 2915890311)
[2017.10.18-20.22.48:147][  0]LogPackageLocalizationCache: Processed 5 localized package path(s) for 2 prioritized culture(s) in 0.170832 seconds
[2017.10.18-20.22.48:171][  0]LogUObjectArray: 35825 objects as part of root set at end of initial load.
[2017.10.18-20.22.48:171][  0]LogUObjectAllocator: 7529104 out of 0 bytes used by permanent object pool.
[2017.10.18-20.22.48:171][  0]LogUObjectArray: CloseDisregardForGC: 0/0 objects in disregard for GC pool
[2017.10.18-20.22.48:454][  0]LogInit: WinSock: version 1.1 (2.2), MaxSocks=32767, MaxUdp=65467
[2017.10.18-20.22.59:494][  0]LogTcpMessaging: Initializing TcpMessaging bridge
[2017.10.18-20.22.59:638][  0]LogUdpMessaging: Initializing bridge on interface 0.0.0.0:0 to multicast group 230.0.0.1:6666.
[2017.10.18-20.23.02:208][  0]LogMaterial: Uniform references updated for custom material expression Custom.
[2017.10.18-20.23.03:952][  0]SourceControl: Source control is disabled
[2017.10.18-20.23.03:952][  0]SourceControl: Source control is disabled
[2017.10.18-20.23.04:160][  0]SourceControl: Source control is disabled
[2017.10.18-20.23.04:371][  0]SourceControl: Source control is disabled
[2017.10.18-20.23.06:920][  0]LogAndroidPermission: UAndroidPermissionCallbackProxy::GetInstance
[2017.10.18-20.23.07:920][  0]LogOcInput: OculusInput pre-init called
[2017.10.18-20.23.09:008][  0]LogEngine: Initializing Engine...
[2017.10.18-20.23.09:014][  0]LogHMD: Failed to initialize OpenVR with code 110
[2017.10.18-20.23.10:713][  0]LogStats: UGameplayTagsManager::ConstructGameplayTagTree: Construct from data asset -  0.000 s
[2017.10.18-20.23.10:713][  0]LogStats: UGameplayTagsManager::ConstructGameplayTagTree: GameplayTagTreeChangedEvent.Broadcast -  0.000 s
[2017.10.18-20.23.11:274][  0]LogAIModule: Creating AISystem for world Untitled
[2017.10.18-20.23.11:298][  0]LogInit: XAudio2 using 'Speakers (Realtek High Definition Audio)' : 2 channels at 48 kHz using 32 bits per sample (channel mask 0x3)
[2017.10.18-20.23.11:348][  0]LogInit: FAudioDevice initialized.
[2017.10.18-20.23.11:610][  0]LogDerivedDataCache: Saved boot cache 0.26s 93MB C:/Users/Faranak/AppData/Local/UnrealEngine/4.17/DerivedDataCache/Boot.ddc.
[2017.10.18-20.23.11:652][  0]LogInit: Texture streaming: Enabled
[2017.10.18-20.23.12:137][  0]LogEngineSessionManager: EngineSessionManager initialized
[2017.10.18-20.23.13:112][  0]LogInit: Transaction tracking system initialized
[2017.10.18-20.23.14:479][  0]BlueprintLog: New page: Editor Load
[2017.10.18-20.23.18:492][  0]LocalizationService: Localization service is disabled
[2017.10.18-20.23.21:527][  0]LogConsoleResponse: Display: 
[2017.10.18-20.23.22:298][  0]LogCook: Display: Max memory allowance for cook 16384mb min free memory 0mb
[2017.10.18-20.23.22:298][  0]LogCook: Display: Mobile HDR setting 1
[2017.10.18-20.23.22:298][  0]LogGameplayTags: Display: UGameplayTagsManager::DoneAddingNativeTags. DelegateIsBound: 0
[2017.10.18-20.23.23:135][  0]LogFileCache: Scanning file cache for directory 'C:/Users/Faranak/Desktop/FRazavi_LevelDesign1/Content/' took 0.03s
[2017.10.18-20.23.27:645][  0]SourceControl: Source control is disabled
[2017.10.18-20.23.27:645][  0]Cmd: MAP LOAD FILE="../../../../../../Users/Faranak/Desktop/FRazavi_LevelDesign1/Content/ThirdPersonBP/Maps/ThirdPersonExampleMap.umap" TEMPLATE=0 SHOWPROGRESS=1 FEATURELEVEL=3
[2017.10.18-20.23.27:647][  0]LightingResults: New page: Lighting Build
[2017.10.18-20.23.27:839][  0]MapCheck: New page: Map Check
[2017.10.18-20.23.27:839][  0]LightingResults: New page: Lighting Build
[2017.10.18-20.23.30:352][  0]LogAIModule: Creating AISystem for world ThirdPersonExampleMap
[2017.10.18-20.23.30:450][  0]LogEditorServer: Finished looking for orphan Actors (0.000 secs)
[2017.10.18-20.23.30:566][  0]Cmd: MAP CHECKDEP NOCLEARLOG
[2017.10.18-20.23.30:847][  0]MapCheck: Map check complete: 0 Error(s), 0 Warning(s), took 280.384ms to complete.
[2017.10.18-20.23.30:847][  0]LogFileHelpers: Loading map 'ThirdPersonExampleMap' took 3.202
[2017.10.18-20.23.31:293][  0]LogCollectionManager: Loaded 0 collections in 0.007868 seconds
[2017.10.18-20.23.31:568][  0]LogFileCache: Scanning file cache for directory 'C:/Users/Faranak/Desktop/FRazavi_LevelDesign1/Saved/Collections/' took 0.01s
[2017.10.18-20.23.31:568][  0]LogFileCache: Scanning file cache for directory 'C:/Users/Faranak/Desktop/FRazavi_LevelDesign1/Content/Developers/Faranak/Collections/' took 0.01s
[2017.10.18-20.23.31:568][  0]LogFileCache: Scanning file cache for directory 'C:/Users/Faranak/Desktop/FRazavi_LevelDesign1/Content/Collections/' took 0.01s
[2017.10.18-20.23.31:568][  0]LogCollectionManager: Rebuilt the GUID cache for 0 collections in 0.000001 seconds
[2017.10.18-20.23.31:604][  0]LogContentBrowser: Native class hierarchy populated in 0.0352 seconds. Added 2386 classes and 500 folders.
[2017.10.18-20.23.31:921][  0]LogContentBrowser: Native class hierarchy updated for 'WidgetCarousel' in 0.0023 seconds. Added 0 classes and 0 folders.
[2017.10.18-20.23.32:141][  0]LogContentBrowser: Native class hierarchy updated for 'AddContentDialog' in 0.0024 seconds. Added 0 classes and 0 folders.
[2017.10.18-20.23.32:357][  0]LogContentBrowser: Native class hierarchy updated for 'SceneOutliner' in 0.0038 seconds. Added 1 classes and 2 folders.
[2017.10.18-20.23.32:680][  0]LogSlate: Took 0.000660 seconds to synchronously load lazily loaded font '../../../Engine/Content/Slate/Fonts/Roboto-Regular.ttf' (155K)
[2017.10.18-20.23.32:688][  0]LogSlate: Took 0.000655 seconds to synchronously load lazily loaded font '../../../Engine/Content/Slate/Fonts/Roboto-Bold.ttf' (160K)
[2017.10.18-20.23.32:709][  0]LogSlate: Took 0.000858 seconds to synchronously load lazily loaded font '../../../Engine/Content/Editor/Slate/Fonts/FontAwesome.ttf' (139K)
[2017.10.18-20.23.33:139][  0]LogRenderer: Reallocating scene render targets to support 656x676 Format 10 NumSamples 1 (Frame:1).
[2017.10.18-20.23.33:848][  0]LogContentBrowser: Native class hierarchy updated for 'HierarchicalLODOutliner' in 0.0025 seconds. Added 1 classes and 2 folders.
[2017.10.18-20.23.33:849][  0]LogLoad: (Engine Initialization) Total time: 74.49 seconds
[2017.10.18-20.23.33:849][  0]LogLoad: (Engine Initialization) Total Blueprint compile time: 0.00 seconds
[2017.10.18-20.23.33:850][  0]LogExternalProfiler: Found external profiler: VSPerf
[2017.10.18-20.23.33:850][  0]LogExternalProfiler: Using external profiler: VSPerf
[2017.10.18-20.23.34:231][  0]LogContentStreaming: Texture pool size now 1000 MB
[2017.10.18-20.23.34:552][  0]LogSlate: Took 0.000576 seconds to synchronously load lazily loaded font '../../../Engine/Content/Slate/Fonts/Roboto-Light.ttf' (159K)
[2017.10.18-20.23.35:278][  3]LogSlate: Took 0.000792 seconds to synchronously load lazily loaded font '../../../Engine/Content/Slate/Fonts/Roboto-Light.ttf' (159K)
[2017.10.18-20.23.35:602][  4]LogAssetRegistry: Asset discovery search completed in 52.3369 seconds
[2017.10.18-20.23.35:609][  4]LogCollectionManager: Rebuilt the object cache for 0 collections in 0.000002 seconds (found 0 objects)
[2017.10.18-20.23.35:610][  4]LogCollectionManager: Fixed up redirectors for 0 collections in 0.000172 seconds (updated 0 objects)
[2017.10.18-20.23.44:329][ 30]LogLinker: Warning: Can't resolve asset name
[2017.10.18-20.23.44:365][ 30]LogSlate: Took 0.000549 seconds to synchronously load lazily loaded font '../../../Engine/Content/Slate/Fonts/Roboto-Light.ttf' (159K)
[2017.10.18-20.24.10:937][ 57]LogRenderer: Reallocating scene render targets to support 696x676 Format 10 NumSamples 1 (Frame:1040).
[2017.10.18-20.24.11:055][ 58]LogRenderer: Reallocating scene render targets to support 760x676 Format 10 NumSamples 1 (Frame:1042).
[2017.10.18-20.24.11:182][ 59]LogRenderer: Reallocating scene render targets to support 824x676 Format 10 NumSamples 1 (Frame:1044).
[2017.10.18-20.24.11:308][ 60]LogRenderer: Reallocating scene render targets to support 892x676 Format 10 NumSamples 1 (Frame:1046).
[2017.10.18-20.24.11:444][ 61]LogRenderer: Reallocating scene render targets to support 964x676 Format 10 NumSamples 1 (Frame:1048).
[2017.10.18-20.24.11:624][ 62]LogRenderer: Reallocating scene render targets to support 1036x676 Format 10 NumSamples 1 (Frame:1050).
[2017.10.18-20.24.11:742][ 63]LogRenderer: Reallocating scene render targets to support 1100x676 Format 10 NumSamples 1 (Frame:1052).
[2017.10.18-20.24.11:946][ 64]LogRenderer: Reallocating scene render targets to support 1116x676 Format 10 NumSamples 1 (Frame:1054).
[2017.10.18-20.24.12:188][ 65]LogRenderer: Reallocating scene render targets to support 1136x676 Format 10 NumSamples 1 (Frame:1056).
[2017.10.18-20.24.14:840][161]LogEditorViewport: Clicking on Actor (LMB): StaticMeshActor (Ghost)
[2017.10.18-20.24.15:412][165]Cmd: CAMERA ALIGN ACTIVEVIEWPORTONLY
[2017.10.18-20.24.22:304][398]LogEditorViewport: Clicking on Actor (LMB): TextRenderActor (TextRenderActor6)
[2017.10.18-20.24.23:910][449]Cmd: CAMERA ALIGN ACTIVEVIEWPORTONLY
[2017.10.18-20.25.33:821][898]Cmd: CAMERA ALIGN ACTIVEVIEWPORTONLY
[2017.10.18-20.26.41:502][175]LogMaterial: Missing cached shader map for material DoorMaterial, compiling. 
[2017.10.18-20.26.43:889][219]LogContentBrowser: Native class hierarchy updated for 'MaterialEditor' in 0.0024 seconds. Added 1 classes and 0 folders.
[2017.10.18-20.26.43:900][219]LogMaterial: Missing cached shader map for material DoorMaterial, compiling. 
[2017.10.18-20.26.44:254][219]LogMaterial: Missing cached shader map for material DoorMaterial, compiling. 
[2017.10.18-20.26.44:312][219]LogMaterial: Missing cached shader map for material DoorMaterial, compiling. 
[2017.10.18-20.26.44:402][219]LogMaterial: Missing cached shader map for material FMatExpressionPreview MaterialExpressionConstant3Vector_0, compiling. 
[2017.10.18-20.26.44:449][219]LogSlate: Took 0.000627 seconds to synchronously load lazily loaded font '../../../Engine/Content/Editor/Slate/Fonts/Roboto-BoldCondensed.ttf' (158K)
[2017.10.18-20.26.48:394][334]MaterialEditorStats: Base pass shader: 79 instructions
[2017.10.18-20.26.48:394][334]MaterialEditorStats: Vertex shader: 29 instructions
[2017.10.18-20.26.48:394][334]MaterialEditorStats: Texture samplers: 3/16
[2017.10.18-20.27.00:239][666]LogMaterial: Missing cached shader map for material DoorMaterial, compiling. 
[2017.10.18-20.27.00:300][666]LogMaterial: Missing cached shader map for material FMatExpressionPreview MaterialExpressionConstant3Vector_0, compiling. 
[2017.10.18-20.27.02:950][736]MaterialEditorStats: Base pass shader: 79 instructions
[2017.10.18-20.27.02:951][736]MaterialEditorStats: Vertex shader: 29 instructions
[2017.10.18-20.27.02:951][736]MaterialEditorStats: Texture samplers: 3/16
[2017.10.18-20.27.07:201][853]LogMaterial: Missing cached shader map for material DoorMaterial, compiling. 
[2017.10.18-20.27.07:258][853]LogMaterial: Missing cached shader map for material FMatExpressionPreview MaterialExpressionConstant3Vector_0, compiling. 
[2017.10.18-20.27.09:790][922]MaterialEditorStats: Base pass shader: 79 instructions
[2017.10.18-20.27.09:791][922]MaterialEditorStats: Vertex shader: 29 instructions
[2017.10.18-20.27.09:791][922]MaterialEditorStats: Texture samplers: 3/16
[2017.10.18-20.27.13:614][ 58]LogMaterial: Missing cached shader map for material DoorMaterial, compiling. 
[2017.10.18-20.27.13:673][ 58]LogMaterial: Missing cached shader map for material FMatExpressionPreview MaterialExpressionConstant3Vector_0, compiling. 
[2017.10.18-20.27.16:299][127]MaterialEditorStats: Base pass shader: 79 instructions
[2017.10.18-20.27.16:299][127]MaterialEditorStats: Vertex shader: 29 instructions
[2017.10.18-20.27.16:299][127]MaterialEditorStats: Texture samplers: 3/16
[2017.10.18-20.27.18:031][177]LogMaterial: Missing cached shader map for material DoorMaterial, compiling. 
[2017.10.18-20.27.18:088][177]LogMaterial: Missing cached shader map for material FMatExpressionPreview MaterialExpressionConstant3Vector_0, compiling. 
[2017.10.18-20.27.19:577][212]LogMaterialEditor: Saving and Compiling material DoorMaterial
[2017.10.18-20.27.20:950][212]LogMaterial: Missing cached shader map for material DoorMaterial, compiling. 
[2017.10.18-20.27.21:171][212]LogMaterial: Missing cached shader map for material DoorMaterial, compiling. 
[2017.10.18-20.27.21:378][212]LogMaterial: Missing cached shader map for material DoorMaterial, compiling. 
[2017.10.18-20.27.21:591][212]LogMaterial: Missing cached shader map for material FDebugViewModeMaterialProxy DoorMaterial, compiling. 
[2017.10.18-20.27.23:115][212]TextureStreamingBuild: Display: Compiling optional shaders took 1.549 seconds.
[2017.10.18-20.27.28:787][212]LogSlate: Took 0.000551 seconds to synchronously load lazily loaded font '../../../Engine/Content/Slate/Fonts/Roboto-Regular.ttf' (155K)
[2017.10.18-20.27.28:913][212]Cmd: OBJ SAVEPACKAGE PACKAGE="/Game/Subway/Material/DoorMaterial" FILE="../../../../../../Users/Faranak/Desktop/FRazavi_LevelDesign1/Content/Subway/Material/DoorMaterial.uasset" SILENT=true
[2017.10.18-20.27.28:981][212]LogSavePackage: Save=60.45ms
[2017.10.18-20.27.28:981][212]LogSavePackage: Moving '../../../../../../Users/Faranak/Desktop/FRazavi_LevelDesign1/Saved/DoorMaterialFAD0A7DA458E846C6CE77E935B32CE90.tmp' to '../../../../../../Users/Faranak/Desktop/FRazavi_LevelDesign1/Content/Subway/Material/DoorMaterial.uasset'
[2017.10.18-20.27.28:998][212]LogSavePackage: Display: Finished SavePackage ../../../../../../Users/Faranak/Desktop/FRazavi_LevelDesign1/Content/Subway/Material/DoorMaterial.uasset
[2017.10.18-20.27.29:028][212]MaterialEditorStats: Base pass shader: 79 instructions
[2017.10.18-20.27.29:028][212]MaterialEditorStats: Vertex shader: 29 instructions
[2017.10.18-20.27.29:028][212]MaterialEditorStats: Texture samplers: 3/16
[2017.10.18-20.27.44:926][672]Cmd: BRUSH ADD SELECTNEWBRUSH
[2017.10.18-20.30.00:285][876]Cmd: TRANSACTION UNDO
[2017.10.18-20.30.00:285][876]LogEditorTransaction: Undo Move Actors
[2017.10.18-20.30.00:427][876]LogActorComponent: ~FComponentReregisterContext: (/Game/ThirdPersonBP/Maps/ThirdPersonExampleMap.ThirdPersonExampleMap:PersistentLevel.LinearStairBrush3.BrushComponent0) Component already registered.
[2017.10.18-20.30.01:902][898]Cmd: TRANSACTION UNDO
[2017.10.18-20.30.01:902][898]LogEditorTransaction: Undo Animatable Property Changed
[2017.10.18-20.30.03:543][948]Cmd: TRANSACTION UNDO
[2017.10.18-20.30.03:543][948]LogEditorTransaction: Undo Move Actors
[2017.10.18-20.30.03:702][948]LogActorComponent: ~FComponentReregisterContext: (/Game/ThirdPersonBP/Maps/ThirdPersonExampleMap.ThirdPersonExampleMap:PersistentLevel.LinearStairBrush3.BrushComponent0) Component already registered.
[2017.10.18-20.30.44:506][229]LogSavePackage: Save=4666.19ms
[2017.10.18-20.30.44:507][229]LogSavePackage: Moving '../../../../../../Users/Faranak/Desktop/FRazavi_LevelDesign1/Saved/ThirdPersonExampleMap8DBFFE1444633A421B35BA9AC2669654.tmp' to '../../../../../../Users/Faranak/Desktop/FRazavi_LevelDesign1/Content/ThirdPersonBP/Maps/ThirdPersonExampleMap.umap'
[2017.10.18-20.30.44:523][229]LogSavePackage: Display: Finished SavePackage ../../../../../../Users/Faranak/Desktop/FRazavi_LevelDesign1/Content/ThirdPersonBP/Maps/ThirdPersonExampleMap.umap
[2017.10.18-20.30.46:118][229]LogSavePackage: Save=1430.69ms
[2017.10.18-20.30.46:118][229]LogSavePackage: Moving '../../../../../../Users/Faranak/Desktop/FRazavi_LevelDesign1/Saved/ThirdPersonExampleMap_BuiltDataE6B0912C4CA1126C53F48A9B498125E5.tmp' to '../../../../../../Users/Faranak/Desktop/FRazavi_LevelDesign1/Content/ThirdPersonBP/Maps/ThirdPersonExampleMap_BuiltData.uasset'
[2017.10.18-20.30.46:126][229]LogSavePackage: Display: Finished SavePackage ../../../../../../Users/Faranak/Desktop/FRazavi_LevelDesign1/Content/ThirdPersonBP/Maps/ThirdPersonExampleMap_BuiltData.uasset
[2017.10.18-20.33.52:206][993]Cmd: OBJ SAVEPACKAGE PACKAGE="/Game/Subway/IGC/SequencerOfficeDoor" FILE="../../../../../../Users/Faranak/Desktop/FRazavi_LevelDesign1/Content/Subway/IGC/SequencerOfficeDoor.uasset" SILENT=true
[2017.10.18-20.33.52:247][993]LogSavePackage: Save=29.28ms
[2017.10.18-20.33.52:247][993]LogSavePackage: Moving '../../../../../../Users/Faranak/Desktop/FRazavi_LevelDesign1/Saved/SequencerOfficeDoor2767673E40A3D5C4CD8598BC021E0688.tmp' to '../../../../../../Users/Faranak/Desktop/FRazavi_LevelDesign1/Content/Subway/IGC/SequencerOfficeDoor.uasset'
[2017.10.18-20.33.52:259][993]LogSavePackage: Display: Finished SavePackage ../../../../../../Users/Faranak/Desktop/FRazavi_LevelDesign1/Content/Subway/IGC/SequencerOfficeDoor.uasset
[2017.10.18-20.34.02:167][312]LogEditorViewport: Clicking on Actor (LMB): TriggerBox (TriggerBox2)
[2017.10.18-20.34.03:423][347]LogEditorViewport: Clicking on Actor (context menu): TriggerBox (TriggerBox2)
[2017.10.18-20.34.12:017][525]LogContentBrowser: Native class hierarchy updated for 'BlueprintGraph' in 0.0039 seconds. Added 113 classes and 0 folders.
[2017.10.18-20.34.14:992][526]LogSlate: Took 0.000681 seconds to synchronously load lazily loaded font '../../../Engine/Content/Editor/Slate/Fonts/Roboto-Italic.ttf' (157K)
[2017.10.18-20.34.47:094][141]LogEditorViewport: Clicking on Actor (LMB): LevelSequenceActor (SequencerOfficeDoor)
[2017.10.18-20.36.08:832][996]LogSavePackage: Save=4530.16ms
[2017.10.18-20.36.08:833][996]LogSavePackage: Moving '../../../../../../Users/Faranak/Desktop/FRazavi_LevelDesign1/Saved/ThirdPersonExampleMap57F0E666449BB00B6ACF9E85621314B1.tmp' to '../../../../../../Users/Faranak/Desktop/FRazavi_LevelDesign1/Content/ThirdPersonBP/Maps/ThirdPersonExampleMap.umap'
[2017.10.18-20.36.08:848][996]LogSavePackage: Display: Finished SavePackage ../../../../../../Users/Faranak/Desktop/FRazavi_LevelDesign1/Content/ThirdPersonBP/Maps/ThirdPersonExampleMap.umap
[2017.10.18-20.36.08:955][996]LogFileHelpers: Saving map 'ThirdPersonExampleMap' took 5.101
[2017.10.18-20.36.16:802][ 71]LogSavePackage: Save=4348.60ms
[2017.10.18-20.36.16:802][ 71]LogSavePackage: Moving '../../../../../../Users/Faranak/Desktop/FRazavi_LevelDesign1/Saved/ThirdPersonExampleMap197CA8A34E09F7B1BD4B76A4B303EB21.tmp' to '../../../../../../Users/Faranak/Desktop/FRazavi_LevelDesign1/Content/ThirdPersonBP/Maps/ThirdPersonExampleMap.umap'
[2017.10.18-20.36.16:811][ 71]LogSavePackage: Display: Finished SavePackage ../../../../../../Users/Faranak/Desktop/FRazavi_LevelDesign1/Content/ThirdPersonBP/Maps/ThirdPersonExampleMap.umap
[2017.10.18-20.36.16:905][ 71]LogFileHelpers: Saving map 'ThirdPersonExampleMap' took 4.810
[2017.10.18-20.36.24:664][283]LogTemp: Repeating last play command: Selected Viewport
[2017.10.18-20.36.24:837][283]LogBlueprintUserMessages: Early PlayInEditor Detection: Level '/Game/ThirdPersonBP/Maps/ThirdPersonExampleMap.ThirdPersonExampleMap:PersistentLevel' has LevelScriptBlueprint '/Game/ThirdPersonBP/Maps/ThirdPersonExampleMap.ThirdPersonExampleMap:PersistentLevel.ThirdPersonExampleMap' with GeneratedClass '/Game/ThirdPersonBP/Maps/ThirdPersonExampleMap.ThirdPersonExampleMap_C' with ClassGeneratedBy '/Game/ThirdPersonBP/Maps/ThirdPersonExampleMap.ThirdPersonExampleMap:PersistentLevel.ThirdPersonExampleMap'
[2017.10.18-20.36.24:837][283]LogPlayLevel: PlayLevel: No blueprints needed recompiling
[2017.10.18-20.36.24:839][283]PIE: New page: PIE session: ThirdPersonExampleMap (Oct 18, 2017, 6:36:24 AM)
[2017.10.18-20.36.24:839][283]LogPlayLevel: Creating play world package: /Game/ThirdPersonBP/Maps/UEDPIE_0_ThirdPersonExampleMap
[2017.10.18-20.36.25:123][283]LogPlayLevel: PIE: StaticDuplicateObject took: (0.284580s)
[2017.10.18-20.36.25:126][283]LogAIModule: Creating AISystem for world ThirdPersonExampleMap
[2017.10.18-20.36.25:127][283]LogPlayLevel: PIE: World Init took: (0.003385s)
[2017.10.18-20.36.25:128][283]LogPlayLevel: PIE: Created PIE world by copying editor world from /Game/ThirdPersonBP/Maps/ThirdPersonExampleMap.ThirdPersonExampleMap to /Game/ThirdPersonBP/Maps/UEDPIE_0_ThirdPersonExampleMap.ThirdPersonExampleMap (0.289371s)
[2017.10.18-20.36.25:205][283]LogInit: XAudio2 using 'Speakers (Realtek High Definition Audio)' : 2 channels at 48 kHz using 32 bits per sample (channel mask 0x3)
[2017.10.18-20.36.25:246][283]LogInit: FAudioDevice initialized.
[2017.10.18-20.36.25:303][283]LogLoad: Game class is 'ThirdPersonGameMode_C'
[2017.10.18-20.36.25:335][283]LogWorld: Bringing World /Game/ThirdPersonBP/Maps/UEDPIE_0_ThirdPersonExampleMap.ThirdPersonExampleMap up for play (max tick rate 60) at 2017.10.18-13.36.25
[2017.10.18-20.36.25:382][283]LogWorld: Bringing up level for play took: 0.072187
[2017.10.18-20.36.25:594][283]LogContentBrowser: Native class hierarchy updated for 'MovieSceneCapture' in 0.0027 seconds. Added 11 classes and 0 folders.
[2017.10.18-20.36.25:597][283]PIE: Play in editor start time for /Game/ThirdPersonBP/Maps/UEDPIE_0_ThirdPersonExampleMap 1.111
[2017.10.18-20.36.25:598][283]LogBlueprintUserMessages: Late PlayInEditor Detection: Level '/Game/ThirdPersonBP/Maps/ThirdPersonExampleMap.ThirdPersonExampleMap:PersistentLevel' has LevelScriptBlueprint '/Game/ThirdPersonBP/Maps/ThirdPersonExampleMap.ThirdPersonExampleMap:PersistentLevel.ThirdPersonExampleMap' with GeneratedClass '/Game/ThirdPersonBP/Maps/ThirdPersonExampleMap.ThirdPersonExampleMap_C' with ClassGeneratedBy '/Game/ThirdPersonBP/Maps/ThirdPersonExampleMap.ThirdPersonExampleMap:PersistentLevel.ThirdPersonExampleMap'
[2017.10.18-20.36.44:323][ 12]Set new viewmode: Wireframe
[2017.10.18-20.36.46:700][ 37]LogBlueprintUserMessages: Early EndPlayMap Detection: Level '/Game/ThirdPersonBP/Maps/ThirdPersonExampleMap.ThirdPersonExampleMap:PersistentLevel' has LevelScriptBlueprint '/Game/ThirdPersonBP/Maps/ThirdPersonExampleMap.ThirdPersonExampleMap:PersistentLevel.ThirdPersonExampleMap' with GeneratedClass '/Game/ThirdPersonBP/Maps/ThirdPersonExampleMap.ThirdPersonExampleMap_C' with ClassGeneratedBy '/Game/ThirdPersonBP/Maps/ThirdPersonExampleMap.ThirdPersonExampleMap:PersistentLevel.ThirdPersonExampleMap'
[2017.10.18-20.36.46:957][ 37]LogBlueprintUserMessages: Late EndPlayMap Detection: Level '/Game/ThirdPersonBP/Maps/ThirdPersonExampleMap.ThirdPersonExampleMap:PersistentLevel' has LevelScriptBlueprint '/Game/ThirdPersonBP/Maps/ThirdPersonExampleMap.ThirdPersonExampleMap:PersistentLevel.ThirdPersonExampleMap' with GeneratedClass '/Game/ThirdPersonBP/Maps/ThirdPersonExampleMap.ThirdPersonExampleMap_C' with ClassGeneratedBy '/Game/ThirdPersonBP/Maps/ThirdPersonExampleMap.ThirdPersonExampleMap:PersistentLevel.ThirdPersonExampleMap'
[2017.10.18-20.37.28:159][232]Cmd: TRANSACTION UNDO
[2017.10.18-20.37.28:159][232]LogEditorTransaction: Undo Move Actors
[2017.10.18-20.37.28:500][232]LogActorComponent: ~FComponentReregisterContext: (/Game/ThirdPersonBP/Maps/ThirdPersonExampleMap.ThirdPersonExampleMap:PersistentLevel.BoxBrush39.BrushComponent0) Component already registered.
[2017.10.18-20.37.28:514][232]LogActorComponent: ~FComponentReregisterContext: (/Game/ThirdPersonBP/Maps/ThirdPersonExampleMap.ThirdPersonExampleMap:PersistentLevel.WhitePaper23.BrushComponent0) Component already registered.
[2017.10.18-20.37.28:540][232]LogActorComponent: ~FComponentReregisterContext: (/Game/ThirdPersonBP/Maps/ThirdPersonExampleMap.ThirdPersonExampleMap:PersistentLevel.BlueBook.BrushComponent0) Component already registered.
[2017.10.18-20.38.12:507][649]LogStaticMesh: Building static mesh OfficeDoor...
[2017.10.18-20.38.12:519][649]LogStaticMesh: Built static mesh [0.01s] /Game/Subway/OfficeDoor.OfficeDoor
[2017.10.18-20.38.12:561][649]LogActorFactory: Actor Factory created OfficeDoor
[2017.10.18-20.38.12:665][649]LogEditor: Error: Actor 'Brush /Game/ThirdPersonBP/Maps/ThirdPersonExampleMap.ThirdPersonExampleMap:PersistentLevel.OfficeDoor' is marked pending kill and cannot be converted
[2017.10.18-20.38.12:666][649]EditorErrors: New page: Actor Reattachment
[2017.10.18-20.38.33:926][232]LogRenderer: Reallocating scene render targets to support 1136x812 Format 10 NumSamples 1 (Frame:1).
[2017.10.18-20.38.46:059][477]Cmd: OBJ SAVEPACKAGE PACKAGE="/Game/Subway/OfficeDoor" FILE="../../../../../../Users/Faranak/Desktop/FRazavi_LevelDesign1/Content/Subway/OfficeDoor.uasset" SILENT=true
[2017.10.18-20.38.46:122][477]LogSavePackage: Save=53.94ms
[2017.10.18-20.38.46:122][477]LogSavePackage: Moving '../../../../../../Users/Faranak/Desktop/FRazavi_LevelDesign1/Saved/OfficeDoor7D3BC29D44D3A013D2F6A8A56D81FCC6.tmp' to '../../../../../../Users/Faranak/Desktop/FRazavi_LevelDesign1/Content/Subway/OfficeDoor.uasset'
[2017.10.18-20.38.46:132][477]LogSavePackage: Display: Finished SavePackage ../../../../../../Users/Faranak/Desktop/FRazavi_LevelDesign1/Content/Subway/OfficeDoor.uasset
[2017.10.18-20.39.15:145][434]LogEditorViewport: Clicking on Actor (LMB): StaticMeshActor (OfficeDoor2)
[2017.10.18-20.39.34:061][ 32]Cmd: CAMERA ALIGN ACTIVEVIEWPORTONLY
[2017.10.18-20.40.31:150][825]LogEditorViewport: Clicking on Actor (LMB): StaticMeshActor (OfficeDoor2)
[2017.10.18-20.40.39:403][ 75]LogEditorViewport: Clicking on Actor (LMB): StaticMeshActor (OfficeDoor2)
[2017.10.18-20.40.40:836][115]Cmd: DELETE
[2017.10.18-20.40.40:836][115]Cmd: ACTOR DELETE
[2017.10.18-20.40.40:850][115]LogEditorActor: Deleted Actor: StaticMeshActor
[2017.10.18-20.40.40:921][115]LogEditorActor: Deleted 1 Actors (0.084 secs)
[2017.10.18-20.40.42:173][161]LogEditorViewport: Clicking on Actor (LMB): StaticMeshActor (OfficeDoor3)
[2017.10.18-20.41.26:624][503]Cmd: CAMERA ALIGN ACTIVEVIEWPORTONLY
[2017.10.18-20.41.36:893][585]Cmd: TRANSACTION UNDO
[2017.10.18-20.41.36:893][585]LogEditorTransaction: Undo Move Actors
[2017.10.18-20.42.22:389][407]LogSavePackage: Save=4343.10ms
[2017.10.18-20.42.22:389][407]LogSavePackage: Moving '../../../../../../Users/Faranak/Desktop/FRazavi_LevelDesign1/Saved/ThirdPersonExampleMap288543384367F5BCB160789357C4BD21.tmp' to '../../../../../../Users/Faranak/Desktop/FRazavi_LevelDesign1/Content/ThirdPersonBP/Maps/ThirdPersonExampleMap.umap'
[2017.10.18-20.42.22:404][407]LogSavePackage: Display: Finished SavePackage ../../../../../../Users/Faranak/Desktop/FRazavi_LevelDesign1/Content/ThirdPersonBP/Maps/ThirdPersonExampleMap.umap
[2017.10.18-20.42.23:530][407]LogSavePackage: Save=980.19ms
[2017.10.18-20.42.23:531][407]LogSavePackage: Moving '../../../../../../Users/Faranak/Desktop/FRazavi_LevelDesign1/Saved/ThirdPersonExampleMap_BuiltData6A9AB1634BC3E4A6B4D0B18587ED9C3E.tmp' to '../../../../../../Users/Faranak/Desktop/FRazavi_LevelDesign1/Content/ThirdPersonBP/Maps/ThirdPersonExampleMap_BuiltData.uasset'
[2017.10.18-20.42.23:536][407]LogSavePackage: Display: Finished SavePackage ../../../../../../Users/Faranak/Desktop/FRazavi_LevelDesign1/Content/ThirdPersonBP/Maps/ThirdPersonExampleMap_BuiltData.uasset
[2017.10.18-20.43.32:125][924]Cmd: OBJ SAVEPACKAGE PACKAGE="/Game/Subway/IGC/SequencerOfficeDoor" FILE="../../../../../../Users/Faranak/Desktop/FRazavi_LevelDesign1/Content/Subway/IGC/SequencerOfficeDoor.uasset" SILENT=true
[2017.10.18-20.43.32:188][924]LogSavePackage: Save=37.97ms
[2017.10.18-20.43.32:188][924]LogSavePackage: Moving '../../../../../../Users/Faranak/Desktop/FRazavi_LevelDesign1/Saved/SequencerOfficeDoor570F12364638B25551AD639259034C26.tmp' to '../../../../../../Users/Faranak/Desktop/FRazavi_LevelDesign1/Content/Subway/IGC/SequencerOfficeDoor.uasset'
[2017.10.18-20.43.32:196][924]LogSavePackage: Display: Finished SavePackage ../../../../../../Users/Faranak/Desktop/FRazavi_LevelDesign1/Content/Subway/IGC/SequencerOfficeDoor.uasset
[2017.10.18-20.43.39:981][170]LogEditorViewport: Clicking on Actor (LMB): LevelSequenceActor (SequencerOfficeDoor)
[2017.10.18-20.44.01:494][302]LogSavePackage: Save=4333.96ms
[2017.10.18-20.44.01:494][302]LogSavePackage: Moving '../../../../../../Users/Faranak/Desktop/FRazavi_LevelDesign1/Saved/ThirdPersonExampleMap30D554354516C9FC453D70A8B41BF645.tmp' to '../../../../../../Users/Faranak/Desktop/FRazavi_LevelDesign1/Content/ThirdPersonBP/Maps/ThirdPersonExampleMap.umap'
[2017.10.18-20.44.01:514][302]LogSavePackage: Display: Finished SavePackage ../../../../../../Users/Faranak/Desktop/FRazavi_LevelDesign1/Content/ThirdPersonBP/Maps/ThirdPersonExampleMap.umap
[2017.10.18-20.44.01:609][302]LogFileHelpers: Saving map 'ThirdPersonExampleMap' took 4.809
[2017.10.18-20.44.11:406][443]LogTemp: Repeating last play command: Selected Viewport
[2017.10.18-20.44.11:463][443]LogBlueprintUserMessages: Early PlayInEditor Detection: Level '/Game/ThirdPersonBP/Maps/ThirdPersonExampleMap.ThirdPersonExampleMap:PersistentLevel' has LevelScriptBlueprint '/Game/ThirdPersonBP/Maps/ThirdPersonExampleMap.ThirdPersonExampleMap:PersistentLevel.ThirdPersonExampleMap' with GeneratedClass '/Game/ThirdPersonBP/Maps/ThirdPersonExampleMap.ThirdPersonExampleMap_C' with ClassGeneratedBy '/Game/ThirdPersonBP/Maps/ThirdPersonExampleMap.ThirdPersonExampleMap:PersistentLevel.ThirdPersonExampleMap'
[2017.10.18-20.44.11:463][443]LogPlayLevel: PlayLevel: No blueprints needed recompiling
[2017.10.18-20.44.11:464][443]PIE: New page: PIE session: ThirdPersonExampleMap (Oct 18, 2017, 6:44:11 AM)
[2017.10.18-20.44.11:464][443]LogPlayLevel: Creating play world package: /Game/ThirdPersonBP/Maps/UEDPIE_0_ThirdPersonExampleMap
[2017.10.18-20.44.11:767][443]LogPlayLevel: PIE: StaticDuplicateObject took: (0.302691s)
[2017.10.18-20.44.11:770][443]LogAIModule: Creating AISystem for world ThirdPersonExampleMap
[2017.10.18-20.44.11:771][443]LogPlayLevel: PIE: World Init took: (0.003474s)
[2017.10.18-20.44.11:772][443]LogPlayLevel: PIE: Created PIE world by copying editor world from /Game/ThirdPersonBP/Maps/ThirdPersonExampleMap.ThirdPersonExampleMap to /Game/ThirdPersonBP/Maps/UEDPIE_0_ThirdPersonExampleMap.ThirdPersonExampleMap (0.307593s)
[2017.10.18-20.44.11:854][443]LogInit: XAudio2 using 'Speakers (Realtek High Definition Audio)' : 2 channels at 48 kHz using 32 bits per sample (channel mask 0x3)
[2017.10.18-20.44.11:894][443]LogInit: FAudioDevice initialized.
[2017.10.18-20.44.11:937][443]LogLoad: Game class is 'ThirdPersonGameMode_C'
[2017.10.18-20.44.11:962][443]LogWorld: Bringing World /Game/ThirdPersonBP/Maps/UEDPIE_0_ThirdPersonExampleMap.ThirdPersonExampleMap up for play (max tick rate 60) at 2017.10.18-13.44.11
[2017.10.18-20.44.11:965][443]LogWorld: Bringing up level for play took: 0.025402
[2017.10.18-20.44.11:972][443]PIE: Play in editor start time for /Game/ThirdPersonBP/Maps/UEDPIE_0_ThirdPersonExampleMap 1.486
[2017.10.18-20.44.11:973][443]LogBlueprintUserMessages: Late PlayInEditor Detection: Level '/Game/ThirdPersonBP/Maps/ThirdPersonExampleMap.ThirdPersonExampleMap:PersistentLevel' has LevelScriptBlueprint '/Game/ThirdPersonBP/Maps/ThirdPersonExampleMap.ThirdPersonExampleMap:PersistentLevel.ThirdPersonExampleMap' with GeneratedClass '/Game/ThirdPersonBP/Maps/ThirdPersonExampleMap.ThirdPersonExampleMap_C' with ClassGeneratedBy '/Game/ThirdPersonBP/Maps/ThirdPersonExampleMap.ThirdPersonExampleMap:PersistentLevel.ThirdPersonExampleMap'
[2017.10.18-20.44.44:716][302]LogBlueprintUserMessages: Early EndPlayMap Detection: Level '/Game/ThirdPersonBP/Maps/ThirdPersonExampleMap.ThirdPersonExampleMap:PersistentLevel' has LevelScriptBlueprint '/Game/ThirdPersonBP/Maps/ThirdPersonExampleMap.ThirdPersonExampleMap:PersistentLevel.ThirdPersonExampleMap' with GeneratedClass '/Game/ThirdPersonBP/Maps/ThirdPersonExampleMap.ThirdPersonExampleMap_C' with ClassGeneratedBy '/Game/ThirdPersonBP/Maps/ThirdPersonExampleMap.ThirdPersonExampleMap:PersistentLevel.ThirdPersonExampleMap'
[2017.10.18-20.44.44:869][302]LogBlueprintUserMessages: Late EndPlayMap Detection: Level '/Game/ThirdPersonBP/Maps/ThirdPersonExampleMap.ThirdPersonExampleMap:PersistentLevel' has LevelScriptBlueprint '/Game/ThirdPersonBP/Maps/ThirdPersonExampleMap.ThirdPersonExampleMap:PersistentLevel.ThirdPersonExampleMap' with GeneratedClass '/Game/ThirdPersonBP/Maps/ThirdPersonExampleMap.ThirdPersonExampleMap_C' with ClassGeneratedBy '/Game/ThirdPersonBP/Maps/ThirdPersonExampleMap.ThirdPersonExampleMap:PersistentLevel.ThirdPersonExampleMap'
[2017.10.18-20.44.49:259][334]Cmd: CAMERA ALIGN ACTIVEVIEWPORTONLY
[2017.10.18-20.45.07:658][669]Cmd: DELETE
[2017.10.18-20.45.07:658][669]Cmd: ACTOR DELETE
[2017.10.18-20.45.07:679][669]LogEditorActor: Deleted Actor: Brush
[2017.10.18-20.45.08:474][669]LogEditorActor: Deleted 1 Actors (0.815 secs)
[2017.10.18-20.45.38:593][130]LogSavePackage: Save=4385.38ms
[2017.10.18-20.45.38:593][130]LogSavePackage: Moving '../../../../../../Users/Faranak/Desktop/FRazavi_LevelDesign1/Saved/ThirdPersonExampleMap1D40E1B647636083432AD48C935D8F66.tmp' to '../../../../../../Users/Faranak/Desktop/FRazavi_LevelDesign1/Content/ThirdPersonBP/Maps/ThirdPersonExampleMap.umap'
[2017.10.18-20.45.38:610][130]LogSavePackage: Display: Finished SavePackage ../../../../../../Users/Faranak/Desktop/FRazavi_LevelDesign1/Content/ThirdPersonBP/Maps/ThirdPersonExampleMap.umap
[2017.10.18-20.45.39:517][130]LogSavePackage: Save=781.68ms
[2017.10.18-20.45.39:517][130]LogSavePackage: Moving '../../../../../../Users/Faranak/Desktop/FRazavi_LevelDesign1/Saved/ThirdPersonExampleMap_BuiltDataEE3714624B9E298955D99E8D5671DDBC.tmp' to '../../../../../../Users/Faranak/Desktop/FRazavi_LevelDesign1/Content/ThirdPersonBP/Maps/ThirdPersonExampleMap_BuiltData.uasset'
[2017.10.18-20.45.39:521][130]LogSavePackage: Display: Finished SavePackage ../../../../../../Users/Faranak/Desktop/FRazavi_LevelDesign1/Content/ThirdPersonBP/Maps/ThirdPersonExampleMap_BuiltData.uasset
[2017.10.18-20.46.10:718][794]LogEditorViewport: Clicking on Actor (LMB): StaticMeshActor (WallBetweenBasementStation_StaticMesh)
[2017.10.18-20.46.12:010][832]Cmd: CAMERA ALIGN ACTIVEVIEWPORTONLY
[2017.10.18-20.46.56:624][623]Cmd: OBJ SAVEPACKAGE PACKAGE="/Game/Subway/IGC/SequencerOfficeDoor" FILE="../../../../../../Users/Faranak/Desktop/FRazavi_LevelDesign1/Content/Subway/IGC/SequencerOfficeDoor.uasset" SILENT=true
[2017.10.18-20.46.56:666][623]LogSavePackage: Save=23.26ms
[2017.10.18-20.46.56:666][623]LogSavePackage: Moving '../../../../../../Users/Faranak/Desktop/FRazavi_LevelDesign1/Saved/SequencerOfficeDoor3B093942477848D4ACABC1B8333FBC0D.tmp' to '../../../../../../Users/Faranak/Desktop/FRazavi_LevelDesign1/Content/Subway/IGC/SequencerOfficeDoor.uasset'
[2017.10.18-20.46.56:677][623]LogSavePackage: Display: Finished SavePackage ../../../../../../Users/Faranak/Desktop/FRazavi_LevelDesign1/Content/Subway/IGC/SequencerOfficeDoor.uasset
[2017.10.18-20.46.58:656][623]LogWindowsTextInputMethodSystem: Display: IME system now deactivated.
[2017.10.18-20.46.58:659][623]LogWindowsTextInputMethodSystem: Display: IME system now deactivated.
[2017.10.18-20.46.59:162][624]Cmd: QUIT_EDITOR
[2017.10.18-20.47.00:101][624]LogExit: Preparing to exit.
[2017.10.18-20.47.00:602][624]LogDirectoryWatcher: A directory notification for 'C:/Users/Faranak/Desktop/FRazavi_LevelDesign1/Content/' was aborted.
[2017.10.18-20.47.00:713][624]LogExit: Editor shut down
[2017.10.18-20.47.00:751][624]LogExit: Transaction tracking system shut down
[2017.10.18-20.47.01:020][624]LogDirectoryWatcher: A directory notification for '../../../Engine/Content/' was aborted.
[2017.10.18-20.47.01:021][624]LogDirectoryWatcher: A directory notification for '../../../../../../Users/Faranak/Desktop/FRazavi_LevelDesign1/Content/' was aborted.
[2017.10.18-20.47.01:021][624]LogDirectoryWatcher: A directory notification for '../../../Engine/Plugins/2D/Paper2D/Content/' was aborted.
[2017.10.18-20.47.01:021][624]LogDirectoryWatcher: A directory notification for '../../../Engine/Plugins/Runtime/Oculus/OculusVR/Content/' was aborted.
[2017.10.18-20.47.01:021][624]LogDirectoryWatcher: A directory notification for '../../../Engine/Plugins/Runtime/Steam/SteamVR/Content/' was aborted.
[2017.10.18-20.47.01:310][624]LogExit: Object subsystem successfully closed.
[2017.10.18-20.47.01:356][624]LogD3D11RHI: Shutdown
[2017.10.18-20.47.01:356][624]LogD3D11RHI: CleanupD3DDevice
[2017.10.18-20.47.01:916][624]LogD3D11RHI: ~FD3D11DynamicRHI
[2017.10.18-20.47.01:995][624]LogModuleManager: Shutting down and abandoning module StaticMeshEditor (542)
[2017.10.18-20.47.01:995][624]LogModuleManager: Shutting down and abandoning module MovieSceneCapture (540)
[2017.10.18-20.47.01:995][624]LogModuleManager: Shutting down and abandoning module BlueprintGraph (538)
[2017.10.18-20.47.01:995][624]LogModuleManager: Shutting down and abandoning module BlueprintProfiler (536)
[2017.10.18-20.47.01:995][624]LogModuleManager: Shutting down and abandoning module MaterialEditor (534)
[2017.10.18-20.47.01:995][624]LogModuleManager: Shutting down and abandoning module SequencerWidgets (532)
[2017.10.18-20.47.01:995][624]LogModuleManager: Shutting down and abandoning module HierarchicalLODOutliner (530)
[2017.10.18-20.47.01:995][624]LogModuleManager: Shutting down and abandoning module SceneOutliner (528)
[2017.10.18-20.47.01:995][624]LogModuleManager: Shutting down and abandoning module AddContentDialog (526)
[2017.10.18-20.47.01:996][624]LogDirectoryWatcher: A directory notification for 'C:/Program Files/Epic Games/UE_4.17/FeaturePacks/' was aborted.
[2017.10.18-20.47.01:999][624]LogModuleManager: Shutting down and abandoning module WidgetCarousel (525)
[2017.10.18-20.47.01:999][624]LogModuleManager: Shutting down and abandoning module EditorWidgets (522)
[2017.10.18-20.47.01:999][624]LogModuleManager: Shutting down and abandoning module CollectionManager (520)
[2017.10.18-20.47.01:999][624]LogDirectoryWatcher: A directory notification for 'C:/Users/Faranak/Desktop/FRazavi_LevelDesign1/Content/Collections/' was aborted.
[2017.10.18-20.47.01:999][624]LogDirectoryWatcher: A directory notification for 'C:/Users/Faranak/Desktop/FRazavi_LevelDesign1/Content/Developers/Faranak/Collections/' was aborted.
[2017.10.18-20.47.02:000][624]LogDirectoryWatcher: A directory notification for 'C:/Users/Faranak/Desktop/FRazavi_LevelDesign1/Saved/Collections/' was aborted.
[2017.10.18-20.47.02:000][624]LogModuleManager: Shutting down and abandoning module StatsViewer (518)
[2017.10.18-20.47.02:000][624]LogModuleManager: Shutting down and abandoning module FoliageEdit (516)
[2017.10.18-20.47.02:000][624]LogModuleManager: Shutting down and abandoning module LandscapeEditor (514)
[2017.10.18-20.47.02:000][624]LogModuleManager: Shutting down and abandoning module MeshPaintMode (512)
[2017.10.18-20.47.02:000][624]LogModuleManager: Shutting down and abandoning module SceneDepthPickerMode (510)
[2017.10.18-20.47.02:001][624]LogModuleManager: Shutting down and abandoning module ActorPickerMode (508)
[2017.10.18-20.47.02:001][624]LogModuleManager: Shutting down and abandoning module GeometryMode (506)
[2017.10.18-20.47.02:001][624]LogModuleManager: Shutting down and abandoning module TextureAlignMode (504)
[2017.10.18-20.47.02:001][624]LogModuleManager: Shutting down and abandoning module BspMode (502)
[2017.10.18-20.47.02:001][624]LogModuleManager: Shutting down and abandoning module PIEPreviewDeviceProfileSelector (500)
[2017.10.18-20.47.02:001][624]LogModuleManager: Shutting down and abandoning module HardwareSurvey (498)
[2017.10.18-20.47.02:001][624]LogModuleManager: Shutting down and abandoning module SequenceRecorderSections (496)
[2017.10.18-20.47.02:001][624]LogModuleManager: Shutting down and abandoning module AutomationWorker (494)
[2017.10.18-20.47.02:001][624]LogModuleManager: Shutting down and abandoning module MatineeToLevelSequence (492)
[2017.10.18-20.47.02:001][624]LogModuleManager: Shutting down and abandoning module LevelSequenceEditor (490)
[2017.10.18-20.47.02:001][624]LogModuleManager: Shutting down and abandoning module PlacementMode (489)
[2017.10.18-20.47.02:002][624]LogModuleManager: Shutting down and abandoning module WmfMediaFactory (486)
[2017.10.18-20.47.02:002][624]LogModuleManager: Shutting down and abandoning module WmfMediaEditor (484)
[2017.10.18-20.47.02:002][624]LogModuleManager: Shutting down and abandoning module AvfMediaFactory (482)
[2017.10.18-20.47.02:002][624]LogModuleManager: Shutting down and abandoning module AvfMediaEditor (480)
[2017.10.18-20.47.02:002][624]LogModuleManager: Shutting down and abandoning module AndroidMediaFactory (478)
[2017.10.18-20.47.02:002][624]LogModuleManager: Shutting down and abandoning module Media (477)
[2017.10.18-20.47.02:002][624]LogModuleManager: Shutting down and abandoning module AndroidMediaEditor (474)
[2017.10.18-20.47.02:002][624]LogModuleManager: Shutting down and abandoning module CharacterAI (472)
[2017.10.18-20.47.02:002][624]LogModuleManager: Shutting down and abandoning module AudioCapture (470)
[2017.10.18-20.47.02:002][624]LogModuleManager: Shutting down and abandoning module SequenceRecorder (469)
[2017.10.18-20.47.02:002][624]LogModuleManager: Shutting down and abandoning module SmartSnapping (466)
[2017.10.18-20.47.02:002][624]LogModuleManager: Shutting down and abandoning module SessionServices (464)
[2017.10.18-20.47.02:002][624]LogModuleManager: Shutting down and abandoning module ViewportSnapping (462)
[2017.10.18-20.47.02:003][624]LogModuleManager: Shutting down and abandoning module ViewportInteraction (460)
[2017.10.18-20.47.02:003][624]LogModuleManager: Shutting down and abandoning module ClothPainter (458)
[2017.10.18-20.47.02:003][624]LogModuleManager: Shutting down and abandoning module LogVisualizer (456)
[2017.10.18-20.47.02:003][624]LogModuleManager: Shutting down and abandoning module IntroTutorials (454)
[2017.10.18-20.47.02:004][624]LogModuleManager: Shutting down and abandoning module GameProjectGeneration (453)
[2017.10.18-20.47.02:004][624]LogModuleManager: Shutting down and abandoning module IOSPlatformEditor (450)
[2017.10.18-20.47.02:004][624]LogModuleManager: Shutting down and abandoning module HTML5PlatformEditor (448)
[2017.10.18-20.47.02:004][624]LogModuleManager: Shutting down and abandoning module AndroidPlatformEditor (446)
[2017.10.18-20.47.02:004][624]LogModuleManager: Shutting down and abandoning module AndroidDeviceDetection (445)
[2017.10.18-20.47.02:650][624]LogModuleManager: Shutting down and abandoning module WindowsPlatformEditor (442)
[2017.10.18-20.47.02:650][624]LogModuleManager: Shutting down and abandoning module IOSRuntimeSettings (440)
[2017.10.18-20.47.02:650][624]LogModuleManager: Shutting down and abandoning module AndroidRuntimeSettings (438)
[2017.10.18-20.47.02:650][624]LogModuleManager: Shutting down and abandoning module InputBindingEditor (436)
[2017.10.18-20.47.02:650][624]LogModuleManager: Shutting down and abandoning module MergeActors (434)
[2017.10.18-20.47.02:651][624]LogModuleManager: Shutting down and abandoning module SizeMap (432)
[2017.10.18-20.47.02:651][624]LogModuleManager: Shutting down and abandoning module TreeMap (430)
[2017.10.18-20.47.02:651][624]LogModuleManager: Shutting down and abandoning module ReferenceViewer (428)
[2017.10.18-20.47.02:651][624]LogModuleManager: Shutting down and abandoning module LocalizationDashboard (426)
[2017.10.18-20.47.02:651][624]LogModuleManager: Shutting down and abandoning module LocalizationService (425)
[2017.10.18-20.47.02:651][624]LogModuleManager: Shutting down and abandoning module HardwareTargeting (422)
[2017.10.18-20.47.02:651][624]LogModuleManager: Shutting down and abandoning module DeviceProfileEditor (420)
[2017.10.18-20.47.02:651][624]LogModuleManager: Shutting down and abandoning module UndoHistory (418)
[2017.10.18-20.47.02:651][624]LogModuleManager: Shutting down and abandoning module XmlParser (416)
[2017.10.18-20.47.02:651][624]LogModuleManager: Shutting down and abandoning module Blutility (414)
[2017.10.18-20.47.02:651][624]LogModuleManager: Shutting down and abandoning module ProjectSettingsViewer (412)
[2017.10.18-20.47.02:651][624]LogModuleManager: Shutting down and abandoning module ProjectTargetPlatformEditor (411)
[2017.10.18-20.47.02:652][624]LogModuleManager: Shutting down and abandoning module EditorSettingsViewer (408)
[2017.10.18-20.47.02:652][624]LogModuleManager: Shutting down and abandoning module SettingsEditor (406)
[2017.10.18-20.47.02:652][624]LogModuleManager: Shutting down and abandoning module ProjectLauncher (404)
[2017.10.18-20.47.02:652][624]LogModuleManager: Shutting down and abandoning module SessionFrontend (402)
[2017.10.18-20.47.02:652][624]LogModuleManager: Shutting down and abandoning module ProfilerClient (400)
[2017.10.18-20.47.02:652][624]LogModuleManager: Shutting down and abandoning module DeviceManager (398)
[2017.10.18-20.47.02:652][624]LogModuleManager: Shutting down and abandoning module TargetDeviceServices (397)
[2017.10.18-20.47.02:718][624]LogModuleManager: Shutting down and abandoning module AutomationController (394)
[2017.10.18-20.47.02:718][624]LogModuleManager: Shutting down and abandoning module AutomationWindow (392)
[2017.10.18-20.47.02:718][624]LogModuleManager: Shutting down and abandoning module Layers (390)
[2017.10.18-20.47.02:718][624]LogModuleManager: Shutting down and abandoning module ComponentVisualizers (388)
[2017.10.18-20.47.02:718][624]LogModuleManager: Shutting down and abandoning module DetailCustomizations (386)
[2017.10.18-20.47.02:719][624]LogModuleManager: Shutting down and abandoning module PackagesDialog (384)
[2017.10.18-20.47.02:719][624]LogModuleManager: Shutting down and abandoning module Persona (382)
[2017.10.18-20.47.02:720][624]LogModuleManager: Shutting down and abandoning module AdvancedPreviewScene (381)
[2017.10.18-20.47.02:720][624]LogModuleManager: Shutting down and abandoning module AnimGraph (379)
[2017.10.18-20.47.02:720][624]LogModuleManager: Shutting down and abandoning module Kismet (376)
[2017.10.18-20.47.02:750][624]LogModuleManager: Shutting down and abandoning module ClassViewer (374)
[2017.10.18-20.47.02:750][624]LogModuleManager: Shutting down and abandoning module Toolbox (372)
[2017.10.18-20.47.02:750][624]LogModuleManager: Shutting down and abandoning module ModuleUI (370)
[2017.10.18-20.47.02:750][624]LogModuleManager: Shutting down and abandoning module MovieSceneTools (368)
[2017.10.18-20.47.02:750][624]LogModuleManager: Shutting down and abandoning module OutputLog (366)
[2017.10.18-20.47.02:750][624]LogModuleManager: Shutting down and abandoning module GammaUI (364)
[2017.10.18-20.47.02:750][624]LogModuleManager: Shutting down and abandoning module Documentation (362)
[2017.10.18-20.47.02:750][624]LogModuleManager: Shutting down and abandoning module MovieSceneTracks (360)
[2017.10.18-20.47.02:750][624]LogModuleManager: Shutting down and abandoning module MovieScene (358)
[2017.10.18-20.47.02:751][624]LogModuleManager: Shutting down and abandoning module Niagara (356)
[2017.10.18-20.47.02:751][624]LogModuleManager: Shutting down and abandoning module NiagaraEditor (355)
[2017.10.18-20.47.02:751][624]LogModuleManager: Shutting down and abandoning module StreamingPauseRendering (352)
[2017.10.18-20.47.02:751][624]LogModuleManager: Shutting down and abandoning module LauncherPlatform (350)
[2017.10.18-20.47.02:751][624]LogModuleManager: Shutting down and abandoning module AnalyticsET (348)
[2017.10.18-20.47.02:751][624]LogModuleManager: Shutting down and abandoning module PortalServices (346)
[2017.10.18-20.47.02:751][624]LogModuleManager: Shutting down and abandoning module PortalRpc (344)
[2017.10.18-20.47.02:751][624]LogModuleManager: Shutting down and abandoning module MessagingRpc (342)
[2017.10.18-20.47.02:751][624]LogModuleManager: Shutting down and abandoning module AIModule (340)
[2017.10.18-20.47.02:751][624]LogModuleManager: Shutting down and abandoning module GameplayDebugger (339)
[2017.10.18-20.47.02:751][624]LogModuleManager: Shutting down and abandoning module AITestSuite (337)
[2017.10.18-20.47.02:751][624]LogModuleManager: Shutting down and abandoning module ProfilerService (334)
[2017.10.18-20.47.02:967][624]LogModuleManager: Shutting down and abandoning module TaskGraph (332)
[2017.10.18-20.47.02:967][624]LogModuleManager: Shutting down and abandoning module SteamVRController (330)
[2017.10.18-20.47.02:968][624]LogModuleManager: Shutting down and abandoning module ProceduralMeshComponentEditor (328)
[2017.10.18-20.47.02:968][624]LogModuleManager: Shutting down and abandoning module ProceduralMeshComponent (326)
[2017.10.18-20.47.02:968][624]LogModuleManager: Shutting down and abandoning module OculusInput (324)
[2017.10.18-20.47.02:968][624]LogModuleManager: Shutting down and abandoning module MobilePatchingUtils (322)
[2017.10.18-20.47.02:968][624]LogModuleManager: Shutting down and abandoning module CustomMeshComponent (320)
[2017.10.18-20.47.02:968][624]LogModuleManager: Shutting down and abandoning module CableComponent (318)
[2017.10.18-20.47.02:968][624]LogModuleManager: Shutting down and abandoning module ArchVisCharacter (316)
[2017.10.18-20.47.02:968][624]LogModuleManager: Shutting down and abandoning module AndroidPermission (314)
[2017.10.18-20.47.02:968][624]LogModuleManager: Shutting down and abandoning module MediaPlayerEditor (310)
[2017.10.18-20.47.02:968][624]LogModuleManager: Shutting down and abandoning module HTML5Networking (308)
[2017.10.18-20.47.02:968][624]LogModuleManager: Shutting down and abandoning module AlembicImporter (306)
[2017.10.18-20.47.02:968][624]LogModuleManager: Shutting down and abandoning module AlembicLibrary (305)
[2017.10.18-20.47.02:968][624]LogModuleManager: Shutting down and abandoning module GeometryCache (304)
[2017.10.18-20.47.02:969][624]LogModuleManager: Shutting down and abandoning module GeometryCacheEd (303)
[2017.10.18-20.47.02:969][624]LogModuleManager: Shutting down and abandoning module SpeedTreeImporter (298)
[2017.10.18-20.47.02:969][624]LogModuleManager: Shutting down and abandoning module PluginBrowser (296)
[2017.10.18-20.47.02:969][624]LogModuleManager: Shutting down and abandoning module MobileLauncherProfileWizard (294)
[2017.10.18-20.47.02:969][624]LogModuleManager: Shutting down and abandoning module VisualStudioSourceCodeAccess (292)
[2017.10.18-20.47.02:969][624]LogModuleManager: Shutting down and abandoning module DesktopPlatform (291)
[2017.10.18-20.47.02:969][624]LogModuleManager: Shutting down and abandoning module UObjectPlugin (288)
[2017.10.18-20.47.02:969][624]LogModuleManager: Shutting down and abandoning module SubversionSourceControl (286)
[2017.10.18-20.47.02:969][624]LogModuleManager: Shutting down and abandoning module PerforceSourceControl (284)
[2017.10.18-20.47.02:969][624]LogModuleManager: Shutting down and abandoning module GitSourceControl (282)
[2017.10.18-20.47.02:969][624]LogModuleManager: Shutting down and abandoning module SourceControl (281)
[2017.10.18-20.47.02:970][624]LogModuleManager: Shutting down and abandoning module LightPropagationVolumeEditor (278)
[2017.10.18-20.47.02:970][624]LogModuleManager: Shutting down and abandoning module PaperTiledImporter (276)
[2017.10.18-20.47.02:970][624]LogModuleManager: Shutting down and abandoning module PaperSpriteSheetImporter (274)
[2017.10.18-20.47.02:970][624]LogModuleManager: Shutting down and abandoning module Paper2DEditor (272)
[2017.10.18-20.47.02:970][624]LogModuleManager: Shutting down and abandoning module MeshPaint (271)
[2017.10.18-20.47.02:970][624]LogModuleManager: Shutting down and abandoning module LevelEditor (269)
[2017.10.18-20.47.02:972][624]LogModuleManager: Shutting down and abandoning module PixelInspectorModule (268)
[2017.10.18-20.47.02:972][624]LogModuleManager: Shutting down and abandoning module MainFrame (266)
[2017.10.18-20.47.02:973][624]LogModuleManager: Shutting down and abandoning module HotReload (265)
[2017.10.18-20.47.02:975][624]LogModuleManager: Shutting down and abandoning module RuntimePhysXCooking (260)
[2017.10.18-20.47.02:975][624]LogModuleManager: Shutting down and abandoning module PhysXVehiclesEditor (258)
[2017.10.18-20.47.02:975][624]LogModuleManager: Shutting down and abandoning module PhysXVehicles (256)
[2017.10.18-20.47.02:975][624]LogModuleManager: Shutting down and abandoning module OculusEditor (254)
[2017.10.18-20.47.02:976][624]LogModuleManager: Shutting down and abandoning module LocationServicesBPLibrary (252)
[2017.10.18-20.47.02:976][624]LogModuleManager: Shutting down and abandoning module ImmediatePhysicsEditor (250)
[2017.10.18-20.47.02:976][624]LogModuleManager: Shutting down and abandoning module ImmediatePhysics (248)
[2017.10.18-20.47.02:976][624]LogModuleManager: Shutting down and abandoning module UdpMessaging (246)
[2017.10.18-20.47.03:077][624]LogModuleManager: Shutting down and abandoning module TcpMessaging (244)
[2017.10.18-20.47.03:178][624]LogModuleManager: Shutting down and abandoning module GameplayTagsEditor (242)
[2017.10.18-20.47.03:178][624]LogModuleManager: Shutting down and abandoning module FacialAnimationEditor (240)
[2017.10.18-20.47.03:178][624]LogModuleManager: Shutting down and abandoning module FacialAnimation (238)
[2017.10.18-20.47.03:178][624]LogModuleManager: Shutting down and abandoning module AssetManagerEditor (236)
[2017.10.18-20.47.03:178][624]LogModuleManager: Shutting down and abandoning module GraphEditor (235)
[2017.10.18-20.47.03:178][624]LogModuleManager: Shutting down and abandoning module ContentBrowser (233)
[2017.10.18-20.47.03:183][624]LogModuleManager: Shutting down and abandoning module LightPropagationVolumeRuntime (230)
[2017.10.18-20.47.03:183][624]LogModuleManager: Shutting down and abandoning module Paper2D (228)
[2017.10.18-20.47.03:183][624]LogModuleManager: Shutting down and abandoning module WindowsMoviePlayer (226)
[2017.10.18-20.47.03:183][624]LogModuleManager: Shutting down and abandoning module WmfMedia (224)
[2017.10.18-20.47.03:184][624]LogModuleManager: Shutting down and abandoning module PacketHandler (222)
[2017.10.18-20.47.03:184][624]LogModuleManager: Shutting down and abandoning module ClothingSystemEditor (220)
[2017.10.18-20.47.03:184][624]LogModuleManager: Shutting down and abandoning module ClothingSystemRuntime (218)
[2017.10.18-20.47.03:184][624]LogModuleManager: Shutting down and abandoning module Overlay (216)
[2017.10.18-20.47.03:184][624]LogModuleManager: Shutting down and abandoning module OverlayEditor (215)
[2017.10.18-20.47.03:184][624]LogModuleManager: Shutting down and abandoning module MediaAssets (212)
[2017.10.18-20.47.03:184][624]LogModuleManager: Shutting down and abandoning module VREditor (210)
[2017.10.18-20.47.03:184][624]LogModuleManager: Shutting down and abandoning module StringTableEditor (208)
[2017.10.18-20.47.03:184][624]LogModuleManager: Shutting down and abandoning module GameplayTasksEditor (206)
[2017.10.18-20.47.03:185][624]LogModuleManager: Shutting down and abandoning module BehaviorTreeEditor (204)
[2017.10.18-20.47.03:185][624]LogModuleManager: Shutting down and abandoning module FunctionalTesting (202)
[2017.10.18-20.47.03:185][624]LogModuleManager: Shutting down and abandoning module CollisionAnalyzer (200)
[2017.10.18-20.47.03:185][624]LogModuleManager: Shutting down and abandoning module WorkspaceMenuStructure (199)
[2017.10.18-20.47.03:185][624]LogModuleManager: Shutting down and abandoning module UMG (196)
[2017.10.18-20.47.03:185][624]LogModuleManager: Shutting down and abandoning module UMGEditor (195)
[2017.10.18-20.47.03:185][624]LogModuleManager: Shutting down and abandoning module Sequencer (194)
[2017.10.18-20.47.03:185][624]LogModuleManager: Shutting down and abandoning module MessageLog (191)
[2017.10.18-20.47.03:185][624]LogModuleManager: Shutting down and abandoning module SlateReflector (186)
[2017.10.18-20.47.03:186][624]LogModuleManager: Shutting down and abandoning module Slate (184)
[2017.10.18-20.47.03:186][624]LogModuleManager: Shutting down and abandoning module EditorStyle (182)
[2017.10.18-20.47.03:197][624]LogModuleManager: Shutting down and abandoning module MRMesh (180)
[2017.10.18-20.47.03:198][624]LogModuleManager: Shutting down and abandoning module SourceCodeAccess (178)
[2017.10.18-20.47.03:198][624]LogModuleManager: Shutting down and abandoning module HeadMountedDisplay (176)
[2017.10.18-20.47.03:198][624]LogModuleManager: Shutting down and abandoning module XAudio2 (174)
[2017.10.18-20.47.03:198][624]LogModuleManager: Shutting down and abandoning module Networking (172)
[2017.10.18-20.47.03:198][624]LogModuleManager: Shutting down and abandoning module Core (168)
[2017.10.18-20.47.03:198][624]LogModuleManager: Shutting down and abandoning module KismetCompiler (164)
[2017.10.18-20.47.03:198][624]LogModuleManager: Shutting down and abandoning module LevelSequence (162)
[2017.10.18-20.47.03:198][624]LogModuleManager: Shutting down and abandoning module MeshUtilities (160)
[2017.10.18-20.47.03:198][624]LogModuleManager: Shutting down and abandoning module MeshMergeUtilities (159)
[2017.10.18-20.47.03:198][624]LogModuleManager: Shutting down and abandoning module MeshReductionInterface (158)
[2017.10.18-20.47.03:198][624]LogModuleManager: Shutting down and abandoning module SimplygonSwarm (157)
[2017.10.18-20.47.03:198][624]LogModuleManager: Shutting down and abandoning module SimplygonMeshReduction (155)
[2017.10.18-20.47.03:198][624]LogModuleManager: Shutting down and abandoning module QuadricMeshReduction (153)
[2017.10.18-20.47.03:199][624]LogModuleManager: Shutting down and abandoning module MaterialBaking (149)
[2017.10.18-20.47.03:199][624]LogModuleManager: Shutting down and abandoning module DirectoryWatcher (146)
[2017.10.18-20.47.03:202][624]LogModuleManager: Shutting down and abandoning module DerivedDataCache (144)
[2017.10.18-20.47.03:210][624]LogDerivedDataCache: Shutdown
[2017.10.18-20.47.03:210][624]LogModuleManager: Shutting down and abandoning module TargetPlatform (142)
[2017.10.18-20.47.03:211][624]LogModuleManager: Shutting down and abandoning module VulkanShaderFormat (141)
[2017.10.18-20.47.03:211][624]LogModuleManager: Shutting down and abandoning module ShaderFormatVectorVM (139)
[2017.10.18-20.47.03:211][624]LogModuleManager: Shutting down and abandoning module ShaderFormatOpenGL (137)
[2017.10.18-20.47.03:211][624]LogModuleManager: Shutting down and abandoning module ShaderFormatD3D (135)
[2017.10.18-20.47.03:211][624]LogModuleManager: Shutting down and abandoning module MetalShaderFormat (133)
[2017.10.18-20.47.03:211][624]LogModuleManager: Shutting down and abandoning module TextureFormatUncompressed (131)
[2017.10.18-20.47.03:211][624]LogModuleManager: Shutting down and abandoning module TextureFormatPVR (129)
[2017.10.18-20.47.03:211][624]LogModuleManager: Shutting down and abandoning module TextureFormatDXT (127)
[2017.10.18-20.47.03:212][624]LogModuleManager: Shutting down and abandoning module TextureFormatIntelISPCTexComp (125)
[2017.10.18-20.47.03:212][624]LogModuleManager: Shutting down and abandoning module TextureFormatASTC (123)
[2017.10.18-20.47.03:212][624]LogModuleManager: Shutting down and abandoning module ImageWrapper (122)
[2017.10.18-20.47.03:212][624]LogModuleManager: Shutting down and abandoning module TextureFormatAndroid (119)
[2017.10.18-20.47.03:212][624]LogModuleManager: Shutting down and abandoning module AudioFormatOpus (117)
[2017.10.18-20.47.03:212][624]LogModuleManager: Shutting down and abandoning module AudioFormatOgg (115)
[2017.10.18-20.47.03:212][624]LogModuleManager: Shutting down and abandoning module AudioFormatADPCM (113)
[2017.10.18-20.47.03:212][624]LogModuleManager: Shutting down and abandoning module LinuxTargetPlatform (111)
[2017.10.18-20.47.03:212][624]LogModuleManager: Shutting down and abandoning module LinuxServerTargetPlatform (109)
[2017.10.18-20.47.03:213][624]LogModuleManager: Shutting down and abandoning module LinuxNoEditorTargetPlatform (107)
[2017.10.18-20.47.03:213][624]LogModuleManager: Shutting down and abandoning module LinuxClientTargetPlatform (105)
[2017.10.18-20.47.03:213][624]LogModuleManager: Shutting down and abandoning module TVOSTargetPlatform (103)
[2017.10.18-20.47.03:213][624]LogModuleManager: Shutting down and abandoning module Messaging (101)
[2017.10.18-20.47.03:213][624]LogModuleManager: Shutting down and abandoning module IOSTargetPlatform (99)
[2017.10.18-20.47.03:213][624]LogModuleManager: Shutting down and abandoning module HTML5TargetPlatform (97)
[2017.10.18-20.47.03:213][624]LogModuleManager: Shutting down and abandoning module Android_PVRTCTargetPlatform (95)
[2017.10.18-20.47.03:213][624]LogModuleManager: Shutting down and abandoning module Android_MultiTargetPlatform (93)
[2017.10.18-20.47.03:213][624]LogModuleManager: Shutting down and abandoning module Android_ETC2TargetPlatform (91)
[2017.10.18-20.47.03:213][624]LogModuleManager: Shutting down and abandoning module Android_ETC1TargetPlatform (89)
[2017.10.18-20.47.03:213][624]LogModuleManager: Shutting down and abandoning module Android_DXTTargetPlatform (87)
[2017.10.18-20.47.03:213][624]LogModuleManager: Shutting down and abandoning module Android_ATCTargetPlatform (85)
[2017.10.18-20.47.03:213][624]LogModuleManager: Shutting down and abandoning module Android_ASTCTargetPlatform (83)
[2017.10.18-20.47.03:213][624]LogModuleManager: Shutting down and abandoning module AndroidTargetPlatform (81)
[2017.10.18-20.47.03:213][624]LogModuleManager: Shutting down and abandoning module WindowsTargetPlatform (79)
[2017.10.18-20.47.03:213][624]LogModuleManager: Shutting down and abandoning module WindowsServerTargetPlatform (77)
[2017.10.18-20.47.03:214][624]LogModuleManager: Shutting down and abandoning module WindowsNoEditorTargetPlatform (75)
[2017.10.18-20.47.03:214][624]LogModuleManager: Shutting down and abandoning module WindowsClientTargetPlatform (73)
[2017.10.18-20.47.03:214][624]LogModuleManager: Shutting down and abandoning module MacTargetPlatform (71)
[2017.10.18-20.47.03:214][624]LogModuleManager: Shutting down and abandoning module MacServerTargetPlatform (69)
[2017.10.18-20.47.03:214][624]LogModuleManager: Shutting down and abandoning module MacNoEditorTargetPlatform (67)
[2017.10.18-20.47.03:214][624]LogModuleManager: Shutting down and abandoning module MacClientTargetPlatform (65)
[2017.10.18-20.47.03:214][624]LogModuleManager: Shutting down and abandoning module AllDesktopTargetPlatform (63)
[2017.10.18-20.47.03:214][624]LogModuleManager: Shutting down and abandoning module InputCore (60)
[2017.10.18-20.47.03:214][624]LogModuleManager: Shutting down and abandoning module Settings (58)
[2017.10.18-20.47.03:214][624]LogModuleManager: Shutting down and abandoning module PhysXCooking (56)
[2017.10.18-20.47.03:214][624]LogModuleManager: Shutting down and abandoning module SteamVR (54)
[2017.10.18-20.47.03:214][624]LogModuleManager: Shutting down and abandoning module OculusHMD (52)
[2017.10.18-20.47.03:214][624]LogModuleManager: Shutting down and abandoning module ExampleDeviceProfileSelector (50)
[2017.10.18-20.47.03:214][624]LogModuleManager: Shutting down and abandoning module OnlineBlueprintSupport (48)
[2017.10.18-20.47.03:214][624]LogModuleManager: Shutting down and abandoning module OnlineSubsystem (44)
[2017.10.18-20.47.03:214][624]LogOnline: Display: Unloading online subsystem: NULL
[2017.10.18-20.47.03:215][624]LogModuleManager: Shutting down and abandoning module XMPP (43)
[2017.10.18-20.47.03:215][624]LogModuleManager: Shutting down and abandoning module HTTP (41)
[2017.10.18-20.47.03:215][624]LogHttp: Display: Http module shutting down, but needs to wait on 1 outstanding Http requests:
[2017.10.18-20.47.03:215][624]LogHttp: Display: 	verb=[POST] url=[https://datarouter.ol.epicgames.com/datarouter/api/v1/public/data?SessionID=%7B28D2BAF5-4891-ABC5-0D78-A7943BD927F8%7D&AppID=UEEditor.Rocket.Release&AppVersion=4.17.2-3658906%2B%2B%2BUE4%2BRelease-4.17&UserID=4a9090a145fd0287ad2ec4a62a8fb4cc%7C01a7b7c22aef419f924e6120a094e671%7C19104614-d73b-401c-82fd-0a81808f2f01&AppEnvironment=datacollector-binary&UploadType=eteventstream] status=Processing
[2017.10.18-20.47.03:252][624]LogModuleManager: Shutting down and abandoning module SSL (40)
[2017.10.18-20.47.03:259][624]LogModuleManager: Shutting down and abandoning module AnimationModifiers (36)
[2017.10.18-20.47.03:260][624]LogModuleManager: Shutting down and abandoning module PropertyEditor (35)
[2017.10.18-20.47.03:260][624]LogModuleManager: Shutting down and abandoning module AudioEditor (32)
[2017.10.18-20.47.03:260][624]LogModuleManager: Shutting down and abandoning module TextureCompressor (30)
[2017.10.18-20.47.03:260][624]LogModuleManager: Shutting down and abandoning module ShaderCore (28)
[2017.10.18-20.47.03:260][624]LogModuleManager: Shutting down and abandoning module Landscape (26)
[2017.10.18-20.47.03:260][624]LogModuleManager: Shutting down and abandoning module SlateRHIRenderer (24)
[2017.10.18-20.47.03:265][624]LogModuleManager: Shutting down and abandoning module OpenGLDrv (22)
[2017.10.18-20.47.03:265][624]LogModuleManager: Shutting down and abandoning module D3D11RHI (20)
[2017.10.18-20.47.03:266][624]LogModuleManager: Shutting down and abandoning module AnimGraphRuntime (18)
[2017.10.18-20.47.03:266][624]LogModuleManager: Shutting down and abandoning module Renderer (16)
[2017.10.18-20.47.03:266][624]LogModuleManager: Shutting down and abandoning module Engine (14)
[2017.10.18-20.47.03:266][624]LogModuleManager: Shutting down and abandoning module CoreUObject (12)
[2017.10.18-20.47.03:266][624]LogModuleManager: Shutting down and abandoning module NetworkFile (10)
[2017.10.18-20.47.03:266][624]LogModuleManager: Shutting down and abandoning module CookedIterativeFile (8)
[2017.10.18-20.47.03:266][624]LogModuleManager: Shutting down and abandoning module StreamingFile (6)
[2017.10.18-20.47.03:266][624]LogModuleManager: Shutting down and abandoning module SandboxFile (4)
[2017.10.18-20.47.03:266][624]LogModuleManager: Shutting down and abandoning module PakFile (2)
[2017.10.18-20.47.03:278][624]LogExit: Exiting.
[2017.10.18-20.47.03:347][624]Log file closed, 10/18/17 13:47:03
