Log file open, 10/27/17 07:20:47
LogWindows: Failed to load 'aqProf.dll' (GetLastError=126)
LogWindows: File 'aqProf.dll' does not exist
LogWindows: Failed to load 'VtuneApi.dll' (GetLastError=126)
LogWindows: File 'VtuneApi.dll' does not exist
LogWindows: Failed to load 'VtuneApi32e.dll' (GetLastError=126)
LogWindows: File 'VtuneApi32e.dll' does not exist
LogInit: Display: Running engine for game: FRazavi_LevelDesign1
LogPlatformFile: Not using cached read wrapper
LogInit: Display: RandInit(-641060979) SRandInit(-641060979).
LogTaskGraph: Started task graph with 5 named threads and 14 total threads with 3 sets of task threads.
LogStats: Stats thread started at 0.173396
LogD3D11RHI: Aftermath initialized
LogPluginManager: Mounting plugin Paper2D
LogPluginManager: Mounting plugin LightPropagationVolume
LogPluginManager: Mounting plugin CodeLiteSourceCodeAccess
LogPluginManager: Mounting plugin GitSourceControl
LogPluginManager: Mounting plugin KDevelopSourceCodeAccess
LogPluginManager: Mounting plugin NullSourceCodeAccess
LogPluginManager: Mounting plugin PerforceSourceControl
LogPluginManager: Mounting plugin SubversionSourceControl
LogPluginManager: Mounting plugin UObjectPlugin
LogPluginManager: Mounting plugin VisualStudioSourceCodeAccess
LogPluginManager: Mounting plugin XCodeSourceCodeAccess
LogPluginManager: Mounting plugin AssetManagerEditor
LogPluginManager: Mounting plugin AudioCapture
LogPluginManager: Mounting plugin FacialAnimation
LogPluginManager: Mounting plugin GameplayTagsEditor
LogPluginManager: Mounting plugin MobileLauncherProfileWizard
LogPluginManager: Mounting plugin PluginBrowser
LogPluginManager: Mounting plugin SpeedTreeImporter
LogPluginManager: Mounting plugin AlembicImporter
LogPluginManager: Mounting plugin CharacterAI
LogPluginManager: Mounting plugin HTML5Networking
LogPluginManager: Mounting plugin AndroidMedia
LogPluginManager: Mounting plugin AvfMedia
LogPluginManager: Mounting plugin MediaPlayerEditor
LogPluginManager: Mounting plugin WmfMedia
LogPluginManager: Mounting plugin TcpMessaging
LogPluginManager: Mounting plugin UdpMessaging
LogPluginManager: Mounting plugin LevelSequenceEditor
LogPluginManager: Mounting plugin MatineeToLevelSequence
LogPluginManager: Mounting plugin OnlineSubsystemGooglePlay
LogPluginManager: Mounting plugin OnlineSubsystemIOS
LogPluginManager: Mounting plugin OnlineSubsystem
LogPluginManager: Mounting plugin OnlineSubsystemNull
LogPluginManager: Mounting plugin OnlineSubsystemUtils
LogPluginManager: Mounting plugin AndroidDeviceProfileSelector
LogPluginManager: Mounting plugin AndroidMoviePlayer
LogPluginManager: Mounting plugin AndroidPermission
LogPluginManager: Mounting plugin AppleMoviePlayer
LogPluginManager: Mounting plugin ArchVisCharacter
LogPluginManager: Mounting plugin CableComponent
LogPluginManager: Mounting plugin CustomMeshComponent
LogPluginManager: Mounting plugin ExampleDeviceProfileSelector
LogPluginManager: Mounting plugin GoogleCloudMessaging
LogPluginManager: Mounting plugin ImmediatePhysics
LogPluginManager: Mounting plugin IOSDeviceProfileSelector
LogPluginManager: Mounting plugin LinuxDeviceProfileSelector
LogPluginManager: Mounting plugin LocationServicesBPLibrary
LogPluginManager: Mounting plugin MobilePatchingUtils
LogPluginManager: Mounting plugin OculusVR
LogPluginManager: Mounting plugin PhysXVehicles
LogPluginManager: Mounting plugin ProceduralMeshComponent
LogPluginManager: Mounting plugin RuntimePhysXCooking
LogPluginManager: Mounting plugin SteamVR
LogPluginManager: Mounting plugin WindowsMoviePlayer
LogInit: Using libcurl 7.47.1
LogInit:  - built for x86_64-pc-win32
LogInit:  - supports SSL with OpenSSL/1.0.2g
LogInit:  - supports HTTP deflate (compression) using libz 1.2.8
LogInit:  - other features:
LogInit:      CURL_VERSION_SSL
LogInit:      CURL_VERSION_LIBZ
LogInit:      CURL_VERSION_IPV6
LogInit:      CURL_VERSION_ASYNCHDNS
LogInit:      CURL_VERSION_LARGEFILE
LogInit:      CURL_VERSION_IDN
LogInit:  CurlRequestOptions (configurable via config and command line):
LogInit:  - bVerifyPeer = false  - Libcurl will NOT verify peer certificate
LogInit:  - bUseHttpProxy = false  - Libcurl will NOT use HTTP proxy
LogInit:  - bDontReuseConnections = false  - Libcurl will reuse connections
LogInit:  - CertBundlePath = nullptr  - Libcurl will use whatever was configured at build time.
LogInit: Build: ++UE4+Release-4.17-CL-3658906
LogInit: Engine Version: 4.17.2-3658906+++UE4+Release-4.17
LogInit: Compatible Engine Version: 4.17.0-3573198+++UE4+Release-4.17
LogInit: Net CL: 3573198
LogDevObjectVersion: Number of dev versions registered: 16
LogDevObjectVersion:   Dev-Blueprints (B0D832E4-1F89-4F0D-ACCF-7EB736FD4AA2): 10
LogDevObjectVersion:   Dev-Build (E1C64328-A22C-4D53-A36C-8E866417BD8C): 0
LogDevObjectVersion:   Dev-Core (375EC13C-06E4-48FB-B500-84F0262A717E): 2
LogDevObjectVersion:   Dev-Editor (E4B068ED-F494-42E9-A231-DA0B2E46BB41): 20
LogDevObjectVersion:   Dev-Framework (CFFC743F-43B0-4480-9391-14DF171D2073): 28
LogDevObjectVersion:   Dev-Mobile (B02B49B5-BB20-44E9-A304-32B752E40360): 0
LogDevObjectVersion:   Dev-Networking (A4E4105C-59A1-49B5-A7C5-40C4547EDFEE): 0
LogDevObjectVersion:   Dev-Online (39C831C9-5AE6-47DC-9A44-9C173E1C8E7C): 0
LogDevObjectVersion:   Dev-Physics (78F01B33-EBEA-4F98-B9B4-84EACCB95AA2): 0
LogDevObjectVersion:   Dev-Platform (6631380F-2D4D-43E0-8009-CF276956A95A): 0
LogDevObjectVersion:   Dev-Rendering (12F88B9F-8875-4AFC-A67C-D90C383ABD29): 19
LogDevObjectVersion:   Dev-Sequencer (7B5AE74C-D270-4C10-A958-57980B212A5A): 4
LogDevObjectVersion:   Dev-VR (D7296918-1DD6-4BDD-9DE2-64A83CC13884): 0
LogDevObjectVersion:   Dev-LoadTimes (C2A15278-BFE7-4AFE-6C17-90FF531DF755): 1
LogDevObjectVersion:   Private-Geometry (6EACA3D4-40EC-4CC1-B786-8BED09428FC5): 1
LogDevObjectVersion:   Dev-AnimPhys (29E575DD-E0A3-4627-9D10-D276232CDCEA): 7
LogInit: Compiled (64-bit): Sep 22 2017 13:47:16
LogInit: Compiled with Visual C++: 19.00.24215.01
LogInit: Build Configuration: Development
LogInit: Branch Name: ++UE4+Release-4.17
LogInit: Command line:  
LogInit: Base directory: C:/Program Files/Epic Games/UE_4.17/Engine/Binaries/Win64/
LogInit: Installed Engine Build: 1
LogInit: Presizing for max 8388607 objects, including 0 objects not considered by GC, pre-allocating 0 bytes for permanent pool.
LogInit: Object subsystem initialized
[2017.10.27-14.20.48:617][  0]LogInit: Selected Device Profile: [Windows]
[2017.10.27-14.20.48:617][  0]LogInit: Applying CVar settings loaded from the selected device profile: [Windows]
[2017.10.27-14.20.48:644][  0]LogInit: Computer: FARANAKPC
[2017.10.27-14.20.48:644][  0]LogInit: User: Faranak
[2017.10.27-14.20.48:644][  0]LogInit: CPU Page size=4096, Cores=4
[2017.10.27-14.20.48:645][  0]LogInit: High frequency timer resolution =2.533208 MHz
[2017.10.27-14.20.48:645][  0]LogMemory: Memory total: Physical=15.9GB (16GB approx)
[2017.10.27-14.20.48:645][  0]LogMemory: Platform Memory Stats for Windows
[2017.10.27-14.20.48:645][  0]LogMemory: Process Physical Memory: 278.53 MB used, 278.53 MB peak
[2017.10.27-14.20.48:645][  0]LogMemory: Process Virtual Memory: 274.25 MB used, 274.25 MB peak
[2017.10.27-14.20.48:645][  0]LogMemory: Physical Memory: 6540.13 MB used,  9766.90 MB free, 16307.03 MB total
[2017.10.27-14.20.48:645][  0]LogMemory: Virtual Memory: 669.05 MB used,  9766.90 MB free, 134217728.00 MB total
[2017.10.27-14.20.49:661][  0]LogInit: Using OS detected language (en-US).
[2017.10.27-14.20.49:661][  0]LogInit: Using OS detected locale (en-US).
[2017.10.27-14.20.49:721][  0]LogTextLocalizationManager: No specific localization for 'en-US' exists, so the 'en' localization will be used.
[2017.10.27-14.20.52:659][  0]LogD3D11RHI: D3D11 adapters:
[2017.10.27-14.20.52:708][  0]LogD3D11RHI:    0. 'NVIDIA GeForce GTX 970M' (Feature Level 11_0)
[2017.10.27-14.20.52:708][  0]LogD3D11RHI:       3040/0/8153 MB DedicatedVideo/DedicatedSystem/SharedSystem, Outputs:2, VendorId:0x10de
[2017.10.27-14.20.52:715][  0]LogD3D11RHI:    1. 'Intel(R) HD Graphics 4600' (Feature Level 11_0)
[2017.10.27-14.20.52:715][  0]LogD3D11RHI:       112/0/2048 MB DedicatedVideo/DedicatedSystem/SharedSystem, Outputs:0, VendorId:0x8086
[2017.10.27-14.20.52:716][  0]LogD3D11RHI:    2. 'Microsoft Basic Render Driver' (Feature Level 11_0)
[2017.10.27-14.20.52:716][  0]LogD3D11RHI:       0/0/8153 MB DedicatedVideo/DedicatedSystem/SharedSystem, Outputs:0, VendorId:0x1414
[2017.10.27-14.20.52:716][  0]LogD3D11RHI: Chosen D3D11 Adapter: 0
[2017.10.27-14.20.52:733][  0]LogD3D11RHI: Creating new Direct3DDevice
[2017.10.27-14.20.52:733][  0]LogD3D11RHI:     GPU DeviceId: 0x13d8 (for the marketing name, search the web for "GPU Device Id")
[2017.10.27-14.20.52:733][  0]LogWindows: EnumDisplayDevices:
[2017.10.27-14.20.52:733][  0]LogWindows:    0. 'Intel(R) HD Graphics 4600' (P:1 D:1)
[2017.10.27-14.20.52:734][  0]LogWindows:    1. 'Intel(R) HD Graphics 4600' (P:0 D:1)
[2017.10.27-14.20.52:734][  0]LogWindows:    2. 'Intel(R) HD Graphics 4600' (P:0 D:0)
[2017.10.27-14.20.52:734][  0]LogWindows: DebugString: PrimaryIsNotTheChoosenAdapter PrimaryIsNotTheChoosenAdapter PrimaryIsNotTheChoosenAdapter FoundDriverCount:0 
[2017.10.27-14.20.52:734][  0]LogD3D11RHI:     Adapter Name: NVIDIA GeForce GTX 970M
[2017.10.27-14.20.52:734][  0]LogD3D11RHI:   Driver Version: Unknown (internal:Unknown, unified:Unknown)
[2017.10.27-14.20.52:734][  0]LogD3D11RHI:      Driver Date: Unknown
[2017.10.27-14.20.52:734][  0]LogRHI: Texture pool is 1361 MB (70% of 1945 MB)
[2017.10.27-14.20.52:768][  0]LogD3D11RHI: Async texture creation enabled
[2017.10.27-14.20.52:779][  0]LogD3D11RHI: GPU Timing Frequency: 1000.000000 (Debug: 2 1)
[2017.10.27-14.20.52:780][  0]LogShaderCompilers: Guid format shader working directory is -13 characters bigger than the processId version (../../../../../../Users/Faranak/Desktop/FRazavi_LevelDesign1/Intermediate/Shaders/WorkingDirectory/86852/).
[2017.10.27-14.20.52:780][  0]LogShaderCompilers: Cleaned the shader compiler working directory 'C:/Users/Faranak/AppData/Local/Temp/UnrealShaderWorkingDir/C12C0598427BCE2578C4DD8ED6951EA6/'.
[2017.10.27-14.20.52:780][  0]LogShaderCompilers: Display: Using Local Shader Compiler.
[2017.10.27-14.20.54:690][  0]LogTemp: Display: Loaded TP AllDesktopTargetPlatform
[2017.10.27-14.20.54:746][  0]LogTemp: Display: Loaded TP MacClientTargetPlatform
[2017.10.27-14.20.54:801][  0]LogTemp: Display: Loaded TP MacNoEditorTargetPlatform
[2017.10.27-14.20.54:854][  0]LogTemp: Display: Loaded TP MacServerTargetPlatform
[2017.10.27-14.20.54:917][  0]LogTemp: Display: Loaded TP MacTargetPlatform
[2017.10.27-14.20.54:974][  0]LogTemp: Display: Loaded TP WindowsClientTargetPlatform
[2017.10.27-14.20.55:037][  0]LogTemp: Display: Loaded TP WindowsNoEditorTargetPlatform
[2017.10.27-14.20.55:096][  0]LogTemp: Display: Loaded TP WindowsServerTargetPlatform
[2017.10.27-14.20.55:146][  0]LogTemp: Display: Loaded TP WindowsTargetPlatform
[2017.10.27-14.20.55:210][  0]LogTemp: Display: Loaded TP AndroidTargetPlatform
[2017.10.27-14.20.55:273][  0]LogTemp: Display: Loaded TP Android_ASTCTargetPlatform
[2017.10.27-14.20.55:330][  0]LogTemp: Display: Loaded TP Android_ATCTargetPlatform
[2017.10.27-14.20.55:383][  0]LogTemp: Display: Loaded TP Android_DXTTargetPlatform
[2017.10.27-14.20.55:437][  0]LogTemp: Display: Loaded TP Android_ETC1TargetPlatform
[2017.10.27-14.20.55:488][  0]LogTemp: Display: Loaded TP Android_ETC2TargetPlatform
[2017.10.27-14.20.55:610][  0]LogTemp: Display: Loaded TP Android_MultiTargetPlatform
[2017.10.27-14.20.55:610][  0]LogTemp: Display: Loaded TP Android_PVRTCTargetPlatform
[2017.10.27-14.20.55:652][  0]LogTemp: Display: Loaded TP HTML5TargetPlatform
[2017.10.27-14.20.55:767][  0]LogTemp: Display: Loaded TP IOSTargetPlatform
[2017.10.27-14.20.55:806][  0]LogTemp: Display: Loaded TP TVOSTargetPlatform
[2017.10.27-14.20.55:862][  0]LogTemp: Display: Loaded TP LinuxClientTargetPlatform
[2017.10.27-14.20.55:913][  0]LogTemp: Display: Loaded TP LinuxNoEditorTargetPlatform
[2017.10.27-14.20.55:965][  0]LogTemp: Display: Loaded TP LinuxServerTargetPlatform
[2017.10.27-14.20.56:024][  0]LogTemp: Display: Loaded TP LinuxTargetPlatform
[2017.10.27-14.20.56:024][  0]LogTargetPlatformManager: Display: Building Assets For Windows
[2017.10.27-14.20.56:611][  0]LogDerivedDataCache: Display: Max Cache Size: 512 MB
[2017.10.27-14.20.56:709][  0]LogDerivedDataCache: Loaded boot cache 0.10s 93MB C:/Users/Faranak/AppData/Local/UnrealEngine/4.17/DerivedDataCache/Boot.ddc.
[2017.10.27-14.20.56:709][  0]LogDerivedDataCache: Display: Loaded Boot cache: C:/Users/Faranak/AppData/Local/UnrealEngine/4.17/DerivedDataCache/Boot.ddc
[2017.10.27-14.20.56:709][  0]LogDerivedDataCache: FDerivedDataBackendGraph:  Pak pak cache file ../../../../../../Users/Faranak/Desktop/FRazavi_LevelDesign1/DerivedDataCache/DDC.ddp not found, will not use a pak cache.
[2017.10.27-14.20.56:709][  0]LogDerivedDataCache: Unable to find inner node Pak for hierarchical cache Hierarchy.
[2017.10.27-14.20.56:709][  0]LogDerivedDataCache: FDerivedDataBackendGraph:  CompressedPak pak cache file ../../../../../../Users/Faranak/Desktop/FRazavi_LevelDesign1/DerivedDataCache/Compressed.ddp not found, will not use a pak cache.
[2017.10.27-14.20.56:709][  0]LogDerivedDataCache: Unable to find inner node CompressedPak for hierarchical cache Hierarchy.
[2017.10.27-14.20.56:730][  0]LogDerivedDataCache: Display: Pak cache opened for reading ../../../Engine/DerivedDataCache/Compressed.ddp.
[2017.10.27-14.20.56:742][  0]LogDerivedDataCache: Using Local data cache path C:/Users/Faranak/AppData/Local/UnrealEngine/Common/DerivedDataCache: Writable
[2017.10.27-14.20.56:752][  0]LogMaterial: Verifying Global Shaders for PCD3D_SM5
[2017.10.27-14.20.56:752][  0]LogSlate: Using Freetype 2.6.0
[2017.10.27-14.20.56:768][  0]LogSlate: SlateFontCache - WITH_FREETYPE: 1, WITH_HARFBUZZ: 1
[2017.10.27-14.20.56:768][  0]LogSlate: SlateFontCache - WITH_FREETYPE: 1, WITH_HARFBUZZ: 1
[2017.10.27-14.20.57:235][  0]LogAssetRegistry: FAssetRegistry took 0.0257 seconds to start up
[2017.10.27-14.20.57:357][  0]LogInit: Selected Device Profile: [Windows]
[2017.10.27-14.20.57:522][  0]LogContentStreaming: Texture pool size is 0.00 MB
[2017.10.27-14.20.57:871][  0]LogSimplygon: Simplygon DLL not present - disabling.
[2017.10.27-14.20.57:912][  0]LogMeshReduction: Using SimplygonSwarm for distributed automatic mesh merging
[2017.10.27-14.20.57:912][  0]LogMeshReduction: Using QuadricMeshReduction for automatic static mesh reduction
[2017.10.27-14.20.57:912][  0]LogMeshReduction: No automatic skeletal mesh reduction module available
[2017.10.27-14.20.57:912][  0]LogMeshReduction: No automatic mesh merging module available
[2017.10.27-14.20.57:912][  0]LogMeshMerging: No automatic mesh merging module available
[2017.10.27-14.20.58:300][  0]LogNetVersion: FRazavi_LevelDesign1 , NetCL: 3573198, EngineNetVer: 2, GameNetVer: 0 (Checksum: 2915890311)
[2017.10.27-14.20.58:545][  0]LogPackageLocalizationCache: Processed 5 localized package path(s) for 2 prioritized culture(s) in 0.048312 seconds
[2017.10.27-14.20.58:551][  0]LogUObjectArray: 35825 objects as part of root set at end of initial load.
[2017.10.27-14.20.58:551][  0]LogUObjectAllocator: 7529104 out of 0 bytes used by permanent object pool.
[2017.10.27-14.20.58:551][  0]LogUObjectArray: CloseDisregardForGC: 0/0 objects in disregard for GC pool
[2017.10.27-14.20.58:617][  0]LogInit: WinSock: version 1.1 (2.2), MaxSocks=32767, MaxUdp=65467
[2017.10.27-14.21.03:226][  0]LogTcpMessaging: Initializing TcpMessaging bridge
[2017.10.27-14.21.03:270][  0]LogUdpMessaging: Initializing bridge on interface 0.0.0.0:0 to multicast group 230.0.0.1:6666.
[2017.10.27-14.21.03:983][  0]LogMaterial: Uniform references updated for custom material expression Custom.
[2017.10.27-14.21.04:418][  0]SourceControl: Source control is disabled
[2017.10.27-14.21.04:418][  0]SourceControl: Source control is disabled
[2017.10.27-14.21.04:469][  0]SourceControl: Source control is disabled
[2017.10.27-14.21.04:521][  0]SourceControl: Source control is disabled
[2017.10.27-14.21.05:171][  0]LogAndroidPermission: UAndroidPermissionCallbackProxy::GetInstance
[2017.10.27-14.21.05:431][  0]LogOcInput: OculusInput pre-init called
[2017.10.27-14.21.05:704][  0]LogEngine: Initializing Engine...
[2017.10.27-14.21.05:706][  0]LogHMD: Failed to initialize OpenVR with code 110
[2017.10.27-14.21.05:930][  0]LogStats: UGameplayTagsManager::ConstructGameplayTagTree: Construct from data asset -  0.000 s
[2017.10.27-14.21.05:930][  0]LogStats: UGameplayTagsManager::ConstructGameplayTagTree: GameplayTagTreeChangedEvent.Broadcast -  0.000 s
[2017.10.27-14.21.06:066][  0]LogAIModule: Creating AISystem for world Untitled
[2017.10.27-14.21.06:076][  0]LogInit: XAudio2 using 'Speakers (Realtek High Definition Audio)' : 2 channels at 48 kHz using 32 bits per sample (channel mask 0x3)
[2017.10.27-14.21.06:091][  0]LogInit: FAudioDevice initialized.
[2017.10.27-14.21.06:181][  0]LogDerivedDataCache: Saved boot cache 0.09s 93MB C:/Users/Faranak/AppData/Local/UnrealEngine/4.17/DerivedDataCache/Boot.ddc.
[2017.10.27-14.21.06:196][  0]LogInit: Texture streaming: Enabled
[2017.10.27-14.21.06:319][  0]LogEngineSessionManager: EngineSessionManager initialized
[2017.10.27-14.21.06:571][  0]LogInit: Transaction tracking system initialized
[2017.10.27-14.21.06:898][  0]BlueprintLog: New page: Editor Load
[2017.10.27-14.21.07:888][  0]LocalizationService: Localization service is disabled
[2017.10.27-14.21.08:892][  0]LogConsoleResponse: Display: 
[2017.10.27-14.21.09:090][  0]LogCook: Display: Max memory allowance for cook 16384mb min free memory 0mb
[2017.10.27-14.21.09:090][  0]LogCook: Display: Mobile HDR setting 1
[2017.10.27-14.21.09:090][  0]LogGameplayTags: Display: UGameplayTagsManager::DoneAddingNativeTags. DelegateIsBound: 0
[2017.10.27-14.21.10:203][  0]LogFileCache: Scanning file cache for directory 'C:/Users/Faranak/Desktop/FRazavi_LevelDesign1/Content/' took 0.02s
[2017.10.27-14.21.10:251][  0]SourceControl: Source control is disabled
[2017.10.27-14.21.10:251][  0]Cmd: MAP LOAD FILE="../../../../../../Users/Faranak/Desktop/FRazavi_LevelDesign1/Content/ThirdPersonBP/Maps/ThirdPersonExampleMap.umap" TEMPLATE=0 SHOWPROGRESS=1 FEATURELEVEL=3
[2017.10.27-14.21.10:252][  0]LightingResults: New page: Lighting Build
[2017.10.27-14.21.10:295][  0]MapCheck: New page: Map Check
[2017.10.27-14.21.10:295][  0]LightingResults: New page: Lighting Build
[2017.10.27-14.21.11:756][  0]LogAIModule: Creating AISystem for world ThirdPersonExampleMap
[2017.10.27-14.21.11:787][  0]PIE: Warning: Trying to simulate physics on ''/Game/ThirdPersonBP/Maps/ThirdPersonExampleMap.ThirdPersonExampleMap:PersistentLevel.Train.StaticMeshComponent0'' but it has ComplexAsSimple collision.
[2017.10.27-14.21.11:797][  0]LogEditorServer: Finished looking for orphan Actors (0.000 secs)
[2017.10.27-14.21.11:827][  0]Cmd: MAP CHECKDEP NOCLEARLOG
[2017.10.27-14.21.11:894][  0]MapCheck: Map check complete: 0 Error(s), 0 Warning(s), took 66.866ms to complete.
[2017.10.27-14.21.11:894][  0]LogFileHelpers: Loading map 'ThirdPersonExampleMap' took 1.643
[2017.10.27-14.21.12:062][  0]LogCollectionManager: Loaded 0 collections in 0.001904 seconds
[2017.10.27-14.21.12:151][  0]LogFileCache: Scanning file cache for directory 'C:/Users/Faranak/Desktop/FRazavi_LevelDesign1/Saved/Collections/' took 0.01s
[2017.10.27-14.21.12:151][  0]LogFileCache: Scanning file cache for directory 'C:/Users/Faranak/Desktop/FRazavi_LevelDesign1/Content/Developers/Faranak/Collections/' took 0.01s
[2017.10.27-14.21.12:151][  0]LogFileCache: Scanning file cache for directory 'C:/Users/Faranak/Desktop/FRazavi_LevelDesign1/Content/Collections/' took 0.01s
[2017.10.27-14.21.12:151][  0]LogCollectionManager: Rebuilt the GUID cache for 0 collections in 0.000001 seconds
[2017.10.27-14.21.12:161][  0]LogContentBrowser: Native class hierarchy populated in 0.0092 seconds. Added 2386 classes and 500 folders.
[2017.10.27-14.21.12:232][  0]LogContentBrowser: Native class hierarchy updated for 'WidgetCarousel' in 0.0009 seconds. Added 0 classes and 0 folders.
[2017.10.27-14.21.12:562][  0]LogContentBrowser: Native class hierarchy updated for 'AddContentDialog' in 0.0007 seconds. Added 0 classes and 0 folders.
[2017.10.27-14.21.12:608][  0]LogContentBrowser: Native class hierarchy updated for 'SceneOutliner' in 0.0008 seconds. Added 1 classes and 2 folders.
[2017.10.27-14.21.12:794][  0]LogSlate: Took 0.005043 seconds to synchronously load lazily loaded font '../../../Engine/Content/Slate/Fonts/Roboto-Regular.ttf' (155K)
[2017.10.27-14.21.12:799][  0]LogSlate: Took 0.003914 seconds to synchronously load lazily loaded font '../../../Engine/Content/Slate/Fonts/Roboto-Bold.ttf' (160K)
[2017.10.27-14.21.12:938][  0]LogRenderer: Reallocating scene render targets to support 1068x616 Format 9 NumSamples 1 (Frame:1).
[2017.10.27-14.21.13:135][  0]LogContentBrowser: Native class hierarchy updated for 'HierarchicalLODOutliner' in 0.0009 seconds. Added 1 classes and 2 folders.
[2017.10.27-14.21.13:135][  0]LogLoad: (Engine Initialization) Total time: 26.97 seconds
[2017.10.27-14.21.13:135][  0]LogLoad: (Engine Initialization) Total Blueprint compile time: 0.00 seconds
[2017.10.27-14.21.13:136][  0]LogExternalProfiler: Found external profiler: VSPerf
[2017.10.27-14.21.13:136][  0]LogExternalProfiler: Using external profiler: VSPerf
[2017.10.27-14.21.13:178][  0]LogContentStreaming: Texture pool size now 400 MB
[2017.10.27-14.21.13:227][  1]LogAssetRegistry: Asset discovery search completed in 16.0139 seconds
[2017.10.27-14.21.13:229][  1]LogCollectionManager: Rebuilt the object cache for 0 collections in 0.000001 seconds (found 0 objects)
[2017.10.27-14.21.13:229][  1]LogCollectionManager: Fixed up redirectors for 0 collections in 0.000049 seconds (updated 0 objects)
[2017.10.27-14.21.14:174][ 54]LogSlate: Took 0.003884 seconds to synchronously load lazily loaded font '../../../Engine/Content/Slate/Fonts/Roboto-Light.ttf' (159K)
[2017.10.27-14.21.16:034][164]LogSlate: Took 0.000148 seconds to synchronously load lazily loaded font '../../../Engine/Content/Slate/Fonts/Roboto-Light.ttf' (159K)
[2017.10.27-14.21.16:108][164]LogSlate: Took 0.004558 seconds to synchronously load lazily loaded font '../../../Engine/Content/Editor/Slate/Fonts/FontAwesome.ttf' (139K)
[2017.10.27-14.21.27:636][824]LogContentBrowser: Native class hierarchy updated for 'BlueprintGraph' in 0.0010 seconds. Added 113 classes and 0 folders.
[2017.10.27-14.21.28:292][824]LogSlate: Took 0.004170 seconds to synchronously load lazily loaded font '../../../Engine/Content/Editor/Slate/Fonts/Roboto-BoldCondensed.ttf' (158K)
[2017.10.27-14.21.28:688][825]LogSlate: Took 0.003951 seconds to synchronously load lazily loaded font '../../../Engine/Content/Editor/Slate/Fonts/Roboto-Italic.ttf' (157K)
[2017.10.27-14.22.33:255][ 56]LogSlate: Took 0.000547 seconds to synchronously load lazily loaded font '../../../Engine/Content/Slate/Fonts/Roboto-Regular.ttf' (155K)
[2017.10.27-14.22.38:859][ 56]LogSavePackage: Save=12863.51ms
[2017.10.27-14.22.38:859][ 56]LogSavePackage: Moving '../../../../../../Users/Faranak/Desktop/FRazavi_LevelDesign1/Saved/ThirdPersonExampleMap7A9AA0E04666CF7EA488AF8D42D59AD7.tmp' to '../../../../../../Users/Faranak/Desktop/FRazavi_LevelDesign1/Content/ThirdPersonBP/Maps/ThirdPersonExampleMap.umap'
[2017.10.27-14.22.38:891][ 56]LogSavePackage: Display: Finished SavePackage ../../../../../../Users/Faranak/Desktop/FRazavi_LevelDesign1/Content/ThirdPersonBP/Maps/ThirdPersonExampleMap.umap
[2017.10.27-14.22.39:018][ 56]LogFileHelpers: Saving map 'ThirdPersonExampleMap' took 13.470
[2017.10.27-14.23.02:882][344]LogSavePackage: Save=12855.88ms
[2017.10.27-14.23.02:882][344]LogSavePackage: Moving '../../../../../../Users/Faranak/Desktop/FRazavi_LevelDesign1/Saved/ThirdPersonExampleMapCE2E72A54DDF0FE308913784184761C0.tmp' to '../../../../../../Users/Faranak/Desktop/FRazavi_LevelDesign1/Content/ThirdPersonBP/Maps/ThirdPersonExampleMap.umap'
[2017.10.27-14.23.02:902][344]LogSavePackage: Display: Finished SavePackage ../../../../../../Users/Faranak/Desktop/FRazavi_LevelDesign1/Content/ThirdPersonBP/Maps/ThirdPersonExampleMap.umap
[2017.10.27-14.23.03:034][344]LogFileHelpers: Saving map 'ThirdPersonExampleMap' took 13.378
[2017.10.27-14.23.05:629][415]LogTemp: Repeating last play command: Selected Viewport
[2017.10.27-14.23.05:813][415]LogBlueprintUserMessages: Early PlayInEditor Detection: Level '/Game/ThirdPersonBP/Maps/ThirdPersonExampleMap.ThirdPersonExampleMap:PersistentLevel' has LevelScriptBlueprint '/Game/ThirdPersonBP/Maps/ThirdPersonExampleMap.ThirdPersonExampleMap:PersistentLevel.ThirdPersonExampleMap' with GeneratedClass '/Game/ThirdPersonBP/Maps/ThirdPersonExampleMap.ThirdPersonExampleMap_C' with ClassGeneratedBy '/Game/ThirdPersonBP/Maps/ThirdPersonExampleMap.ThirdPersonExampleMap:PersistentLevel.ThirdPersonExampleMap'
[2017.10.27-14.23.05:813][415]LogPlayLevel: PlayLevel: No blueprints needed recompiling
[2017.10.27-14.23.05:815][415]PIE: New page: PIE session: ThirdPersonExampleMap (Oct 27, 2017, 12:23:05 AM)
[2017.10.27-14.23.05:815][415]LogPlayLevel: Creating play world package: /Game/ThirdPersonBP/Maps/UEDPIE_0_ThirdPersonExampleMap
[2017.10.27-14.23.06:863][415]LogPlayLevel: PIE: StaticDuplicateObject took: (1.048144s)
[2017.10.27-14.23.06:867][415]LogAIModule: Creating AISystem for world ThirdPersonExampleMap
[2017.10.27-14.23.06:868][415]LogPlayLevel: PIE: World Init took: (0.004735s)
[2017.10.27-14.23.06:870][415]LogPlayLevel: PIE: Created PIE world by copying editor world from /Game/ThirdPersonBP/Maps/ThirdPersonExampleMap.ThirdPersonExampleMap to /Game/ThirdPersonBP/Maps/UEDPIE_0_ThirdPersonExampleMap.ThirdPersonExampleMap (1.054553s)
[2017.10.27-14.23.06:951][415]LogInit: XAudio2 using 'Speakers (Realtek High Definition Audio)' : 2 channels at 48 kHz using 32 bits per sample (channel mask 0x3)
[2017.10.27-14.23.06:990][415]LogInit: FAudioDevice initialized.
[2017.10.27-14.23.07:039][415]LogLoad: Game class is 'ThirdPersonGameMode_C'
[2017.10.27-14.23.07:080][415]PIE: Warning: Trying to simulate physics on ''/Game/ThirdPersonBP/Maps/UEDPIE_0_ThirdPersonExampleMap.ThirdPersonExampleMap:PersistentLevel.Train.StaticMeshComponent0'' but it has ComplexAsSimple collision.
[2017.10.27-14.23.07:085][415]LogWorld: Bringing World /Game/ThirdPersonBP/Maps/UEDPIE_0_ThirdPersonExampleMap.ThirdPersonExampleMap up for play (max tick rate 60) at 2017.10.27-07.23.07
[2017.10.27-14.23.07:087][415]LogLinker: Warning: Can't find file '/Game/Subway/IGC/IGC1'
[2017.10.27-14.23.07:089][415]LogLinker: Warning: Can't find file '/Game/Subway/IGC/IGC1'
[2017.10.27-14.23.07:089][415]LogUObjectGlobals: Warning: Failed to find object 'Object /Game/Subway/IGC/IGC1.IGC1'
[2017.10.27-14.23.07:179][415]LogLinker: Warning: Can't find file '/Game/Subway/IGC/TrainMovement'
[2017.10.27-14.23.07:180][415]LogLinker: Warning: Can't find file '/Game/Subway/IGC/TrainMovement'
[2017.10.27-14.23.07:180][415]LogUObjectGlobals: Warning: Failed to find object 'Object /Game/Subway/IGC/TrainMovement.TrainMovement'
[2017.10.27-14.23.07:182][415]LogWorld: Bringing up level for play took: 0.135958
[2017.10.27-14.23.07:375][415]LogContentBrowser: Native class hierarchy updated for 'MovieSceneCapture' in 0.0026 seconds. Added 11 classes and 0 folders.
[2017.10.27-14.23.07:381][415]PIE: Play in editor start time for /Game/ThirdPersonBP/Maps/UEDPIE_0_ThirdPersonExampleMap 1.517
[2017.10.27-14.23.07:383][415]LogBlueprintUserMessages: Late PlayInEditor Detection: Level '/Game/ThirdPersonBP/Maps/ThirdPersonExampleMap.ThirdPersonExampleMap:PersistentLevel' has LevelScriptBlueprint '/Game/ThirdPersonBP/Maps/ThirdPersonExampleMap.ThirdPersonExampleMap:PersistentLevel.ThirdPersonExampleMap' with GeneratedClass '/Game/ThirdPersonBP/Maps/ThirdPersonExampleMap.ThirdPersonExampleMap_C' with ClassGeneratedBy '/Game/ThirdPersonBP/Maps/ThirdPersonExampleMap.ThirdPersonExampleMap:PersistentLevel.ThirdPersonExampleMap'
[2017.10.27-14.23.07:429][415]LogAudio: Warning: Detected orphaned looping sound 'ambience'.
[2017.10.27-14.23.55:026][673]LogCharacterMovement: ThirdPersonCharacter_167 is stuck and failed to move! Velocity: X=268.54 Y=155.70 Z=0.00 Location: X=-2513.89 Y=551.14 Z=241.06 Normal: X=-0.47 Y=-0.87 Z=-0.18 PenetrationDepth:41.116 Actor:HalfButterfly5 Component:StaticMeshComponent0 BoneName:None (0 other events since notify)
[2017.10.27-14.24.00:743][819]LogCharacterMovement: ThirdPersonCharacter_167 is stuck and failed to move! Velocity: X=-77.93 Y=-9.37 Z=0.00 Location: X=-1492.65 Y=919.66 Z=243.15 Normal: X=-0.67 Y=-0.01 Z=-0.75 PenetrationDepth:114.371 Actor:HalfButterfly6 Component:StaticMeshComponent0 BoneName:None (2 other events since notify)
[2017.10.27-14.24.27:613][535]LogBlueprintUserMessages: Early EndPlayMap Detection: Level '/Game/ThirdPersonBP/Maps/ThirdPersonExampleMap.ThirdPersonExampleMap:PersistentLevel' has LevelScriptBlueprint '/Game/ThirdPersonBP/Maps/ThirdPersonExampleMap.ThirdPersonExampleMap:PersistentLevel.ThirdPersonExampleMap' with GeneratedClass '/Game/ThirdPersonBP/Maps/ThirdPersonExampleMap.ThirdPersonExampleMap_C' with ClassGeneratedBy '/Game/ThirdPersonBP/Maps/ThirdPersonExampleMap.ThirdPersonExampleMap:PersistentLevel.ThirdPersonExampleMap'
[2017.10.27-14.24.27:805][535]LogBlueprintUserMessages: Late EndPlayMap Detection: Level '/Game/ThirdPersonBP/Maps/ThirdPersonExampleMap.ThirdPersonExampleMap:PersistentLevel' has LevelScriptBlueprint '/Game/ThirdPersonBP/Maps/ThirdPersonExampleMap.ThirdPersonExampleMap:PersistentLevel.ThirdPersonExampleMap' with GeneratedClass '/Game/ThirdPersonBP/Maps/ThirdPersonExampleMap.ThirdPersonExampleMap_C' with ClassGeneratedBy '/Game/ThirdPersonBP/Maps/ThirdPersonExampleMap.ThirdPersonExampleMap:PersistentLevel.ThirdPersonExampleMap'
[2017.10.27-14.24.49:247][711]LogSavePackage: Save=13156.19ms
[2017.10.27-14.24.49:247][711]LogSavePackage: Moving '../../../../../../Users/Faranak/Desktop/FRazavi_LevelDesign1/Saved/ThirdPersonExampleMap2E88D33A419CF633C854AA812FD329BE.tmp' to '../../../../../../Users/Faranak/Desktop/FRazavi_LevelDesign1/Content/ThirdPersonBP/Maps/ThirdPersonExampleMap.umap'
[2017.10.27-14.24.49:268][711]LogSavePackage: Display: Finished SavePackage ../../../../../../Users/Faranak/Desktop/FRazavi_LevelDesign1/Content/ThirdPersonBP/Maps/ThirdPersonExampleMap.umap
[2017.10.27-14.24.49:376][711]LogFileHelpers: Saving map 'ThirdPersonExampleMap' took 13.668
[2017.10.27-14.25.08:442][902]LogSavePackage: Save=13206.45ms
[2017.10.27-14.25.08:442][902]LogSavePackage: Moving '../../../../../../Users/Faranak/Desktop/FRazavi_LevelDesign1/Saved/ThirdPersonExampleMap2A5D5AF042D003B225EC2E960620EBDB.tmp' to '../../../../../../Users/Faranak/Desktop/FRazavi_LevelDesign1/Content/ThirdPersonBP/Maps/ThirdPersonExampleMap.umap'
[2017.10.27-14.25.08:457][902]LogSavePackage: Display: Finished SavePackage ../../../../../../Users/Faranak/Desktop/FRazavi_LevelDesign1/Content/ThirdPersonBP/Maps/ThirdPersonExampleMap.umap
[2017.10.27-14.25.10:202][902]LogSavePackage: Save=1546.04ms
[2017.10.27-14.25.10:202][902]LogSavePackage: Moving '../../../../../../Users/Faranak/Desktop/FRazavi_LevelDesign1/Saved/ThirdPersonExampleMap_BuiltDataFEDED22640BCB32E41BF32B84E585985.tmp' to '../../../../../../Users/Faranak/Desktop/FRazavi_LevelDesign1/Content/ThirdPersonBP/Maps/ThirdPersonExampleMap_BuiltData.uasset'
[2017.10.27-14.25.10:207][902]LogSavePackage: Display: Finished SavePackage ../../../../../../Users/Faranak/Desktop/FRazavi_LevelDesign1/Content/ThirdPersonBP/Maps/ThirdPersonExampleMap_BuiltData.uasset
[2017.10.27-14.25.12:382][997]LogWindowsTextInputMethodSystem: Display: IME system now deactivated.
[2017.10.27-14.25.12:382][997]LogWindowsTextInputMethodSystem: Display: IME system now deactivated.
[2017.10.27-14.25.12:685][998]Cmd: QUIT_EDITOR
[2017.10.27-14.25.13:241][998]LogExit: Preparing to exit.
[2017.10.27-14.25.13:576][998]LogDirectoryWatcher: A directory notification for 'C:/Users/Faranak/Desktop/FRazavi_LevelDesign1/Content/' was aborted.
[2017.10.27-14.25.13:708][998]LogExit: Editor shut down
[2017.10.27-14.25.13:722][998]LogExit: Transaction tracking system shut down
[2017.10.27-14.25.14:045][998]LogDirectoryWatcher: A directory notification for '../../../Engine/Content/' was aborted.
[2017.10.27-14.25.14:046][998]LogDirectoryWatcher: A directory notification for '../../../../../../Users/Faranak/Desktop/FRazavi_LevelDesign1/Content/' was aborted.
[2017.10.27-14.25.14:046][998]LogDirectoryWatcher: A directory notification for '../../../Engine/Plugins/2D/Paper2D/Content/' was aborted.
[2017.10.27-14.25.14:046][998]LogDirectoryWatcher: A directory notification for '../../../Engine/Plugins/Runtime/Oculus/OculusVR/Content/' was aborted.
[2017.10.27-14.25.14:046][998]LogDirectoryWatcher: A directory notification for '../../../Engine/Plugins/Runtime/Steam/SteamVR/Content/' was aborted.
[2017.10.27-14.25.14:337][998]LogExit: Object subsystem successfully closed.
[2017.10.27-14.25.14:397][998]LogD3D11RHI: Shutdown
[2017.10.27-14.25.14:397][998]LogD3D11RHI: CleanupD3DDevice
[2017.10.27-14.25.14:731][998]LogD3D11RHI: ~FD3D11DynamicRHI
[2017.10.27-14.25.14:795][998]LogModuleManager: Shutting down and abandoning module MovieSceneCapture (538)
[2017.10.27-14.25.14:796][998]LogModuleManager: Shutting down and abandoning module BlueprintGraph (536)
[2017.10.27-14.25.14:796][998]LogModuleManager: Shutting down and abandoning module BlueprintProfiler (534)
[2017.10.27-14.25.14:796][998]LogModuleManager: Shutting down and abandoning module SequencerWidgets (532)
[2017.10.27-14.25.14:796][998]LogModuleManager: Shutting down and abandoning module HierarchicalLODOutliner (530)
[2017.10.27-14.25.14:796][998]LogModuleManager: Shutting down and abandoning module SceneOutliner (528)
[2017.10.27-14.25.14:796][998]LogModuleManager: Shutting down and abandoning module AddContentDialog (526)
[2017.10.27-14.25.14:796][998]LogDirectoryWatcher: A directory notification for 'C:/Program Files/Epic Games/UE_4.17/FeaturePacks/' was aborted.
[2017.10.27-14.25.14:799][998]LogModuleManager: Shutting down and abandoning module WidgetCarousel (525)
[2017.10.27-14.25.14:799][998]LogModuleManager: Shutting down and abandoning module EditorWidgets (522)
[2017.10.27-14.25.14:799][998]LogModuleManager: Shutting down and abandoning module CollectionManager (520)
[2017.10.27-14.25.14:800][998]LogDirectoryWatcher: A directory notification for 'C:/Users/Faranak/Desktop/FRazavi_LevelDesign1/Content/Collections/' was aborted.
[2017.10.27-14.25.14:800][998]LogDirectoryWatcher: A directory notification for 'C:/Users/Faranak/Desktop/FRazavi_LevelDesign1/Content/Developers/Faranak/Collections/' was aborted.
[2017.10.27-14.25.14:800][998]LogDirectoryWatcher: A directory notification for 'C:/Users/Faranak/Desktop/FRazavi_LevelDesign1/Saved/Collections/' was aborted.
[2017.10.27-14.25.14:800][998]LogModuleManager: Shutting down and abandoning module StatsViewer (518)
[2017.10.27-14.25.14:800][998]LogModuleManager: Shutting down and abandoning module FoliageEdit (516)
[2017.10.27-14.25.14:801][998]LogModuleManager: Shutting down and abandoning module LandscapeEditor (514)
[2017.10.27-14.25.14:801][998]LogModuleManager: Shutting down and abandoning module MeshPaintMode (512)
[2017.10.27-14.25.14:801][998]LogModuleManager: Shutting down and abandoning module SceneDepthPickerMode (510)
[2017.10.27-14.25.14:801][998]LogModuleManager: Shutting down and abandoning module ActorPickerMode (508)
[2017.10.27-14.25.14:801][998]LogModuleManager: Shutting down and abandoning module GeometryMode (506)
[2017.10.27-14.25.14:801][998]LogModuleManager: Shutting down and abandoning module TextureAlignMode (504)
[2017.10.27-14.25.14:801][998]LogModuleManager: Shutting down and abandoning module BspMode (502)
[2017.10.27-14.25.14:801][998]LogModuleManager: Shutting down and abandoning module PIEPreviewDeviceProfileSelector (500)
[2017.10.27-14.25.14:801][998]LogModuleManager: Shutting down and abandoning module HardwareSurvey (498)
[2017.10.27-14.25.14:801][998]LogModuleManager: Shutting down and abandoning module SequenceRecorderSections (496)
[2017.10.27-14.25.14:801][998]LogModuleManager: Shutting down and abandoning module AutomationWorker (494)
[2017.10.27-14.25.14:802][998]LogModuleManager: Shutting down and abandoning module MatineeToLevelSequence (492)
[2017.10.27-14.25.14:802][998]LogModuleManager: Shutting down and abandoning module LevelSequenceEditor (490)
[2017.10.27-14.25.14:802][998]LogModuleManager: Shutting down and abandoning module PlacementMode (489)
[2017.10.27-14.25.14:802][998]LogModuleManager: Shutting down and abandoning module WmfMediaFactory (486)
[2017.10.27-14.25.14:802][998]LogModuleManager: Shutting down and abandoning module WmfMediaEditor (484)
[2017.10.27-14.25.14:802][998]LogModuleManager: Shutting down and abandoning module AvfMediaFactory (482)
[2017.10.27-14.25.14:802][998]LogModuleManager: Shutting down and abandoning module AvfMediaEditor (480)
[2017.10.27-14.25.14:802][998]LogModuleManager: Shutting down and abandoning module AndroidMediaFactory (478)
[2017.10.27-14.25.14:802][998]LogModuleManager: Shutting down and abandoning module Media (477)
[2017.10.27-14.25.14:802][998]LogModuleManager: Shutting down and abandoning module AndroidMediaEditor (474)
[2017.10.27-14.25.14:802][998]LogModuleManager: Shutting down and abandoning module CharacterAI (472)
[2017.10.27-14.25.14:802][998]LogModuleManager: Shutting down and abandoning module AudioCapture (470)
[2017.10.27-14.25.14:802][998]LogModuleManager: Shutting down and abandoning module SequenceRecorder (469)
[2017.10.27-14.25.14:803][998]LogModuleManager: Shutting down and abandoning module SmartSnapping (466)
[2017.10.27-14.25.14:803][998]LogModuleManager: Shutting down and abandoning module SessionServices (464)
[2017.10.27-14.25.14:803][998]LogModuleManager: Shutting down and abandoning module ViewportSnapping (462)
[2017.10.27-14.25.14:803][998]LogModuleManager: Shutting down and abandoning module ViewportInteraction (460)
[2017.10.27-14.25.14:803][998]LogModuleManager: Shutting down and abandoning module ClothPainter (458)
[2017.10.27-14.25.14:803][998]LogModuleManager: Shutting down and abandoning module LogVisualizer (456)
[2017.10.27-14.25.14:803][998]LogModuleManager: Shutting down and abandoning module IntroTutorials (454)
[2017.10.27-14.25.14:803][998]LogModuleManager: Shutting down and abandoning module GameProjectGeneration (453)
[2017.10.27-14.25.14:803][998]LogModuleManager: Shutting down and abandoning module IOSPlatformEditor (450)
[2017.10.27-14.25.14:804][998]LogModuleManager: Shutting down and abandoning module HTML5PlatformEditor (448)
[2017.10.27-14.25.14:804][998]LogModuleManager: Shutting down and abandoning module AndroidPlatformEditor (446)
[2017.10.27-14.25.14:804][998]LogModuleManager: Shutting down and abandoning module AndroidDeviceDetection (445)
[2017.10.27-14.25.15:386][998]LogModuleManager: Shutting down and abandoning module WindowsPlatformEditor (442)
[2017.10.27-14.25.15:386][998]LogModuleManager: Shutting down and abandoning module IOSRuntimeSettings (440)
[2017.10.27-14.25.15:386][998]LogModuleManager: Shutting down and abandoning module AndroidRuntimeSettings (438)
[2017.10.27-14.25.15:386][998]LogModuleManager: Shutting down and abandoning module InputBindingEditor (436)
[2017.10.27-14.25.15:386][998]LogModuleManager: Shutting down and abandoning module MergeActors (434)
[2017.10.27-14.25.15:386][998]LogModuleManager: Shutting down and abandoning module SizeMap (432)
[2017.10.27-14.25.15:386][998]LogModuleManager: Shutting down and abandoning module TreeMap (430)
[2017.10.27-14.25.15:386][998]LogModuleManager: Shutting down and abandoning module ReferenceViewer (428)
[2017.10.27-14.25.15:386][998]LogModuleManager: Shutting down and abandoning module LocalizationDashboard (426)
[2017.10.27-14.25.15:386][998]LogModuleManager: Shutting down and abandoning module LocalizationService (425)
[2017.10.27-14.25.15:386][998]LogModuleManager: Shutting down and abandoning module HardwareTargeting (422)
[2017.10.27-14.25.15:387][998]LogModuleManager: Shutting down and abandoning module DeviceProfileEditor (420)
[2017.10.27-14.25.15:387][998]LogModuleManager: Shutting down and abandoning module UndoHistory (418)
[2017.10.27-14.25.15:387][998]LogModuleManager: Shutting down and abandoning module XmlParser (416)
[2017.10.27-14.25.15:387][998]LogModuleManager: Shutting down and abandoning module Blutility (414)
[2017.10.27-14.25.15:387][998]LogModuleManager: Shutting down and abandoning module ProjectSettingsViewer (412)
[2017.10.27-14.25.15:387][998]LogModuleManager: Shutting down and abandoning module ProjectTargetPlatformEditor (411)
[2017.10.27-14.25.15:387][998]LogModuleManager: Shutting down and abandoning module EditorSettingsViewer (408)
[2017.10.27-14.25.15:388][998]LogModuleManager: Shutting down and abandoning module SettingsEditor (406)
[2017.10.27-14.25.15:388][998]LogModuleManager: Shutting down and abandoning module ProjectLauncher (404)
[2017.10.27-14.25.15:388][998]LogModuleManager: Shutting down and abandoning module SessionFrontend (402)
[2017.10.27-14.25.15:388][998]LogModuleManager: Shutting down and abandoning module ProfilerClient (400)
[2017.10.27-14.25.15:388][998]LogModuleManager: Shutting down and abandoning module DeviceManager (398)
[2017.10.27-14.25.15:388][998]LogModuleManager: Shutting down and abandoning module TargetDeviceServices (397)
[2017.10.27-14.25.15:453][998]LogModuleManager: Shutting down and abandoning module AutomationController (394)
[2017.10.27-14.25.15:453][998]LogModuleManager: Shutting down and abandoning module AutomationWindow (392)
[2017.10.27-14.25.15:453][998]LogModuleManager: Shutting down and abandoning module Layers (390)
[2017.10.27-14.25.15:453][998]LogModuleManager: Shutting down and abandoning module ComponentVisualizers (388)
[2017.10.27-14.25.15:453][998]LogModuleManager: Shutting down and abandoning module DetailCustomizations (386)
[2017.10.27-14.25.15:453][998]LogModuleManager: Shutting down and abandoning module PackagesDialog (384)
[2017.10.27-14.25.15:454][998]LogModuleManager: Shutting down and abandoning module Persona (382)
[2017.10.27-14.25.15:454][998]LogModuleManager: Shutting down and abandoning module AdvancedPreviewScene (381)
[2017.10.27-14.25.15:454][998]LogModuleManager: Shutting down and abandoning module AnimGraph (379)
[2017.10.27-14.25.15:454][998]LogModuleManager: Shutting down and abandoning module Kismet (376)
[2017.10.27-14.25.15:478][998]LogModuleManager: Shutting down and abandoning module ClassViewer (374)
[2017.10.27-14.25.15:478][998]LogModuleManager: Shutting down and abandoning module Toolbox (372)
[2017.10.27-14.25.15:478][998]LogModuleManager: Shutting down and abandoning module ModuleUI (370)
[2017.10.27-14.25.15:478][998]LogModuleManager: Shutting down and abandoning module MovieSceneTools (368)
[2017.10.27-14.25.15:478][998]LogModuleManager: Shutting down and abandoning module OutputLog (366)
[2017.10.27-14.25.15:478][998]LogModuleManager: Shutting down and abandoning module GammaUI (364)
[2017.10.27-14.25.15:479][998]LogModuleManager: Shutting down and abandoning module Documentation (362)
[2017.10.27-14.25.15:479][998]LogModuleManager: Shutting down and abandoning module MovieSceneTracks (360)
[2017.10.27-14.25.15:479][998]LogModuleManager: Shutting down and abandoning module MovieScene (358)
[2017.10.27-14.25.15:479][998]LogModuleManager: Shutting down and abandoning module Niagara (356)
[2017.10.27-14.25.15:479][998]LogModuleManager: Shutting down and abandoning module NiagaraEditor (355)
[2017.10.27-14.25.15:479][998]LogModuleManager: Shutting down and abandoning module StreamingPauseRendering (352)
[2017.10.27-14.25.15:479][998]LogModuleManager: Shutting down and abandoning module LauncherPlatform (350)
[2017.10.27-14.25.15:479][998]LogModuleManager: Shutting down and abandoning module AnalyticsET (348)
[2017.10.27-14.25.15:479][998]LogModuleManager: Shutting down and abandoning module PortalServices (346)
[2017.10.27-14.25.15:479][998]LogModuleManager: Shutting down and abandoning module PortalRpc (344)
[2017.10.27-14.25.15:480][998]LogModuleManager: Shutting down and abandoning module MessagingRpc (342)
[2017.10.27-14.25.15:480][998]LogModuleManager: Shutting down and abandoning module AIModule (340)
[2017.10.27-14.25.15:480][998]LogModuleManager: Shutting down and abandoning module GameplayDebugger (339)
[2017.10.27-14.25.15:480][998]LogModuleManager: Shutting down and abandoning module AITestSuite (337)
[2017.10.27-14.25.15:480][998]LogModuleManager: Shutting down and abandoning module ProfilerService (334)
[2017.10.27-14.25.15:705][998]LogModuleManager: Shutting down and abandoning module TaskGraph (332)
[2017.10.27-14.25.15:705][998]LogModuleManager: Shutting down and abandoning module SteamVRController (330)
[2017.10.27-14.25.15:705][998]LogModuleManager: Shutting down and abandoning module ProceduralMeshComponentEditor (328)
[2017.10.27-14.25.15:705][998]LogModuleManager: Shutting down and abandoning module ProceduralMeshComponent (326)
[2017.10.27-14.25.15:705][998]LogModuleManager: Shutting down and abandoning module OculusInput (324)
[2017.10.27-14.25.15:706][998]LogModuleManager: Shutting down and abandoning module MobilePatchingUtils (322)
[2017.10.27-14.25.15:706][998]LogModuleManager: Shutting down and abandoning module CustomMeshComponent (320)
[2017.10.27-14.25.15:706][998]LogModuleManager: Shutting down and abandoning module CableComponent (318)
[2017.10.27-14.25.15:706][998]LogModuleManager: Shutting down and abandoning module ArchVisCharacter (316)
[2017.10.27-14.25.15:706][998]LogModuleManager: Shutting down and abandoning module AndroidPermission (314)
[2017.10.27-14.25.15:706][998]LogModuleManager: Shutting down and abandoning module MediaPlayerEditor (310)
[2017.10.27-14.25.15:706][998]LogModuleManager: Shutting down and abandoning module HTML5Networking (308)
[2017.10.27-14.25.15:706][998]LogModuleManager: Shutting down and abandoning module AlembicImporter (306)
[2017.10.27-14.25.15:706][998]LogModuleManager: Shutting down and abandoning module AlembicLibrary (305)
[2017.10.27-14.25.15:707][998]LogModuleManager: Shutting down and abandoning module GeometryCache (304)
[2017.10.27-14.25.15:707][998]LogModuleManager: Shutting down and abandoning module GeometryCacheEd (303)
[2017.10.27-14.25.15:707][998]LogModuleManager: Shutting down and abandoning module SpeedTreeImporter (298)
[2017.10.27-14.25.15:707][998]LogModuleManager: Shutting down and abandoning module PluginBrowser (296)
[2017.10.27-14.25.15:707][998]LogModuleManager: Shutting down and abandoning module MobileLauncherProfileWizard (294)
[2017.10.27-14.25.15:707][998]LogModuleManager: Shutting down and abandoning module VisualStudioSourceCodeAccess (292)
[2017.10.27-14.25.15:708][998]LogModuleManager: Shutting down and abandoning module DesktopPlatform (291)
[2017.10.27-14.25.15:708][998]LogModuleManager: Shutting down and abandoning module UObjectPlugin (288)
[2017.10.27-14.25.15:708][998]LogModuleManager: Shutting down and abandoning module SubversionSourceControl (286)
[2017.10.27-14.25.15:708][998]LogModuleManager: Shutting down and abandoning module PerforceSourceControl (284)
[2017.10.27-14.25.15:708][998]LogModuleManager: Shutting down and abandoning module GitSourceControl (282)
[2017.10.27-14.25.15:708][998]LogModuleManager: Shutting down and abandoning module SourceControl (281)
[2017.10.27-14.25.15:710][998]LogModuleManager: Shutting down and abandoning module LightPropagationVolumeEditor (278)
[2017.10.27-14.25.15:710][998]LogModuleManager: Shutting down and abandoning module PaperTiledImporter (276)
[2017.10.27-14.25.15:710][998]LogModuleManager: Shutting down and abandoning module PaperSpriteSheetImporter (274)
[2017.10.27-14.25.15:710][998]LogModuleManager: Shutting down and abandoning module Paper2DEditor (272)
[2017.10.27-14.25.15:710][998]LogModuleManager: Shutting down and abandoning module MeshPaint (271)
[2017.10.27-14.25.15:710][998]LogModuleManager: Shutting down and abandoning module LevelEditor (269)
[2017.10.27-14.25.15:713][998]LogModuleManager: Shutting down and abandoning module PixelInspectorModule (268)
[2017.10.27-14.25.15:713][998]LogModuleManager: Shutting down and abandoning module MainFrame (266)
[2017.10.27-14.25.15:713][998]LogModuleManager: Shutting down and abandoning module HotReload (265)
[2017.10.27-14.25.15:715][998]LogModuleManager: Shutting down and abandoning module RuntimePhysXCooking (260)
[2017.10.27-14.25.15:715][998]LogModuleManager: Shutting down and abandoning module PhysXVehiclesEditor (258)
[2017.10.27-14.25.15:715][998]LogModuleManager: Shutting down and abandoning module PhysXVehicles (256)
[2017.10.27-14.25.15:715][998]LogModuleManager: Shutting down and abandoning module OculusEditor (254)
[2017.10.27-14.25.15:715][998]LogModuleManager: Shutting down and abandoning module LocationServicesBPLibrary (252)
[2017.10.27-14.25.15:715][998]LogModuleManager: Shutting down and abandoning module ImmediatePhysicsEditor (250)
[2017.10.27-14.25.15:715][998]LogModuleManager: Shutting down and abandoning module ImmediatePhysics (248)
[2017.10.27-14.25.15:715][998]LogModuleManager: Shutting down and abandoning module UdpMessaging (246)
[2017.10.27-14.25.15:816][998]LogModuleManager: Shutting down and abandoning module TcpMessaging (244)
[2017.10.27-14.25.15:917][998]LogModuleManager: Shutting down and abandoning module GameplayTagsEditor (242)
[2017.10.27-14.25.15:917][998]LogModuleManager: Shutting down and abandoning module FacialAnimationEditor (240)
[2017.10.27-14.25.15:917][998]LogModuleManager: Shutting down and abandoning module FacialAnimation (238)
[2017.10.27-14.25.15:917][998]LogModuleManager: Shutting down and abandoning module AssetManagerEditor (236)
[2017.10.27-14.25.15:917][998]LogModuleManager: Shutting down and abandoning module GraphEditor (235)
[2017.10.27-14.25.15:917][998]LogModuleManager: Shutting down and abandoning module ContentBrowser (233)
[2017.10.27-14.25.15:921][998]LogModuleManager: Shutting down and abandoning module LightPropagationVolumeRuntime (230)
[2017.10.27-14.25.15:921][998]LogModuleManager: Shutting down and abandoning module Paper2D (228)
[2017.10.27-14.25.15:921][998]LogModuleManager: Shutting down and abandoning module WindowsMoviePlayer (226)
[2017.10.27-14.25.15:921][998]LogModuleManager: Shutting down and abandoning module WmfMedia (224)
[2017.10.27-14.25.15:921][998]LogModuleManager: Shutting down and abandoning module PacketHandler (222)
[2017.10.27-14.25.15:921][998]LogModuleManager: Shutting down and abandoning module ClothingSystemEditor (220)
[2017.10.27-14.25.15:921][998]LogModuleManager: Shutting down and abandoning module ClothingSystemRuntime (218)
[2017.10.27-14.25.15:921][998]LogModuleManager: Shutting down and abandoning module Overlay (216)
[2017.10.27-14.25.15:921][998]LogModuleManager: Shutting down and abandoning module OverlayEditor (215)
[2017.10.27-14.25.15:921][998]LogModuleManager: Shutting down and abandoning module MediaAssets (212)
[2017.10.27-14.25.15:922][998]LogModuleManager: Shutting down and abandoning module VREditor (210)
[2017.10.27-14.25.15:922][998]LogModuleManager: Shutting down and abandoning module StringTableEditor (208)
[2017.10.27-14.25.15:922][998]LogModuleManager: Shutting down and abandoning module GameplayTasksEditor (206)
[2017.10.27-14.25.15:922][998]LogModuleManager: Shutting down and abandoning module BehaviorTreeEditor (204)
[2017.10.27-14.25.15:922][998]LogModuleManager: Shutting down and abandoning module FunctionalTesting (202)
[2017.10.27-14.25.15:922][998]LogModuleManager: Shutting down and abandoning module CollisionAnalyzer (200)
[2017.10.27-14.25.15:922][998]LogModuleManager: Shutting down and abandoning module WorkspaceMenuStructure (199)
[2017.10.27-14.25.15:922][998]LogModuleManager: Shutting down and abandoning module UMG (196)
[2017.10.27-14.25.15:922][998]LogModuleManager: Shutting down and abandoning module UMGEditor (195)
[2017.10.27-14.25.15:922][998]LogModuleManager: Shutting down and abandoning module Sequencer (194)
[2017.10.27-14.25.15:923][998]LogModuleManager: Shutting down and abandoning module MessageLog (191)
[2017.10.27-14.25.15:923][998]LogModuleManager: Shutting down and abandoning module SlateReflector (186)
[2017.10.27-14.25.15:923][998]LogModuleManager: Shutting down and abandoning module Slate (184)
[2017.10.27-14.25.15:923][998]LogModuleManager: Shutting down and abandoning module EditorStyle (182)
[2017.10.27-14.25.15:932][998]LogModuleManager: Shutting down and abandoning module MRMesh (180)
[2017.10.27-14.25.15:932][998]LogModuleManager: Shutting down and abandoning module SourceCodeAccess (178)
[2017.10.27-14.25.15:932][998]LogModuleManager: Shutting down and abandoning module HeadMountedDisplay (176)
[2017.10.27-14.25.15:932][998]LogModuleManager: Shutting down and abandoning module XAudio2 (174)
[2017.10.27-14.25.15:932][998]LogModuleManager: Shutting down and abandoning module Networking (172)
[2017.10.27-14.25.15:932][998]LogModuleManager: Shutting down and abandoning module Core (168)
[2017.10.27-14.25.15:932][998]LogModuleManager: Shutting down and abandoning module KismetCompiler (164)
[2017.10.27-14.25.15:933][998]LogModuleManager: Shutting down and abandoning module LevelSequence (162)
[2017.10.27-14.25.15:933][998]LogModuleManager: Shutting down and abandoning module MeshUtilities (160)
[2017.10.27-14.25.15:933][998]LogModuleManager: Shutting down and abandoning module MeshMergeUtilities (159)
[2017.10.27-14.25.15:933][998]LogModuleManager: Shutting down and abandoning module MeshReductionInterface (158)
[2017.10.27-14.25.15:933][998]LogModuleManager: Shutting down and abandoning module SimplygonSwarm (157)
[2017.10.27-14.25.15:933][998]LogModuleManager: Shutting down and abandoning module SimplygonMeshReduction (155)
[2017.10.27-14.25.15:933][998]LogModuleManager: Shutting down and abandoning module QuadricMeshReduction (153)
[2017.10.27-14.25.15:933][998]LogModuleManager: Shutting down and abandoning module MaterialBaking (149)
[2017.10.27-14.25.15:933][998]LogModuleManager: Shutting down and abandoning module DirectoryWatcher (146)
[2017.10.27-14.25.15:935][998]LogModuleManager: Shutting down and abandoning module DerivedDataCache (144)
[2017.10.27-14.25.15:994][998]LogDerivedDataCache: Shutdown
[2017.10.27-14.25.15:994][998]LogModuleManager: Shutting down and abandoning module TargetPlatform (142)
[2017.10.27-14.25.15:995][998]LogModuleManager: Shutting down and abandoning module VulkanShaderFormat (141)
[2017.10.27-14.25.15:995][998]LogModuleManager: Shutting down and abandoning module ShaderFormatVectorVM (139)
[2017.10.27-14.25.15:995][998]LogModuleManager: Shutting down and abandoning module ShaderFormatOpenGL (137)
[2017.10.27-14.25.15:995][998]LogModuleManager: Shutting down and abandoning module ShaderFormatD3D (135)
[2017.10.27-14.25.15:995][998]LogModuleManager: Shutting down and abandoning module MetalShaderFormat (133)
[2017.10.27-14.25.15:995][998]LogModuleManager: Shutting down and abandoning module TextureFormatUncompressed (131)
[2017.10.27-14.25.15:995][998]LogModuleManager: Shutting down and abandoning module TextureFormatPVR (129)
[2017.10.27-14.25.15:995][998]LogModuleManager: Shutting down and abandoning module TextureFormatDXT (127)
[2017.10.27-14.25.15:995][998]LogModuleManager: Shutting down and abandoning module TextureFormatIntelISPCTexComp (125)
[2017.10.27-14.25.15:995][998]LogModuleManager: Shutting down and abandoning module TextureFormatASTC (123)
[2017.10.27-14.25.15:995][998]LogModuleManager: Shutting down and abandoning module ImageWrapper (122)
[2017.10.27-14.25.15:995][998]LogModuleManager: Shutting down and abandoning module TextureFormatAndroid (119)
[2017.10.27-14.25.15:995][998]LogModuleManager: Shutting down and abandoning module AudioFormatOpus (117)
[2017.10.27-14.25.15:995][998]LogModuleManager: Shutting down and abandoning module AudioFormatOgg (115)
[2017.10.27-14.25.15:995][998]LogModuleManager: Shutting down and abandoning module AudioFormatADPCM (113)
[2017.10.27-14.25.15:996][998]LogModuleManager: Shutting down and abandoning module LinuxTargetPlatform (111)
[2017.10.27-14.25.15:996][998]LogModuleManager: Shutting down and abandoning module LinuxServerTargetPlatform (109)
[2017.10.27-14.25.15:996][998]LogModuleManager: Shutting down and abandoning module LinuxNoEditorTargetPlatform (107)
[2017.10.27-14.25.15:996][998]LogModuleManager: Shutting down and abandoning module LinuxClientTargetPlatform (105)
[2017.10.27-14.25.15:996][998]LogModuleManager: Shutting down and abandoning module TVOSTargetPlatform (103)
[2017.10.27-14.25.15:996][998]LogModuleManager: Shutting down and abandoning module Messaging (101)
[2017.10.27-14.25.15:996][998]LogModuleManager: Shutting down and abandoning module IOSTargetPlatform (99)
[2017.10.27-14.25.15:996][998]LogModuleManager: Shutting down and abandoning module HTML5TargetPlatform (97)
[2017.10.27-14.25.15:996][998]LogModuleManager: Shutting down and abandoning module Android_PVRTCTargetPlatform (95)
[2017.10.27-14.25.15:996][998]LogModuleManager: Shutting down and abandoning module Android_MultiTargetPlatform (93)
[2017.10.27-14.25.15:996][998]LogModuleManager: Shutting down and abandoning module Android_ETC2TargetPlatform (91)
[2017.10.27-14.25.15:996][998]LogModuleManager: Shutting down and abandoning module Android_ETC1TargetPlatform (89)
[2017.10.27-14.25.15:996][998]LogModuleManager: Shutting down and abandoning module Android_DXTTargetPlatform (87)
[2017.10.27-14.25.15:996][998]LogModuleManager: Shutting down and abandoning module Android_ATCTargetPlatform (85)
[2017.10.27-14.25.15:996][998]LogModuleManager: Shutting down and abandoning module Android_ASTCTargetPlatform (83)
[2017.10.27-14.25.15:996][998]LogModuleManager: Shutting down and abandoning module AndroidTargetPlatform (81)
[2017.10.27-14.25.15:996][998]LogModuleManager: Shutting down and abandoning module WindowsTargetPlatform (79)
[2017.10.27-14.25.15:997][998]LogModuleManager: Shutting down and abandoning module WindowsServerTargetPlatform (77)
[2017.10.27-14.25.15:997][998]LogModuleManager: Shutting down and abandoning module WindowsNoEditorTargetPlatform (75)
[2017.10.27-14.25.15:997][998]LogModuleManager: Shutting down and abandoning module WindowsClientTargetPlatform (73)
[2017.10.27-14.25.15:997][998]LogModuleManager: Shutting down and abandoning module MacTargetPlatform (71)
[2017.10.27-14.25.15:997][998]LogModuleManager: Shutting down and abandoning module MacServerTargetPlatform (69)
[2017.10.27-14.25.15:997][998]LogModuleManager: Shutting down and abandoning module MacNoEditorTargetPlatform (67)
[2017.10.27-14.25.15:997][998]LogModuleManager: Shutting down and abandoning module MacClientTargetPlatform (65)
[2017.10.27-14.25.15:997][998]LogModuleManager: Shutting down and abandoning module AllDesktopTargetPlatform (63)
[2017.10.27-14.25.15:997][998]LogModuleManager: Shutting down and abandoning module InputCore (60)
[2017.10.27-14.25.15:997][998]LogModuleManager: Shutting down and abandoning module Settings (58)
[2017.10.27-14.25.15:997][998]LogModuleManager: Shutting down and abandoning module PhysXCooking (56)
[2017.10.27-14.25.15:997][998]LogModuleManager: Shutting down and abandoning module SteamVR (54)
[2017.10.27-14.25.15:997][998]LogModuleManager: Shutting down and abandoning module OculusHMD (52)
[2017.10.27-14.25.15:997][998]LogModuleManager: Shutting down and abandoning module ExampleDeviceProfileSelector (50)
[2017.10.27-14.25.15:997][998]LogModuleManager: Shutting down and abandoning module OnlineBlueprintSupport (48)
[2017.10.27-14.25.15:998][998]LogModuleManager: Shutting down and abandoning module OnlineSubsystem (44)
[2017.10.27-14.25.15:998][998]LogOnline: Display: Unloading online subsystem: NULL
[2017.10.27-14.25.15:998][998]LogModuleManager: Shutting down and abandoning module XMPP (43)
[2017.10.27-14.25.15:998][998]LogModuleManager: Shutting down and abandoning module HTTP (41)
[2017.10.27-14.25.15:998][998]LogHttp: Display: Http module shutting down, but needs to wait on 1 outstanding Http requests:
[2017.10.27-14.25.15:998][998]LogHttp: Display: 	verb=[POST] url=[https://datarouter.ol.epicgames.com/datarouter/api/v1/public/data?SessionID=%7B8CD7F4D7-4F79-61B4-3F76-D78034B5C1D2%7D&AppID=UEEditor.Rocket.Release&AppVersion=4.17.2-3658906%2B%2B%2BUE4%2BRelease-4.17&UserID=4a9090a145fd0287ad2ec4a62a8fb4cc%7C01a7b7c22aef419f924e6120a094e671%7C19104614-d73b-401c-82fd-0a81808f2f01&AppEnvironment=datacollector-binary&UploadType=eteventstream] status=Processing
[2017.10.27-14.25.16:004][998]LogModuleManager: Shutting down and abandoning module SSL (40)
[2017.10.27-14.25.16:008][998]LogModuleManager: Shutting down and abandoning module AnimationModifiers (36)
[2017.10.27-14.25.16:009][998]LogModuleManager: Shutting down and abandoning module PropertyEditor (35)
[2017.10.27-14.25.16:009][998]LogModuleManager: Shutting down and abandoning module AudioEditor (32)
[2017.10.27-14.25.16:009][998]LogModuleManager: Shutting down and abandoning module TextureCompressor (30)
[2017.10.27-14.25.16:009][998]LogModuleManager: Shutting down and abandoning module ShaderCore (28)
[2017.10.27-14.25.16:009][998]LogModuleManager: Shutting down and abandoning module Landscape (26)
[2017.10.27-14.25.16:009][998]LogModuleManager: Shutting down and abandoning module SlateRHIRenderer (24)
[2017.10.27-14.25.16:012][998]LogModuleManager: Shutting down and abandoning module OpenGLDrv (22)
[2017.10.27-14.25.16:013][998]LogModuleManager: Shutting down and abandoning module D3D11RHI (20)
[2017.10.27-14.25.16:013][998]LogModuleManager: Shutting down and abandoning module AnimGraphRuntime (18)
[2017.10.27-14.25.16:013][998]LogModuleManager: Shutting down and abandoning module Renderer (16)
[2017.10.27-14.25.16:013][998]LogModuleManager: Shutting down and abandoning module Engine (14)
[2017.10.27-14.25.16:013][998]LogModuleManager: Shutting down and abandoning module CoreUObject (12)
[2017.10.27-14.25.16:013][998]LogModuleManager: Shutting down and abandoning module NetworkFile (10)
[2017.10.27-14.25.16:013][998]LogModuleManager: Shutting down and abandoning module CookedIterativeFile (8)
[2017.10.27-14.25.16:013][998]LogModuleManager: Shutting down and abandoning module StreamingFile (6)
[2017.10.27-14.25.16:013][998]LogModuleManager: Shutting down and abandoning module SandboxFile (4)
[2017.10.27-14.25.16:013][998]LogModuleManager: Shutting down and abandoning module PakFile (2)
[2017.10.27-14.25.16:023][998]LogExit: Exiting.
[2017.10.27-14.25.16:078][998]Log file closed, 10/27/17 07:25:16
