Log file open, 10/25/17 07:09:43
LogWindows: Failed to load 'aqProf.dll' (GetLastError=126)
LogWindows: File 'aqProf.dll' does not exist
LogWindows: Failed to load 'VtuneApi.dll' (GetLastError=126)
LogWindows: File 'VtuneApi.dll' does not exist
LogWindows: Failed to load 'VtuneApi32e.dll' (GetLastError=126)
LogWindows: File 'VtuneApi32e.dll' does not exist
LogInit: Display: Running engine for game: FRazavi_LevelDesign1
LogPlatformFile: Not using cached read wrapper
LogInit: Display: RandInit(-1984285102) SRandInit(-1984285102).
LogTaskGraph: Started task graph with 5 named threads and 14 total threads with 3 sets of task threads.
LogStats: Stats thread started at 0.171931
LogD3D11RHI: Aftermath initialized
LogPluginManager: Mounting plugin Paper2D
LogPluginManager: Mounting plugin LightPropagationVolume
LogPluginManager: Mounting plugin CodeLiteSourceCodeAccess
LogPluginManager: Mounting plugin GitSourceControl
LogPluginManager: Mounting plugin KDevelopSourceCodeAccess
LogPluginManager: Mounting plugin NullSourceCodeAccess
LogPluginManager: Mounting plugin PerforceSourceControl
LogPluginManager: Mounting plugin SubversionSourceControl
LogPluginManager: Mounting plugin UObjectPlugin
LogPluginManager: Mounting plugin VisualStudioSourceCodeAccess
LogPluginManager: Mounting plugin XCodeSourceCodeAccess
LogPluginManager: Mounting plugin AssetManagerEditor
LogPluginManager: Mounting plugin AudioCapture
LogPluginManager: Mounting plugin FacialAnimation
LogPluginManager: Mounting plugin GameplayTagsEditor
LogPluginManager: Mounting plugin MobileLauncherProfileWizard
LogPluginManager: Mounting plugin PluginBrowser
LogPluginManager: Mounting plugin SpeedTreeImporter
LogPluginManager: Mounting plugin AlembicImporter
LogPluginManager: Mounting plugin CharacterAI
LogPluginManager: Mounting plugin HTML5Networking
LogPluginManager: Mounting plugin AndroidMedia
LogPluginManager: Mounting plugin AvfMedia
LogPluginManager: Mounting plugin MediaPlayerEditor
LogPluginManager: Mounting plugin WmfMedia
LogPluginManager: Mounting plugin TcpMessaging
LogPluginManager: Mounting plugin UdpMessaging
LogPluginManager: Mounting plugin LevelSequenceEditor
LogPluginManager: Mounting plugin MatineeToLevelSequence
LogPluginManager: Mounting plugin OnlineSubsystemGooglePlay
LogPluginManager: Mounting plugin OnlineSubsystemIOS
LogPluginManager: Mounting plugin OnlineSubsystem
LogPluginManager: Mounting plugin OnlineSubsystemNull
LogPluginManager: Mounting plugin OnlineSubsystemUtils
LogPluginManager: Mounting plugin AndroidDeviceProfileSelector
LogPluginManager: Mounting plugin AndroidMoviePlayer
LogPluginManager: Mounting plugin AndroidPermission
LogPluginManager: Mounting plugin AppleMoviePlayer
LogPluginManager: Mounting plugin ArchVisCharacter
LogPluginManager: Mounting plugin CableComponent
LogPluginManager: Mounting plugin CustomMeshComponent
LogPluginManager: Mounting plugin ExampleDeviceProfileSelector
LogPluginManager: Mounting plugin GoogleCloudMessaging
LogPluginManager: Mounting plugin ImmediatePhysics
LogPluginManager: Mounting plugin IOSDeviceProfileSelector
LogPluginManager: Mounting plugin LinuxDeviceProfileSelector
LogPluginManager: Mounting plugin LocationServicesBPLibrary
LogPluginManager: Mounting plugin MobilePatchingUtils
LogPluginManager: Mounting plugin OculusVR
LogPluginManager: Mounting plugin PhysXVehicles
LogPluginManager: Mounting plugin ProceduralMeshComponent
LogPluginManager: Mounting plugin RuntimePhysXCooking
LogPluginManager: Mounting plugin SteamVR
LogPluginManager: Mounting plugin WindowsMoviePlayer
LogInit: Using libcurl 7.47.1
LogInit:  - built for x86_64-pc-win32
LogInit:  - supports SSL with OpenSSL/1.0.2g
LogInit:  - supports HTTP deflate (compression) using libz 1.2.8
LogInit:  - other features:
LogInit:      CURL_VERSION_SSL
LogInit:      CURL_VERSION_LIBZ
LogInit:      CURL_VERSION_IPV6
LogInit:      CURL_VERSION_ASYNCHDNS
LogInit:      CURL_VERSION_LARGEFILE
LogInit:      CURL_VERSION_IDN
LogInit:  CurlRequestOptions (configurable via config and command line):
LogInit:  - bVerifyPeer = false  - Libcurl will NOT verify peer certificate
LogInit:  - bUseHttpProxy = false  - Libcurl will NOT use HTTP proxy
LogInit:  - bDontReuseConnections = false  - Libcurl will reuse connections
LogInit:  - CertBundlePath = nullptr  - Libcurl will use whatever was configured at build time.
LogInit: Build: ++UE4+Release-4.17-CL-3658906
LogInit: Engine Version: 4.17.2-3658906+++UE4+Release-4.17
LogInit: Compatible Engine Version: 4.17.0-3573198+++UE4+Release-4.17
LogInit: Net CL: 3573198
LogDevObjectVersion: Number of dev versions registered: 16
LogDevObjectVersion:   Dev-Blueprints (B0D832E4-1F89-4F0D-ACCF-7EB736FD4AA2): 10
LogDevObjectVersion:   Dev-Build (E1C64328-A22C-4D53-A36C-8E866417BD8C): 0
LogDevObjectVersion:   Dev-Core (375EC13C-06E4-48FB-B500-84F0262A717E): 2
LogDevObjectVersion:   Dev-Editor (E4B068ED-F494-42E9-A231-DA0B2E46BB41): 20
LogDevObjectVersion:   Dev-Framework (CFFC743F-43B0-4480-9391-14DF171D2073): 28
LogDevObjectVersion:   Dev-Mobile (B02B49B5-BB20-44E9-A304-32B752E40360): 0
LogDevObjectVersion:   Dev-Networking (A4E4105C-59A1-49B5-A7C5-40C4547EDFEE): 0
LogDevObjectVersion:   Dev-Online (39C831C9-5AE6-47DC-9A44-9C173E1C8E7C): 0
LogDevObjectVersion:   Dev-Physics (78F01B33-EBEA-4F98-B9B4-84EACCB95AA2): 0
LogDevObjectVersion:   Dev-Platform (6631380F-2D4D-43E0-8009-CF276956A95A): 0
LogDevObjectVersion:   Dev-Rendering (12F88B9F-8875-4AFC-A67C-D90C383ABD29): 19
LogDevObjectVersion:   Dev-Sequencer (7B5AE74C-D270-4C10-A958-57980B212A5A): 4
LogDevObjectVersion:   Dev-VR (D7296918-1DD6-4BDD-9DE2-64A83CC13884): 0
LogDevObjectVersion:   Dev-LoadTimes (C2A15278-BFE7-4AFE-6C17-90FF531DF755): 1
LogDevObjectVersion:   Private-Geometry (6EACA3D4-40EC-4CC1-B786-8BED09428FC5): 1
LogDevObjectVersion:   Dev-AnimPhys (29E575DD-E0A3-4627-9D10-D276232CDCEA): 7
LogInit: Compiled (64-bit): Sep 22 2017 13:47:16
LogInit: Compiled with Visual C++: 19.00.24215.01
LogInit: Build Configuration: Development
LogInit: Branch Name: ++UE4+Release-4.17
LogInit: Command line:  
LogInit: Base directory: C:/Program Files/Epic Games/UE_4.17/Engine/Binaries/Win64/
LogInit: Installed Engine Build: 1
LogInit: Presizing for max 8388607 objects, including 0 objects not considered by GC, pre-allocating 0 bytes for permanent pool.
LogInit: Object subsystem initialized
[2017.10.25-14.09.44:278][  0]LogInit: Selected Device Profile: [Windows]
[2017.10.25-14.09.44:278][  0]LogInit: Applying CVar settings loaded from the selected device profile: [Windows]
[2017.10.25-14.09.44:290][  0]LogInit: Computer: FARANAKPC
[2017.10.25-14.09.44:290][  0]LogInit: User: Faranak
[2017.10.25-14.09.44:290][  0]LogInit: CPU Page size=4096, Cores=4
[2017.10.25-14.09.44:290][  0]LogInit: High frequency timer resolution =2.533208 MHz
[2017.10.25-14.09.44:290][  0]LogMemory: Memory total: Physical=15.9GB (16GB approx)
[2017.10.25-14.09.44:290][  0]LogMemory: Platform Memory Stats for Windows
[2017.10.25-14.09.44:290][  0]LogMemory: Process Physical Memory: 277.95 MB used, 277.95 MB peak
[2017.10.25-14.09.44:290][  0]LogMemory: Process Virtual Memory: 274.29 MB used, 274.29 MB peak
[2017.10.25-14.09.44:290][  0]LogMemory: Physical Memory: 6199.07 MB used,  10107.95 MB free, 16307.03 MB total
[2017.10.25-14.09.44:290][  0]LogMemory: Virtual Memory: 669.05 MB used,  10107.95 MB free, 134217728.00 MB total
[2017.10.25-14.09.45:193][  0]LogInit: Using OS detected language (en-US).
[2017.10.25-14.09.45:193][  0]LogInit: Using OS detected locale (en-US).
[2017.10.25-14.09.45:196][  0]LogTextLocalizationManager: No specific localization for 'en-US' exists, so the 'en' localization will be used.
[2017.10.25-14.09.45:938][  0]LogD3D11RHI: D3D11 adapters:
[2017.10.25-14.09.45:985][  0]LogD3D11RHI:    0. 'NVIDIA GeForce GTX 970M' (Feature Level 11_0)
[2017.10.25-14.09.45:985][  0]LogD3D11RHI:       3040/0/8153 MB DedicatedVideo/DedicatedSystem/SharedSystem, Outputs:2, VendorId:0x10de
[2017.10.25-14.09.45:990][  0]LogD3D11RHI:    1. 'Intel(R) HD Graphics 4600' (Feature Level 11_0)
[2017.10.25-14.09.45:990][  0]LogD3D11RHI:       112/0/2048 MB DedicatedVideo/DedicatedSystem/SharedSystem, Outputs:0, VendorId:0x8086
[2017.10.25-14.09.45:992][  0]LogD3D11RHI:    2. 'Microsoft Basic Render Driver' (Feature Level 11_0)
[2017.10.25-14.09.45:992][  0]LogD3D11RHI:       0/0/8153 MB DedicatedVideo/DedicatedSystem/SharedSystem, Outputs:0, VendorId:0x1414
[2017.10.25-14.09.45:992][  0]LogD3D11RHI: Chosen D3D11 Adapter: 0
[2017.10.25-14.09.46:001][  0]LogD3D11RHI: Creating new Direct3DDevice
[2017.10.25-14.09.46:001][  0]LogD3D11RHI:     GPU DeviceId: 0x13d8 (for the marketing name, search the web for "GPU Device Id")
[2017.10.25-14.09.46:001][  0]LogWindows: EnumDisplayDevices:
[2017.10.25-14.09.46:001][  0]LogWindows:    0. 'Intel(R) HD Graphics 4600' (P:1 D:1)
[2017.10.25-14.09.46:002][  0]LogWindows:    1. 'Intel(R) HD Graphics 4600' (P:0 D:1)
[2017.10.25-14.09.46:002][  0]LogWindows:    2. 'Intel(R) HD Graphics 4600' (P:0 D:0)
[2017.10.25-14.09.46:002][  0]LogWindows: DebugString: PrimaryIsNotTheChoosenAdapter PrimaryIsNotTheChoosenAdapter PrimaryIsNotTheChoosenAdapter FoundDriverCount:0 
[2017.10.25-14.09.46:002][  0]LogD3D11RHI:     Adapter Name: NVIDIA GeForce GTX 970M
[2017.10.25-14.09.46:002][  0]LogD3D11RHI:   Driver Version: Unknown (internal:Unknown, unified:Unknown)
[2017.10.25-14.09.46:002][  0]LogD3D11RHI:      Driver Date: Unknown
[2017.10.25-14.09.46:002][  0]LogRHI: Texture pool is 1361 MB (70% of 1945 MB)
[2017.10.25-14.09.46:038][  0]LogD3D11RHI: Async texture creation enabled
[2017.10.25-14.09.46:050][  0]LogD3D11RHI: GPU Timing Frequency: 1000.000000 (Debug: 2 1)
[2017.10.25-14.09.46:051][  0]LogShaderCompilers: Guid format shader working directory is -13 characters bigger than the processId version (../../../../../../Users/Faranak/Desktop/FRazavi_LevelDesign1/Intermediate/Shaders/WorkingDirectory/18776/).
[2017.10.25-14.09.46:051][  0]LogShaderCompilers: Cleaned the shader compiler working directory 'C:/Users/Faranak/AppData/Local/Temp/UnrealShaderWorkingDir/8584067C4FBD33B4623995B4E54ED50E/'.
[2017.10.25-14.09.46:051][  0]LogShaderCompilers: Display: Using Local Shader Compiler.
[2017.10.25-14.09.47:028][  0]LogTemp: Display: Loaded TP AllDesktopTargetPlatform
[2017.10.25-14.09.47:081][  0]LogTemp: Display: Loaded TP MacClientTargetPlatform
[2017.10.25-14.09.47:139][  0]LogTemp: Display: Loaded TP MacNoEditorTargetPlatform
[2017.10.25-14.09.47:201][  0]LogTemp: Display: Loaded TP MacServerTargetPlatform
[2017.10.25-14.09.47:255][  0]LogTemp: Display: Loaded TP MacTargetPlatform
[2017.10.25-14.09.47:312][  0]LogTemp: Display: Loaded TP WindowsClientTargetPlatform
[2017.10.25-14.09.47:366][  0]LogTemp: Display: Loaded TP WindowsNoEditorTargetPlatform
[2017.10.25-14.09.47:421][  0]LogTemp: Display: Loaded TP WindowsServerTargetPlatform
[2017.10.25-14.09.47:473][  0]LogTemp: Display: Loaded TP WindowsTargetPlatform
[2017.10.25-14.09.47:527][  0]LogTemp: Display: Loaded TP AndroidTargetPlatform
[2017.10.25-14.09.47:580][  0]LogTemp: Display: Loaded TP Android_ASTCTargetPlatform
[2017.10.25-14.09.47:638][  0]LogTemp: Display: Loaded TP Android_ATCTargetPlatform
[2017.10.25-14.09.47:692][  0]LogTemp: Display: Loaded TP Android_DXTTargetPlatform
[2017.10.25-14.09.47:749][  0]LogTemp: Display: Loaded TP Android_ETC1TargetPlatform
[2017.10.25-14.09.47:808][  0]LogTemp: Display: Loaded TP Android_ETC2TargetPlatform
[2017.10.25-14.09.47:921][  0]LogTemp: Display: Loaded TP Android_MultiTargetPlatform
[2017.10.25-14.09.47:921][  0]LogTemp: Display: Loaded TP Android_PVRTCTargetPlatform
[2017.10.25-14.09.47:967][  0]LogTemp: Display: Loaded TP HTML5TargetPlatform
[2017.10.25-14.09.48:067][  0]LogTemp: Display: Loaded TP IOSTargetPlatform
[2017.10.25-14.09.48:107][  0]LogTemp: Display: Loaded TP TVOSTargetPlatform
[2017.10.25-14.09.48:169][  0]LogTemp: Display: Loaded TP LinuxClientTargetPlatform
[2017.10.25-14.09.48:235][  0]LogTemp: Display: Loaded TP LinuxNoEditorTargetPlatform
[2017.10.25-14.09.48:293][  0]LogTemp: Display: Loaded TP LinuxServerTargetPlatform
[2017.10.25-14.09.48:351][  0]LogTemp: Display: Loaded TP LinuxTargetPlatform
[2017.10.25-14.09.48:351][  0]LogTargetPlatformManager: Display: Building Assets For Windows
[2017.10.25-14.09.48:923][  0]LogDerivedDataCache: Display: Max Cache Size: 512 MB
[2017.10.25-14.09.49:021][  0]LogDerivedDataCache: Loaded boot cache 0.10s 93MB C:/Users/Faranak/AppData/Local/UnrealEngine/4.17/DerivedDataCache/Boot.ddc.
[2017.10.25-14.09.49:021][  0]LogDerivedDataCache: Display: Loaded Boot cache: C:/Users/Faranak/AppData/Local/UnrealEngine/4.17/DerivedDataCache/Boot.ddc
[2017.10.25-14.09.49:021][  0]LogDerivedDataCache: FDerivedDataBackendGraph:  Pak pak cache file ../../../../../../Users/Faranak/Desktop/FRazavi_LevelDesign1/DerivedDataCache/DDC.ddp not found, will not use a pak cache.
[2017.10.25-14.09.49:021][  0]LogDerivedDataCache: Unable to find inner node Pak for hierarchical cache Hierarchy.
[2017.10.25-14.09.49:021][  0]LogDerivedDataCache: FDerivedDataBackendGraph:  CompressedPak pak cache file ../../../../../../Users/Faranak/Desktop/FRazavi_LevelDesign1/DerivedDataCache/Compressed.ddp not found, will not use a pak cache.
[2017.10.25-14.09.49:022][  0]LogDerivedDataCache: Unable to find inner node CompressedPak for hierarchical cache Hierarchy.
[2017.10.25-14.09.49:039][  0]LogDerivedDataCache: Display: Pak cache opened for reading ../../../Engine/DerivedDataCache/Compressed.ddp.
[2017.10.25-14.09.49:051][  0]LogDerivedDataCache: Using Local data cache path C:/Users/Faranak/AppData/Local/UnrealEngine/Common/DerivedDataCache: Writable
[2017.10.25-14.09.49:061][  0]LogMaterial: Verifying Global Shaders for PCD3D_SM5
[2017.10.25-14.09.49:062][  0]LogSlate: Using Freetype 2.6.0
[2017.10.25-14.09.49:062][  0]LogSlate: SlateFontCache - WITH_FREETYPE: 1, WITH_HARFBUZZ: 1
[2017.10.25-14.09.49:062][  0]LogSlate: SlateFontCache - WITH_FREETYPE: 1, WITH_HARFBUZZ: 1
[2017.10.25-14.09.49:343][  0]LogAssetRegistry: FAssetRegistry took 0.0262 seconds to start up
[2017.10.25-14.09.49:466][  0]LogInit: Selected Device Profile: [Windows]
[2017.10.25-14.09.49:622][  0]LogContentStreaming: Texture pool size is 0.00 MB
[2017.10.25-14.09.49:953][  0]LogSimplygon: Simplygon DLL not present - disabling.
[2017.10.25-14.09.50:000][  0]LogMeshReduction: Using SimplygonSwarm for distributed automatic mesh merging
[2017.10.25-14.09.50:000][  0]LogMeshReduction: Using QuadricMeshReduction for automatic static mesh reduction
[2017.10.25-14.09.50:000][  0]LogMeshReduction: No automatic skeletal mesh reduction module available
[2017.10.25-14.09.50:000][  0]LogMeshReduction: No automatic mesh merging module available
[2017.10.25-14.09.50:000][  0]LogMeshMerging: No automatic mesh merging module available
[2017.10.25-14.09.50:386][  0]LogNetVersion: FRazavi_LevelDesign1 , NetCL: 3573198, EngineNetVer: 2, GameNetVer: 0 (Checksum: 2915890311)
[2017.10.25-14.09.50:638][  0]LogPackageLocalizationCache: Processed 5 localized package path(s) for 2 prioritized culture(s) in 0.049026 seconds
[2017.10.25-14.09.50:644][  0]LogUObjectArray: 35825 objects as part of root set at end of initial load.
[2017.10.25-14.09.50:644][  0]LogUObjectAllocator: 7529104 out of 0 bytes used by permanent object pool.
[2017.10.25-14.09.50:644][  0]LogUObjectArray: CloseDisregardForGC: 0/0 objects in disregard for GC pool
[2017.10.25-14.09.50:712][  0]LogInit: WinSock: version 1.1 (2.2), MaxSocks=32767, MaxUdp=65467
[2017.10.25-14.09.53:632][  0]LogTcpMessaging: Initializing TcpMessaging bridge
[2017.10.25-14.09.53:676][  0]LogUdpMessaging: Initializing bridge on interface 0.0.0.0:0 to multicast group 230.0.0.1:6666.
[2017.10.25-14.09.54:500][  0]LogMaterial: Uniform references updated for custom material expression Custom.
[2017.10.25-14.09.54:952][  0]SourceControl: Source control is disabled
[2017.10.25-14.09.54:952][  0]SourceControl: Source control is disabled
[2017.10.25-14.09.55:006][  0]SourceControl: Source control is disabled
[2017.10.25-14.09.55:059][  0]SourceControl: Source control is disabled
[2017.10.25-14.09.55:766][  0]LogAndroidPermission: UAndroidPermissionCallbackProxy::GetInstance
[2017.10.25-14.09.56:066][  0]LogOcInput: OculusInput pre-init called
[2017.10.25-14.09.56:455][  0]LogEngine: Initializing Engine...
[2017.10.25-14.09.56:457][  0]LogHMD: Failed to initialize OpenVR with code 110
[2017.10.25-14.09.56:713][  0]LogStats: UGameplayTagsManager::ConstructGameplayTagTree: Construct from data asset -  0.000 s
[2017.10.25-14.09.56:713][  0]LogStats: UGameplayTagsManager::ConstructGameplayTagTree: GameplayTagTreeChangedEvent.Broadcast -  0.000 s
[2017.10.25-14.09.56:868][  0]LogAIModule: Creating AISystem for world Untitled
[2017.10.25-14.09.56:875][  0]LogInit: XAudio2 using 'Speakers (Realtek High Definition Audio)' : 2 channels at 48 kHz using 32 bits per sample (channel mask 0x3)
[2017.10.25-14.09.56:892][  0]LogInit: FAudioDevice initialized.
[2017.10.25-14.09.57:023][  0]LogDerivedDataCache: Saved boot cache 0.13s 93MB C:/Users/Faranak/AppData/Local/UnrealEngine/4.17/DerivedDataCache/Boot.ddc.
[2017.10.25-14.09.57:038][  0]LogInit: Texture streaming: Enabled
[2017.10.25-14.09.57:166][  0]LogEngineSessionManager: EngineSessionManager initialized
[2017.10.25-14.09.57:452][  0]LogInit: Transaction tracking system initialized
[2017.10.25-14.09.57:805][  0]BlueprintLog: New page: Editor Load
[2017.10.25-14.09.58:978][  0]LocalizationService: Localization service is disabled
[2017.10.25-14.10.00:114][  0]LogConsoleResponse: Display: 
[2017.10.25-14.10.00:328][  0]LogCook: Display: Max memory allowance for cook 16384mb min free memory 0mb
[2017.10.25-14.10.00:328][  0]LogCook: Display: Mobile HDR setting 1
[2017.10.25-14.10.00:328][  0]LogGameplayTags: Display: UGameplayTagsManager::DoneAddingNativeTags. DelegateIsBound: 0
[2017.10.25-14.10.01:043][  0]LogFileCache: Scanning file cache for directory 'C:/Users/Faranak/Desktop/FRazavi_LevelDesign1/Content/' took 0.02s
[2017.10.25-14.10.01:797][  0]SourceControl: Source control is disabled
[2017.10.25-14.10.01:797][  0]Cmd: MAP LOAD FILE="../../../../../../Users/Faranak/Desktop/FRazavi_LevelDesign1/Content/ThirdPersonBP/Maps/ThirdPersonExampleMap.umap" TEMPLATE=0 SHOWPROGRESS=1 FEATURELEVEL=3
[2017.10.25-14.10.01:798][  0]LightingResults: New page: Lighting Build
[2017.10.25-14.10.01:855][  0]MapCheck: New page: Map Check
[2017.10.25-14.10.01:856][  0]LightingResults: New page: Lighting Build
[2017.10.25-14.10.02:868][  0]LogAIModule: Creating AISystem for world ThirdPersonExampleMap
[2017.10.25-14.10.02:916][  0]LogEditorServer: Finished looking for orphan Actors (0.000 secs)
[2017.10.25-14.10.02:951][  0]Cmd: MAP CHECKDEP NOCLEARLOG
[2017.10.25-14.10.03:037][  0]MapCheck: Map check complete: 0 Error(s), 0 Warning(s), took 85.509ms to complete.
[2017.10.25-14.10.03:037][  0]LogFileHelpers: Loading map 'ThirdPersonExampleMap' took 1.240
[2017.10.25-14.10.03:123][  0]LogWindowsTextInputMethodSystem: Display: IME system now deactivated.
[2017.10.25-14.10.03:124][  0]LogWindowsTextInputMethodSystem: Display: IME system now deactivated.
[2017.10.25-14.10.03:219][  0]LogCollectionManager: Loaded 0 collections in 0.002651 seconds
[2017.10.25-14.10.03:320][  0]LogFileCache: Scanning file cache for directory 'C:/Users/Faranak/Desktop/FRazavi_LevelDesign1/Saved/Collections/' took 0.01s
[2017.10.25-14.10.03:320][  0]LogFileCache: Scanning file cache for directory 'C:/Users/Faranak/Desktop/FRazavi_LevelDesign1/Content/Developers/Faranak/Collections/' took 0.01s
[2017.10.25-14.10.03:320][  0]LogFileCache: Scanning file cache for directory 'C:/Users/Faranak/Desktop/FRazavi_LevelDesign1/Content/Collections/' took 0.01s
[2017.10.25-14.10.03:320][  0]LogCollectionManager: Rebuilt the GUID cache for 0 collections in 0.000000 seconds
[2017.10.25-14.10.03:330][  0]LogContentBrowser: Native class hierarchy populated in 0.0099 seconds. Added 2386 classes and 500 folders.
[2017.10.25-14.10.03:437][  0]LogContentBrowser: Native class hierarchy updated for 'WidgetCarousel' in 0.0010 seconds. Added 0 classes and 0 folders.
[2017.10.25-14.10.03:497][  0]LogContentBrowser: Native class hierarchy updated for 'AddContentDialog' in 0.0012 seconds. Added 0 classes and 0 folders.
[2017.10.25-14.10.03:562][  0]LogContentBrowser: Native class hierarchy updated for 'SceneOutliner' in 0.0008 seconds. Added 1 classes and 2 folders.
[2017.10.25-14.10.03:772][  0]LogSlate: Took 0.000251 seconds to synchronously load lazily loaded font '../../../Engine/Content/Slate/Fonts/Roboto-Regular.ttf' (155K)
[2017.10.25-14.10.03:775][  0]LogSlate: Took 0.000358 seconds to synchronously load lazily loaded font '../../../Engine/Content/Slate/Fonts/Roboto-Bold.ttf' (160K)
[2017.10.25-14.10.03:915][  0]LogRenderer: Reallocating scene render targets to support 788x388 Format 9 NumSamples 1 (Frame:1).
[2017.10.25-14.10.04:106][  0]LogContentBrowser: Native class hierarchy updated for 'HierarchicalLODOutliner' in 0.0007 seconds. Added 1 classes and 2 folders.
[2017.10.25-14.10.04:107][  0]LogLoad: (Engine Initialization) Total time: 21.62 seconds
[2017.10.25-14.10.04:107][  0]LogLoad: (Engine Initialization) Total Blueprint compile time: 0.00 seconds
[2017.10.25-14.10.04:107][  0]LogExternalProfiler: Found external profiler: VSPerf
[2017.10.25-14.10.04:107][  0]LogExternalProfiler: Using external profiler: VSPerf
[2017.10.25-14.10.04:147][  0]LogContentStreaming: Texture pool size now 400 MB
[2017.10.25-14.10.04:204][  1]LogAssetRegistry: Asset discovery search completed in 14.8828 seconds
[2017.10.25-14.10.04:206][  1]LogCollectionManager: Rebuilt the object cache for 0 collections in 0.000001 seconds (found 0 objects)
[2017.10.25-14.10.04:206][  1]LogCollectionManager: Fixed up redirectors for 0 collections in 0.000037 seconds (updated 0 objects)
[2017.10.25-14.10.05:148][ 55]LogSlate: Took 0.000233 seconds to synchronously load lazily loaded font '../../../Engine/Content/Slate/Fonts/Roboto-Light.ttf' (159K)
[2017.10.25-14.11.56:714][702]LogRenderer: Reallocating scene render targets to support 1068x556 Format 9 NumSamples 1 (Frame:393).
[2017.10.25-14.13.18:774][842]LogSlate: Took 0.000861 seconds to synchronously load lazily loaded font '../../../Engine/Content/Editor/Slate/Fonts/FontAwesome.ttf' (139K)
[2017.10.25-14.13.18:883][842]LogSlate: Took 0.000615 seconds to synchronously load lazily loaded font '../../../Engine/Content/Slate/Fonts/Roboto-Light.ttf' (159K)
[2017.10.25-14.13.25:985][136]LogSlate: Took 0.000550 seconds to synchronously load lazily loaded font '../../../Engine/Content/Slate/Fonts/Roboto-Light.ttf' (159K)
[2017.10.25-14.13.36:981][488]Cmd: CAMERA ALIGN ACTIVEVIEWPORTONLY
[2017.10.25-14.15.13:577][418]Cmd: CAMERA ALIGN ACTIVEVIEWPORTONLY
[2017.10.25-14.15.46:276][366]LogSlate: Took 0.000567 seconds to synchronously load lazily loaded font '../../../Engine/Content/Slate/Fonts/Roboto-Regular.ttf' (155K)
[2017.10.25-14.15.49:713][366]LogSavePackage: Save=12229.58ms
[2017.10.25-14.15.49:713][366]LogSavePackage: Moving '../../../../../../Users/Faranak/Desktop/FRazavi_LevelDesign1/Saved/ThirdPersonExampleMap3BDAD1C04A093AE624DD6393E112EE59.tmp' to '../../../../../../Users/Faranak/Desktop/FRazavi_LevelDesign1/Content/ThirdPersonBP/Maps/ThirdPersonExampleMap.umap'
[2017.10.25-14.15.49:735][366]LogSavePackage: Display: Finished SavePackage ../../../../../../Users/Faranak/Desktop/FRazavi_LevelDesign1/Content/ThirdPersonBP/Maps/ThirdPersonExampleMap.umap
[2017.10.25-14.15.51:478][366]LogSavePackage: Save=1537.49ms
[2017.10.25-14.15.51:478][366]LogSavePackage: Moving '../../../../../../Users/Faranak/Desktop/FRazavi_LevelDesign1/Saved/ThirdPersonExampleMap_BuiltData15826549481FBDA31283E6A78961B965.tmp' to '../../../../../../Users/Faranak/Desktop/FRazavi_LevelDesign1/Content/ThirdPersonBP/Maps/ThirdPersonExampleMap_BuiltData.uasset'
[2017.10.25-14.15.51:488][366]LogSavePackage: Display: Finished SavePackage ../../../../../../Users/Faranak/Desktop/FRazavi_LevelDesign1/Content/ThirdPersonBP/Maps/ThirdPersonExampleMap_BuiltData.uasset
[2017.10.25-14.15.55:570][517]Cmd: CAMERA ALIGN ACTIVEVIEWPORTONLY
[2017.10.25-14.16.25:387][714]Cmd: CAMERA ALIGN ACTIVEVIEWPORTONLY
[2017.10.25-14.16.28:446][844]LogEditorViewport: Clicking on Actor (CTRL LMB): StaticMeshActor (HalfButterfly4)
[2017.10.25-14.16.48:390][650]Cmd: CAMERA ALIGN ACTIVEVIEWPORTONLY
[2017.10.25-14.17.15:347][735]Cmd: CAMERA ALIGN ACTIVEVIEWPORTONLY
[2017.10.25-14.17.25:002][127]Cmd: CAMERA ALIGN ACTIVEVIEWPORTONLY
[2017.10.25-14.17.40:587][764]Cmd: CAMERA ALIGN ACTIVEVIEWPORTONLY
[2017.10.25-14.18.18:850][293]Cmd: CAMERA ALIGN ACTIVEVIEWPORTONLY
[2017.10.25-14.20.20:218][ 53]Cmd: TRANSACTION UNDO
[2017.10.25-14.20.20:218][ 53]LogEditorTransaction: Undo Move Actors
[2017.10.25-14.21.01:321][562]Cmd: CAMERA ALIGN ACTIVEVIEWPORTONLY
[2017.10.25-14.21.22:057][342]Cmd: CAMERA ALIGN ACTIVEVIEWPORTONLY
[2017.10.25-14.23.06:360][230]Cmd: CAMERA ALIGN ACTIVEVIEWPORTONLY
[2017.10.25-14.23.49:230][831]Cmd: CAMERA ALIGN ACTIVEVIEWPORTONLY
[2017.10.25-14.24.15:524][790]Cmd: MODE ROTGRID=0
[2017.10.25-14.24.29:400][289]Cmd: MODE ROTGRID=1
[2017.10.25-14.25.03:715][576]Cmd: CAMERA ALIGN ACTIVEVIEWPORTONLY
[2017.10.25-14.25.49:861][255]Cmd: CAMERA ALIGN ACTIVEVIEWPORTONLY
[2017.10.25-14.26.06:775][874]Cmd: CAMERA ALIGN ACTIVEVIEWPORTONLY
[2017.10.25-14.26.56:534][696]Cmd: CAMERA ALIGN ACTIVEVIEWPORTONLY
[2017.10.25-14.27.09:453][170]Cmd: CAMERA ALIGN ACTIVEVIEWPORTONLY
[2017.10.25-14.27.22:185][634]Cmd: CAMERA ALIGN ACTIVEVIEWPORTONLY
[2017.10.25-14.27.30:333][931]Cmd: CAMERA ALIGN ACTIVEVIEWPORTONLY
[2017.10.25-14.29.41:276][465]LogSavePackage: Save=13017.49ms
[2017.10.25-14.29.41:276][465]LogSavePackage: Moving '../../../../../../Users/Faranak/Desktop/FRazavi_LevelDesign1/Saved/ThirdPersonExampleMap_Auto1FA87179743BDC48B9E84D7B30E9789DA.tmp' to '../../../../../../Users/Faranak/Desktop/FRazavi_LevelDesign1/Saved/Autosaves/Game/ThirdPersonBP/Maps/ThirdPersonExampleMap_Auto1.umap'
[2017.10.25-14.29.41:290][465]LogSavePackage: Display: Finished SavePackage ../../../../../../Users/Faranak/Desktop/FRazavi_LevelDesign1/Saved/Autosaves/Game/ThirdPersonBP/Maps/ThirdPersonExampleMap_Auto1.umap
[2017.10.25-14.29.41:301][465]LogFileHelpers: Editor autosave (incl. sublevels) for '/Game/ThirdPersonBP/Maps/ThirdPersonExampleMap' took 13.186
[2017.10.25-14.29.41:301][465]LogFileHelpers: Editor autosave (incl. sublevels) for all levels took 13.186
[2017.10.25-14.29.41:311][465]OBJ SavePackage: Generating thumbnails for [0] asset(s) in package [/Game/Subway/IGC/ButterflyNewsstandKiosk] ([1] browsable assets)...
[2017.10.25-14.29.41:311][465]OBJ SavePackage: Finished generating thumbnails for package [/Game/Subway/IGC/ButterflyNewsstandKiosk]
[2017.10.25-14.29.41:361][465]LogSavePackage: Save=42.39ms
[2017.10.25-14.29.41:361][465]LogSavePackage: Moving '../../../../../../Users/Faranak/Desktop/FRazavi_LevelDesign1/Saved/ButterflyNewsstandKiosk_Auto1319DEE564D86A8CEB687FF9FBBA43140.tmp' to '../../../../../../Users/Faranak/Desktop/FRazavi_LevelDesign1/Saved/Autosaves/Game/Subway/IGC/ButterflyNewsstandKiosk_Auto1.uasset'
[2017.10.25-14.29.41:367][465]LogSavePackage: Display: Finished SavePackage ../../../../../../Users/Faranak/Desktop/FRazavi_LevelDesign1/Saved/Autosaves/Game/Subway/IGC/ButterflyNewsstandKiosk_Auto1.uasset
[2017.10.25-14.29.41:368][465]LogFileHelpers: Auto-saving content packages took 0.060
[2017.10.25-14.32.16:724][294]Cmd: CAMERA ALIGN ACTIVEVIEWPORTONLY
[2017.10.25-14.32.55:208][662]Cmd: CAMERA ALIGN ACTIVEVIEWPORTONLY
[2017.10.25-14.33.11:230][228]Cmd: MODE ROTGRID=0
[2017.10.25-14.33.15:776][392]Cmd: MODE ROTGRID=1
[2017.10.25-14.33.37:269][142]Cmd: MODE ROTGRID=0
[2017.10.25-14.39.54:048][621]LogSavePackage: Save=12347.40ms
[2017.10.25-14.39.54:048][621]LogSavePackage: Moving '../../../../../../Users/Faranak/Desktop/FRazavi_LevelDesign1/Saved/ThirdPersonExampleMap_Auto2E51F2AB349D5632C321BAE8792376D08.tmp' to '../../../../../../Users/Faranak/Desktop/FRazavi_LevelDesign1/Saved/Autosaves/Game/ThirdPersonBP/Maps/ThirdPersonExampleMap_Auto2.umap'
[2017.10.25-14.39.54:062][621]LogSavePackage: Display: Finished SavePackage ../../../../../../Users/Faranak/Desktop/FRazavi_LevelDesign1/Saved/Autosaves/Game/ThirdPersonBP/Maps/ThirdPersonExampleMap_Auto2.umap
[2017.10.25-14.39.54:072][621]LogFileHelpers: Editor autosave (incl. sublevels) for '/Game/ThirdPersonBP/Maps/ThirdPersonExampleMap' took 12.515
[2017.10.25-14.39.54:072][621]LogFileHelpers: Editor autosave (incl. sublevels) for all levels took 12.515
[2017.10.25-14.39.54:081][621]OBJ SavePackage: Generating thumbnails for [0] asset(s) in package [/Game/Subway/IGC/ButterflyNewsstandKiosk] ([1] browsable assets)...
[2017.10.25-14.39.54:081][621]OBJ SavePackage: Finished generating thumbnails for package [/Game/Subway/IGC/ButterflyNewsstandKiosk]
[2017.10.25-14.39.54:133][621]LogSavePackage: Save=44.51ms
[2017.10.25-14.39.54:134][621]LogSavePackage: Moving '../../../../../../Users/Faranak/Desktop/FRazavi_LevelDesign1/Saved/ButterflyNewsstandKiosk_Auto29BD302194F1D67965585A2A0AE2A7657.tmp' to '../../../../../../Users/Faranak/Desktop/FRazavi_LevelDesign1/Saved/Autosaves/Game/Subway/IGC/ButterflyNewsstandKiosk_Auto2.uasset'
[2017.10.25-14.39.54:140][621]LogSavePackage: Display: Finished SavePackage ../../../../../../Users/Faranak/Desktop/FRazavi_LevelDesign1/Saved/Autosaves/Game/Subway/IGC/ButterflyNewsstandKiosk_Auto2.uasset
[2017.10.25-14.39.54:140][621]LogFileHelpers: Auto-saving content packages took 0.062
[2017.10.25-14.41.09:639][446]Cmd: OBJ SAVEPACKAGE PACKAGE="/Game/Subway/IGC/ButterflyNewsstandKiosk" FILE="../../../../../../Users/Faranak/Desktop/FRazavi_LevelDesign1/Content/Subway/IGC/ButterflyNewsstandKiosk.uasset" SILENT=true
[2017.10.25-14.41.09:696][446]LogSavePackage: Save=45.40ms
[2017.10.25-14.41.09:696][446]LogSavePackage: Moving '../../../../../../Users/Faranak/Desktop/FRazavi_LevelDesign1/Saved/ButterflyNewsstandKioskE10E34674FEE1BA503A3ED9F9678BE48.tmp' to '../../../../../../Users/Faranak/Desktop/FRazavi_LevelDesign1/Content/Subway/IGC/ButterflyNewsstandKiosk.uasset'
[2017.10.25-14.41.09:709][446]LogSavePackage: Display: Finished SavePackage ../../../../../../Users/Faranak/Desktop/FRazavi_LevelDesign1/Content/Subway/IGC/ButterflyNewsstandKiosk.uasset
[2017.10.25-14.42.18:684][945]Cmd: CAMERA ALIGN ACTIVEVIEWPORTONLY
[2017.10.25-14.43.33:761][611]Cmd: CAMERA ALIGN ACTIVEVIEWPORTONLY
[2017.10.25-14.43.59:021][502]Cmd: CAMERA ALIGN ACTIVEVIEWPORTONLY
[2017.10.25-14.44.11:345][933]Cmd: CAMERA ALIGN ACTIVEVIEWPORTONLY
[2017.10.25-14.45.11:157][ 75]Cmd: OBJ SAVEPACKAGE PACKAGE="/Game/Subway/IGC/ButterflyNewsstandKiosk" FILE="../../../../../../Users/Faranak/Desktop/FRazavi_LevelDesign1/Content/Subway/IGC/ButterflyNewsstandKiosk.uasset" SILENT=true
[2017.10.25-14.45.11:268][ 75]LogSavePackage: Save=69.96ms
[2017.10.25-14.45.11:269][ 75]LogSavePackage: Moving '../../../../../../Users/Faranak/Desktop/FRazavi_LevelDesign1/Saved/ButterflyNewsstandKiosk055FD6204B0100A01E5823A6EEBB967A.tmp' to '../../../../../../Users/Faranak/Desktop/FRazavi_LevelDesign1/Content/Subway/IGC/ButterflyNewsstandKiosk.uasset'
[2017.10.25-14.45.11:280][ 75]LogSavePackage: Display: Finished SavePackage ../../../../../../Users/Faranak/Desktop/FRazavi_LevelDesign1/Content/Subway/IGC/ButterflyNewsstandKiosk.uasset
[2017.10.25-14.46.09:058][629]Cmd: OBJ SAVEPACKAGE PACKAGE="/Game/Subway/IGC/KiostDoor" FILE="../../../../../../Users/Faranak/Desktop/FRazavi_LevelDesign1/Content/Subway/IGC/KiostDoor.uasset" SILENT=true
[2017.10.25-14.46.09:097][629]LogSavePackage: Save=31.31ms
[2017.10.25-14.46.09:097][629]LogSavePackage: Moving '../../../../../../Users/Faranak/Desktop/FRazavi_LevelDesign1/Saved/KiostDoor31F7A5BD48C722D716126F8E92C5435A.tmp' to '../../../../../../Users/Faranak/Desktop/FRazavi_LevelDesign1/Content/Subway/IGC/KiostDoor.uasset'
[2017.10.25-14.46.09:113][629]LogSavePackage: Display: Finished SavePackage ../../../../../../Users/Faranak/Desktop/FRazavi_LevelDesign1/Content/Subway/IGC/KiostDoor.uasset
[2017.10.25-14.46.28:212][360]LogEditorViewport: Clicking on Actor (LMB): StaticMeshActor (Kiosk)
[2017.10.25-14.46.57:879][444]Cmd: BRUSH ADD SELECTNEWBRUSH
[2017.10.25-14.48.10:743][918]Cmd: CAMERA ALIGN ACTIVEVIEWPORTONLY
[2017.10.25-14.48.24:436][324]LogActorComponent: UnregisterComponent: (/Engine/Transient.SphereBrushComponent) Not registered. Aborting.
[2017.10.25-14.52.50:111][843]LogEditorViewport: Clicking on Actor (LMB): StaticMeshActor (Kiosk)
[2017.10.25-14.52.53:435][920]LogEditorViewport: Clicking on Actor (LMB): StaticMeshActor (Kiosk)
[2017.10.25-14.54.55:086][141]Cmd: BRUSH ADD SELECTNEWBRUSH
[2017.10.25-14.56.00:139][ 46]Cmd: CAMERA ALIGN ACTIVEVIEWPORTONLY
[2017.10.25-14.56.20:365][424]Cmd: CAMERA ALIGN ACTIVEVIEWPORTONLY
[2017.10.25-14.57.24:649][813]Cmd: CAMERA ALIGN ACTIVEVIEWPORTONLY
[2017.10.25-14.59.47:961][503]Cmd: CAMERA ALIGN ACTIVEVIEWPORTONLY
[2017.10.25-15.00.16:571][195]MapCheck: New page: Map Check
[2017.10.25-15.00.16:640][195]Cmd: MAP REBUILD ALLVISIBLE
[2017.10.25-15.00.16:654][195]LogEditorServer: Rebuildmap Clear paths rebuilt
[2017.10.25-15.01.57:193][195]LogEditorServer: Cleared 31 NULL BSP materials after rebuild.
[2017.10.25-15.01.57:197][195]LightingResults: New page: Lighting Build - Oct 25, 2017, 1:01:57 AM
[2017.10.25-15.01.57:532][195]LogSwarmInterface: [OpenConnection] Registering TCP channel ...
[2017.10.25-15.01.57:742][195]LogSwarmInterface: [OpenConnection] Connecting to agent ...
[2017.10.25-15.01.57:787][195]LogSwarmInterface: [TryOpenConnection] Testing the Agent
[2017.10.25-15.01.59:336][195]LogSwarmInterface: [TryOpenConnection] Opening Connection to Agent
[2017.10.25-15.01.59:336][195]LogSwarmInterface: [TryOpenConnection] Local Process ID is 18776
[2017.10.25-15.02.03:203][195]LogStaticLightingSystem: Running Lightmass w/ ImmediateImport mode ENABLED
[2017.10.25-15.02.03:203][195]LogStaticLightingSystem: Running Lightmass w/ ImmediateProcess mode ENABLED
[2017.10.25-15.02.03:203][195]LogStaticLightingSystem: Running Lightmass w/ Sorting mode ENABLED
[2017.10.25-15.02.03:203][195]LogStaticLightingSystem: Running Lightmass w/ Mapping paddings ENABLED
[2017.10.25-15.02.03:203][195]LogStaticLightingSystem: Running Lightmass w/ Mapping debug paddings DISABLED
[2017.10.25-15.02.05:173][195]LogEditorBuildUtils: Build time 1:48
[2017.10.25-15.02.20:326][196]LogSavePackage: Save=13199.27ms
[2017.10.25-15.02.20:327][196]LogSavePackage: Moving '../../../../../../Users/Faranak/Desktop/FRazavi_LevelDesign1/Saved/ThirdPersonExampleMap_Auto3D20AAA9E4333B698DC4702B13C766ECB.tmp' to '../../../../../../Users/Faranak/Desktop/FRazavi_LevelDesign1/Saved/Autosaves/Game/ThirdPersonBP/Maps/ThirdPersonExampleMap_Auto3.umap'
[2017.10.25-15.02.20:339][196]LogSavePackage: Display: Finished SavePackage ../../../../../../Users/Faranak/Desktop/FRazavi_LevelDesign1/Saved/Autosaves/Game/ThirdPersonBP/Maps/ThirdPersonExampleMap_Auto3.umap
[2017.10.25-15.02.20:348][196]LogFileHelpers: Editor autosave (incl. sublevels) for '/Game/ThirdPersonBP/Maps/ThirdPersonExampleMap' took 13.795
[2017.10.25-15.02.20:348][196]LogFileHelpers: Editor autosave (incl. sublevels) for all levels took 13.795
[2017.10.25-15.02.20:404][196]LogMaterial: Missing cached shader map for material FLightmassMaterialRenderer DarkGreenMaterial1, compiling. 
[2017.10.25-15.02.20:440][196]LogMaterial: Missing cached shader map for material FLightmassMaterialRenderer DarkGreenMaterial1, compiling. 
[2017.10.25-15.02.20:550][197]LogMaterial: Missing cached shader map for material FLightmassMaterialRenderer M_Glass, compiling. 
[2017.10.25-15.02.20:584][197]LogMaterial: Missing cached shader map for material FLightmassMaterialRenderer M_Glass, compiling. 
[2017.10.25-15.02.20:670][198]LogMaterial: Missing cached shader map for material FLightmassMaterialRenderer DoorMaterial, compiling. 
[2017.10.25-15.02.20:704][198]LogMaterial: Missing cached shader map for material FLightmassMaterialRenderer DoorMaterial, compiling. 
[2017.10.25-15.02.45:141][918]Job is a success!
[2017.10.25-15.02.52:036][919]LightingResults: Error: PointLight7_3 Severe performance loss: Failed to allocate shadowmap channel for stationary light due to overlap - light will fall back to dynamic shadows!
[2017.10.25-15.02.52:036][919]LightingResults: Error: PointLight10 Severe performance loss: Failed to allocate shadowmap channel for stationary light due to overlap - light will fall back to dynamic shadows!
[2017.10.25-15.02.52:036][919]LightingResults: Error: PointLight_1 Severe performance loss: Failed to allocate shadowmap channel for stationary light due to overlap - light will fall back to dynamic shadows!
[2017.10.25-15.02.52:037][919]LightingResults: Error: PointLight2_8 Severe performance loss: Failed to allocate shadowmap channel for stationary light due to overlap - light will fall back to dynamic shadows!
[2017.10.25-15.02.54:880][919]LogTexture: Display: Building textures: SkyOcclusion0_1 (AutoDXT, 1024X512)
[2017.10.25-15.02.54:880][919]LogTexture: Display: Building textures: HQ_Lightmap0_1 (AutoDXT, 1024X1024)
[2017.10.25-15.02.54:880][919]LogTexture: Display: Building textures: LQ_Lightmap_0_1 (DXT1, 1024X1024)
[2017.10.25-15.02.54:880][919]LogTexture: Display: Building textures: SkyOcclusion0_2 (AutoDXT, 1024X512)
[2017.10.25-15.02.54:880][919]LogTexture: Display: Building textures: HQ_Lightmap0_2 (AutoDXT, 1024X1024)
[2017.10.25-15.02.54:880][919]LogTexture: Display: Building textures: LQ_Lightmap_0_2 (DXT1, 1024X1024)
[2017.10.25-15.02.54:881][919]LogTexture: Display: Building textures: SkyOcclusion0_3 (AutoDXT, 64X32)
[2017.10.25-15.02.54:881][919]LogTexture: Display: Building textures: HQ_Lightmap0_3 (AutoDXT, 64X64)
[2017.10.25-15.02.54:881][919]LogTexture: Display: Building textures: LQ_Lightmap_0_3 (DXT1, 64X64)
[2017.10.25-15.02.55:081][919]LogTexture: Display: Building textures: ShadowMapTexture2D_1 (BGRA8, 64X32)
[2017.10.25-15.02.56:039][919]LogTexture: Display: Building textures: ShadowMapTexture2D_0 (BGRA8, 1024X1024)
[2017.10.25-15.02.56:385][919]Lightmass on FARANAKPC: 27.7 sec total, 1.50 sec importing, 295 ms setup, 2.92 sec photons, 22.0 sec processing, 0 ms extra exporting [8053/8053 mappings]. Threads: 2:34 min total, 45.8 sec processing.
[2017.10.25-15.02.57:067][919]LogStaticLightingSystem: Illumination: 59.8 sec (2.83 sec encoding lightmaps, 1.15 sec encoding shadowmaps)
[2017.10.25-15.02.57:068][919]LogStaticLightingSystem: Lightmap texture memory:  5.3 MB (0.0 MB streaming, 5.3 MB non-streaming), 6 textures
[2017.10.25-15.02.57:068][919]LogStaticLightingSystem: Shadowmap texture memory: 5.3 MB (0.0 MB streaming, 5.3 MB non-streaming), 2 textures
[2017.10.25-15.03.02:175][919]DumpUnbuiltLightIteractions
[2017.10.25-15.03.02:175][919]Lights with unbuilt interactions: 0
[2017.10.25-15.03.02:175][919]
[2017.10.25-15.03.02:175][919]Primitives with unbuilt interactions: 0
[2017.10.25-15.03.02:218][920]Cmd: MAP CHECK NOTIFYRESULTS
[2017.10.25-15.03.02:218][920]MapCheck: New page: ThirdPersonExampleMap - Oct 25, 2017, 1:03:02 AM
[2017.10.25-15.03.02:625][920]MapCheck: Map check complete: 0 Error(s), 0 Warning(s), took 406.42ms to complete.
[2017.10.25-15.03.57:885][673]LogSavePackage: Save=11769.58ms
[2017.10.25-15.03.57:885][673]LogSavePackage: Moving '../../../../../../Users/Faranak/Desktop/FRazavi_LevelDesign1/Saved/ThirdPersonExampleMapA60AB74D4F7E2322D0B8358CE15E5CEB.tmp' to '../../../../../../Users/Faranak/Desktop/FRazavi_LevelDesign1/Content/ThirdPersonBP/Maps/ThirdPersonExampleMap.umap'
[2017.10.25-15.03.57:916][673]LogSavePackage: Display: Finished SavePackage ../../../../../../Users/Faranak/Desktop/FRazavi_LevelDesign1/Content/ThirdPersonBP/Maps/ThirdPersonExampleMap.umap
[2017.10.25-15.03.59:108][673]LogSavePackage: Save=1002.64ms
[2017.10.25-15.03.59:108][673]LogSavePackage: Moving '../../../../../../Users/Faranak/Desktop/FRazavi_LevelDesign1/Saved/ThirdPersonExampleMap_BuiltDataC985F2F343D26A35533B6EB687B20472.tmp' to '../../../../../../Users/Faranak/Desktop/FRazavi_LevelDesign1/Content/ThirdPersonBP/Maps/ThirdPersonExampleMap_BuiltData.uasset'
[2017.10.25-15.03.59:122][673]LogSavePackage: Display: Finished SavePackage ../../../../../../Users/Faranak/Desktop/FRazavi_LevelDesign1/Content/ThirdPersonBP/Maps/ThirdPersonExampleMap_BuiltData.uasset
[2017.10.25-15.04.32:401][ 59]MapCheck: New page: Map Check
[2017.10.25-15.04.32:467][ 59]Cmd: MAP REBUILD ALLVISIBLE
[2017.10.25-15.04.32:469][ 59]LogEditorServer: Rebuildmap Clear paths rebuilt
[2017.10.25-15.06.13:334][ 59]LightingResults: New page: Lighting Build - Oct 25, 2017, 1:06:13 AM
[2017.10.25-15.06.13:564][ 59]LogSwarmInterface: [OpenConnection] Registering TCP channel ...
[2017.10.25-15.06.13:576][ 59]LogSwarmInterface: [OpenConnection] Connecting to agent ...
[2017.10.25-15.06.13:577][ 59]LogSwarmInterface: [TryOpenConnection] Testing the Agent
[2017.10.25-15.06.13:579][ 59]LogSwarmInterface: [TryOpenConnection] Opening Connection to Agent
[2017.10.25-15.06.13:579][ 59]LogSwarmInterface: [TryOpenConnection] Local Process ID is 18776
[2017.10.25-15.06.18:192][ 59]LogStaticLightingSystem: Running Lightmass w/ ImmediateImport mode ENABLED
[2017.10.25-15.06.18:192][ 59]LogStaticLightingSystem: Running Lightmass w/ ImmediateProcess mode ENABLED
[2017.10.25-15.06.18:192][ 59]LogStaticLightingSystem: Running Lightmass w/ Sorting mode ENABLED
[2017.10.25-15.06.18:192][ 59]LogStaticLightingSystem: Running Lightmass w/ Mapping paddings ENABLED
[2017.10.25-15.06.18:192][ 59]LogStaticLightingSystem: Running Lightmass w/ Mapping debug paddings DISABLED
[2017.10.25-15.06.19:822][ 59]LogEditorBuildUtils: Build time 1:47
[2017.10.25-15.06.40:351][817]Job is a success!
[2017.10.25-15.06.46:422][818]LightingResults: Error: PointLight10 Severe performance loss: Failed to allocate shadowmap channel for stationary light due to overlap - light will fall back to dynamic shadows!
[2017.10.25-15.06.46:423][818]LightingResults: Error: PointLight7_3 Severe performance loss: Failed to allocate shadowmap channel for stationary light due to overlap - light will fall back to dynamic shadows!
[2017.10.25-15.06.46:423][818]LightingResults: Error: PointLight8_3 Severe performance loss: Failed to allocate shadowmap channel for stationary light due to overlap - light will fall back to dynamic shadows!
[2017.10.25-15.06.46:424][818]LightingResults: Error: PointLight_1 Severe performance loss: Failed to allocate shadowmap channel for stationary light due to overlap - light will fall back to dynamic shadows!
[2017.10.25-15.06.46:424][818]LightingResults: Error: PointLight2_8 Severe performance loss: Failed to allocate shadowmap channel for stationary light due to overlap - light will fall back to dynamic shadows!
[2017.10.25-15.06.48:592][818]LogTexture: Display: Building textures: SkyOcclusion1_1 (AutoDXT, 1024X512)
[2017.10.25-15.06.48:592][818]LogTexture: Display: Building textures: HQ_Lightmap1_1 (AutoDXT, 1024X1024)
[2017.10.25-15.06.48:592][818]LogTexture: Display: Building textures: LQ_Lightmap_1_1 (DXT1, 1024X1024)
[2017.10.25-15.06.48:592][818]LogTexture: Display: Building textures: SkyOcclusion1_2 (AutoDXT, 1024X512)
[2017.10.25-15.06.48:593][818]LogTexture: Display: Building textures: HQ_Lightmap1_2 (AutoDXT, 1024X1024)
[2017.10.25-15.06.48:593][818]LogTexture: Display: Building textures: LQ_Lightmap_1_2 (DXT1, 1024X1024)
[2017.10.25-15.06.48:593][818]LogTexture: Display: Building textures: SkyOcclusion1_3 (AutoDXT, 64X32)
[2017.10.25-15.06.48:593][818]LogTexture: Display: Building textures: HQ_Lightmap1_3 (AutoDXT, 64X64)
[2017.10.25-15.06.48:593][818]LogTexture: Display: Building textures: LQ_Lightmap_1_3 (DXT1, 64X64)
[2017.10.25-15.06.48:792][818]LogTexture: Display: Building textures: ShadowMapTexture2D_3 (BGRA8, 64X32)
[2017.10.25-15.06.49:581][818]LogTexture: Display: Building textures: ShadowMapTexture2D_2 (BGRA8, 1024X1024)
[2017.10.25-15.06.49:902][818]Lightmass on FARANAKPC: 25.2 sec total, 925 ms importing, 238 ms setup, 2.92 sec photons, 21.1 sec processing, 0 ms extra exporting [8053/8053 mappings]. Threads: 2:27 min total, 46.9 sec processing.
[2017.10.25-15.06.50:539][818]LogStaticLightingSystem: Illumination: 37.1 sec (2.16 sec encoding lightmaps, 986 ms encoding shadowmaps)
[2017.10.25-15.06.50:539][818]LogStaticLightingSystem: Lightmap texture memory:  5.3 MB (0.0 MB streaming, 5.3 MB non-streaming), 6 textures
[2017.10.25-15.06.50:539][818]LogStaticLightingSystem: Shadowmap texture memory: 5.3 MB (0.0 MB streaming, 5.3 MB non-streaming), 2 textures
[2017.10.25-15.06.56:156][818]DumpUnbuiltLightIteractions
[2017.10.25-15.06.56:156][818]Lights with unbuilt interactions: 0
[2017.10.25-15.06.56:156][818]
[2017.10.25-15.06.56:156][818]Primitives with unbuilt interactions: 0
[2017.10.25-15.06.56:199][819]Cmd: MAP CHECK NOTIFYRESULTS
[2017.10.25-15.06.56:200][819]MapCheck: New page: ThirdPersonExampleMap - Oct 25, 2017, 1:06:56 AM
[2017.10.25-15.06.56:596][819]MapCheck: Map check complete: 0 Error(s), 0 Warning(s), took 395.776ms to complete.
[2017.10.25-15.10.00:414][739]LogMaterial: Missing cached shader map for material Material_0, compiling. 
[2017.10.25-15.10.00:735][740]LogMaterial: Missing cached shader map for material Material_1, compiling. 
[2017.10.25-15.10.01:013][741]LogMaterial: Missing cached shader map for material Material_2, compiling. 
[2017.10.25-15.10.01:281][742]LogMaterial: Missing cached shader map for material Material_3, compiling. 
[2017.10.25-15.11.41:079][286]Cmd: MODE ROTGRID=1
[2017.10.25-15.12.59:460][693]LogEditorViewport: Clicking on Actor (LMB): SkeletalMeshActor (SK_Mannequin)
[2017.10.25-15.13.22:821][292]Cmd: CAMERA ALIGN ACTIVEVIEWPORTONLY
[2017.10.25-15.13.22:821][292]Can't find target actor or component.
[2017.10.25-15.13.23:870][321]Cmd: CAMERA ALIGN ACTIVEVIEWPORTONLY
[2017.10.25-15.13.23:870][321]Can't find target actor or component.
[2017.10.25-15.13.24:375][335]Cmd: CAMERA ALIGN ACTIVEVIEWPORTONLY
[2017.10.25-15.13.24:375][335]Can't find target actor or component.
[2017.10.25-15.13.27:718][406]Cmd: CAMERA ALIGN ACTIVEVIEWPORTONLY
[2017.10.25-15.13.57:444][841]Cmd: CAMERA ALIGN ACTIVEVIEWPORTONLY
[2017.10.25-15.14.24:705][235]Cmd: CAMERA ALIGN ACTIVEVIEWPORTONLY
[2017.10.25-15.14.36:362][416]MapCheck: New page: Map Check
[2017.10.25-15.14.36:440][416]Cmd: MAP REBUILD ALLVISIBLE
[2017.10.25-15.14.36:453][416]LogEditorServer: Rebuildmap Clear paths rebuilt
[2017.10.25-15.16.17:689][416]LightingResults: New page: Lighting Build - Oct 25, 2017, 1:16:17 AM
[2017.10.25-15.16.17:915][416]LogSwarmInterface: [OpenConnection] Registering TCP channel ...
[2017.10.25-15.16.17:928][416]LogSwarmInterface: [OpenConnection] Connecting to agent ...
[2017.10.25-15.16.17:928][416]LogSwarmInterface: [TryOpenConnection] Testing the Agent
[2017.10.25-15.16.17:931][416]LogSwarmInterface: [TryOpenConnection] Opening Connection to Agent
[2017.10.25-15.16.17:931][416]LogSwarmInterface: [TryOpenConnection] Local Process ID is 18776
[2017.10.25-15.16.22:526][416]LogStaticLightingSystem: Running Lightmass w/ ImmediateImport mode ENABLED
[2017.10.25-15.16.22:526][416]LogStaticLightingSystem: Running Lightmass w/ ImmediateProcess mode ENABLED
[2017.10.25-15.16.22:526][416]LogStaticLightingSystem: Running Lightmass w/ Sorting mode ENABLED
[2017.10.25-15.16.22:526][416]LogStaticLightingSystem: Running Lightmass w/ Mapping paddings ENABLED
[2017.10.25-15.16.22:526][416]LogStaticLightingSystem: Running Lightmass w/ Mapping debug paddings DISABLED
[2017.10.25-15.16.24:176][416]LogEditorBuildUtils: Build time 1:47
[2017.10.25-15.16.39:524][417]LogSavePackage: Save=13846.38ms
[2017.10.25-15.16.39:524][417]LogSavePackage: Moving '../../../../../../Users/Faranak/Desktop/FRazavi_LevelDesign1/Saved/ThirdPersonExampleMap_Auto4AAC305614F9581C74B0C01A387F8E0E8.tmp' to '../../../../../../Users/Faranak/Desktop/FRazavi_LevelDesign1/Saved/Autosaves/Game/ThirdPersonBP/Maps/ThirdPersonExampleMap_Auto4.umap'
[2017.10.25-15.16.39:538][417]LogSavePackage: Display: Finished SavePackage ../../../../../../Users/Faranak/Desktop/FRazavi_LevelDesign1/Saved/Autosaves/Game/ThirdPersonBP/Maps/ThirdPersonExampleMap_Auto4.umap
[2017.10.25-15.16.39:547][417]LogFileHelpers: Editor autosave (incl. sublevels) for '/Game/ThirdPersonBP/Maps/ThirdPersonExampleMap' took 14.060
[2017.10.25-15.16.39:548][417]LogFileHelpers: Editor autosave (incl. sublevels) for all levels took 14.060
[2017.10.25-15.16.39:559][417]OBJ SavePackage: Generating thumbnails for [0] asset(s) in package [/Game/ThirdPersonBP/Maps/ThirdPersonExampleMap_BuiltData] ([1] browsable assets)...
[2017.10.25-15.16.39:559][417]OBJ SavePackage: Finished generating thumbnails for package [/Game/ThirdPersonBP/Maps/ThirdPersonExampleMap_BuiltData]
[2017.10.25-15.16.39:784][417]LogSavePackage: Save=184.37ms
[2017.10.25-15.16.39:785][417]LogSavePackage: Moving '../../../../../../Users/Faranak/Desktop/FRazavi_LevelDesign1/Saved/ThirdPersonExampleMap_BuiltData_Auto433630DC84A1E031BB831BBBC38EE39F9.tmp' to '../../../../../../Users/Faranak/Desktop/FRazavi_LevelDesign1/Saved/Autosaves/Game/ThirdPersonBP/Maps/ThirdPersonExampleMap_BuiltData_Auto4.uasset'
[2017.10.25-15.16.39:792][417]LogSavePackage: Display: Finished SavePackage ../../../../../../Users/Faranak/Desktop/FRazavi_LevelDesign1/Saved/Autosaves/Game/ThirdPersonBP/Maps/ThirdPersonExampleMap_BuiltData_Auto4.uasset
[2017.10.25-15.16.39:793][417]LogFileHelpers: Auto-saving content packages took 0.238
[2017.10.25-15.16.59:373][ 93]Job is a success!
[2017.10.25-15.17.06:123][ 94]LightingResults: Error: PointLight10 Severe performance loss: Failed to allocate shadowmap channel for stationary light due to overlap - light will fall back to dynamic shadows!
[2017.10.25-15.17.06:123][ 94]LightingResults: Error: PointLight7_3 Severe performance loss: Failed to allocate shadowmap channel for stationary light due to overlap - light will fall back to dynamic shadows!
[2017.10.25-15.17.06:123][ 94]LightingResults: Error: PointLight8_3 Severe performance loss: Failed to allocate shadowmap channel for stationary light due to overlap - light will fall back to dynamic shadows!
[2017.10.25-15.17.06:124][ 94]LightingResults: Error: PointLight_1 Severe performance loss: Failed to allocate shadowmap channel for stationary light due to overlap - light will fall back to dynamic shadows!
[2017.10.25-15.17.06:124][ 94]LightingResults: Error: PointLight2_8 Severe performance loss: Failed to allocate shadowmap channel for stationary light due to overlap - light will fall back to dynamic shadows!
[2017.10.25-15.17.08:412][ 94]LogTexture: Display: Building textures: SkyOcclusion0_1 (AutoDXT, 1024X512)
[2017.10.25-15.17.08:412][ 94]LogTexture: Display: Building textures: HQ_Lightmap0_1 (AutoDXT, 1024X1024)
[2017.10.25-15.17.08:412][ 94]LogTexture: Display: Building textures: LQ_Lightmap_0_1 (DXT1, 1024X1024)
[2017.10.25-15.17.08:412][ 94]LogTexture: Display: Building textures: SkyOcclusion0_2 (AutoDXT, 1024X512)
[2017.10.25-15.17.08:412][ 94]LogTexture: Display: Building textures: HQ_Lightmap0_2 (AutoDXT, 1024X1024)
[2017.10.25-15.17.08:412][ 94]LogTexture: Display: Building textures: LQ_Lightmap_0_2 (DXT1, 1024X1024)
[2017.10.25-15.17.08:412][ 94]LogTexture: Display: Building textures: SkyOcclusion0_3 (AutoDXT, 64X32)
[2017.10.25-15.17.08:412][ 94]LogTexture: Display: Building textures: HQ_Lightmap0_3 (AutoDXT, 64X64)
[2017.10.25-15.17.08:412][ 94]LogTexture: Display: Building textures: LQ_Lightmap_0_3 (DXT1, 64X64)
[2017.10.25-15.17.08:613][ 94]LogTexture: Display: Building textures: ShadowMapTexture2D_5 (BGRA8, 64X32)
[2017.10.25-15.17.09:022][ 94]LogTexture: Display: Building textures: ShadowMapTexture2D_4 (BGRA8, 1024X1024)
[2017.10.25-15.17.09:251][ 94]Lightmass on FARANAKPC: 25.4 sec total, 1.15 sec importing, 235 ms setup, 3.04 sec photons, 21.0 sec processing, 0 ms extra exporting [8053/8053 mappings]. Threads: 2:26 min total, 46.6 sec processing.
[2017.10.25-15.17.09:850][ 94]LogStaticLightingSystem: Illumination: 52.1 sec (2.28 sec encoding lightmaps, 608 ms encoding shadowmaps)
[2017.10.25-15.17.09:850][ 94]LogStaticLightingSystem: Lightmap texture memory:  5.3 MB (0.0 MB streaming, 5.3 MB non-streaming), 6 textures
[2017.10.25-15.17.09:850][ 94]LogStaticLightingSystem: Shadowmap texture memory: 5.3 MB (0.0 MB streaming, 5.3 MB non-streaming), 2 textures
[2017.10.25-15.17.15:493][ 94]DumpUnbuiltLightIteractions
[2017.10.25-15.17.15:494][ 94]Lights with unbuilt interactions: 0
[2017.10.25-15.17.15:494][ 94]
[2017.10.25-15.17.15:494][ 94]Primitives with unbuilt interactions: 0
[2017.10.25-15.17.15:535][ 95]Cmd: MAP CHECK NOTIFYRESULTS
[2017.10.25-15.17.15:535][ 95]MapCheck: New page: ThirdPersonExampleMap - Oct 25, 2017, 1:17:15 AM
[2017.10.25-15.17.15:928][ 95]MapCheck: Map check complete: 0 Error(s), 0 Warning(s), took 392.997ms to complete.
[2017.10.25-15.27.08:881][831]LogSavePackage: Save=12170.43ms
[2017.10.25-15.27.08:881][831]LogSavePackage: Moving '../../../../../../Users/Faranak/Desktop/FRazavi_LevelDesign1/Saved/ThirdPersonExampleMap_Auto545AFEC3C464C7BF7BFD8D1B5B97F9CD6.tmp' to '../../../../../../Users/Faranak/Desktop/FRazavi_LevelDesign1/Saved/Autosaves/Game/ThirdPersonBP/Maps/ThirdPersonExampleMap_Auto5.umap'
[2017.10.25-15.27.08:894][831]LogSavePackage: Display: Finished SavePackage ../../../../../../Users/Faranak/Desktop/FRazavi_LevelDesign1/Saved/Autosaves/Game/ThirdPersonBP/Maps/ThirdPersonExampleMap_Auto5.umap
[2017.10.25-15.27.08:902][831]LogFileHelpers: Editor autosave (incl. sublevels) for '/Game/ThirdPersonBP/Maps/ThirdPersonExampleMap' took 12.334
[2017.10.25-15.27.08:903][831]LogFileHelpers: Editor autosave (incl. sublevels) for all levels took 12.334
[2017.10.25-15.27.08:912][831]OBJ SavePackage: Generating thumbnails for [0] asset(s) in package [/Game/ThirdPersonBP/Maps/ThirdPersonExampleMap_BuiltData] ([1] browsable assets)...
[2017.10.25-15.27.08:912][831]OBJ SavePackage: Finished generating thumbnails for package [/Game/ThirdPersonBP/Maps/ThirdPersonExampleMap_BuiltData]
[2017.10.25-15.27.09:142][831]LogSavePackage: Save=186.45ms
[2017.10.25-15.27.09:142][831]LogSavePackage: Moving '../../../../../../Users/Faranak/Desktop/FRazavi_LevelDesign1/Saved/ThirdPersonExampleMap_BuiltData_Auto589B183B84D281712F6EB2C89DBB1A1E2.tmp' to '../../../../../../Users/Faranak/Desktop/FRazavi_LevelDesign1/Saved/Autosaves/Game/ThirdPersonBP/Maps/ThirdPersonExampleMap_BuiltData_Auto5.uasset'
[2017.10.25-15.27.09:148][831]LogSavePackage: Display: Finished SavePackage ../../../../../../Users/Faranak/Desktop/FRazavi_LevelDesign1/Saved/Autosaves/Game/ThirdPersonBP/Maps/ThirdPersonExampleMap_BuiltData_Auto5.uasset
[2017.10.25-15.27.09:148][831]LogFileHelpers: Auto-saving content packages took 0.238
[2017.10.25-15.30.52:698][373]LogTemp: Repeating last play command: New Editor Window (PIE)
[2017.10.25-15.30.53:129][373]LogBlueprintUserMessages: Early PlayInEditor Detection: Level '/Game/ThirdPersonBP/Maps/ThirdPersonExampleMap.ThirdPersonExampleMap:PersistentLevel' has LevelScriptBlueprint '/Game/ThirdPersonBP/Maps/ThirdPersonExampleMap.ThirdPersonExampleMap:PersistentLevel.ThirdPersonExampleMap' with GeneratedClass '/Game/ThirdPersonBP/Maps/ThirdPersonExampleMap.ThirdPersonExampleMap_C' with ClassGeneratedBy '/Game/ThirdPersonBP/Maps/ThirdPersonExampleMap.ThirdPersonExampleMap:PersistentLevel.ThirdPersonExampleMap'
[2017.10.25-15.30.53:129][373]LogPlayLevel: PlayLevel: No blueprints needed recompiling
[2017.10.25-15.30.53:132][373]PIE: New page: PIE session: ThirdPersonExampleMap (Oct 25, 2017, 1:30:53 AM)
[2017.10.25-15.30.53:132][373]LogPlayLevel: Creating play world package: /Game/ThirdPersonBP/Maps/UEDPIE_0_ThirdPersonExampleMap
[2017.10.25-15.30.54:294][373]LogPlayLevel: PIE: StaticDuplicateObject took: (1.160992s)
[2017.10.25-15.30.54:301][373]LogAIModule: Creating AISystem for world ThirdPersonExampleMap
[2017.10.25-15.30.54:303][373]LogPlayLevel: PIE: World Init took: (0.008655s)
[2017.10.25-15.30.54:304][373]LogPlayLevel: PIE: Created PIE world by copying editor world from /Game/ThirdPersonBP/Maps/ThirdPersonExampleMap.ThirdPersonExampleMap to /Game/ThirdPersonBP/Maps/UEDPIE_0_ThirdPersonExampleMap.ThirdPersonExampleMap (1.171603s)
[2017.10.25-15.30.54:407][373]LogInit: XAudio2 using 'Speakers (Realtek High Definition Audio)' : 2 channels at 48 kHz using 32 bits per sample (channel mask 0x3)
[2017.10.25-15.30.54:468][373]LogInit: FAudioDevice initialized.
[2017.10.25-15.30.54:709][373]LogLoad: Game class is 'ThirdPersonGameMode_C'
[2017.10.25-15.30.54:758][373]LogWorld: Bringing World /Game/ThirdPersonBP/Maps/UEDPIE_0_ThirdPersonExampleMap.ThirdPersonExampleMap up for play (max tick rate 60) at 2017.10.25-08.30.54
[2017.10.25-15.30.54:763][373]LogLinker: Warning: Can't find file '/Game/Subway/IGC/IGC1'
[2017.10.25-15.30.54:764][373]LogLinker: Warning: Can't find file '/Game/Subway/IGC/IGC1'
[2017.10.25-15.30.54:765][373]LogUObjectGlobals: Warning: Failed to find object 'Object /Game/Subway/IGC/IGC1.IGC1'
[2017.10.25-15.30.54:788][373]LogWorld: Bringing up level for play took: 0.067923
[2017.10.25-15.30.54:991][373]LogContentBrowser: Native class hierarchy updated for 'MovieSceneCapture' in 0.0059 seconds. Added 11 classes and 0 folders.
[2017.10.25-15.30.55:031][373]PIE: Play in editor start time for /Game/ThirdPersonBP/Maps/UEDPIE_0_ThirdPersonExampleMap 1.098
[2017.10.25-15.30.55:033][373]LogBlueprintUserMessages: Late PlayInEditor Detection: Level '/Game/ThirdPersonBP/Maps/ThirdPersonExampleMap.ThirdPersonExampleMap:PersistentLevel' has LevelScriptBlueprint '/Game/ThirdPersonBP/Maps/ThirdPersonExampleMap.ThirdPersonExampleMap:PersistentLevel.ThirdPersonExampleMap' with GeneratedClass '/Game/ThirdPersonBP/Maps/ThirdPersonExampleMap.ThirdPersonExampleMap_C' with ClassGeneratedBy '/Game/ThirdPersonBP/Maps/ThirdPersonExampleMap.ThirdPersonExampleMap:PersistentLevel.ThirdPersonExampleMap'
[2017.10.25-15.31.06:239][827]LogBlueprintUserMessages: Early EndPlayMap Detection: Level '/Game/ThirdPersonBP/Maps/ThirdPersonExampleMap.ThirdPersonExampleMap:PersistentLevel' has LevelScriptBlueprint '/Game/ThirdPersonBP/Maps/ThirdPersonExampleMap.ThirdPersonExampleMap:PersistentLevel.ThirdPersonExampleMap' with GeneratedClass '/Game/ThirdPersonBP/Maps/ThirdPersonExampleMap.ThirdPersonExampleMap_C' with ClassGeneratedBy '/Game/ThirdPersonBP/Maps/ThirdPersonExampleMap.ThirdPersonExampleMap:PersistentLevel.ThirdPersonExampleMap'
[2017.10.25-15.31.06:539][827]LogBlueprintUserMessages: Late EndPlayMap Detection: Level '/Game/ThirdPersonBP/Maps/ThirdPersonExampleMap.ThirdPersonExampleMap:PersistentLevel' has LevelScriptBlueprint '/Game/ThirdPersonBP/Maps/ThirdPersonExampleMap.ThirdPersonExampleMap:PersistentLevel.ThirdPersonExampleMap' with GeneratedClass '/Game/ThirdPersonBP/Maps/ThirdPersonExampleMap.ThirdPersonExampleMap_C' with ClassGeneratedBy '/Game/ThirdPersonBP/Maps/ThirdPersonExampleMap.ThirdPersonExampleMap:PersistentLevel.ThirdPersonExampleMap'
[2017.10.25-15.31.20:830][893]LogSavePackage: Save=11819.63ms
[2017.10.25-15.31.20:830][893]LogSavePackage: Moving '../../../../../../Users/Faranak/Desktop/FRazavi_LevelDesign1/Saved/ThirdPersonExampleMap63E5572D41035731738F64B5BCD69C6F.tmp' to '../../../../../../Users/Faranak/Desktop/FRazavi_LevelDesign1/Content/ThirdPersonBP/Maps/ThirdPersonExampleMap.umap'
[2017.10.25-15.31.20:862][893]LogSavePackage: Display: Finished SavePackage ../../../../../../Users/Faranak/Desktop/FRazavi_LevelDesign1/Content/ThirdPersonBP/Maps/ThirdPersonExampleMap.umap
[2017.10.25-15.31.22:001][893]LogSavePackage: Save=1009.84ms
[2017.10.25-15.31.22:001][893]LogSavePackage: Moving '../../../../../../Users/Faranak/Desktop/FRazavi_LevelDesign1/Saved/ThirdPersonExampleMap_BuiltData16F7E33D4E5AD539825214BA02FA442D.tmp' to '../../../../../../Users/Faranak/Desktop/FRazavi_LevelDesign1/Content/ThirdPersonBP/Maps/ThirdPersonExampleMap_BuiltData.uasset'
[2017.10.25-15.31.22:017][893]LogSavePackage: Display: Finished SavePackage ../../../../../../Users/Faranak/Desktop/FRazavi_LevelDesign1/Content/ThirdPersonBP/Maps/ThirdPersonExampleMap_BuiltData.uasset
[2017.10.25-15.31.45:063][640]Cmd: CAMERA ALIGN ACTIVEVIEWPORTONLY
[2017.10.25-15.32.17:560][361]LogSavePackage: Save=11849.36ms
[2017.10.25-15.32.17:560][361]LogSavePackage: Moving '../../../../../../Users/Faranak/Desktop/FRazavi_LevelDesign1/Saved/ThirdPersonExampleMap600A5F864E186C5E1408A095AA23D4FA.tmp' to '../../../../../../Users/Faranak/Desktop/FRazavi_LevelDesign1/Content/ThirdPersonBP/Maps/ThirdPersonExampleMap.umap'
[2017.10.25-15.32.17:579][361]LogSavePackage: Display: Finished SavePackage ../../../../../../Users/Faranak/Desktop/FRazavi_LevelDesign1/Content/ThirdPersonBP/Maps/ThirdPersonExampleMap.umap
[2017.10.25-15.32.18:771][361]LogSavePackage: Save=819.05ms
[2017.10.25-15.32.18:771][361]LogSavePackage: Moving '../../../../../../Users/Faranak/Desktop/FRazavi_LevelDesign1/Saved/ThirdPersonExampleMap_BuiltData0074BC4C414CE5DB8636888490FE67AE.tmp' to '../../../../../../Users/Faranak/Desktop/FRazavi_LevelDesign1/Content/ThirdPersonBP/Maps/ThirdPersonExampleMap_BuiltData.uasset'
[2017.10.25-15.32.18:776][361]LogSavePackage: Display: Finished SavePackage ../../../../../../Users/Faranak/Desktop/FRazavi_LevelDesign1/Content/ThirdPersonBP/Maps/ThirdPersonExampleMap_BuiltData.uasset
[2017.10.25-15.32.24:560][481]Cmd: OBJ SAVEPACKAGE PACKAGE="/Game/Subway/IGC/GhostsSecretDoor" FILE="../../../../../../Users/Faranak/Desktop/FRazavi_LevelDesign1/Content/Subway/IGC/GhostsSecretDoor.uasset" SILENT=true
[2017.10.25-15.32.24:698][481]LogSavePackage: Save=102.61ms
[2017.10.25-15.32.24:698][481]LogSavePackage: Moving '../../../../../../Users/Faranak/Desktop/FRazavi_LevelDesign1/Saved/GhostsSecretDoorF76C0BCA4E6120A0E1EAC3AADF03B8E4.tmp' to '../../../../../../Users/Faranak/Desktop/FRazavi_LevelDesign1/Content/Subway/IGC/GhostsSecretDoor.uasset'
[2017.10.25-15.32.24:711][481]LogSavePackage: Display: Finished SavePackage ../../../../../../Users/Faranak/Desktop/FRazavi_LevelDesign1/Content/Subway/IGC/GhostsSecretDoor.uasset
[2017.10.25-15.32.30:687][481]LogWindowsTextInputMethodSystem: Display: IME system now deactivated.
[2017.10.25-15.32.30:702][481]LogWindowsTextInputMethodSystem: Display: IME system now deactivated.
[2017.10.25-15.32.31:858][482]Cmd: QUIT_EDITOR
[2017.10.25-15.32.32:419][482]LogExit: Preparing to exit.
[2017.10.25-15.32.33:812][482]LogDirectoryWatcher: A directory notification for 'C:/Users/Faranak/Desktop/FRazavi_LevelDesign1/Content/' was aborted.
[2017.10.25-15.32.34:171][482]LogExit: Editor shut down
[2017.10.25-15.32.34:306][482]LogExit: Transaction tracking system shut down
[2017.10.25-15.32.34:680][482]LogDirectoryWatcher: A directory notification for '../../../Engine/Content/' was aborted.
[2017.10.25-15.32.34:680][482]LogDirectoryWatcher: A directory notification for '../../../../../../Users/Faranak/Desktop/FRazavi_LevelDesign1/Content/' was aborted.
[2017.10.25-15.32.34:681][482]LogDirectoryWatcher: A directory notification for '../../../Engine/Plugins/2D/Paper2D/Content/' was aborted.
[2017.10.25-15.32.34:681][482]LogDirectoryWatcher: A directory notification for '../../../Engine/Plugins/Runtime/Oculus/OculusVR/Content/' was aborted.
[2017.10.25-15.32.34:681][482]LogDirectoryWatcher: A directory notification for '../../../Engine/Plugins/Runtime/Steam/SteamVR/Content/' was aborted.
[2017.10.25-15.32.35:027][482]LogExit: Object subsystem successfully closed.
[2017.10.25-15.32.35:092][482]LogD3D11RHI: Shutdown
[2017.10.25-15.32.35:093][482]LogD3D11RHI: CleanupD3DDevice
[2017.10.25-15.32.35:628][482]LogD3D11RHI: ~FD3D11DynamicRHI
[2017.10.25-15.32.35:691][482]LogModuleManager: Shutting down and abandoning module MovieSceneCapture (534)
[2017.10.25-15.32.35:691][482]LogModuleManager: Shutting down and abandoning module SequencerWidgets (532)
[2017.10.25-15.32.35:691][482]LogModuleManager: Shutting down and abandoning module HierarchicalLODOutliner (530)
[2017.10.25-15.32.35:691][482]LogModuleManager: Shutting down and abandoning module SceneOutliner (528)
[2017.10.25-15.32.35:691][482]LogModuleManager: Shutting down and abandoning module AddContentDialog (526)
[2017.10.25-15.32.35:692][482]LogDirectoryWatcher: A directory notification for 'C:/Program Files/Epic Games/UE_4.17/FeaturePacks/' was aborted.
[2017.10.25-15.32.35:711][482]LogModuleManager: Shutting down and abandoning module WidgetCarousel (525)
[2017.10.25-15.32.35:711][482]LogModuleManager: Shutting down and abandoning module EditorWidgets (522)
[2017.10.25-15.32.35:711][482]LogModuleManager: Shutting down and abandoning module CollectionManager (520)
[2017.10.25-15.32.35:711][482]LogDirectoryWatcher: A directory notification for 'C:/Users/Faranak/Desktop/FRazavi_LevelDesign1/Content/Collections/' was aborted.
[2017.10.25-15.32.35:711][482]LogDirectoryWatcher: A directory notification for 'C:/Users/Faranak/Desktop/FRazavi_LevelDesign1/Content/Developers/Faranak/Collections/' was aborted.
[2017.10.25-15.32.35:712][482]LogDirectoryWatcher: A directory notification for 'C:/Users/Faranak/Desktop/FRazavi_LevelDesign1/Saved/Collections/' was aborted.
[2017.10.25-15.32.35:712][482]LogModuleManager: Shutting down and abandoning module StatsViewer (518)
[2017.10.25-15.32.35:712][482]LogModuleManager: Shutting down and abandoning module FoliageEdit (516)
[2017.10.25-15.32.35:712][482]LogModuleManager: Shutting down and abandoning module LandscapeEditor (514)
[2017.10.25-15.32.35:713][482]LogModuleManager: Shutting down and abandoning module MeshPaintMode (512)
[2017.10.25-15.32.35:713][482]LogModuleManager: Shutting down and abandoning module SceneDepthPickerMode (510)
[2017.10.25-15.32.35:713][482]LogModuleManager: Shutting down and abandoning module ActorPickerMode (508)
[2017.10.25-15.32.35:713][482]LogModuleManager: Shutting down and abandoning module GeometryMode (506)
[2017.10.25-15.32.35:713][482]LogModuleManager: Shutting down and abandoning module TextureAlignMode (504)
[2017.10.25-15.32.35:713][482]LogModuleManager: Shutting down and abandoning module BspMode (502)
[2017.10.25-15.32.35:713][482]LogModuleManager: Shutting down and abandoning module PIEPreviewDeviceProfileSelector (500)
[2017.10.25-15.32.35:713][482]LogModuleManager: Shutting down and abandoning module HardwareSurvey (498)
[2017.10.25-15.32.35:713][482]LogModuleManager: Shutting down and abandoning module SequenceRecorderSections (496)
[2017.10.25-15.32.35:714][482]LogModuleManager: Shutting down and abandoning module AutomationWorker (494)
[2017.10.25-15.32.35:714][482]LogModuleManager: Shutting down and abandoning module MatineeToLevelSequence (492)
[2017.10.25-15.32.35:714][482]LogModuleManager: Shutting down and abandoning module LevelSequenceEditor (490)
[2017.10.25-15.32.35:714][482]LogModuleManager: Shutting down and abandoning module PlacementMode (489)
[2017.10.25-15.32.35:714][482]LogModuleManager: Shutting down and abandoning module WmfMediaFactory (486)
[2017.10.25-15.32.35:714][482]LogModuleManager: Shutting down and abandoning module WmfMediaEditor (484)
[2017.10.25-15.32.35:714][482]LogModuleManager: Shutting down and abandoning module AvfMediaFactory (482)
[2017.10.25-15.32.35:715][482]LogModuleManager: Shutting down and abandoning module AvfMediaEditor (480)
[2017.10.25-15.32.35:715][482]LogModuleManager: Shutting down and abandoning module AndroidMediaFactory (478)
[2017.10.25-15.32.35:715][482]LogModuleManager: Shutting down and abandoning module Media (477)
[2017.10.25-15.32.35:715][482]LogModuleManager: Shutting down and abandoning module AndroidMediaEditor (474)
[2017.10.25-15.32.35:715][482]LogModuleManager: Shutting down and abandoning module CharacterAI (472)
[2017.10.25-15.32.35:715][482]LogModuleManager: Shutting down and abandoning module AudioCapture (470)
[2017.10.25-15.32.35:715][482]LogModuleManager: Shutting down and abandoning module SequenceRecorder (469)
[2017.10.25-15.32.35:715][482]LogModuleManager: Shutting down and abandoning module SmartSnapping (466)
[2017.10.25-15.32.35:715][482]LogModuleManager: Shutting down and abandoning module SessionServices (464)
[2017.10.25-15.32.35:715][482]LogModuleManager: Shutting down and abandoning module ViewportSnapping (462)
[2017.10.25-15.32.35:715][482]LogModuleManager: Shutting down and abandoning module ViewportInteraction (460)
[2017.10.25-15.32.35:715][482]LogModuleManager: Shutting down and abandoning module ClothPainter (458)
[2017.10.25-15.32.35:716][482]LogModuleManager: Shutting down and abandoning module LogVisualizer (456)
[2017.10.25-15.32.35:716][482]LogModuleManager: Shutting down and abandoning module IntroTutorials (454)
[2017.10.25-15.32.35:716][482]LogModuleManager: Shutting down and abandoning module GameProjectGeneration (453)
[2017.10.25-15.32.35:716][482]LogModuleManager: Shutting down and abandoning module IOSPlatformEditor (450)
[2017.10.25-15.32.35:717][482]LogModuleManager: Shutting down and abandoning module HTML5PlatformEditor (448)
[2017.10.25-15.32.35:717][482]LogModuleManager: Shutting down and abandoning module AndroidPlatformEditor (446)
[2017.10.25-15.32.35:717][482]LogModuleManager: Shutting down and abandoning module AndroidDeviceDetection (445)
[2017.10.25-15.32.36:184][482]LogModuleManager: Shutting down and abandoning module WindowsPlatformEditor (442)
[2017.10.25-15.32.36:185][482]LogModuleManager: Shutting down and abandoning module IOSRuntimeSettings (440)
[2017.10.25-15.32.36:185][482]LogModuleManager: Shutting down and abandoning module AndroidRuntimeSettings (438)
[2017.10.25-15.32.36:185][482]LogModuleManager: Shutting down and abandoning module InputBindingEditor (436)
[2017.10.25-15.32.36:185][482]LogModuleManager: Shutting down and abandoning module MergeActors (434)
[2017.10.25-15.32.36:185][482]LogModuleManager: Shutting down and abandoning module SizeMap (432)
[2017.10.25-15.32.36:185][482]LogModuleManager: Shutting down and abandoning module TreeMap (430)
[2017.10.25-15.32.36:185][482]LogModuleManager: Shutting down and abandoning module ReferenceViewer (428)
[2017.10.25-15.32.36:185][482]LogModuleManager: Shutting down and abandoning module LocalizationDashboard (426)
[2017.10.25-15.32.36:186][482]LogModuleManager: Shutting down and abandoning module LocalizationService (425)
[2017.10.25-15.32.36:186][482]LogModuleManager: Shutting down and abandoning module HardwareTargeting (422)
[2017.10.25-15.32.36:186][482]LogModuleManager: Shutting down and abandoning module DeviceProfileEditor (420)
[2017.10.25-15.32.36:186][482]LogModuleManager: Shutting down and abandoning module UndoHistory (418)
[2017.10.25-15.32.36:186][482]LogModuleManager: Shutting down and abandoning module XmlParser (416)
[2017.10.25-15.32.36:186][482]LogModuleManager: Shutting down and abandoning module Blutility (414)
[2017.10.25-15.32.36:186][482]LogModuleManager: Shutting down and abandoning module ProjectSettingsViewer (412)
[2017.10.25-15.32.36:187][482]LogModuleManager: Shutting down and abandoning module ProjectTargetPlatformEditor (411)
[2017.10.25-15.32.36:187][482]LogModuleManager: Shutting down and abandoning module EditorSettingsViewer (408)
[2017.10.25-15.32.36:188][482]LogModuleManager: Shutting down and abandoning module SettingsEditor (406)
[2017.10.25-15.32.36:188][482]LogModuleManager: Shutting down and abandoning module ProjectLauncher (404)
[2017.10.25-15.32.36:188][482]LogModuleManager: Shutting down and abandoning module SessionFrontend (402)
[2017.10.25-15.32.36:188][482]LogModuleManager: Shutting down and abandoning module ProfilerClient (400)
[2017.10.25-15.32.36:188][482]LogModuleManager: Shutting down and abandoning module DeviceManager (398)
[2017.10.25-15.32.36:188][482]LogModuleManager: Shutting down and abandoning module TargetDeviceServices (397)
[2017.10.25-15.32.36:255][482]LogModuleManager: Shutting down and abandoning module AutomationController (394)
[2017.10.25-15.32.36:255][482]LogModuleManager: Shutting down and abandoning module AutomationWindow (392)
[2017.10.25-15.32.36:255][482]LogModuleManager: Shutting down and abandoning module Layers (390)
[2017.10.25-15.32.36:255][482]LogModuleManager: Shutting down and abandoning module ComponentVisualizers (388)
[2017.10.25-15.32.36:255][482]LogModuleManager: Shutting down and abandoning module DetailCustomizations (386)
[2017.10.25-15.32.36:256][482]LogModuleManager: Shutting down and abandoning module PackagesDialog (384)
[2017.10.25-15.32.36:256][482]LogModuleManager: Shutting down and abandoning module Persona (382)
[2017.10.25-15.32.36:256][482]LogModuleManager: Shutting down and abandoning module AdvancedPreviewScene (381)
[2017.10.25-15.32.36:257][482]LogModuleManager: Shutting down and abandoning module AnimGraph (379)
[2017.10.25-15.32.36:257][482]LogModuleManager: Shutting down and abandoning module Kismet (376)
[2017.10.25-15.32.36:259][482]LogModuleManager: Shutting down and abandoning module ClassViewer (374)
[2017.10.25-15.32.36:259][482]LogModuleManager: Shutting down and abandoning module Toolbox (372)
[2017.10.25-15.32.36:259][482]LogModuleManager: Shutting down and abandoning module ModuleUI (370)
[2017.10.25-15.32.36:259][482]LogModuleManager: Shutting down and abandoning module MovieSceneTools (368)
[2017.10.25-15.32.36:259][482]LogModuleManager: Shutting down and abandoning module OutputLog (366)
[2017.10.25-15.32.36:259][482]LogModuleManager: Shutting down and abandoning module GammaUI (364)
[2017.10.25-15.32.36:259][482]LogModuleManager: Shutting down and abandoning module Documentation (362)
[2017.10.25-15.32.36:260][482]LogModuleManager: Shutting down and abandoning module MovieSceneTracks (360)
[2017.10.25-15.32.36:260][482]LogModuleManager: Shutting down and abandoning module MovieScene (358)
[2017.10.25-15.32.36:260][482]LogModuleManager: Shutting down and abandoning module Niagara (356)
[2017.10.25-15.32.36:260][482]LogModuleManager: Shutting down and abandoning module NiagaraEditor (355)
[2017.10.25-15.32.36:261][482]LogModuleManager: Shutting down and abandoning module StreamingPauseRendering (352)
[2017.10.25-15.32.36:261][482]LogModuleManager: Shutting down and abandoning module LauncherPlatform (350)
[2017.10.25-15.32.36:261][482]LogModuleManager: Shutting down and abandoning module AnalyticsET (348)
[2017.10.25-15.32.36:261][482]LogModuleManager: Shutting down and abandoning module PortalServices (346)
[2017.10.25-15.32.36:261][482]LogModuleManager: Shutting down and abandoning module PortalRpc (344)
[2017.10.25-15.32.36:261][482]LogModuleManager: Shutting down and abandoning module MessagingRpc (342)
[2017.10.25-15.32.36:261][482]LogModuleManager: Shutting down and abandoning module AIModule (340)
[2017.10.25-15.32.36:262][482]LogModuleManager: Shutting down and abandoning module GameplayDebugger (339)
[2017.10.25-15.32.36:262][482]LogModuleManager: Shutting down and abandoning module AITestSuite (337)
[2017.10.25-15.32.36:262][482]LogModuleManager: Shutting down and abandoning module ProfilerService (334)
[2017.10.25-15.32.36:408][482]LogModuleManager: Shutting down and abandoning module TaskGraph (332)
[2017.10.25-15.32.36:408][482]LogModuleManager: Shutting down and abandoning module SteamVRController (330)
[2017.10.25-15.32.36:408][482]LogModuleManager: Shutting down and abandoning module ProceduralMeshComponentEditor (328)
[2017.10.25-15.32.36:408][482]LogModuleManager: Shutting down and abandoning module ProceduralMeshComponent (326)
[2017.10.25-15.32.36:408][482]LogModuleManager: Shutting down and abandoning module OculusInput (324)
[2017.10.25-15.32.36:408][482]LogModuleManager: Shutting down and abandoning module MobilePatchingUtils (322)
[2017.10.25-15.32.36:408][482]LogModuleManager: Shutting down and abandoning module CustomMeshComponent (320)
[2017.10.25-15.32.36:408][482]LogModuleManager: Shutting down and abandoning module CableComponent (318)
[2017.10.25-15.32.36:408][482]LogModuleManager: Shutting down and abandoning module ArchVisCharacter (316)
[2017.10.25-15.32.36:408][482]LogModuleManager: Shutting down and abandoning module AndroidPermission (314)
[2017.10.25-15.32.36:408][482]LogModuleManager: Shutting down and abandoning module MediaPlayerEditor (310)
[2017.10.25-15.32.36:409][482]LogModuleManager: Shutting down and abandoning module HTML5Networking (308)
[2017.10.25-15.32.36:409][482]LogModuleManager: Shutting down and abandoning module AlembicImporter (306)
[2017.10.25-15.32.36:409][482]LogModuleManager: Shutting down and abandoning module AlembicLibrary (305)
[2017.10.25-15.32.36:409][482]LogModuleManager: Shutting down and abandoning module GeometryCache (304)
[2017.10.25-15.32.36:409][482]LogModuleManager: Shutting down and abandoning module GeometryCacheEd (303)
[2017.10.25-15.32.36:409][482]LogModuleManager: Shutting down and abandoning module SpeedTreeImporter (298)
[2017.10.25-15.32.36:409][482]LogModuleManager: Shutting down and abandoning module PluginBrowser (296)
[2017.10.25-15.32.36:409][482]LogModuleManager: Shutting down and abandoning module MobileLauncherProfileWizard (294)
[2017.10.25-15.32.36:410][482]LogModuleManager: Shutting down and abandoning module VisualStudioSourceCodeAccess (292)
[2017.10.25-15.32.36:410][482]LogModuleManager: Shutting down and abandoning module DesktopPlatform (291)
[2017.10.25-15.32.36:410][482]LogModuleManager: Shutting down and abandoning module UObjectPlugin (288)
[2017.10.25-15.32.36:410][482]LogModuleManager: Shutting down and abandoning module SubversionSourceControl (286)
[2017.10.25-15.32.36:410][482]LogModuleManager: Shutting down and abandoning module PerforceSourceControl (284)
[2017.10.25-15.32.36:410][482]LogModuleManager: Shutting down and abandoning module GitSourceControl (282)
[2017.10.25-15.32.36:410][482]LogModuleManager: Shutting down and abandoning module SourceControl (281)
[2017.10.25-15.32.36:410][482]LogModuleManager: Shutting down and abandoning module LightPropagationVolumeEditor (278)
[2017.10.25-15.32.36:411][482]LogModuleManager: Shutting down and abandoning module PaperTiledImporter (276)
[2017.10.25-15.32.36:411][482]LogModuleManager: Shutting down and abandoning module PaperSpriteSheetImporter (274)
[2017.10.25-15.32.36:411][482]LogModuleManager: Shutting down and abandoning module Paper2DEditor (272)
[2017.10.25-15.32.36:411][482]LogModuleManager: Shutting down and abandoning module MeshPaint (271)
[2017.10.25-15.32.36:411][482]LogModuleManager: Shutting down and abandoning module LevelEditor (269)
[2017.10.25-15.32.36:415][482]LogModuleManager: Shutting down and abandoning module PixelInspectorModule (268)
[2017.10.25-15.32.36:415][482]LogModuleManager: Shutting down and abandoning module MainFrame (266)
[2017.10.25-15.32.36:415][482]LogModuleManager: Shutting down and abandoning module HotReload (265)
[2017.10.25-15.32.36:417][482]LogModuleManager: Shutting down and abandoning module RuntimePhysXCooking (260)
[2017.10.25-15.32.36:417][482]LogModuleManager: Shutting down and abandoning module PhysXVehiclesEditor (258)
[2017.10.25-15.32.36:417][482]LogModuleManager: Shutting down and abandoning module PhysXVehicles (256)
[2017.10.25-15.32.36:417][482]LogModuleManager: Shutting down and abandoning module OculusEditor (254)
[2017.10.25-15.32.36:417][482]LogModuleManager: Shutting down and abandoning module LocationServicesBPLibrary (252)
[2017.10.25-15.32.36:417][482]LogModuleManager: Shutting down and abandoning module ImmediatePhysicsEditor (250)
[2017.10.25-15.32.36:417][482]LogModuleManager: Shutting down and abandoning module ImmediatePhysics (248)
[2017.10.25-15.32.36:418][482]LogModuleManager: Shutting down and abandoning module UdpMessaging (246)
[2017.10.25-15.32.36:518][482]LogModuleManager: Shutting down and abandoning module TcpMessaging (244)
[2017.10.25-15.32.36:620][482]LogModuleManager: Shutting down and abandoning module GameplayTagsEditor (242)
[2017.10.25-15.32.36:620][482]LogModuleManager: Shutting down and abandoning module FacialAnimationEditor (240)
[2017.10.25-15.32.36:620][482]LogModuleManager: Shutting down and abandoning module FacialAnimation (238)
[2017.10.25-15.32.36:620][482]LogModuleManager: Shutting down and abandoning module AssetManagerEditor (236)
[2017.10.25-15.32.36:621][482]LogModuleManager: Shutting down and abandoning module GraphEditor (235)
[2017.10.25-15.32.36:621][482]LogModuleManager: Shutting down and abandoning module ContentBrowser (233)
[2017.10.25-15.32.36:625][482]LogModuleManager: Shutting down and abandoning module LightPropagationVolumeRuntime (230)
[2017.10.25-15.32.36:625][482]LogModuleManager: Shutting down and abandoning module Paper2D (228)
[2017.10.25-15.32.36:625][482]LogModuleManager: Shutting down and abandoning module WindowsMoviePlayer (226)
[2017.10.25-15.32.36:625][482]LogModuleManager: Shutting down and abandoning module WmfMedia (224)
[2017.10.25-15.32.36:626][482]LogModuleManager: Shutting down and abandoning module PacketHandler (222)
[2017.10.25-15.32.36:626][482]LogModuleManager: Shutting down and abandoning module ClothingSystemEditor (220)
[2017.10.25-15.32.36:626][482]LogModuleManager: Shutting down and abandoning module ClothingSystemRuntime (218)
[2017.10.25-15.32.36:626][482]LogModuleManager: Shutting down and abandoning module Overlay (216)
[2017.10.25-15.32.36:626][482]LogModuleManager: Shutting down and abandoning module OverlayEditor (215)
[2017.10.25-15.32.36:626][482]LogModuleManager: Shutting down and abandoning module MediaAssets (212)
[2017.10.25-15.32.36:627][482]LogModuleManager: Shutting down and abandoning module VREditor (210)
[2017.10.25-15.32.36:627][482]LogModuleManager: Shutting down and abandoning module StringTableEditor (208)
[2017.10.25-15.32.36:627][482]LogModuleManager: Shutting down and abandoning module GameplayTasksEditor (206)
[2017.10.25-15.32.36:627][482]LogModuleManager: Shutting down and abandoning module BehaviorTreeEditor (204)
[2017.10.25-15.32.36:627][482]LogModuleManager: Shutting down and abandoning module FunctionalTesting (202)
[2017.10.25-15.32.36:627][482]LogModuleManager: Shutting down and abandoning module CollisionAnalyzer (200)
[2017.10.25-15.32.36:627][482]LogModuleManager: Shutting down and abandoning module WorkspaceMenuStructure (199)
[2017.10.25-15.32.36:627][482]LogModuleManager: Shutting down and abandoning module UMG (196)
[2017.10.25-15.32.36:627][482]LogModuleManager: Shutting down and abandoning module UMGEditor (195)
[2017.10.25-15.32.36:628][482]LogModuleManager: Shutting down and abandoning module Sequencer (194)
[2017.10.25-15.32.36:628][482]LogModuleManager: Shutting down and abandoning module MessageLog (191)
[2017.10.25-15.32.36:628][482]LogModuleManager: Shutting down and abandoning module SlateReflector (186)
[2017.10.25-15.32.36:628][482]LogModuleManager: Shutting down and abandoning module Slate (184)
[2017.10.25-15.32.36:628][482]LogModuleManager: Shutting down and abandoning module EditorStyle (182)
[2017.10.25-15.32.36:639][482]LogModuleManager: Shutting down and abandoning module MRMesh (180)
[2017.10.25-15.32.36:639][482]LogModuleManager: Shutting down and abandoning module SourceCodeAccess (178)
[2017.10.25-15.32.36:639][482]LogModuleManager: Shutting down and abandoning module HeadMountedDisplay (176)
[2017.10.25-15.32.36:639][482]LogModuleManager: Shutting down and abandoning module XAudio2 (174)
[2017.10.25-15.32.36:639][482]LogModuleManager: Shutting down and abandoning module Networking (172)
[2017.10.25-15.32.36:640][482]LogModuleManager: Shutting down and abandoning module Core (168)
[2017.10.25-15.32.36:640][482]LogModuleManager: Shutting down and abandoning module KismetCompiler (164)
[2017.10.25-15.32.36:640][482]LogModuleManager: Shutting down and abandoning module LevelSequence (162)
[2017.10.25-15.32.36:640][482]LogModuleManager: Shutting down and abandoning module MeshUtilities (160)
[2017.10.25-15.32.36:640][482]LogModuleManager: Shutting down and abandoning module MeshMergeUtilities (159)
[2017.10.25-15.32.36:640][482]LogModuleManager: Shutting down and abandoning module MeshReductionInterface (158)
[2017.10.25-15.32.36:640][482]LogModuleManager: Shutting down and abandoning module SimplygonSwarm (157)
[2017.10.25-15.32.36:640][482]LogModuleManager: Shutting down and abandoning module SimplygonMeshReduction (155)
[2017.10.25-15.32.36:640][482]LogModuleManager: Shutting down and abandoning module QuadricMeshReduction (153)
[2017.10.25-15.32.36:640][482]LogModuleManager: Shutting down and abandoning module MaterialBaking (149)
[2017.10.25-15.32.36:641][482]LogModuleManager: Shutting down and abandoning module DirectoryWatcher (146)
[2017.10.25-15.32.36:672][482]LogModuleManager: Shutting down and abandoning module DerivedDataCache (144)
[2017.10.25-15.32.36:695][482]LogDerivedDataCache: Shutdown
[2017.10.25-15.32.36:696][482]LogModuleManager: Shutting down and abandoning module TargetPlatform (142)
[2017.10.25-15.32.36:696][482]LogModuleManager: Shutting down and abandoning module VulkanShaderFormat (141)
[2017.10.25-15.32.36:696][482]LogModuleManager: Shutting down and abandoning module ShaderFormatVectorVM (139)
[2017.10.25-15.32.36:696][482]LogModuleManager: Shutting down and abandoning module ShaderFormatOpenGL (137)
[2017.10.25-15.32.36:696][482]LogModuleManager: Shutting down and abandoning module ShaderFormatD3D (135)
[2017.10.25-15.32.36:696][482]LogModuleManager: Shutting down and abandoning module MetalShaderFormat (133)
[2017.10.25-15.32.36:696][482]LogModuleManager: Shutting down and abandoning module TextureFormatUncompressed (131)
[2017.10.25-15.32.36:696][482]LogModuleManager: Shutting down and abandoning module TextureFormatPVR (129)
[2017.10.25-15.32.36:696][482]LogModuleManager: Shutting down and abandoning module TextureFormatDXT (127)
[2017.10.25-15.32.36:696][482]LogModuleManager: Shutting down and abandoning module TextureFormatIntelISPCTexComp (125)
[2017.10.25-15.32.36:697][482]LogModuleManager: Shutting down and abandoning module TextureFormatASTC (123)
[2017.10.25-15.32.36:697][482]LogModuleManager: Shutting down and abandoning module ImageWrapper (122)
[2017.10.25-15.32.36:697][482]LogModuleManager: Shutting down and abandoning module TextureFormatAndroid (119)
[2017.10.25-15.32.36:697][482]LogModuleManager: Shutting down and abandoning module AudioFormatOpus (117)
[2017.10.25-15.32.36:697][482]LogModuleManager: Shutting down and abandoning module AudioFormatOgg (115)
[2017.10.25-15.32.36:697][482]LogModuleManager: Shutting down and abandoning module AudioFormatADPCM (113)
[2017.10.25-15.32.36:697][482]LogModuleManager: Shutting down and abandoning module LinuxTargetPlatform (111)
[2017.10.25-15.32.36:697][482]LogModuleManager: Shutting down and abandoning module LinuxServerTargetPlatform (109)
[2017.10.25-15.32.36:698][482]LogModuleManager: Shutting down and abandoning module LinuxNoEditorTargetPlatform (107)
[2017.10.25-15.32.36:698][482]LogModuleManager: Shutting down and abandoning module LinuxClientTargetPlatform (105)
[2017.10.25-15.32.36:698][482]LogModuleManager: Shutting down and abandoning module TVOSTargetPlatform (103)
[2017.10.25-15.32.36:698][482]LogModuleManager: Shutting down and abandoning module Messaging (101)
[2017.10.25-15.32.36:698][482]LogModuleManager: Shutting down and abandoning module IOSTargetPlatform (99)
[2017.10.25-15.32.36:698][482]LogModuleManager: Shutting down and abandoning module HTML5TargetPlatform (97)
[2017.10.25-15.32.36:698][482]LogModuleManager: Shutting down and abandoning module Android_PVRTCTargetPlatform (95)
[2017.10.25-15.32.36:698][482]LogModuleManager: Shutting down and abandoning module Android_MultiTargetPlatform (93)
[2017.10.25-15.32.36:698][482]LogModuleManager: Shutting down and abandoning module Android_ETC2TargetPlatform (91)
[2017.10.25-15.32.36:698][482]LogModuleManager: Shutting down and abandoning module Android_ETC1TargetPlatform (89)
[2017.10.25-15.32.36:699][482]LogModuleManager: Shutting down and abandoning module Android_DXTTargetPlatform (87)
[2017.10.25-15.32.36:699][482]LogModuleManager: Shutting down and abandoning module Android_ATCTargetPlatform (85)
[2017.10.25-15.32.36:699][482]LogModuleManager: Shutting down and abandoning module Android_ASTCTargetPlatform (83)
[2017.10.25-15.32.36:699][482]LogModuleManager: Shutting down and abandoning module AndroidTargetPlatform (81)
[2017.10.25-15.32.36:699][482]LogModuleManager: Shutting down and abandoning module WindowsTargetPlatform (79)
[2017.10.25-15.32.36:699][482]LogModuleManager: Shutting down and abandoning module WindowsServerTargetPlatform (77)
[2017.10.25-15.32.36:699][482]LogModuleManager: Shutting down and abandoning module WindowsNoEditorTargetPlatform (75)
[2017.10.25-15.32.36:699][482]LogModuleManager: Shutting down and abandoning module WindowsClientTargetPlatform (73)
[2017.10.25-15.32.36:699][482]LogModuleManager: Shutting down and abandoning module MacTargetPlatform (71)
[2017.10.25-15.32.36:699][482]LogModuleManager: Shutting down and abandoning module MacServerTargetPlatform (69)
[2017.10.25-15.32.36:699][482]LogModuleManager: Shutting down and abandoning module MacNoEditorTargetPlatform (67)
[2017.10.25-15.32.36:700][482]LogModuleManager: Shutting down and abandoning module MacClientTargetPlatform (65)
[2017.10.25-15.32.36:700][482]LogModuleManager: Shutting down and abandoning module AllDesktopTargetPlatform (63)
[2017.10.25-15.32.36:700][482]LogModuleManager: Shutting down and abandoning module InputCore (60)
[2017.10.25-15.32.36:700][482]LogModuleManager: Shutting down and abandoning module Settings (58)
[2017.10.25-15.32.36:701][482]LogModuleManager: Shutting down and abandoning module PhysXCooking (56)
[2017.10.25-15.32.36:701][482]LogModuleManager: Shutting down and abandoning module SteamVR (54)
[2017.10.25-15.32.36:701][482]LogModuleManager: Shutting down and abandoning module OculusHMD (52)
[2017.10.25-15.32.36:701][482]LogModuleManager: Shutting down and abandoning module ExampleDeviceProfileSelector (50)
[2017.10.25-15.32.36:701][482]LogModuleManager: Shutting down and abandoning module OnlineBlueprintSupport (48)
[2017.10.25-15.32.36:701][482]LogModuleManager: Shutting down and abandoning module OnlineSubsystem (44)
[2017.10.25-15.32.36:701][482]LogOnline: Display: Unloading online subsystem: NULL
[2017.10.25-15.32.36:701][482]LogModuleManager: Shutting down and abandoning module XMPP (43)
[2017.10.25-15.32.36:702][482]LogModuleManager: Shutting down and abandoning module HTTP (41)
[2017.10.25-15.32.36:702][482]LogHttp: Display: Http module shutting down, but needs to wait on 1 outstanding Http requests:
[2017.10.25-15.32.36:702][482]LogHttp: Display: 	verb=[POST] url=[https://datarouter.ol.epicgames.com/datarouter/api/v1/public/data?SessionID=%7B005C3065-4482-82B9-4A18-858A8CADCC71%7D&AppID=UEEditor.Rocket.Release&AppVersion=4.17.2-3658906%2B%2B%2BUE4%2BRelease-4.17&UserID=4a9090a145fd0287ad2ec4a62a8fb4cc%7C01a7b7c22aef419f924e6120a094e671%7C19104614-d73b-401c-82fd-0a81808f2f01&AppEnvironment=datacollector-binary&UploadType=eteventstream] status=Processing
[2017.10.25-15.32.36:731][482]LogModuleManager: Shutting down and abandoning module SSL (40)
[2017.10.25-15.32.36:737][482]LogModuleManager: Shutting down and abandoning module AnimationModifiers (36)
[2017.10.25-15.32.36:738][482]LogModuleManager: Shutting down and abandoning module PropertyEditor (35)
[2017.10.25-15.32.36:738][482]LogModuleManager: Shutting down and abandoning module AudioEditor (32)
[2017.10.25-15.32.36:738][482]LogModuleManager: Shutting down and abandoning module TextureCompressor (30)
[2017.10.25-15.32.36:738][482]LogModuleManager: Shutting down and abandoning module ShaderCore (28)
[2017.10.25-15.32.36:738][482]LogModuleManager: Shutting down and abandoning module Landscape (26)
[2017.10.25-15.32.36:738][482]LogModuleManager: Shutting down and abandoning module SlateRHIRenderer (24)
[2017.10.25-15.32.36:749][482]LogModuleManager: Shutting down and abandoning module OpenGLDrv (22)
[2017.10.25-15.32.36:749][482]LogModuleManager: Shutting down and abandoning module D3D11RHI (20)
[2017.10.25-15.32.36:749][482]LogModuleManager: Shutting down and abandoning module AnimGraphRuntime (18)
[2017.10.25-15.32.36:749][482]LogModuleManager: Shutting down and abandoning module Renderer (16)
[2017.10.25-15.32.36:749][482]LogModuleManager: Shutting down and abandoning module Engine (14)
[2017.10.25-15.32.36:749][482]LogModuleManager: Shutting down and abandoning module CoreUObject (12)
[2017.10.25-15.32.36:749][482]LogModuleManager: Shutting down and abandoning module NetworkFile (10)
[2017.10.25-15.32.36:749][482]LogModuleManager: Shutting down and abandoning module CookedIterativeFile (8)
[2017.10.25-15.32.36:750][482]LogModuleManager: Shutting down and abandoning module StreamingFile (6)
[2017.10.25-15.32.36:750][482]LogModuleManager: Shutting down and abandoning module SandboxFile (4)
[2017.10.25-15.32.36:750][482]LogModuleManager: Shutting down and abandoning module PakFile (2)
[2017.10.25-15.32.36:760][482]LogExit: Exiting.
[2017.10.25-15.32.36:829][482]Log file closed, 10/25/17 08:32:36
