Log file open, 10/12/17 16:39:28
LogWindows: Failed to load 'aqProf.dll' (GetLastError=126)
LogWindows: File 'aqProf.dll' does not exist
LogWindows: Failed to load 'VtuneApi.dll' (GetLastError=126)
LogWindows: File 'VtuneApi.dll' does not exist
LogWindows: Failed to load 'VtuneApi32e.dll' (GetLastError=126)
LogWindows: File 'VtuneApi32e.dll' does not exist
LogInit: Display: Running engine for game: FRazavi_LevelDesign1
LogPlatformFile: Not using cached read wrapper
LogInit: Display: RandInit(945859311) SRandInit(945859311).
LogTaskGraph: Started task graph with 5 named threads and 14 total threads with 3 sets of task threads.
LogStats: Stats thread started at 0.394520
LogD3D11RHI: Aftermath initialized
LogPluginManager: Mounting plugin Paper2D
LogPluginManager: Mounting plugin LightPropagationVolume
LogPluginManager: Mounting plugin CodeLiteSourceCodeAccess
LogPluginManager: Mounting plugin GitSourceControl
LogPluginManager: Mounting plugin KDevelopSourceCodeAccess
LogPluginManager: Mounting plugin NullSourceCodeAccess
LogPluginManager: Mounting plugin PerforceSourceControl
LogPluginManager: Mounting plugin SubversionSourceControl
LogPluginManager: Mounting plugin UObjectPlugin
LogPluginManager: Mounting plugin VisualStudioSourceCodeAccess
LogPluginManager: Mounting plugin XCodeSourceCodeAccess
LogPluginManager: Mounting plugin AssetManagerEditor
LogPluginManager: Mounting plugin AudioCapture
LogPluginManager: Mounting plugin FacialAnimation
LogPluginManager: Mounting plugin GameplayTagsEditor
LogPluginManager: Mounting plugin MobileLauncherProfileWizard
LogPluginManager: Mounting plugin PluginBrowser
LogPluginManager: Mounting plugin SpeedTreeImporter
LogPluginManager: Mounting plugin AlembicImporter
LogPluginManager: Mounting plugin CharacterAI
LogPluginManager: Mounting plugin HTML5Networking
LogPluginManager: Mounting plugin AndroidMedia
LogPluginManager: Mounting plugin AvfMedia
LogPluginManager: Mounting plugin MediaPlayerEditor
LogPluginManager: Mounting plugin WmfMedia
LogPluginManager: Mounting plugin TcpMessaging
LogPluginManager: Mounting plugin UdpMessaging
LogPluginManager: Mounting plugin LevelSequenceEditor
LogPluginManager: Mounting plugin MatineeToLevelSequence
LogPluginManager: Mounting plugin OnlineSubsystemGooglePlay
LogPluginManager: Mounting plugin OnlineSubsystemIOS
LogPluginManager: Mounting plugin OnlineSubsystem
LogPluginManager: Mounting plugin OnlineSubsystemNull
LogPluginManager: Mounting plugin OnlineSubsystemUtils
LogPluginManager: Mounting plugin AndroidDeviceProfileSelector
LogPluginManager: Mounting plugin AndroidMoviePlayer
LogPluginManager: Mounting plugin AndroidPermission
LogPluginManager: Mounting plugin AppleMoviePlayer
LogPluginManager: Mounting plugin ArchVisCharacter
LogPluginManager: Mounting plugin CableComponent
LogPluginManager: Mounting plugin CustomMeshComponent
LogPluginManager: Mounting plugin ExampleDeviceProfileSelector
LogPluginManager: Mounting plugin GoogleCloudMessaging
LogPluginManager: Mounting plugin ImmediatePhysics
LogPluginManager: Mounting plugin IOSDeviceProfileSelector
LogPluginManager: Mounting plugin LinuxDeviceProfileSelector
LogPluginManager: Mounting plugin LocationServicesBPLibrary
LogPluginManager: Mounting plugin MobilePatchingUtils
LogPluginManager: Mounting plugin OculusVR
LogPluginManager: Mounting plugin PhysXVehicles
LogPluginManager: Mounting plugin ProceduralMeshComponent
LogPluginManager: Mounting plugin RuntimePhysXCooking
LogPluginManager: Mounting plugin SteamVR
LogPluginManager: Mounting plugin WindowsMoviePlayer
LogInit: Using libcurl 7.47.1
LogInit:  - built for x86_64-pc-win32
LogInit:  - supports SSL with OpenSSL/1.0.2g
LogInit:  - supports HTTP deflate (compression) using libz 1.2.8
LogInit:  - other features:
LogInit:      CURL_VERSION_SSL
LogInit:      CURL_VERSION_LIBZ
LogInit:      CURL_VERSION_IPV6
LogInit:      CURL_VERSION_ASYNCHDNS
LogInit:      CURL_VERSION_LARGEFILE
LogInit:      CURL_VERSION_IDN
LogInit:  CurlRequestOptions (configurable via config and command line):
LogInit:  - bVerifyPeer = false  - Libcurl will NOT verify peer certificate
LogInit:  - bUseHttpProxy = false  - Libcurl will NOT use HTTP proxy
LogInit:  - bDontReuseConnections = false  - Libcurl will reuse connections
LogInit:  - CertBundlePath = nullptr  - Libcurl will use whatever was configured at build time.
LogInit: Build: ++UE4+Release-4.17-CL-3658906
LogInit: Engine Version: 4.17.2-3658906+++UE4+Release-4.17
LogInit: Compatible Engine Version: 4.17.0-3573198+++UE4+Release-4.17
LogInit: Net CL: 3573198
LogDevObjectVersion: Number of dev versions registered: 16
LogDevObjectVersion:   Dev-Blueprints (B0D832E4-1F89-4F0D-ACCF-7EB736FD4AA2): 10
LogDevObjectVersion:   Dev-Build (E1C64328-A22C-4D53-A36C-8E866417BD8C): 0
LogDevObjectVersion:   Dev-Core (375EC13C-06E4-48FB-B500-84F0262A717E): 2
LogDevObjectVersion:   Dev-Editor (E4B068ED-F494-42E9-A231-DA0B2E46BB41): 20
LogDevObjectVersion:   Dev-Framework (CFFC743F-43B0-4480-9391-14DF171D2073): 28
LogDevObjectVersion:   Dev-Mobile (B02B49B5-BB20-44E9-A304-32B752E40360): 0
LogDevObjectVersion:   Dev-Networking (A4E4105C-59A1-49B5-A7C5-40C4547EDFEE): 0
LogDevObjectVersion:   Dev-Online (39C831C9-5AE6-47DC-9A44-9C173E1C8E7C): 0
LogDevObjectVersion:   Dev-Physics (78F01B33-EBEA-4F98-B9B4-84EACCB95AA2): 0
LogDevObjectVersion:   Dev-Platform (6631380F-2D4D-43E0-8009-CF276956A95A): 0
LogDevObjectVersion:   Dev-Rendering (12F88B9F-8875-4AFC-A67C-D90C383ABD29): 19
LogDevObjectVersion:   Dev-Sequencer (7B5AE74C-D270-4C10-A958-57980B212A5A): 4
LogDevObjectVersion:   Dev-VR (D7296918-1DD6-4BDD-9DE2-64A83CC13884): 0
LogDevObjectVersion:   Dev-LoadTimes (C2A15278-BFE7-4AFE-6C17-90FF531DF755): 1
LogDevObjectVersion:   Private-Geometry (6EACA3D4-40EC-4CC1-B786-8BED09428FC5): 1
LogDevObjectVersion:   Dev-AnimPhys (29E575DD-E0A3-4627-9D10-D276232CDCEA): 7
LogInit: Compiled (64-bit): Sep 22 2017 13:47:16
LogInit: Compiled with Visual C++: 19.00.24215.01
LogInit: Build Configuration: Development
LogInit: Branch Name: ++UE4+Release-4.17
LogInit: Command line:  
LogInit: Base directory: C:/Program Files/Epic Games/UE_4.17/Engine/Binaries/Win64/
LogInit: Installed Engine Build: 1
LogInit: Presizing for max 8388607 objects, including 0 objects not considered by GC, pre-allocating 0 bytes for permanent pool.
LogInit: Object subsystem initialized
[2017.10.12-23.39.32:062][  0]LogInit: Selected Device Profile: [Windows]
[2017.10.12-23.39.32:063][  0]LogInit: Applying CVar settings loaded from the selected device profile: [Windows]
[2017.10.12-23.39.32:177][  0]LogInit: Computer: FARANAKPC
[2017.10.12-23.39.32:177][  0]LogInit: User: Faranak
[2017.10.12-23.39.32:177][  0]LogInit: CPU Page size=4096, Cores=4
[2017.10.12-23.39.32:177][  0]LogInit: High frequency timer resolution =2.533207 MHz
[2017.10.12-23.39.32:178][  0]LogMemory: Memory total: Physical=15.9GB (16GB approx)
[2017.10.12-23.39.32:179][  0]LogMemory: Platform Memory Stats for Windows
[2017.10.12-23.39.32:179][  0]LogMemory: Process Physical Memory: 278.49 MB used, 278.49 MB peak
[2017.10.12-23.39.32:179][  0]LogMemory: Process Virtual Memory: 274.77 MB used, 274.77 MB peak
[2017.10.12-23.39.32:179][  0]LogMemory: Physical Memory: 5374.08 MB used,  10932.95 MB free, 16307.03 MB total
[2017.10.12-23.39.32:179][  0]LogMemory: Virtual Memory: 669.20 MB used,  10932.95 MB free, 134217728.00 MB total
[2017.10.12-23.39.34:664][  0]LogInit: Using OS detected language (en-US).
[2017.10.12-23.39.34:664][  0]LogInit: Using OS detected locale (en-US).
[2017.10.12-23.39.34:859][  0]LogTextLocalizationManager: No specific localization for 'en-US' exists, so the 'en' localization will be used.
[2017.10.12-23.39.44:754][  0]LogD3D11RHI: D3D11 adapters:
[2017.10.12-23.39.44:929][  0]LogD3D11RHI:    0. 'NVIDIA GeForce GTX 970M' (Feature Level 11_0)
[2017.10.12-23.39.44:929][  0]LogD3D11RHI:       3040/0/8153 MB DedicatedVideo/DedicatedSystem/SharedSystem, Outputs:2, VendorId:0x10de
[2017.10.12-23.39.44:949][  0]LogD3D11RHI:    1. 'Intel(R) HD Graphics 4600' (Feature Level 11_0)
[2017.10.12-23.39.44:949][  0]LogD3D11RHI:       112/0/2048 MB DedicatedVideo/DedicatedSystem/SharedSystem, Outputs:0, VendorId:0x8086
[2017.10.12-23.39.44:954][  0]LogD3D11RHI:    2. 'Microsoft Basic Render Driver' (Feature Level 11_0)
[2017.10.12-23.39.44:954][  0]LogD3D11RHI:       0/0/8153 MB DedicatedVideo/DedicatedSystem/SharedSystem, Outputs:0, VendorId:0x1414
[2017.10.12-23.39.44:954][  0]LogD3D11RHI: Chosen D3D11 Adapter: 0
[2017.10.12-23.39.44:979][  0]LogD3D11RHI: Creating new Direct3DDevice
[2017.10.12-23.39.44:979][  0]LogD3D11RHI:     GPU DeviceId: 0x13d8 (for the marketing name, search the web for "GPU Device Id")
[2017.10.12-23.39.44:979][  0]LogWindows: EnumDisplayDevices:
[2017.10.12-23.39.44:980][  0]LogWindows:    0. 'Intel(R) HD Graphics 4600' (P:1 D:1)
[2017.10.12-23.39.44:980][  0]LogWindows:    1. 'Intel(R) HD Graphics 4600' (P:0 D:1)
[2017.10.12-23.39.44:981][  0]LogWindows:    2. 'Intel(R) HD Graphics 4600' (P:0 D:0)
[2017.10.12-23.39.44:981][  0]LogWindows: DebugString: PrimaryIsNotTheChoosenAdapter PrimaryIsNotTheChoosenAdapter PrimaryIsNotTheChoosenAdapter FoundDriverCount:0 
[2017.10.12-23.39.44:981][  0]LogD3D11RHI:     Adapter Name: NVIDIA GeForce GTX 970M
[2017.10.12-23.39.44:981][  0]LogD3D11RHI:   Driver Version: Unknown (internal:Unknown, unified:Unknown)
[2017.10.12-23.39.44:981][  0]LogD3D11RHI:      Driver Date: Unknown
[2017.10.12-23.39.44:981][  0]LogRHI: Texture pool is 1361 MB (70% of 1945 MB)
[2017.10.12-23.39.45:045][  0]LogD3D11RHI: Async texture creation enabled
[2017.10.12-23.39.45:112][  0]LogD3D11RHI: GPU Timing Frequency: 1000.000000 (Debug: 2 1)
[2017.10.12-23.39.45:130][  0]LogShaderCompilers: Guid format shader working directory is -13 characters bigger than the processId version (../../../../../../Users/Faranak/Desktop/FRazavi_LevelDesign1/Intermediate/Shaders/WorkingDirectory/34732/).
[2017.10.12-23.39.45:130][  0]LogShaderCompilers: Cleaned the shader compiler working directory 'C:/Users/Faranak/AppData/Local/Temp/UnrealShaderWorkingDir/FF05210D48021EA964C2F1AA29FEEC3F/'.
[2017.10.12-23.39.45:131][  0]LogShaderCompilers: Display: Using Local Shader Compiler.
[2017.10.12-23.39.53:011][  0]LogTemp: Display: Loaded TP AllDesktopTargetPlatform
[2017.10.12-23.39.53:308][  0]LogTemp: Display: Loaded TP MacClientTargetPlatform
[2017.10.12-23.39.53:593][  0]LogTemp: Display: Loaded TP MacNoEditorTargetPlatform
[2017.10.12-23.39.53:877][  0]LogTemp: Display: Loaded TP MacServerTargetPlatform
[2017.10.12-23.39.54:183][  0]LogTemp: Display: Loaded TP MacTargetPlatform
[2017.10.12-23.39.54:465][  0]LogTemp: Display: Loaded TP WindowsClientTargetPlatform
[2017.10.12-23.39.54:748][  0]LogTemp: Display: Loaded TP WindowsNoEditorTargetPlatform
[2017.10.12-23.39.55:029][  0]LogTemp: Display: Loaded TP WindowsServerTargetPlatform
[2017.10.12-23.39.55:298][  0]LogTemp: Display: Loaded TP WindowsTargetPlatform
[2017.10.12-23.39.55:597][  0]LogTemp: Display: Loaded TP AndroidTargetPlatform
[2017.10.12-23.39.55:875][  0]LogTemp: Display: Loaded TP Android_ASTCTargetPlatform
[2017.10.12-23.39.56:153][  0]LogTemp: Display: Loaded TP Android_ATCTargetPlatform
[2017.10.12-23.39.56:455][  0]LogTemp: Display: Loaded TP Android_DXTTargetPlatform
[2017.10.12-23.39.56:745][  0]LogTemp: Display: Loaded TP Android_ETC1TargetPlatform
[2017.10.12-23.39.57:023][  0]LogTemp: Display: Loaded TP Android_ETC2TargetPlatform
[2017.10.12-23.39.57:582][  0]LogTemp: Display: Loaded TP Android_MultiTargetPlatform
[2017.10.12-23.39.57:583][  0]LogTemp: Display: Loaded TP Android_PVRTCTargetPlatform
[2017.10.12-23.39.57:818][  0]LogTemp: Display: Loaded TP HTML5TargetPlatform
[2017.10.12-23.39.58:274][  0]LogTemp: Display: Loaded TP IOSTargetPlatform
[2017.10.12-23.39.58:446][  0]LogTemp: Display: Loaded TP TVOSTargetPlatform
[2017.10.12-23.39.58:724][  0]LogTemp: Display: Loaded TP LinuxClientTargetPlatform
[2017.10.12-23.39.59:000][  0]LogTemp: Display: Loaded TP LinuxNoEditorTargetPlatform
[2017.10.12-23.39.59:280][  0]LogTemp: Display: Loaded TP LinuxServerTargetPlatform
[2017.10.12-23.39.59:573][  0]LogTemp: Display: Loaded TP LinuxTargetPlatform
[2017.10.12-23.39.59:574][  0]LogTargetPlatformManager: Display: Building Assets For Windows
[2017.10.12-23.40.02:806][  0]LogDerivedDataCache: Display: Max Cache Size: 512 MB
[2017.10.12-23.40.03:765][  0]LogDerivedDataCache: Loaded boot cache 0.96s 93MB C:/Users/Faranak/AppData/Local/UnrealEngine/4.17/DerivedDataCache/Boot.ddc.
[2017.10.12-23.40.03:766][  0]LogDerivedDataCache: Display: Loaded Boot cache: C:/Users/Faranak/AppData/Local/UnrealEngine/4.17/DerivedDataCache/Boot.ddc
[2017.10.12-23.40.03:766][  0]LogDerivedDataCache: FDerivedDataBackendGraph:  Pak pak cache file ../../../../../../Users/Faranak/Desktop/FRazavi_LevelDesign1/DerivedDataCache/DDC.ddp not found, will not use a pak cache.
[2017.10.12-23.40.03:766][  0]LogDerivedDataCache: Unable to find inner node Pak for hierarchical cache Hierarchy.
[2017.10.12-23.40.03:766][  0]LogDerivedDataCache: FDerivedDataBackendGraph:  CompressedPak pak cache file ../../../../../../Users/Faranak/Desktop/FRazavi_LevelDesign1/DerivedDataCache/Compressed.ddp not found, will not use a pak cache.
[2017.10.12-23.40.03:766][  0]LogDerivedDataCache: Unable to find inner node CompressedPak for hierarchical cache Hierarchy.
[2017.10.12-23.40.03:863][  0]LogDerivedDataCache: Display: Pak cache opened for reading ../../../Engine/DerivedDataCache/Compressed.ddp.
[2017.10.12-23.40.03:879][  0]LogDerivedDataCache: Using Local data cache path C:/Users/Faranak/AppData/Local/UnrealEngine/Common/DerivedDataCache: Writable
[2017.10.12-23.40.03:928][  0]LogMaterial: Verifying Global Shaders for PCD3D_SM5
[2017.10.12-23.40.03:938][  0]LogSlate: Using Freetype 2.6.0
[2017.10.12-23.40.03:992][  0]LogSlate: SlateFontCache - WITH_FREETYPE: 1, WITH_HARFBUZZ: 1
[2017.10.12-23.40.03:992][  0]LogSlate: SlateFontCache - WITH_FREETYPE: 1, WITH_HARFBUZZ: 1
[2017.10.12-23.40.07:483][  0]LogAssetRegistry: FAssetRegistry took 0.0471 seconds to start up
[2017.10.12-23.40.08:121][  0]LogInit: Selected Device Profile: [Windows]
[2017.10.12-23.40.09:457][  0]LogContentStreaming: Texture pool size is 0.00 MB
[2017.10.12-23.40.11:288][  0]LogSimplygon: Simplygon DLL not present - disabling.
[2017.10.12-23.40.11:536][  0]LogMeshReduction: Using SimplygonSwarm for distributed automatic mesh merging
[2017.10.12-23.40.11:537][  0]LogMeshReduction: Using QuadricMeshReduction for automatic static mesh reduction
[2017.10.12-23.40.11:537][  0]LogMeshReduction: No automatic skeletal mesh reduction module available
[2017.10.12-23.40.11:537][  0]LogMeshReduction: No automatic mesh merging module available
[2017.10.12-23.40.11:537][  0]LogMeshMerging: No automatic mesh merging module available
[2017.10.12-23.40.14:337][  0]LogNetVersion: FRazavi_LevelDesign1 , NetCL: 3573198, EngineNetVer: 2, GameNetVer: 0 (Checksum: 2915890311)
[2017.10.12-23.40.16:089][  0]LogPackageLocalizationCache: Processed 5 localized package path(s) for 2 prioritized culture(s) in 0.209829 seconds
[2017.10.12-23.40.16:110][  0]LogUObjectArray: 35825 objects as part of root set at end of initial load.
[2017.10.12-23.40.16:110][  0]LogUObjectAllocator: 7529104 out of 0 bytes used by permanent object pool.
[2017.10.12-23.40.16:110][  0]LogUObjectArray: CloseDisregardForGC: 0/0 objects in disregard for GC pool
[2017.10.12-23.40.16:510][  0]LogInit: WinSock: version 1.1 (2.2), MaxSocks=32767, MaxUdp=65467
[2017.10.12-23.40.38:112][  0]LogTcpMessaging: Initializing TcpMessaging bridge
[2017.10.12-23.40.38:291][  0]LogUdpMessaging: Initializing bridge on interface 0.0.0.0:0 to multicast group 230.0.0.1:6666.
[2017.10.12-23.40.42:004][  0]LogMaterial: Uniform references updated for custom material expression Custom.
[2017.10.12-23.40.44:530][  0]SourceControl: Source control is disabled
[2017.10.12-23.40.44:530][  0]SourceControl: Source control is disabled
[2017.10.12-23.40.44:813][  0]SourceControl: Source control is disabled
[2017.10.12-23.40.45:094][  0]SourceControl: Source control is disabled
[2017.10.12-23.40.48:598][  0]LogAndroidPermission: UAndroidPermissionCallbackProxy::GetInstance
[2017.10.12-23.40.49:991][  0]LogOcInput: OculusInput pre-init called
[2017.10.12-23.40.51:483][  0]LogEngine: Initializing Engine...
[2017.10.12-23.40.51:491][  0]LogHMD: Failed to initialize OpenVR with code 110
[2017.10.12-23.40.52:846][  0]LogStats: UGameplayTagsManager::ConstructGameplayTagTree: Construct from data asset -  0.000 s
[2017.10.12-23.40.52:847][  0]LogStats: UGameplayTagsManager::ConstructGameplayTagTree: GameplayTagTreeChangedEvent.Broadcast -  0.000 s
[2017.10.12-23.40.53:643][  0]LogAIModule: Creating AISystem for world Untitled
[2017.10.12-23.40.53:698][  0]LogInit: XAudio2 using 'Speakers (Realtek High Definition Audio)' : 2 channels at 48 kHz using 32 bits per sample (channel mask 0x3)
[2017.10.12-23.40.53:746][  0]LogInit: FAudioDevice initialized.
[2017.10.12-23.40.53:945][  0]LogDerivedDataCache: Saved boot cache 0.20s 93MB C:/Users/Faranak/AppData/Local/UnrealEngine/4.17/DerivedDataCache/Boot.ddc.
[2017.10.12-23.40.53:982][  0]LogInit: Texture streaming: Enabled
[2017.10.12-23.40.54:692][  0]LogEngineSessionManager: EngineSessionManager initialized
[2017.10.12-23.40.56:042][  0]LogInit: Transaction tracking system initialized
[2017.10.12-23.40.57:878][  0]BlueprintLog: New page: Editor Load
[2017.10.12-23.41.03:423][  0]LocalizationService: Localization service is disabled
[2017.10.12-23.41.07:570][  0]LogConsoleResponse: Display: 
[2017.10.12-23.41.09:939][  0]LogCook: Display: Max memory allowance for cook 16384mb min free memory 0mb
[2017.10.12-23.41.09:940][  0]LogCook: Display: Mobile HDR setting 1
[2017.10.12-23.41.09:942][  0]LogGameplayTags: Display: UGameplayTagsManager::DoneAddingNativeTags. DelegateIsBound: 0
[2017.10.12-23.41.10:794][  0]LogFileCache: Scanning file cache for directory 'C:/Users/Faranak/Desktop/FRazavi_LevelDesign1/Content/' took 0.04s
[2017.10.12-23.41.16:368][  0]SourceControl: Source control is disabled
[2017.10.12-23.41.16:371][  0]Cmd: MAP LOAD FILE="../../../../../../Users/Faranak/Desktop/FRazavi_LevelDesign1/Content/ThirdPersonBP/Maps/ThirdPersonExampleMap.umap" TEMPLATE=0 SHOWPROGRESS=1 FEATURELEVEL=3
[2017.10.12-23.41.16:374][  0]LightingResults: New page: Lighting Build
[2017.10.12-23.41.16:623][  0]MapCheck: New page: Map Check
[2017.10.12-23.41.16:623][  0]LightingResults: New page: Lighting Build
[2017.10.12-23.41.20:990][  0]LogAIModule: Creating AISystem for world ThirdPersonExampleMap
[2017.10.12-23.41.21:121][  0]LogEditorServer: Finished looking for orphan Actors (0.000 secs)
[2017.10.12-23.41.21:216][  0]Cmd: MAP CHECKDEP NOCLEARLOG
[2017.10.12-23.41.21:480][  0]MapCheck: Map check complete: 0 Error(s), 0 Warning(s), took 263.814ms to complete.
[2017.10.12-23.41.21:480][  0]LogFileHelpers: Loading map 'ThirdPersonExampleMap' took 5.111
[2017.10.12-23.41.22:221][  0]LogCollectionManager: Loaded 0 collections in 0.006636 seconds
[2017.10.12-23.41.22:572][  0]LogFileCache: Scanning file cache for directory 'C:/Users/Faranak/Desktop/FRazavi_LevelDesign1/Saved/Collections/' took 0.01s
[2017.10.12-23.41.22:573][  0]LogFileCache: Scanning file cache for directory 'C:/Users/Faranak/Desktop/FRazavi_LevelDesign1/Content/Developers/Faranak/Collections/' took 0.01s
[2017.10.12-23.41.22:573][  0]LogFileCache: Scanning file cache for directory 'C:/Users/Faranak/Desktop/FRazavi_LevelDesign1/Content/Collections/' took 0.01s
[2017.10.12-23.41.22:573][  0]LogCollectionManager: Rebuilt the GUID cache for 0 collections in 0.000002 seconds
[2017.10.12-23.41.22:608][  0]LogContentBrowser: Native class hierarchy populated in 0.0328 seconds. Added 2386 classes and 500 folders.
[2017.10.12-23.41.23:004][  0]LogContentBrowser: Native class hierarchy updated for 'WidgetCarousel' in 0.0039 seconds. Added 0 classes and 0 folders.
[2017.10.12-23.41.24:340][  0]LogContentBrowser: Native class hierarchy updated for 'AddContentDialog' in 0.0024 seconds. Added 0 classes and 0 folders.
[2017.10.12-23.41.24:599][  0]LogContentBrowser: Native class hierarchy updated for 'SceneOutliner' in 0.0024 seconds. Added 1 classes and 2 folders.
[2017.10.12-23.41.25:100][  0]LogSlate: Took 0.017645 seconds to synchronously load lazily loaded font '../../../Engine/Content/Slate/Fonts/Roboto-Regular.ttf' (155K)
[2017.10.12-23.41.25:123][  0]LogSlate: Took 0.014940 seconds to synchronously load lazily loaded font '../../../Engine/Content/Slate/Fonts/Roboto-Bold.ttf' (160K)
[2017.10.12-23.41.25:159][  0]LogSlate: Took 0.015309 seconds to synchronously load lazily loaded font '../../../Engine/Content/Editor/Slate/Fonts/FontAwesome.ttf' (139K)
[2017.10.12-23.41.25:757][  0]LogRenderer: Reallocating scene render targets to support 1208x604 Format 10 NumSamples 1 (Frame:1).
[2017.10.12-23.41.26:497][  0]LogContentBrowser: Native class hierarchy updated for 'HierarchicalLODOutliner' in 0.0025 seconds. Added 1 classes and 2 folders.
[2017.10.12-23.41.26:497][  0]LogLoad: (Engine Initialization) Total time: 124.27 seconds
[2017.10.12-23.41.26:498][  0]LogLoad: (Engine Initialization) Total Blueprint compile time: 0.00 seconds
[2017.10.12-23.41.26:499][  0]LogExternalProfiler: Found external profiler: VSPerf
[2017.10.12-23.41.26:499][  0]LogExternalProfiler: Using external profiler: VSPerf
[2017.10.12-23.41.26:563][  0]LogContentStreaming: Texture pool size now 1000 MB
[2017.10.12-23.41.26:861][  0]LogSlate: Took 0.015818 seconds to synchronously load lazily loaded font '../../../Engine/Content/Slate/Fonts/Roboto-Light.ttf' (159K)
[2017.10.12-23.41.27:257][  5]LogAssetRegistry: Asset discovery search completed in 79.7983 seconds
[2017.10.12-23.41.27:263][  5]LogCollectionManager: Rebuilt the object cache for 0 collections in 0.000001 seconds (found 0 objects)
[2017.10.12-23.41.27:263][  5]LogCollectionManager: Fixed up redirectors for 0 collections in 0.000152 seconds (updated 0 objects)
[2017.10.12-23.41.27:663][ 13]LogSlate: Took 0.001087 seconds to synchronously load lazily loaded font '../../../Engine/Content/Slate/Fonts/Roboto-Light.ttf' (159K)
[2017.10.12-23.55.30:246][534]LogEditorViewport: Clicking on Actor (LMB): PointLight (PointLight3)
[2017.10.12-23.55.41:681][941]Cmd: CAMERA ALIGN ACTIVEVIEWPORTONLY
[2017.10.12-23.56.08:705][943]MapCheck: New page: Map Check
[2017.10.12-23.56.08:779][943]Cmd: MAP REBUILD ALLVISIBLE
[2017.10.12-23.56.08:780][943]LogEditorServer: Rebuildmap Clear paths rebuilt
[2017.10.12-23.56.29:123][943]LightingResults: New page: Lighting Build - Oct 12, 2017, 9:56:29 AM
[2017.10.12-23.56.29:395][943]LogSwarmInterface: [OpenConnection] Registering TCP channel ...
[2017.10.12-23.56.29:694][943]LogSwarmInterface: [OpenConnection] Connecting to agent ...
[2017.10.12-23.56.29:810][943]LogSwarmInterface: [TryOpenConnection] Testing the Agent
[2017.10.12-23.56.31:913][943]LogSwarmInterface: [TryOpenConnection] Opening Connection to Agent
[2017.10.12-23.56.31:914][943]LogSwarmInterface: [TryOpenConnection] Local Process ID is 34732
[2017.10.12-23.56.36:944][943]LogStaticLightingSystem: Running Lightmass w/ ImmediateImport mode ENABLED
[2017.10.12-23.56.36:944][943]LogStaticLightingSystem: Running Lightmass w/ ImmediateProcess mode ENABLED
[2017.10.12-23.56.36:944][943]LogStaticLightingSystem: Running Lightmass w/ Sorting mode ENABLED
[2017.10.12-23.56.36:944][943]LogStaticLightingSystem: Running Lightmass w/ Mapping paddings ENABLED
[2017.10.12-23.56.36:944][943]LogStaticLightingSystem: Running Lightmass w/ Mapping debug paddings DISABLED
[2017.10.12-23.56.37:948][943]LogEditorBuildUtils: Build time 0:29
[2017.10.12-23.56.38:290][944]LogSlate: Took 0.000548 seconds to synchronously load lazily loaded font '../../../Engine/Content/Slate/Fonts/Roboto-Light.ttf' (159K)
[2017.10.12-23.56.41:519][944]LogSlate: Took 0.000587 seconds to synchronously load lazily loaded font '../../../Engine/Content/Slate/Fonts/Roboto-Regular.ttf' (155K)
[2017.10.12-23.56.42:087][944]LogSavePackage: Save=3549.74ms
[2017.10.12-23.56.42:088][944]LogSavePackage: Moving '../../../../../../Users/Faranak/Desktop/FRazavi_LevelDesign1/Saved/ThirdPersonExampleMap_Auto14EE57A00490E5C74ABDB4EB04A4E5E8B.tmp' to '../../../../../../Users/Faranak/Desktop/FRazavi_LevelDesign1/Saved/Autosaves/Game/ThirdPersonBP/Maps/ThirdPersonExampleMap_Auto1.umap'
[2017.10.12-23.56.42:097][944]LogSavePackage: Display: Finished SavePackage ../../../../../../Users/Faranak/Desktop/FRazavi_LevelDesign1/Saved/Autosaves/Game/ThirdPersonBP/Maps/ThirdPersonExampleMap_Auto1.umap
[2017.10.12-23.56.42:106][944]LogFileHelpers: Editor autosave (incl. sublevels) for '/Game/ThirdPersonBP/Maps/ThirdPersonExampleMap' took 3.687
[2017.10.12-23.56.42:106][944]LogFileHelpers: Editor autosave (incl. sublevels) for all levels took 3.687
[2017.10.12-23.56.59:827][525]Job is a success!
[2017.10.12-23.57.01:420][526]LightingResults: Error: PointLight2_8 Severe performance loss: Failed to allocate shadowmap channel for stationary light due to overlap - light will fall back to dynamic shadows!
[2017.10.12-23.57.03:418][526]LogTexture: Display: Building textures: SkyOcclusion0_1 (AutoDXT, 1024X512)
[2017.10.12-23.57.03:418][526]LogTexture: Display: Building textures: HQ_Lightmap0_1 (AutoDXT, 1024X1024)
[2017.10.12-23.57.03:418][526]LogTexture: Display: Building textures: LQ_Lightmap_0_1 (DXT1, 1024X1024)
[2017.10.12-23.57.03:418][526]LogTexture: Display: Building textures: SkyOcclusion0_2 (AutoDXT, 1024X512)
[2017.10.12-23.57.03:418][526]LogTexture: Display: Building textures: HQ_Lightmap0_2 (AutoDXT, 1024X1024)
[2017.10.12-23.57.03:418][526]LogTexture: Display: Building textures: LQ_Lightmap_0_2 (DXT1, 1024X1024)
[2017.10.12-23.57.03:418][526]LogTexture: Display: Building textures: SkyOcclusion0_3 (AutoDXT, 64X32)
[2017.10.12-23.57.03:418][526]LogTexture: Display: Building textures: HQ_Lightmap0_3 (AutoDXT, 64X64)
[2017.10.12-23.57.03:418][526]LogTexture: Display: Building textures: LQ_Lightmap_0_3 (DXT1, 64X64)
[2017.10.12-23.57.03:618][526]LogTexture: Display: Building textures: ShadowMapTexture2D_1 (BGRA8, 64X32)
[2017.10.12-23.57.04:412][526]LogTexture: Display: Building textures: ShadowMapTexture2D_0 (BGRA8, 1024X1024)
[2017.10.12-23.57.04:582][526]Lightmass on FARANAKPC: 19.3 sec total, 952 ms importing, 152 ms setup, 3.84 sec photons, 14.2 sec processing, 0 ms extra exporting [1245/1245 mappings]. Threads: 1:39 min total, 37.5 sec processing.
[2017.10.12-23.57.05:021][526]LogStaticLightingSystem: Illumination: 35.8 sec (1.99 sec encoding lightmaps, 991 ms encoding shadowmaps)
[2017.10.12-23.57.05:021][526]LogStaticLightingSystem: Lightmap texture memory:  5.3 MB (0.0 MB streaming, 5.3 MB non-streaming), 6 textures
[2017.10.12-23.57.05:021][526]LogStaticLightingSystem: Shadowmap texture memory: 5.3 MB (0.0 MB streaming, 5.3 MB non-streaming), 2 textures
[2017.10.12-23.57.09:975][526]DumpUnbuiltLightIteractions
[2017.10.12-23.57.09:975][526]Lights with unbuilt interactions: 0
[2017.10.12-23.57.09:975][526]
[2017.10.12-23.57.09:975][526]Primitives with unbuilt interactions: 0
[2017.10.12-23.57.10:018][527]Cmd: MAP CHECK NOTIFYRESULTS
[2017.10.12-23.57.10:019][527]MapCheck: New page: ThirdPersonExampleMap - Oct 12, 2017, 9:57:10 AM
[2017.10.12-23.57.10:506][527]MapCheck: Map check complete: 0 Error(s), 0 Warning(s), took 486.775ms to complete.
[2017.10.12-23.59.41:848][690]MapCheck: New page: Map Check
[2017.10.12-23.59.41:906][690]Cmd: MAP REBUILD ALLVISIBLE
[2017.10.12-23.59.41:907][690]LogEditorServer: Rebuildmap Clear paths rebuilt
[2017.10.13-00.00.01:670][690]LightingResults: New page: Lighting Build - Oct 12, 2017, 10:00:01 AM
[2017.10.13-00.00.01:762][690]LogSwarmInterface: [OpenConnection] Registering TCP channel ...
[2017.10.13-00.00.01:772][690]LogSwarmInterface: [OpenConnection] Connecting to agent ...
[2017.10.13-00.00.01:772][690]LogSwarmInterface: [TryOpenConnection] Testing the Agent
[2017.10.13-00.00.01:775][690]LogSwarmInterface: [TryOpenConnection] Opening Connection to Agent
[2017.10.13-00.00.01:775][690]LogSwarmInterface: [TryOpenConnection] Local Process ID is 34732
[2017.10.13-00.00.06:320][690]LogStaticLightingSystem: Running Lightmass w/ ImmediateImport mode ENABLED
[2017.10.13-00.00.06:320][690]LogStaticLightingSystem: Running Lightmass w/ ImmediateProcess mode ENABLED
[2017.10.13-00.00.06:321][690]LogStaticLightingSystem: Running Lightmass w/ Sorting mode ENABLED
[2017.10.13-00.00.06:321][690]LogStaticLightingSystem: Running Lightmass w/ Mapping paddings ENABLED
[2017.10.13-00.00.06:321][690]LogStaticLightingSystem: Running Lightmass w/ Mapping debug paddings DISABLED
[2017.10.13-00.00.07:141][690]LogEditorBuildUtils: Build time 0:25
[2017.10.13-00.00.24:568][264]Job is a success!
[2017.10.13-00.00.26:109][265]LightingResults: Error: PointLight2_8 Severe performance loss: Failed to allocate shadowmap channel for stationary light due to overlap - light will fall back to dynamic shadows!
[2017.10.13-00.00.28:008][265]LogTexture: Display: Building textures: SkyOcclusion1_1 (AutoDXT, 1024X512)
[2017.10.13-00.00.28:008][265]LogTexture: Display: Building textures: HQ_Lightmap1_1 (AutoDXT, 1024X1024)
[2017.10.13-00.00.28:008][265]LogTexture: Display: Building textures: LQ_Lightmap_1_1 (DXT1, 1024X1024)
[2017.10.13-00.00.28:008][265]LogTexture: Display: Building textures: SkyOcclusion1_2 (AutoDXT, 1024X512)
[2017.10.13-00.00.28:008][265]LogTexture: Display: Building textures: HQ_Lightmap1_2 (AutoDXT, 1024X1024)
[2017.10.13-00.00.28:008][265]LogTexture: Display: Building textures: LQ_Lightmap_1_2 (DXT1, 1024X1024)
[2017.10.13-00.00.28:008][265]LogTexture: Display: Building textures: SkyOcclusion1_3 (AutoDXT, 64X32)
[2017.10.13-00.00.28:008][265]LogTexture: Display: Building textures: HQ_Lightmap1_3 (AutoDXT, 64X64)
[2017.10.13-00.00.28:008][265]LogTexture: Display: Building textures: LQ_Lightmap_1_3 (DXT1, 64X64)
[2017.10.13-00.00.28:208][265]LogTexture: Display: Building textures: ShadowMapTexture2D_3 (BGRA8, 64X32)
[2017.10.13-00.00.29:214][265]LogTexture: Display: Building textures: ShadowMapTexture2D_2 (BGRA8, 1024X1024)
[2017.10.13-00.00.29:339][265]Lightmass on FARANAKPC: 19.5 sec total, 607 ms importing, 120 ms setup, 3.76 sec photons, 15.0 sec processing, 0 ms extra exporting [1245/1245 mappings]. Threads: 1:44 min total, 41.6 sec processing.
[2017.10.13-00.00.29:757][265]LogStaticLightingSystem: Illumination: 28.0 sec (1.89 sec encoding lightmaps, 1.20 sec encoding shadowmaps)
[2017.10.13-00.00.29:758][265]LogStaticLightingSystem: Lightmap texture memory:  5.3 MB (0.0 MB streaming, 5.3 MB non-streaming), 6 textures
[2017.10.13-00.00.29:758][265]LogStaticLightingSystem: Shadowmap texture memory: 5.3 MB (0.0 MB streaming, 5.3 MB non-streaming), 2 textures
[2017.10.13-00.00.30:343][265]DumpUnbuiltLightIteractions
[2017.10.13-00.00.30:344][265]Lights with unbuilt interactions: 0
[2017.10.13-00.00.30:344][265]
[2017.10.13-00.00.30:344][265]Primitives with unbuilt interactions: 0
[2017.10.13-00.00.30:391][266]Cmd: MAP CHECK NOTIFYRESULTS
[2017.10.13-00.00.30:391][266]MapCheck: New page: ThirdPersonExampleMap - Oct 12, 2017, 10:00:30 AM
[2017.10.13-00.00.30:887][266]MapCheck: Map check complete: 0 Error(s), 0 Warning(s), took 495.947ms to complete.
[2017.10.13-00.00.51:275][ 18]LogTemp: Repeating last play command: Selected Viewport
[2017.10.13-00.00.51:443][ 18]LogBlueprintUserMessages: Early PlayInEditor Detection: Level '/Game/ThirdPersonBP/Maps/ThirdPersonExampleMap.ThirdPersonExampleMap:PersistentLevel' has LevelScriptBlueprint '/Game/ThirdPersonBP/Maps/ThirdPersonExampleMap.ThirdPersonExampleMap:PersistentLevel.ThirdPersonExampleMap' with GeneratedClass '/Game/ThirdPersonBP/Maps/ThirdPersonExampleMap.ThirdPersonExampleMap_C' with ClassGeneratedBy '/Game/ThirdPersonBP/Maps/ThirdPersonExampleMap.ThirdPersonExampleMap:PersistentLevel.ThirdPersonExampleMap'
[2017.10.13-00.00.51:443][ 18]LogPlayLevel: PlayLevel: No blueprints needed recompiling
[2017.10.13-00.00.51:445][ 18]PIE: New page: PIE session: ThirdPersonExampleMap (Oct 12, 2017, 10:00:51 AM)
[2017.10.13-00.00.51:445][ 18]LogPlayLevel: Creating play world package: /Game/ThirdPersonBP/Maps/UEDPIE_0_ThirdPersonExampleMap
[2017.10.13-00.00.51:679][ 18]LogPlayLevel: PIE: StaticDuplicateObject took: (0.234124s)
[2017.10.13-00.00.51:683][ 18]LogAIModule: Creating AISystem for world ThirdPersonExampleMap
[2017.10.13-00.00.51:684][ 18]LogPlayLevel: PIE: World Init took: (0.004372s)
[2017.10.13-00.00.51:685][ 18]LogPlayLevel: PIE: Created PIE world by copying editor world from /Game/ThirdPersonBP/Maps/ThirdPersonExampleMap.ThirdPersonExampleMap to /Game/ThirdPersonBP/Maps/UEDPIE_0_ThirdPersonExampleMap.ThirdPersonExampleMap (0.240200s)
[2017.10.13-00.00.51:741][ 18]LogInit: XAudio2 using 'Speakers (Realtek High Definition Audio)' : 2 channels at 48 kHz using 32 bits per sample (channel mask 0x3)
[2017.10.13-00.00.51:778][ 18]LogInit: FAudioDevice initialized.
[2017.10.13-00.00.51:871][ 18]LogLoad: Game class is 'ThirdPersonGameMode_C'
[2017.10.13-00.00.51:895][ 18]LogWorld: Bringing World /Game/ThirdPersonBP/Maps/UEDPIE_0_ThirdPersonExampleMap.ThirdPersonExampleMap up for play (max tick rate 60) at 2017.10.12-17.00.51
[2017.10.13-00.00.51:900][ 18]LogWorld: Bringing up level for play took: 0.021468
[2017.10.13-00.00.52:158][ 18]LogContentBrowser: Native class hierarchy updated for 'MovieSceneCapture' in 0.0027 seconds. Added 11 classes and 0 folders.
[2017.10.13-00.00.52:162][ 18]PIE: Play in editor start time for /Game/ThirdPersonBP/Maps/UEDPIE_0_ThirdPersonExampleMap 0.356
[2017.10.13-00.00.52:163][ 18]LogBlueprintUserMessages: Late PlayInEditor Detection: Level '/Game/ThirdPersonBP/Maps/ThirdPersonExampleMap.ThirdPersonExampleMap:PersistentLevel' has LevelScriptBlueprint '/Game/ThirdPersonBP/Maps/ThirdPersonExampleMap.ThirdPersonExampleMap:PersistentLevel.ThirdPersonExampleMap' with GeneratedClass '/Game/ThirdPersonBP/Maps/ThirdPersonExampleMap.ThirdPersonExampleMap_C' with ClassGeneratedBy '/Game/ThirdPersonBP/Maps/ThirdPersonExampleMap.ThirdPersonExampleMap:PersistentLevel.ThirdPersonExampleMap'
[2017.10.13-00.01.10:774][793]LogBlueprintUserMessages: Early EndPlayMap Detection: Level '/Game/ThirdPersonBP/Maps/ThirdPersonExampleMap.ThirdPersonExampleMap:PersistentLevel' has LevelScriptBlueprint '/Game/ThirdPersonBP/Maps/ThirdPersonExampleMap.ThirdPersonExampleMap:PersistentLevel.ThirdPersonExampleMap' with GeneratedClass '/Game/ThirdPersonBP/Maps/ThirdPersonExampleMap.ThirdPersonExampleMap_C' with ClassGeneratedBy '/Game/ThirdPersonBP/Maps/ThirdPersonExampleMap.ThirdPersonExampleMap:PersistentLevel.ThirdPersonExampleMap'
[2017.10.13-00.01.10:872][793]LogBlueprintUserMessages: Late EndPlayMap Detection: Level '/Game/ThirdPersonBP/Maps/ThirdPersonExampleMap.ThirdPersonExampleMap:PersistentLevel' has LevelScriptBlueprint '/Game/ThirdPersonBP/Maps/ThirdPersonExampleMap.ThirdPersonExampleMap:PersistentLevel.ThirdPersonExampleMap' with GeneratedClass '/Game/ThirdPersonBP/Maps/ThirdPersonExampleMap.ThirdPersonExampleMap_C' with ClassGeneratedBy '/Game/ThirdPersonBP/Maps/ThirdPersonExampleMap.ThirdPersonExampleMap:PersistentLevel.ThirdPersonExampleMap'
[2017.10.13-00.03.17:223][ 52]LogEditorViewport: Clicking on Actor (LMB): PointLight (PointLight3)
[2017.10.13-00.03.41:301][886]MapCheck: New page: Map Check
[2017.10.13-00.03.41:368][886]Cmd: MAP REBUILD ALLVISIBLE
[2017.10.13-00.03.41:369][886]LogEditorServer: Rebuildmap Clear paths rebuilt
[2017.10.13-00.04.01:308][886]LightingResults: New page: Lighting Build - Oct 12, 2017, 10:04:01 AM
[2017.10.13-00.04.01:406][886]LogSwarmInterface: [OpenConnection] Registering TCP channel ...
[2017.10.13-00.04.01:416][886]LogSwarmInterface: [OpenConnection] Connecting to agent ...
[2017.10.13-00.04.01:416][886]LogSwarmInterface: [TryOpenConnection] Testing the Agent
[2017.10.13-00.04.01:419][886]LogSwarmInterface: [TryOpenConnection] Opening Connection to Agent
[2017.10.13-00.04.01:420][886]LogSwarmInterface: [TryOpenConnection] Local Process ID is 34732
[2017.10.13-00.04.05:945][886]LogStaticLightingSystem: Running Lightmass w/ ImmediateImport mode ENABLED
[2017.10.13-00.04.05:945][886]LogStaticLightingSystem: Running Lightmass w/ ImmediateProcess mode ENABLED
[2017.10.13-00.04.05:945][886]LogStaticLightingSystem: Running Lightmass w/ Sorting mode ENABLED
[2017.10.13-00.04.05:945][886]LogStaticLightingSystem: Running Lightmass w/ Mapping paddings ENABLED
[2017.10.13-00.04.05:945][886]LogStaticLightingSystem: Running Lightmass w/ Mapping debug paddings DISABLED
[2017.10.13-00.04.06:764][886]LogEditorBuildUtils: Build time 0:25
[2017.10.13-00.04.21:874][389]Job is a success!
[2017.10.13-00.04.23:390][390]LightingResults: Error: PointLight2_8 Severe performance loss: Failed to allocate shadowmap channel for stationary light due to overlap - light will fall back to dynamic shadows!
[2017.10.13-00.04.25:263][390]LogTexture: Display: Building textures: SkyOcclusion0_1 (AutoDXT, 1024X512)
[2017.10.13-00.04.25:263][390]LogTexture: Display: Building textures: HQ_Lightmap0_1 (AutoDXT, 1024X1024)
[2017.10.13-00.04.25:263][390]LogTexture: Display: Building textures: LQ_Lightmap_0_1 (DXT1, 1024X1024)
[2017.10.13-00.04.25:263][390]LogTexture: Display: Building textures: SkyOcclusion0_2 (AutoDXT, 1024X512)
[2017.10.13-00.04.25:263][390]LogTexture: Display: Building textures: HQ_Lightmap0_2 (AutoDXT, 1024X1024)
[2017.10.13-00.04.25:263][390]LogTexture: Display: Building textures: LQ_Lightmap_0_2 (DXT1, 1024X1024)
[2017.10.13-00.04.25:263][390]LogTexture: Display: Building textures: SkyOcclusion0_3 (AutoDXT, 64X32)
[2017.10.13-00.04.25:263][390]LogTexture: Display: Building textures: HQ_Lightmap0_3 (AutoDXT, 64X64)
[2017.10.13-00.04.25:263][390]LogTexture: Display: Building textures: LQ_Lightmap_0_3 (DXT1, 64X64)
[2017.10.13-00.04.25:463][390]LogTexture: Display: Building textures: ShadowMapTexture2D_5 (BGRA8, 64X32)
[2017.10.13-00.04.26:297][390]LogTexture: Display: Building textures: ShadowMapTexture2D_4 (BGRA8, 1024X1024)
[2017.10.13-00.04.26:366][390]Lightmass on FARANAKPC: 17.0 sec total, 547 ms importing, 133 ms setup, 3.44 sec photons, 12.8 sec processing, 0 ms extra exporting [1245/1245 mappings]. Threads: 1:29 min total, 40.9 sec processing.
[2017.10.13-00.04.26:762][390]LogStaticLightingSystem: Illumination: 25.3 sec (1.87 sec encoding lightmaps, 1.03 sec encoding shadowmaps)
[2017.10.13-00.04.26:762][390]LogStaticLightingSystem: Lightmap texture memory:  5.3 MB (0.0 MB streaming, 5.3 MB non-streaming), 6 textures
[2017.10.13-00.04.26:762][390]LogStaticLightingSystem: Shadowmap texture memory: 5.3 MB (0.0 MB streaming, 5.3 MB non-streaming), 2 textures
[2017.10.13-00.04.31:963][390]DumpUnbuiltLightIteractions
[2017.10.13-00.04.31:963][390]Lights with unbuilt interactions: 0
[2017.10.13-00.04.31:963][390]
[2017.10.13-00.04.31:963][390]Primitives with unbuilt interactions: 0
[2017.10.13-00.04.31:995][391]Cmd: MAP CHECK NOTIFYRESULTS
[2017.10.13-00.04.31:995][391]MapCheck: New page: ThirdPersonExampleMap - Oct 12, 2017, 10:04:31 AM
[2017.10.13-00.04.32:482][391]MapCheck: Map check complete: 0 Error(s), 0 Warning(s), took 486.644ms to complete.
[2017.10.13-00.07.32:861][884]LogSavePackage: Save=3383.85ms
[2017.10.13-00.07.32:861][884]LogSavePackage: Moving '../../../../../../Users/Faranak/Desktop/FRazavi_LevelDesign1/Saved/ThirdPersonExampleMap_Auto2CF782ABF4E901330F23D1AB65E4775D0.tmp' to '../../../../../../Users/Faranak/Desktop/FRazavi_LevelDesign1/Saved/Autosaves/Game/ThirdPersonBP/Maps/ThirdPersonExampleMap_Auto2.umap'
[2017.10.13-00.07.32:872][884]LogSavePackage: Display: Finished SavePackage ../../../../../../Users/Faranak/Desktop/FRazavi_LevelDesign1/Saved/Autosaves/Game/ThirdPersonBP/Maps/ThirdPersonExampleMap_Auto2.umap
[2017.10.13-00.07.32:880][884]LogFileHelpers: Editor autosave (incl. sublevels) for '/Game/ThirdPersonBP/Maps/ThirdPersonExampleMap' took 3.513
[2017.10.13-00.07.32:880][884]LogFileHelpers: Editor autosave (incl. sublevels) for all levels took 3.513
[2017.10.13-00.07.32:891][884]OBJ SavePackage: Generating thumbnails for [0] asset(s) in package [/Game/ThirdPersonBP/Maps/ThirdPersonExampleMap_BuiltData] ([1] browsable assets)...
[2017.10.13-00.07.32:891][884]OBJ SavePackage: Finished generating thumbnails for package [/Game/ThirdPersonBP/Maps/ThirdPersonExampleMap_BuiltData]
[2017.10.13-00.07.33:106][884]LogSavePackage: Save=149.03ms
[2017.10.13-00.07.33:107][884]LogSavePackage: Moving '../../../../../../Users/Faranak/Desktop/FRazavi_LevelDesign1/Saved/ThirdPersonExampleMap_BuiltData_Auto2EB337A6444C75D34B7F635BE712BCA70.tmp' to '../../../../../../Users/Faranak/Desktop/FRazavi_LevelDesign1/Saved/Autosaves/Game/ThirdPersonBP/Maps/ThirdPersonExampleMap_BuiltData_Auto2.uasset'
[2017.10.13-00.07.33:112][884]LogSavePackage: Display: Finished SavePackage ../../../../../../Users/Faranak/Desktop/FRazavi_LevelDesign1/Saved/Autosaves/Game/ThirdPersonBP/Maps/ThirdPersonExampleMap_BuiltData_Auto2.uasset
[2017.10.13-00.07.33:113][884]LogFileHelpers: Auto-saving content packages took 0.226
[2017.10.13-00.09.22:544][ 67]LogEditorViewport: Clicking on Actor (context menu): Brush (Box Brush55)
[2017.10.13-00.09.34:413][525]LogEditorViewport: Clicking Background
[2017.10.13-00.09.41:618][843]Cmd: CAMERA ALIGN ACTIVEVIEWPORTONLY
[2017.10.13-00.09.41:618][843]Can't find target actor or component.
[2017.10.13-00.09.44:145][945]Cmd: CAMERA ALIGN ACTIVEVIEWPORTONLY
[2017.10.13-00.09.58:779][486]Cmd: CAMERA ALIGN ACTIVEVIEWPORTONLY
[2017.10.13-00.10.16:823][ 18]LogSavePackage: Save=3653.55ms
[2017.10.13-00.10.16:823][ 18]LogSavePackage: Moving '../../../../../../Users/Faranak/Desktop/FRazavi_LevelDesign1/Saved/ThirdPersonExampleMapA414067C437F3C18282CF9B994E1564E.tmp' to '../../../../../../Users/Faranak/Desktop/FRazavi_LevelDesign1/Content/ThirdPersonBP/Maps/ThirdPersonExampleMap.umap'
[2017.10.13-00.10.16:852][ 18]LogSavePackage: Display: Finished SavePackage ../../../../../../Users/Faranak/Desktop/FRazavi_LevelDesign1/Content/ThirdPersonBP/Maps/ThirdPersonExampleMap.umap
[2017.10.13-00.10.17:686][ 18]LogSavePackage: Save=676.03ms
[2017.10.13-00.10.17:686][ 18]LogSavePackage: Moving '../../../../../../Users/Faranak/Desktop/FRazavi_LevelDesign1/Saved/ThirdPersonExampleMap_BuiltData5377A5A24124176A56C1C480C95FC449.tmp' to '../../../../../../Users/Faranak/Desktop/FRazavi_LevelDesign1/Content/ThirdPersonBP/Maps/ThirdPersonExampleMap_BuiltData.uasset'
[2017.10.13-00.10.17:705][ 18]LogSavePackage: Display: Finished SavePackage ../../../../../../Users/Faranak/Desktop/FRazavi_LevelDesign1/Content/ThirdPersonBP/Maps/ThirdPersonExampleMap_BuiltData.uasset
[2017.10.13-00.10.28:156][415]LogEditorViewport: Clicking on Actor (LMB): PointLight (PointLight3)
[2017.10.13-00.10.45:215][ 20]MapCheck: New page: Map Check
[2017.10.13-00.10.45:285][ 20]Cmd: MAP REBUILD ALLVISIBLE
[2017.10.13-00.10.45:287][ 20]LogEditorServer: Rebuildmap Clear paths rebuilt
[2017.10.13-00.11.05:200][ 20]LightingResults: New page: Lighting Build - Oct 12, 2017, 10:11:05 AM
[2017.10.13-00.11.05:302][ 20]LogSwarmInterface: [OpenConnection] Registering TCP channel ...
[2017.10.13-00.11.05:312][ 20]LogSwarmInterface: [OpenConnection] Connecting to agent ...
[2017.10.13-00.11.05:313][ 20]LogSwarmInterface: [TryOpenConnection] Testing the Agent
[2017.10.13-00.11.05:315][ 20]LogSwarmInterface: [TryOpenConnection] Opening Connection to Agent
[2017.10.13-00.11.05:316][ 20]LogSwarmInterface: [TryOpenConnection] Local Process ID is 34732
[2017.10.13-00.11.09:839][ 20]LogStaticLightingSystem: Running Lightmass w/ ImmediateImport mode ENABLED
[2017.10.13-00.11.09:839][ 20]LogStaticLightingSystem: Running Lightmass w/ ImmediateProcess mode ENABLED
[2017.10.13-00.11.09:839][ 20]LogStaticLightingSystem: Running Lightmass w/ Sorting mode ENABLED
[2017.10.13-00.11.09:839][ 20]LogStaticLightingSystem: Running Lightmass w/ Mapping paddings ENABLED
[2017.10.13-00.11.09:839][ 20]LogStaticLightingSystem: Running Lightmass w/ Mapping debug paddings DISABLED
[2017.10.13-00.11.10:672][ 20]LogEditorBuildUtils: Build time 0:25
[2017.10.13-00.11.27:721][593]Job is a success!
[2017.10.13-00.11.29:280][594]LightingResults: Error: PointLight2_8 Severe performance loss: Failed to allocate shadowmap channel for stationary light due to overlap - light will fall back to dynamic shadows!
[2017.10.13-00.11.31:145][594]LogTexture: Display: Building textures: SkyOcclusion1_1 (AutoDXT, 1024X512)
[2017.10.13-00.11.31:145][594]LogTexture: Display: Building textures: HQ_Lightmap1_1 (AutoDXT, 1024X1024)
[2017.10.13-00.11.31:145][594]LogTexture: Display: Building textures: LQ_Lightmap_1_1 (DXT1, 1024X1024)
[2017.10.13-00.11.31:145][594]LogTexture: Display: Building textures: SkyOcclusion1_2 (AutoDXT, 1024X512)
[2017.10.13-00.11.31:145][594]LogTexture: Display: Building textures: HQ_Lightmap1_2 (AutoDXT, 1024X1024)
[2017.10.13-00.11.31:145][594]LogTexture: Display: Building textures: LQ_Lightmap_1_2 (DXT1, 1024X1024)
[2017.10.13-00.11.31:145][594]LogTexture: Display: Building textures: SkyOcclusion1_3 (AutoDXT, 64X32)
[2017.10.13-00.11.31:145][594]LogTexture: Display: Building textures: HQ_Lightmap1_3 (AutoDXT, 64X64)
[2017.10.13-00.11.31:145][594]LogTexture: Display: Building textures: LQ_Lightmap_1_3 (DXT1, 64X64)
[2017.10.13-00.11.31:345][594]LogTexture: Display: Building textures: ShadowMapTexture2D_7 (BGRA8, 64X32)
[2017.10.13-00.11.31:958][594]LogTexture: Display: Building textures: ShadowMapTexture2D_6 (BGRA8, 1024X1024)
[2017.10.13-00.11.32:024][594]Lightmass on FARANAKPC: 18.7 sec total, 551 ms importing, 131 ms setup, 3.22 sec photons, 14.8 sec processing, 0 ms extra exporting [1245/1245 mappings]. Threads: 1:43 min total, 38.5 sec processing.
[2017.10.13-00.11.32:392][594]LogStaticLightingSystem: Illumination: 27.1 sec (1.86 sec encoding lightmaps, 812 ms encoding shadowmaps)
[2017.10.13-00.11.32:392][594]LogStaticLightingSystem: Lightmap texture memory:  5.3 MB (0.0 MB streaming, 5.3 MB non-streaming), 6 textures
[2017.10.13-00.11.32:392][594]LogStaticLightingSystem: Shadowmap texture memory: 5.3 MB (0.0 MB streaming, 5.3 MB non-streaming), 2 textures
[2017.10.13-00.11.41:875][594]DumpUnbuiltLightIteractions
[2017.10.13-00.11.41:875][594]Lights with unbuilt interactions: 0
[2017.10.13-00.11.41:875][594]
[2017.10.13-00.11.41:875][594]Primitives with unbuilt interactions: 0
[2017.10.13-00.11.41:904][595]Cmd: MAP CHECK NOTIFYRESULTS
[2017.10.13-00.11.41:905][595]MapCheck: New page: ThirdPersonExampleMap - Oct 12, 2017, 10:11:41 AM
[2017.10.13-00.11.42:424][595]MapCheck: Map check complete: 0 Error(s), 0 Warning(s), took 519.277ms to complete.
[2017.10.13-00.13.10:618][973]MapCheck: New page: Map Check
[2017.10.13-00.13.10:689][973]Cmd: MAP REBUILD ALLVISIBLE
[2017.10.13-00.13.10:690][973]LogEditorServer: Rebuildmap Clear paths rebuilt
[2017.10.13-00.13.30:860][973]LightingResults: New page: Lighting Build - Oct 12, 2017, 10:13:30 AM
[2017.10.13-00.13.30:963][973]LogSwarmInterface: [OpenConnection] Registering TCP channel ...
[2017.10.13-00.13.30:973][973]LogSwarmInterface: [OpenConnection] Connecting to agent ...
[2017.10.13-00.13.30:973][973]LogSwarmInterface: [TryOpenConnection] Testing the Agent
[2017.10.13-00.13.30:975][973]LogSwarmInterface: [TryOpenConnection] Opening Connection to Agent
[2017.10.13-00.13.30:976][973]LogSwarmInterface: [TryOpenConnection] Local Process ID is 34732
[2017.10.13-00.13.35:499][973]LogStaticLightingSystem: Running Lightmass w/ ImmediateImport mode ENABLED
[2017.10.13-00.13.35:499][973]LogStaticLightingSystem: Running Lightmass w/ ImmediateProcess mode ENABLED
[2017.10.13-00.13.35:499][973]LogStaticLightingSystem: Running Lightmass w/ Sorting mode ENABLED
[2017.10.13-00.13.35:499][973]LogStaticLightingSystem: Running Lightmass w/ Mapping paddings ENABLED
[2017.10.13-00.13.35:499][973]LogStaticLightingSystem: Running Lightmass w/ Mapping debug paddings DISABLED
[2017.10.13-00.13.36:320][973]LogEditorBuildUtils: Build time 0:25
[2017.10.13-00.13.50:836][281]Job is a success!
[2017.10.13-00.13.52:333][282]LightingResults: Error: PointLight2_8 Severe performance loss: Failed to allocate shadowmap channel for stationary light due to overlap - light will fall back to dynamic shadows!
[2017.10.13-00.13.54:261][282]LogTexture: Display: Building textures: SkyOcclusion0_1 (AutoDXT, 1024X512)
[2017.10.13-00.13.54:261][282]LogTexture: Display: Building textures: HQ_Lightmap0_1 (AutoDXT, 1024X1024)
[2017.10.13-00.13.54:261][282]LogTexture: Display: Building textures: LQ_Lightmap_0_1 (DXT1, 1024X1024)
[2017.10.13-00.13.54:261][282]LogTexture: Display: Building textures: SkyOcclusion0_2 (AutoDXT, 1024X512)
[2017.10.13-00.13.54:261][282]LogTexture: Display: Building textures: HQ_Lightmap0_2 (AutoDXT, 1024X1024)
[2017.10.13-00.13.54:261][282]LogTexture: Display: Building textures: LQ_Lightmap_0_2 (DXT1, 1024X1024)
[2017.10.13-00.13.54:261][282]LogTexture: Display: Building textures: SkyOcclusion0_3 (AutoDXT, 64X32)
[2017.10.13-00.13.54:261][282]LogTexture: Display: Building textures: HQ_Lightmap0_3 (AutoDXT, 64X64)
[2017.10.13-00.13.54:261][282]LogTexture: Display: Building textures: LQ_Lightmap_0_3 (DXT1, 64X64)
[2017.10.13-00.13.54:461][282]LogTexture: Display: Building textures: ShadowMapTexture2D_9 (BGRA8, 64X32)
[2017.10.13-00.13.55:318][282]LogTexture: Display: Building textures: ShadowMapTexture2D_8 (BGRA8, 1024X1024)
[2017.10.13-00.13.55:383][282]Lightmass on FARANAKPC: 16.5 sec total, 581 ms importing, 127 ms setup, 3.35 sec photons, 12.4 sec processing, 0 ms extra exporting [1245/1245 mappings]. Threads: 1:26 min total, 37.7 sec processing.
[2017.10.13-00.13.55:760][282]LogStaticLightingSystem: Illumination: 24.8 sec (1.92 sec encoding lightmaps, 1.05 sec encoding shadowmaps)
[2017.10.13-00.13.55:760][282]LogStaticLightingSystem: Lightmap texture memory:  5.3 MB (0.0 MB streaming, 5.3 MB non-streaming), 6 textures
[2017.10.13-00.13.55:760][282]LogStaticLightingSystem: Shadowmap texture memory: 5.3 MB (0.0 MB streaming, 5.3 MB non-streaming), 2 textures
[2017.10.13-00.14.01:514][282]DumpUnbuiltLightIteractions
[2017.10.13-00.14.01:515][282]Lights with unbuilt interactions: 0
[2017.10.13-00.14.01:515][282]
[2017.10.13-00.14.01:515][282]Primitives with unbuilt interactions: 0
[2017.10.13-00.14.01:544][283]Cmd: MAP CHECK NOTIFYRESULTS
[2017.10.13-00.14.01:545][283]MapCheck: New page: ThirdPersonExampleMap - Oct 12, 2017, 10:14:01 AM
[2017.10.13-00.14.02:019][283]MapCheck: Map check complete: 0 Error(s), 0 Warning(s), took 474.522ms to complete.
[2017.10.13-00.14.26:147][224]MapCheck: New page: Map Check
[2017.10.13-00.14.26:208][224]Cmd: MAP REBUILD ALLVISIBLE
[2017.10.13-00.14.26:209][224]LogEditorServer: Rebuildmap Clear paths rebuilt
[2017.10.13-00.14.48:239][224]LightingResults: New page: Lighting Build - Oct 12, 2017, 10:14:48 AM
[2017.10.13-00.14.48:348][224]LogSwarmInterface: [OpenConnection] Registering TCP channel ...
[2017.10.13-00.14.48:357][224]LogSwarmInterface: [OpenConnection] Connecting to agent ...
[2017.10.13-00.14.48:358][224]LogSwarmInterface: [TryOpenConnection] Testing the Agent
[2017.10.13-00.14.48:360][224]LogSwarmInterface: [TryOpenConnection] Opening Connection to Agent
[2017.10.13-00.14.48:360][224]LogSwarmInterface: [TryOpenConnection] Local Process ID is 34732
[2017.10.13-00.14.52:883][224]LogStaticLightingSystem: Running Lightmass w/ ImmediateImport mode ENABLED
[2017.10.13-00.14.52:883][224]LogStaticLightingSystem: Running Lightmass w/ ImmediateProcess mode ENABLED
[2017.10.13-00.14.52:883][224]LogStaticLightingSystem: Running Lightmass w/ Sorting mode ENABLED
[2017.10.13-00.14.52:883][224]LogStaticLightingSystem: Running Lightmass w/ Mapping paddings ENABLED
[2017.10.13-00.14.52:883][224]LogStaticLightingSystem: Running Lightmass w/ Mapping debug paddings DISABLED
[2017.10.13-00.14.53:703][224]LogEditorBuildUtils: Build time 0:27
[2017.10.13-00.15.09:787][270]Job is a success!
[2017.10.13-00.15.11:658][271]LightingResults: Error: PointLight2_8 Severe performance loss: Failed to allocate shadowmap channel for stationary light due to overlap - light will fall back to dynamic shadows!
[2017.10.13-00.15.13:523][271]LogTexture: Display: Building textures: SkyOcclusion1_1 (AutoDXT, 1024X512)
[2017.10.13-00.15.13:524][271]LogTexture: Display: Building textures: HQ_Lightmap1_1 (AutoDXT, 1024X1024)
[2017.10.13-00.15.13:524][271]LogTexture: Display: Building textures: LQ_Lightmap_1_1 (DXT1, 1024X1024)
[2017.10.13-00.15.13:524][271]LogTexture: Display: Building textures: SkyOcclusion1_2 (AutoDXT, 1024X512)
[2017.10.13-00.15.13:524][271]LogTexture: Display: Building textures: HQ_Lightmap1_2 (AutoDXT, 1024X1024)
[2017.10.13-00.15.13:524][271]LogTexture: Display: Building textures: LQ_Lightmap_1_2 (DXT1, 1024X1024)
[2017.10.13-00.15.13:524][271]LogTexture: Display: Building textures: SkyOcclusion1_3 (AutoDXT, 64X32)
[2017.10.13-00.15.13:524][271]LogTexture: Display: Building textures: HQ_Lightmap1_3 (AutoDXT, 64X64)
[2017.10.13-00.15.13:524][271]LogTexture: Display: Building textures: LQ_Lightmap_1_3 (DXT1, 64X64)
[2017.10.13-00.15.13:724][271]LogTexture: Display: Building textures: ShadowMapTexture2D_11 (BGRA8, 64X32)
[2017.10.13-00.15.14:591][271]LogTexture: Display: Building textures: ShadowMapTexture2D_10 (BGRA8, 1024X1024)
[2017.10.13-00.15.14:709][271]Lightmass on FARANAKPC: 18.1 sec total, 568 ms importing, 108 ms setup, 3.71 sec photons, 13.7 sec processing, 0 ms extra exporting [1245/1245 mappings]. Threads: 1:35 min total, 33.5 sec processing.
[2017.10.13-00.15.15:155][271]LogStaticLightingSystem: Illumination: 26.4 sec (1.86 sec encoding lightmaps, 1.06 sec encoding shadowmaps)
[2017.10.13-00.15.15:155][271]LogStaticLightingSystem: Lightmap texture memory:  5.3 MB (0.0 MB streaming, 5.3 MB non-streaming), 6 textures
[2017.10.13-00.15.15:155][271]LogStaticLightingSystem: Shadowmap texture memory: 5.3 MB (0.0 MB streaming, 5.3 MB non-streaming), 2 textures
[2017.10.13-00.15.19:901][271]DumpUnbuiltLightIteractions
[2017.10.13-00.15.19:902][271]Lights with unbuilt interactions: 0
[2017.10.13-00.15.19:902][271]
[2017.10.13-00.15.19:902][271]Primitives with unbuilt interactions: 0
[2017.10.13-00.15.19:939][272]Cmd: MAP CHECK NOTIFYRESULTS
[2017.10.13-00.15.19:940][272]MapCheck: New page: ThirdPersonExampleMap - Oct 12, 2017, 10:15:19 AM
[2017.10.13-00.15.20:392][272]MapCheck: Map check complete: 0 Error(s), 0 Warning(s), took 452.056ms to complete.
[2017.10.13-00.15.52:743][447]LogTemp: Repeating last play command: Selected Viewport
[2017.10.13-00.15.52:804][447]LogBlueprintUserMessages: Early PlayInEditor Detection: Level '/Game/ThirdPersonBP/Maps/ThirdPersonExampleMap.ThirdPersonExampleMap:PersistentLevel' has LevelScriptBlueprint '/Game/ThirdPersonBP/Maps/ThirdPersonExampleMap.ThirdPersonExampleMap:PersistentLevel.ThirdPersonExampleMap' with GeneratedClass '/Game/ThirdPersonBP/Maps/ThirdPersonExampleMap.ThirdPersonExampleMap_C' with ClassGeneratedBy '/Game/ThirdPersonBP/Maps/ThirdPersonExampleMap.ThirdPersonExampleMap:PersistentLevel.ThirdPersonExampleMap'
[2017.10.13-00.15.52:804][447]LogPlayLevel: PlayLevel: No blueprints needed recompiling
[2017.10.13-00.15.52:805][447]PIE: New page: PIE session: ThirdPersonExampleMap (Oct 12, 2017, 10:15:52 AM)
[2017.10.13-00.15.52:805][447]LogPlayLevel: Creating play world package: /Game/ThirdPersonBP/Maps/UEDPIE_0_ThirdPersonExampleMap
[2017.10.13-00.15.53:059][447]LogPlayLevel: PIE: StaticDuplicateObject took: (0.253521s)
[2017.10.13-00.15.53:062][447]LogAIModule: Creating AISystem for world ThirdPersonExampleMap
[2017.10.13-00.15.53:062][447]LogPlayLevel: PIE: World Init took: (0.003614s)
[2017.10.13-00.15.53:063][447]LogPlayLevel: PIE: Created PIE world by copying editor world from /Game/ThirdPersonBP/Maps/ThirdPersonExampleMap.ThirdPersonExampleMap to /Game/ThirdPersonBP/Maps/UEDPIE_0_ThirdPersonExampleMap.ThirdPersonExampleMap (0.258347s)
[2017.10.13-00.15.53:115][447]LogInit: XAudio2 using 'Speakers (Realtek High Definition Audio)' : 2 channels at 48 kHz using 32 bits per sample (channel mask 0x3)
[2017.10.13-00.15.53:149][447]LogInit: FAudioDevice initialized.
[2017.10.13-00.15.53:200][447]LogLoad: Game class is 'ThirdPersonGameMode_C'
[2017.10.13-00.15.53:223][447]LogWorld: Bringing World /Game/ThirdPersonBP/Maps/UEDPIE_0_ThirdPersonExampleMap.ThirdPersonExampleMap up for play (max tick rate 60) at 2017.10.12-17.15.53
[2017.10.13-00.15.53:224][447]LogWorld: Bringing up level for play took: 0.020855
[2017.10.13-00.15.53:228][447]PIE: Play in editor start time for /Game/ThirdPersonBP/Maps/UEDPIE_0_ThirdPersonExampleMap 1.422
[2017.10.13-00.15.53:229][447]LogBlueprintUserMessages: Late PlayInEditor Detection: Level '/Game/ThirdPersonBP/Maps/ThirdPersonExampleMap.ThirdPersonExampleMap:PersistentLevel' has LevelScriptBlueprint '/Game/ThirdPersonBP/Maps/ThirdPersonExampleMap.ThirdPersonExampleMap:PersistentLevel.ThirdPersonExampleMap' with GeneratedClass '/Game/ThirdPersonBP/Maps/ThirdPersonExampleMap.ThirdPersonExampleMap_C' with ClassGeneratedBy '/Game/ThirdPersonBP/Maps/ThirdPersonExampleMap.ThirdPersonExampleMap:PersistentLevel.ThirdPersonExampleMap'
[2017.10.13-00.16.04:624][951]LogBlueprintUserMessages: Early EndPlayMap Detection: Level '/Game/ThirdPersonBP/Maps/ThirdPersonExampleMap.ThirdPersonExampleMap:PersistentLevel' has LevelScriptBlueprint '/Game/ThirdPersonBP/Maps/ThirdPersonExampleMap.ThirdPersonExampleMap:PersistentLevel.ThirdPersonExampleMap' with GeneratedClass '/Game/ThirdPersonBP/Maps/ThirdPersonExampleMap.ThirdPersonExampleMap_C' with ClassGeneratedBy '/Game/ThirdPersonBP/Maps/ThirdPersonExampleMap.ThirdPersonExampleMap:PersistentLevel.ThirdPersonExampleMap'
[2017.10.13-00.16.04:715][951]LogBlueprintUserMessages: Late EndPlayMap Detection: Level '/Game/ThirdPersonBP/Maps/ThirdPersonExampleMap.ThirdPersonExampleMap:PersistentLevel' has LevelScriptBlueprint '/Game/ThirdPersonBP/Maps/ThirdPersonExampleMap.ThirdPersonExampleMap:PersistentLevel.ThirdPersonExampleMap' with GeneratedClass '/Game/ThirdPersonBP/Maps/ThirdPersonExampleMap.ThirdPersonExampleMap_C' with ClassGeneratedBy '/Game/ThirdPersonBP/Maps/ThirdPersonExampleMap.ThirdPersonExampleMap:PersistentLevel.ThirdPersonExampleMap'
[2017.10.13-00.16.19:534][478]Cmd: CAMERA ALIGN ACTIVEVIEWPORTONLY
[2017.10.13-00.16.42:737][309]LogEditorViewport: Clicking on Actor (LMB): PointLight (PointLight4)
[2017.10.13-00.16.58:598][870]LogEditorViewport: Clicking on Actor (LMB): PointLight (PointLight3)
[2017.10.13-00.17.31:262][ 68]MapCheck: New page: Map Check
[2017.10.13-00.17.31:332][ 68]Cmd: MAP REBUILD ALLVISIBLE
[2017.10.13-00.17.31:334][ 68]LogEditorServer: Rebuildmap Clear paths rebuilt
[2017.10.13-00.17.51:259][ 68]LightingResults: New page: Lighting Build - Oct 12, 2017, 10:17:51 AM
[2017.10.13-00.17.51:356][ 68]LogSwarmInterface: [OpenConnection] Registering TCP channel ...
[2017.10.13-00.17.51:365][ 68]LogSwarmInterface: [OpenConnection] Connecting to agent ...
[2017.10.13-00.17.51:366][ 68]LogSwarmInterface: [TryOpenConnection] Testing the Agent
[2017.10.13-00.17.51:368][ 68]LogSwarmInterface: [TryOpenConnection] Opening Connection to Agent
[2017.10.13-00.17.51:369][ 68]LogSwarmInterface: [TryOpenConnection] Local Process ID is 34732
[2017.10.13-00.17.55:894][ 68]LogStaticLightingSystem: Running Lightmass w/ ImmediateImport mode ENABLED
[2017.10.13-00.17.55:894][ 68]LogStaticLightingSystem: Running Lightmass w/ ImmediateProcess mode ENABLED
[2017.10.13-00.17.55:894][ 68]LogStaticLightingSystem: Running Lightmass w/ Sorting mode ENABLED
[2017.10.13-00.17.55:894][ 68]LogStaticLightingSystem: Running Lightmass w/ Mapping paddings ENABLED
[2017.10.13-00.17.55:894][ 68]LogStaticLightingSystem: Running Lightmass w/ Mapping debug paddings DISABLED
[2017.10.13-00.17.56:708][ 68]LogEditorBuildUtils: Build time 0:25
[2017.10.13-00.18.12:902][115]Job is a success!
[2017.10.13-00.18.14:832][116]LightingResults: Error: PointLight_1 Severe performance loss: Failed to allocate shadowmap channel for stationary light due to overlap - light will fall back to dynamic shadows!
[2017.10.13-00.18.14:832][116]LightingResults: Error: PointLight2_8 Severe performance loss: Failed to allocate shadowmap channel for stationary light due to overlap - light will fall back to dynamic shadows!
[2017.10.13-00.18.16:845][116]LogTexture: Display: Building textures: SkyOcclusion0_1 (AutoDXT, 1024X512)
[2017.10.13-00.18.16:845][116]LogTexture: Display: Building textures: HQ_Lightmap0_1 (AutoDXT, 1024X1024)
[2017.10.13-00.18.16:845][116]LogTexture: Display: Building textures: LQ_Lightmap_0_1 (DXT1, 1024X1024)
[2017.10.13-00.18.16:845][116]LogTexture: Display: Building textures: SkyOcclusion0_2 (AutoDXT, 1024X512)
[2017.10.13-00.18.16:845][116]LogTexture: Display: Building textures: HQ_Lightmap0_2 (AutoDXT, 1024X1024)
[2017.10.13-00.18.16:845][116]LogTexture: Display: Building textures: LQ_Lightmap_0_2 (DXT1, 1024X1024)
[2017.10.13-00.18.16:845][116]LogTexture: Display: Building textures: SkyOcclusion0_3 (AutoDXT, 64X32)
[2017.10.13-00.18.16:845][116]LogTexture: Display: Building textures: HQ_Lightmap0_3 (AutoDXT, 64X64)
[2017.10.13-00.18.16:845][116]LogTexture: Display: Building textures: LQ_Lightmap_0_3 (DXT1, 64X64)
[2017.10.13-00.18.17:045][116]LogTexture: Display: Building textures: ShadowMapTexture2D_13 (BGRA8, 64X32)
[2017.10.13-00.18.17:744][116]LogTexture: Display: Building textures: ShadowMapTexture2D_12 (BGRA8, 1024X1024)
[2017.10.13-00.18.17:814][116]Lightmass on FARANAKPC: 18.4 sec total, 614 ms importing, 112 ms setup, 3.87 sec photons, 13.8 sec processing, 0 ms extra exporting [1245/1245 mappings]. Threads: 1:36 min total, 35.5 sec processing.
[2017.10.13-00.18.18:218][116]LogStaticLightingSystem: Illumination: 26.5 sec (2.00 sec encoding lightmaps, 898 ms encoding shadowmaps)
[2017.10.13-00.18.18:218][116]LogStaticLightingSystem: Lightmap texture memory:  5.3 MB (0.0 MB streaming, 5.3 MB non-streaming), 6 textures
[2017.10.13-00.18.18:219][116]LogStaticLightingSystem: Shadowmap texture memory: 5.3 MB (0.0 MB streaming, 5.3 MB non-streaming), 2 textures
[2017.10.13-00.18.23:915][116]DumpUnbuiltLightIteractions
[2017.10.13-00.18.23:915][116]Lights with unbuilt interactions: 0
[2017.10.13-00.18.23:915][116]
[2017.10.13-00.18.23:915][116]Primitives with unbuilt interactions: 0
[2017.10.13-00.18.23:946][117]Cmd: MAP CHECK NOTIFYRESULTS
[2017.10.13-00.18.23:946][117]MapCheck: New page: ThirdPersonExampleMap - Oct 12, 2017, 10:18:23 AM
[2017.10.13-00.18.24:404][117]MapCheck: Map check complete: 0 Error(s), 0 Warning(s), took 458.064ms to complete.
[2017.10.13-00.21.16:829][622]LogSavePackage: Save=3810.20ms
[2017.10.13-00.21.16:829][622]LogSavePackage: Moving '../../../../../../Users/Faranak/Desktop/FRazavi_LevelDesign1/Saved/ThirdPersonExampleMap_Auto30D16B4094C60448ECA872C8059E3F4D9.tmp' to '../../../../../../Users/Faranak/Desktop/FRazavi_LevelDesign1/Saved/Autosaves/Game/ThirdPersonBP/Maps/ThirdPersonExampleMap_Auto3.umap'
[2017.10.13-00.21.16:843][622]LogSavePackage: Display: Finished SavePackage ../../../../../../Users/Faranak/Desktop/FRazavi_LevelDesign1/Saved/Autosaves/Game/ThirdPersonBP/Maps/ThirdPersonExampleMap_Auto3.umap
[2017.10.13-00.21.16:852][622]LogFileHelpers: Editor autosave (incl. sublevels) for '/Game/ThirdPersonBP/Maps/ThirdPersonExampleMap' took 3.950
[2017.10.13-00.21.16:852][622]LogFileHelpers: Editor autosave (incl. sublevels) for all levels took 3.950
[2017.10.13-00.21.16:863][622]OBJ SavePackage: Generating thumbnails for [0] asset(s) in package [/Game/ThirdPersonBP/Maps/ThirdPersonExampleMap_BuiltData] ([1] browsable assets)...
[2017.10.13-00.21.16:863][622]OBJ SavePackage: Finished generating thumbnails for package [/Game/ThirdPersonBP/Maps/ThirdPersonExampleMap_BuiltData]
[2017.10.13-00.21.17:081][622]LogSavePackage: Save=174.23ms
[2017.10.13-00.21.17:081][622]LogSavePackage: Moving '../../../../../../Users/Faranak/Desktop/FRazavi_LevelDesign1/Saved/ThirdPersonExampleMap_BuiltData_Auto31B81A08B44C6C85A637E3BB788DF474A.tmp' to '../../../../../../Users/Faranak/Desktop/FRazavi_LevelDesign1/Saved/Autosaves/Game/ThirdPersonBP/Maps/ThirdPersonExampleMap_BuiltData_Auto3.uasset'
[2017.10.13-00.21.17:089][622]LogSavePackage: Display: Finished SavePackage ../../../../../../Users/Faranak/Desktop/FRazavi_LevelDesign1/Saved/Autosaves/Game/ThirdPersonBP/Maps/ThirdPersonExampleMap_BuiltData_Auto3.uasset
[2017.10.13-00.21.17:089][622]LogFileHelpers: Auto-saving content packages took 0.230
[2017.10.13-00.22.08:142][799]LogSavePackage: Save=3718.44ms
[2017.10.13-00.22.08:143][799]LogSavePackage: Moving '../../../../../../Users/Faranak/Desktop/FRazavi_LevelDesign1/Saved/ThirdPersonExampleMapF9999CBD4F7170F42BEA3EA3B4DD18BC.tmp' to '../../../../../../Users/Faranak/Desktop/FRazavi_LevelDesign1/Content/ThirdPersonBP/Maps/ThirdPersonExampleMap.umap'
[2017.10.13-00.22.08:170][799]LogSavePackage: Display: Finished SavePackage ../../../../../../Users/Faranak/Desktop/FRazavi_LevelDesign1/Content/ThirdPersonBP/Maps/ThirdPersonExampleMap.umap
[2017.10.13-00.22.09:236][799]LogSavePackage: Save=937.30ms
[2017.10.13-00.22.09:236][799]LogSavePackage: Moving '../../../../../../Users/Faranak/Desktop/FRazavi_LevelDesign1/Saved/ThirdPersonExampleMap_BuiltData91BB01D84A295EB412CF12836C346F5A.tmp' to '../../../../../../Users/Faranak/Desktop/FRazavi_LevelDesign1/Content/ThirdPersonBP/Maps/ThirdPersonExampleMap_BuiltData.uasset'
[2017.10.13-00.22.09:250][799]LogSavePackage: Display: Finished SavePackage ../../../../../../Users/Faranak/Desktop/FRazavi_LevelDesign1/Content/ThirdPersonBP/Maps/ThirdPersonExampleMap_BuiltData.uasset
[2017.10.13-00.22.12:770][912]LogWindowsTextInputMethodSystem: Display: IME system now deactivated.
[2017.10.13-00.22.12:772][912]LogWindowsTextInputMethodSystem: Display: IME system now deactivated.
[2017.10.13-00.22.13:291][913]Cmd: QUIT_EDITOR
[2017.10.13-00.22.14:060][913]LogExit: Preparing to exit.
[2017.10.13-00.22.14:763][913]LogDirectoryWatcher: A directory notification for 'C:/Users/Faranak/Desktop/FRazavi_LevelDesign1/Content/' was aborted.
[2017.10.13-00.22.14:835][913]LogExit: Editor shut down
[2017.10.13-00.22.14:865][913]LogExit: Transaction tracking system shut down
[2017.10.13-00.22.15:173][913]LogDirectoryWatcher: A directory notification for '../../../Engine/Content/' was aborted.
[2017.10.13-00.22.15:173][913]LogDirectoryWatcher: A directory notification for '../../../../../../Users/Faranak/Desktop/FRazavi_LevelDesign1/Content/' was aborted.
[2017.10.13-00.22.15:173][913]LogDirectoryWatcher: A directory notification for '../../../Engine/Plugins/2D/Paper2D/Content/' was aborted.
[2017.10.13-00.22.15:174][913]LogDirectoryWatcher: A directory notification for '../../../Engine/Plugins/Runtime/Oculus/OculusVR/Content/' was aborted.
[2017.10.13-00.22.15:174][913]LogDirectoryWatcher: A directory notification for '../../../Engine/Plugins/Runtime/Steam/SteamVR/Content/' was aborted.
[2017.10.13-00.22.15:388][913]LogExit: Object subsystem successfully closed.
[2017.10.13-00.22.15:426][913]LogD3D11RHI: Shutdown
[2017.10.13-00.22.15:426][913]LogD3D11RHI: CleanupD3DDevice
[2017.10.13-00.22.16:004][913]LogD3D11RHI: ~FD3D11DynamicRHI
[2017.10.13-00.22.16:094][913]LogModuleManager: Shutting down and abandoning module MovieSceneCapture (532)
[2017.10.13-00.22.16:094][913]LogModuleManager: Shutting down and abandoning module HierarchicalLODOutliner (530)
[2017.10.13-00.22.16:094][913]LogModuleManager: Shutting down and abandoning module SceneOutliner (528)
[2017.10.13-00.22.16:094][913]LogModuleManager: Shutting down and abandoning module AddContentDialog (526)
[2017.10.13-00.22.16:094][913]LogDirectoryWatcher: A directory notification for 'C:/Program Files/Epic Games/UE_4.17/FeaturePacks/' was aborted.
[2017.10.13-00.22.16:097][913]LogModuleManager: Shutting down and abandoning module WidgetCarousel (525)
[2017.10.13-00.22.16:097][913]LogModuleManager: Shutting down and abandoning module EditorWidgets (522)
[2017.10.13-00.22.16:098][913]LogModuleManager: Shutting down and abandoning module CollectionManager (520)
[2017.10.13-00.22.16:098][913]LogDirectoryWatcher: A directory notification for 'C:/Users/Faranak/Desktop/FRazavi_LevelDesign1/Content/Collections/' was aborted.
[2017.10.13-00.22.16:098][913]LogDirectoryWatcher: A directory notification for 'C:/Users/Faranak/Desktop/FRazavi_LevelDesign1/Content/Developers/Faranak/Collections/' was aborted.
[2017.10.13-00.22.16:098][913]LogDirectoryWatcher: A directory notification for 'C:/Users/Faranak/Desktop/FRazavi_LevelDesign1/Saved/Collections/' was aborted.
[2017.10.13-00.22.16:098][913]LogModuleManager: Shutting down and abandoning module StatsViewer (518)
[2017.10.13-00.22.16:099][913]LogModuleManager: Shutting down and abandoning module FoliageEdit (516)
[2017.10.13-00.22.16:099][913]LogModuleManager: Shutting down and abandoning module LandscapeEditor (514)
[2017.10.13-00.22.16:099][913]LogModuleManager: Shutting down and abandoning module MeshPaintMode (512)
[2017.10.13-00.22.16:100][913]LogModuleManager: Shutting down and abandoning module SceneDepthPickerMode (510)
[2017.10.13-00.22.16:100][913]LogModuleManager: Shutting down and abandoning module ActorPickerMode (508)
[2017.10.13-00.22.16:100][913]LogModuleManager: Shutting down and abandoning module GeometryMode (506)
[2017.10.13-00.22.16:100][913]LogModuleManager: Shutting down and abandoning module TextureAlignMode (504)
[2017.10.13-00.22.16:100][913]LogModuleManager: Shutting down and abandoning module BspMode (502)
[2017.10.13-00.22.16:100][913]LogModuleManager: Shutting down and abandoning module PIEPreviewDeviceProfileSelector (500)
[2017.10.13-00.22.16:100][913]LogModuleManager: Shutting down and abandoning module HardwareSurvey (498)
[2017.10.13-00.22.16:100][913]LogModuleManager: Shutting down and abandoning module SequenceRecorderSections (496)
[2017.10.13-00.22.16:100][913]LogModuleManager: Shutting down and abandoning module AutomationWorker (494)
[2017.10.13-00.22.16:100][913]LogModuleManager: Shutting down and abandoning module MatineeToLevelSequence (492)
[2017.10.13-00.22.16:100][913]LogModuleManager: Shutting down and abandoning module LevelSequenceEditor (490)
[2017.10.13-00.22.16:101][913]LogModuleManager: Shutting down and abandoning module PlacementMode (489)
[2017.10.13-00.22.16:102][913]LogModuleManager: Shutting down and abandoning module WmfMediaFactory (486)
[2017.10.13-00.22.16:102][913]LogModuleManager: Shutting down and abandoning module WmfMediaEditor (484)
[2017.10.13-00.22.16:102][913]LogModuleManager: Shutting down and abandoning module AvfMediaFactory (482)
[2017.10.13-00.22.16:102][913]LogModuleManager: Shutting down and abandoning module AvfMediaEditor (480)
[2017.10.13-00.22.16:102][913]LogModuleManager: Shutting down and abandoning module AndroidMediaFactory (478)
[2017.10.13-00.22.16:102][913]LogModuleManager: Shutting down and abandoning module Media (477)
[2017.10.13-00.22.16:102][913]LogModuleManager: Shutting down and abandoning module AndroidMediaEditor (474)
[2017.10.13-00.22.16:102][913]LogModuleManager: Shutting down and abandoning module CharacterAI (472)
[2017.10.13-00.22.16:102][913]LogModuleManager: Shutting down and abandoning module AudioCapture (470)
[2017.10.13-00.22.16:102][913]LogModuleManager: Shutting down and abandoning module SequenceRecorder (469)
[2017.10.13-00.22.16:103][913]LogModuleManager: Shutting down and abandoning module SmartSnapping (466)
[2017.10.13-00.22.16:103][913]LogModuleManager: Shutting down and abandoning module SessionServices (464)
[2017.10.13-00.22.16:103][913]LogModuleManager: Shutting down and abandoning module ViewportSnapping (462)
[2017.10.13-00.22.16:103][913]LogModuleManager: Shutting down and abandoning module ViewportInteraction (460)
[2017.10.13-00.22.16:103][913]LogModuleManager: Shutting down and abandoning module ClothPainter (458)
[2017.10.13-00.22.16:103][913]LogModuleManager: Shutting down and abandoning module LogVisualizer (456)
[2017.10.13-00.22.16:104][913]LogModuleManager: Shutting down and abandoning module IntroTutorials (454)
[2017.10.13-00.22.16:104][913]LogModuleManager: Shutting down and abandoning module GameProjectGeneration (453)
[2017.10.13-00.22.16:105][913]LogModuleManager: Shutting down and abandoning module IOSPlatformEditor (450)
[2017.10.13-00.22.16:105][913]LogModuleManager: Shutting down and abandoning module HTML5PlatformEditor (448)
[2017.10.13-00.22.16:105][913]LogModuleManager: Shutting down and abandoning module AndroidPlatformEditor (446)
[2017.10.13-00.22.16:105][913]LogModuleManager: Shutting down and abandoning module AndroidDeviceDetection (445)
[2017.10.13-00.22.16:549][913]LogModuleManager: Shutting down and abandoning module WindowsPlatformEditor (442)
[2017.10.13-00.22.16:549][913]LogModuleManager: Shutting down and abandoning module IOSRuntimeSettings (440)
[2017.10.13-00.22.16:549][913]LogModuleManager: Shutting down and abandoning module AndroidRuntimeSettings (438)
[2017.10.13-00.22.16:549][913]LogModuleManager: Shutting down and abandoning module InputBindingEditor (436)
[2017.10.13-00.22.16:550][913]LogModuleManager: Shutting down and abandoning module MergeActors (434)
[2017.10.13-00.22.16:551][913]LogModuleManager: Shutting down and abandoning module SizeMap (432)
[2017.10.13-00.22.16:551][913]LogModuleManager: Shutting down and abandoning module TreeMap (430)
[2017.10.13-00.22.16:551][913]LogModuleManager: Shutting down and abandoning module ReferenceViewer (428)
[2017.10.13-00.22.16:551][913]LogModuleManager: Shutting down and abandoning module LocalizationDashboard (426)
[2017.10.13-00.22.16:552][913]LogModuleManager: Shutting down and abandoning module LocalizationService (425)
[2017.10.13-00.22.16:552][913]LogModuleManager: Shutting down and abandoning module HardwareTargeting (422)
[2017.10.13-00.22.16:552][913]LogModuleManager: Shutting down and abandoning module DeviceProfileEditor (420)
[2017.10.13-00.22.16:552][913]LogModuleManager: Shutting down and abandoning module UndoHistory (418)
[2017.10.13-00.22.16:552][913]LogModuleManager: Shutting down and abandoning module XmlParser (416)
[2017.10.13-00.22.16:552][913]LogModuleManager: Shutting down and abandoning module Blutility (414)
[2017.10.13-00.22.16:552][913]LogModuleManager: Shutting down and abandoning module ProjectSettingsViewer (412)
[2017.10.13-00.22.16:553][913]LogModuleManager: Shutting down and abandoning module ProjectTargetPlatformEditor (411)
[2017.10.13-00.22.16:553][913]LogModuleManager: Shutting down and abandoning module EditorSettingsViewer (408)
[2017.10.13-00.22.16:553][913]LogModuleManager: Shutting down and abandoning module SettingsEditor (406)
[2017.10.13-00.22.16:554][913]LogModuleManager: Shutting down and abandoning module ProjectLauncher (404)
[2017.10.13-00.22.16:554][913]LogModuleManager: Shutting down and abandoning module SessionFrontend (402)
[2017.10.13-00.22.16:554][913]LogModuleManager: Shutting down and abandoning module ProfilerClient (400)
[2017.10.13-00.22.16:555][913]LogModuleManager: Shutting down and abandoning module DeviceManager (398)
[2017.10.13-00.22.16:555][913]LogModuleManager: Shutting down and abandoning module TargetDeviceServices (397)
[2017.10.13-00.22.16:621][913]LogModuleManager: Shutting down and abandoning module AutomationController (394)
[2017.10.13-00.22.16:621][913]LogModuleManager: Shutting down and abandoning module AutomationWindow (392)
[2017.10.13-00.22.16:623][913]LogModuleManager: Shutting down and abandoning module Layers (390)
[2017.10.13-00.22.16:624][913]LogModuleManager: Shutting down and abandoning module ComponentVisualizers (388)
[2017.10.13-00.22.16:625][913]LogModuleManager: Shutting down and abandoning module DetailCustomizations (386)
[2017.10.13-00.22.16:625][913]LogModuleManager: Shutting down and abandoning module PackagesDialog (384)
[2017.10.13-00.22.16:625][913]LogModuleManager: Shutting down and abandoning module Persona (382)
[2017.10.13-00.22.16:626][913]LogModuleManager: Shutting down and abandoning module AdvancedPreviewScene (381)
[2017.10.13-00.22.16:626][913]LogModuleManager: Shutting down and abandoning module AnimGraph (379)
[2017.10.13-00.22.16:626][913]LogModuleManager: Shutting down and abandoning module Kismet (376)
[2017.10.13-00.22.16:628][913]LogModuleManager: Shutting down and abandoning module ClassViewer (374)
[2017.10.13-00.22.16:628][913]LogModuleManager: Shutting down and abandoning module Toolbox (372)
[2017.10.13-00.22.16:628][913]LogModuleManager: Shutting down and abandoning module ModuleUI (370)
[2017.10.13-00.22.16:629][913]LogModuleManager: Shutting down and abandoning module MovieSceneTools (368)
[2017.10.13-00.22.16:629][913]LogModuleManager: Shutting down and abandoning module OutputLog (366)
[2017.10.13-00.22.16:629][913]LogModuleManager: Shutting down and abandoning module GammaUI (364)
[2017.10.13-00.22.16:630][913]LogModuleManager: Shutting down and abandoning module Documentation (362)
[2017.10.13-00.22.16:630][913]LogModuleManager: Shutting down and abandoning module MovieSceneTracks (360)
[2017.10.13-00.22.16:630][913]LogModuleManager: Shutting down and abandoning module MovieScene (358)
[2017.10.13-00.22.16:630][913]LogModuleManager: Shutting down and abandoning module Niagara (356)
[2017.10.13-00.22.16:630][913]LogModuleManager: Shutting down and abandoning module NiagaraEditor (355)
[2017.10.13-00.22.16:631][913]LogModuleManager: Shutting down and abandoning module StreamingPauseRendering (352)
[2017.10.13-00.22.16:631][913]LogModuleManager: Shutting down and abandoning module LauncherPlatform (350)
[2017.10.13-00.22.16:631][913]LogModuleManager: Shutting down and abandoning module AnalyticsET (348)
[2017.10.13-00.22.16:631][913]LogModuleManager: Shutting down and abandoning module PortalServices (346)
[2017.10.13-00.22.16:631][913]LogModuleManager: Shutting down and abandoning module PortalRpc (344)
[2017.10.13-00.22.16:631][913]LogModuleManager: Shutting down and abandoning module MessagingRpc (342)
[2017.10.13-00.22.16:631][913]LogModuleManager: Shutting down and abandoning module AIModule (340)
[2017.10.13-00.22.16:632][913]LogModuleManager: Shutting down and abandoning module GameplayDebugger (339)
[2017.10.13-00.22.16:632][913]LogModuleManager: Shutting down and abandoning module AITestSuite (337)
[2017.10.13-00.22.16:632][913]LogModuleManager: Shutting down and abandoning module ProfilerService (334)
[2017.10.13-00.22.16:718][913]LogModuleManager: Shutting down and abandoning module TaskGraph (332)
[2017.10.13-00.22.16:719][913]LogModuleManager: Shutting down and abandoning module SteamVRController (330)
[2017.10.13-00.22.16:720][913]LogModuleManager: Shutting down and abandoning module ProceduralMeshComponentEditor (328)
[2017.10.13-00.22.16:720][913]LogModuleManager: Shutting down and abandoning module ProceduralMeshComponent (326)
[2017.10.13-00.22.16:720][913]LogModuleManager: Shutting down and abandoning module OculusInput (324)
[2017.10.13-00.22.16:720][913]LogModuleManager: Shutting down and abandoning module MobilePatchingUtils (322)
[2017.10.13-00.22.16:720][913]LogModuleManager: Shutting down and abandoning module CustomMeshComponent (320)
[2017.10.13-00.22.16:720][913]LogModuleManager: Shutting down and abandoning module CableComponent (318)
[2017.10.13-00.22.16:720][913]LogModuleManager: Shutting down and abandoning module ArchVisCharacter (316)
[2017.10.13-00.22.16:720][913]LogModuleManager: Shutting down and abandoning module AndroidPermission (314)
[2017.10.13-00.22.16:720][913]LogModuleManager: Shutting down and abandoning module MediaPlayerEditor (310)
[2017.10.13-00.22.16:721][913]LogModuleManager: Shutting down and abandoning module HTML5Networking (308)
[2017.10.13-00.22.16:721][913]LogModuleManager: Shutting down and abandoning module AlembicImporter (306)
[2017.10.13-00.22.16:721][913]LogModuleManager: Shutting down and abandoning module AlembicLibrary (305)
[2017.10.13-00.22.16:721][913]LogModuleManager: Shutting down and abandoning module GeometryCache (304)
[2017.10.13-00.22.16:722][913]LogModuleManager: Shutting down and abandoning module GeometryCacheEd (303)
[2017.10.13-00.22.16:722][913]LogModuleManager: Shutting down and abandoning module SpeedTreeImporter (298)
[2017.10.13-00.22.16:722][913]LogModuleManager: Shutting down and abandoning module PluginBrowser (296)
[2017.10.13-00.22.16:722][913]LogModuleManager: Shutting down and abandoning module MobileLauncherProfileWizard (294)
[2017.10.13-00.22.16:723][913]LogModuleManager: Shutting down and abandoning module VisualStudioSourceCodeAccess (292)
[2017.10.13-00.22.16:723][913]LogModuleManager: Shutting down and abandoning module DesktopPlatform (291)
[2017.10.13-00.22.16:723][913]LogModuleManager: Shutting down and abandoning module UObjectPlugin (288)
[2017.10.13-00.22.16:723][913]LogModuleManager: Shutting down and abandoning module SubversionSourceControl (286)
[2017.10.13-00.22.16:723][913]LogModuleManager: Shutting down and abandoning module PerforceSourceControl (284)
[2017.10.13-00.22.16:723][913]LogModuleManager: Shutting down and abandoning module GitSourceControl (282)
[2017.10.13-00.22.16:723][913]LogModuleManager: Shutting down and abandoning module SourceControl (281)
[2017.10.13-00.22.16:724][913]LogModuleManager: Shutting down and abandoning module LightPropagationVolumeEditor (278)
[2017.10.13-00.22.16:724][913]LogModuleManager: Shutting down and abandoning module PaperTiledImporter (276)
[2017.10.13-00.22.16:724][913]LogModuleManager: Shutting down and abandoning module PaperSpriteSheetImporter (274)
[2017.10.13-00.22.16:724][913]LogModuleManager: Shutting down and abandoning module Paper2DEditor (272)
[2017.10.13-00.22.16:724][913]LogModuleManager: Shutting down and abandoning module MeshPaint (271)
[2017.10.13-00.22.16:725][913]LogModuleManager: Shutting down and abandoning module LevelEditor (269)
[2017.10.13-00.22.16:727][913]LogModuleManager: Shutting down and abandoning module PixelInspectorModule (268)
[2017.10.13-00.22.16:727][913]LogModuleManager: Shutting down and abandoning module MainFrame (266)
[2017.10.13-00.22.16:727][913]LogModuleManager: Shutting down and abandoning module HotReload (265)
[2017.10.13-00.22.16:729][913]LogModuleManager: Shutting down and abandoning module RuntimePhysXCooking (260)
[2017.10.13-00.22.16:729][913]LogModuleManager: Shutting down and abandoning module PhysXVehiclesEditor (258)
[2017.10.13-00.22.16:729][913]LogModuleManager: Shutting down and abandoning module PhysXVehicles (256)
[2017.10.13-00.22.16:729][913]LogModuleManager: Shutting down and abandoning module OculusEditor (254)
[2017.10.13-00.22.16:729][913]LogModuleManager: Shutting down and abandoning module LocationServicesBPLibrary (252)
[2017.10.13-00.22.16:729][913]LogModuleManager: Shutting down and abandoning module ImmediatePhysicsEditor (250)
[2017.10.13-00.22.16:729][913]LogModuleManager: Shutting down and abandoning module ImmediatePhysics (248)
[2017.10.13-00.22.16:729][913]LogModuleManager: Shutting down and abandoning module UdpMessaging (246)
[2017.10.13-00.22.16:830][913]LogModuleManager: Shutting down and abandoning module TcpMessaging (244)
[2017.10.13-00.22.16:932][913]LogModuleManager: Shutting down and abandoning module GameplayTagsEditor (242)
[2017.10.13-00.22.16:934][913]LogModuleManager: Shutting down and abandoning module FacialAnimationEditor (240)
[2017.10.13-00.22.16:934][913]LogModuleManager: Shutting down and abandoning module FacialAnimation (238)
[2017.10.13-00.22.16:934][913]LogModuleManager: Shutting down and abandoning module AssetManagerEditor (236)
[2017.10.13-00.22.16:935][913]LogModuleManager: Shutting down and abandoning module GraphEditor (235)
[2017.10.13-00.22.16:937][913]LogModuleManager: Shutting down and abandoning module ContentBrowser (233)
[2017.10.13-00.22.16:943][913]LogModuleManager: Shutting down and abandoning module LightPropagationVolumeRuntime (230)
[2017.10.13-00.22.16:943][913]LogModuleManager: Shutting down and abandoning module Paper2D (228)
[2017.10.13-00.22.16:943][913]LogModuleManager: Shutting down and abandoning module WindowsMoviePlayer (226)
[2017.10.13-00.22.16:944][913]LogModuleManager: Shutting down and abandoning module WmfMedia (224)
[2017.10.13-00.22.16:946][913]LogModuleManager: Shutting down and abandoning module PacketHandler (222)
[2017.10.13-00.22.16:946][913]LogModuleManager: Shutting down and abandoning module ClothingSystemEditor (220)
[2017.10.13-00.22.16:946][913]LogModuleManager: Shutting down and abandoning module ClothingSystemRuntime (218)
[2017.10.13-00.22.16:946][913]LogModuleManager: Shutting down and abandoning module Overlay (216)
[2017.10.13-00.22.16:947][913]LogModuleManager: Shutting down and abandoning module OverlayEditor (215)
[2017.10.13-00.22.16:947][913]LogModuleManager: Shutting down and abandoning module MediaAssets (212)
[2017.10.13-00.22.16:947][913]LogModuleManager: Shutting down and abandoning module VREditor (210)
[2017.10.13-00.22.16:948][913]LogModuleManager: Shutting down and abandoning module StringTableEditor (208)
[2017.10.13-00.22.16:948][913]LogModuleManager: Shutting down and abandoning module GameplayTasksEditor (206)
[2017.10.13-00.22.16:948][913]LogModuleManager: Shutting down and abandoning module BehaviorTreeEditor (204)
[2017.10.13-00.22.16:950][913]LogModuleManager: Shutting down and abandoning module FunctionalTesting (202)
[2017.10.13-00.22.16:951][913]LogModuleManager: Shutting down and abandoning module CollisionAnalyzer (200)
[2017.10.13-00.22.16:951][913]LogModuleManager: Shutting down and abandoning module WorkspaceMenuStructure (199)
[2017.10.13-00.22.16:951][913]LogModuleManager: Shutting down and abandoning module UMG (196)
[2017.10.13-00.22.16:952][913]LogModuleManager: Shutting down and abandoning module UMGEditor (195)
[2017.10.13-00.22.16:956][913]LogModuleManager: Shutting down and abandoning module Sequencer (194)
[2017.10.13-00.22.16:958][913]LogModuleManager: Shutting down and abandoning module MessageLog (191)
[2017.10.13-00.22.16:958][913]LogModuleManager: Shutting down and abandoning module SlateReflector (186)
[2017.10.13-00.22.16:962][913]LogModuleManager: Shutting down and abandoning module Slate (184)
[2017.10.13-00.22.16:963][913]LogModuleManager: Shutting down and abandoning module EditorStyle (182)
[2017.10.13-00.22.16:985][913]LogModuleManager: Shutting down and abandoning module MRMesh (180)
[2017.10.13-00.22.16:986][913]LogModuleManager: Shutting down and abandoning module SourceCodeAccess (178)
[2017.10.13-00.22.16:986][913]LogModuleManager: Shutting down and abandoning module HeadMountedDisplay (176)
[2017.10.13-00.22.16:986][913]LogModuleManager: Shutting down and abandoning module XAudio2 (174)
[2017.10.13-00.22.16:986][913]LogModuleManager: Shutting down and abandoning module Networking (172)
[2017.10.13-00.22.16:987][913]LogModuleManager: Shutting down and abandoning module Core (168)
[2017.10.13-00.22.16:987][913]LogModuleManager: Shutting down and abandoning module KismetCompiler (164)
[2017.10.13-00.22.16:987][913]LogModuleManager: Shutting down and abandoning module LevelSequence (162)
[2017.10.13-00.22.16:987][913]LogModuleManager: Shutting down and abandoning module MeshUtilities (160)
[2017.10.13-00.22.16:990][913]LogModuleManager: Shutting down and abandoning module MeshMergeUtilities (159)
[2017.10.13-00.22.16:991][913]LogModuleManager: Shutting down and abandoning module MeshReductionInterface (158)
[2017.10.13-00.22.16:991][913]LogModuleManager: Shutting down and abandoning module SimplygonSwarm (157)
[2017.10.13-00.22.16:992][913]LogModuleManager: Shutting down and abandoning module SimplygonMeshReduction (155)
[2017.10.13-00.22.16:992][913]LogModuleManager: Shutting down and abandoning module QuadricMeshReduction (153)
[2017.10.13-00.22.16:992][913]LogModuleManager: Shutting down and abandoning module MaterialBaking (149)
[2017.10.13-00.22.16:992][913]LogModuleManager: Shutting down and abandoning module DirectoryWatcher (146)
[2017.10.13-00.22.16:997][913]LogModuleManager: Shutting down and abandoning module DerivedDataCache (144)
[2017.10.13-00.22.17:004][913]LogDerivedDataCache: Shutdown
[2017.10.13-00.22.17:004][913]LogModuleManager: Shutting down and abandoning module TargetPlatform (142)
[2017.10.13-00.22.17:004][913]LogModuleManager: Shutting down and abandoning module VulkanShaderFormat (141)
[2017.10.13-00.22.17:004][913]LogModuleManager: Shutting down and abandoning module ShaderFormatVectorVM (139)
[2017.10.13-00.22.17:005][913]LogModuleManager: Shutting down and abandoning module ShaderFormatOpenGL (137)
[2017.10.13-00.22.17:005][913]LogModuleManager: Shutting down and abandoning module ShaderFormatD3D (135)
[2017.10.13-00.22.17:006][913]LogModuleManager: Shutting down and abandoning module MetalShaderFormat (133)
[2017.10.13-00.22.17:006][913]LogModuleManager: Shutting down and abandoning module TextureFormatUncompressed (131)
[2017.10.13-00.22.17:007][913]LogModuleManager: Shutting down and abandoning module TextureFormatPVR (129)
[2017.10.13-00.22.17:007][913]LogModuleManager: Shutting down and abandoning module TextureFormatDXT (127)
[2017.10.13-00.22.17:007][913]LogModuleManager: Shutting down and abandoning module TextureFormatIntelISPCTexComp (125)
[2017.10.13-00.22.17:007][913]LogModuleManager: Shutting down and abandoning module TextureFormatASTC (123)
[2017.10.13-00.22.17:008][913]LogModuleManager: Shutting down and abandoning module ImageWrapper (122)
[2017.10.13-00.22.17:008][913]LogModuleManager: Shutting down and abandoning module TextureFormatAndroid (119)
[2017.10.13-00.22.17:008][913]LogModuleManager: Shutting down and abandoning module AudioFormatOpus (117)
[2017.10.13-00.22.17:008][913]LogModuleManager: Shutting down and abandoning module AudioFormatOgg (115)
[2017.10.13-00.22.17:008][913]LogModuleManager: Shutting down and abandoning module AudioFormatADPCM (113)
[2017.10.13-00.22.17:008][913]LogModuleManager: Shutting down and abandoning module LinuxTargetPlatform (111)
[2017.10.13-00.22.17:008][913]LogModuleManager: Shutting down and abandoning module LinuxServerTargetPlatform (109)
[2017.10.13-00.22.17:008][913]LogModuleManager: Shutting down and abandoning module LinuxNoEditorTargetPlatform (107)
[2017.10.13-00.22.17:009][913]LogModuleManager: Shutting down and abandoning module LinuxClientTargetPlatform (105)
[2017.10.13-00.22.17:009][913]LogModuleManager: Shutting down and abandoning module TVOSTargetPlatform (103)
[2017.10.13-00.22.17:009][913]LogModuleManager: Shutting down and abandoning module Messaging (101)
[2017.10.13-00.22.17:009][913]LogModuleManager: Shutting down and abandoning module IOSTargetPlatform (99)
[2017.10.13-00.22.17:009][913]LogModuleManager: Shutting down and abandoning module HTML5TargetPlatform (97)
[2017.10.13-00.22.17:009][913]LogModuleManager: Shutting down and abandoning module Android_PVRTCTargetPlatform (95)
[2017.10.13-00.22.17:009][913]LogModuleManager: Shutting down and abandoning module Android_MultiTargetPlatform (93)
[2017.10.13-00.22.17:009][913]LogModuleManager: Shutting down and abandoning module Android_ETC2TargetPlatform (91)
[2017.10.13-00.22.17:009][913]LogModuleManager: Shutting down and abandoning module Android_ETC1TargetPlatform (89)
[2017.10.13-00.22.17:009][913]LogModuleManager: Shutting down and abandoning module Android_DXTTargetPlatform (87)
[2017.10.13-00.22.17:010][913]LogModuleManager: Shutting down and abandoning module Android_ATCTargetPlatform (85)
[2017.10.13-00.22.17:010][913]LogModuleManager: Shutting down and abandoning module Android_ASTCTargetPlatform (83)
[2017.10.13-00.22.17:010][913]LogModuleManager: Shutting down and abandoning module AndroidTargetPlatform (81)
[2017.10.13-00.22.17:010][913]LogModuleManager: Shutting down and abandoning module WindowsTargetPlatform (79)
[2017.10.13-00.22.17:010][913]LogModuleManager: Shutting down and abandoning module WindowsServerTargetPlatform (77)
[2017.10.13-00.22.17:010][913]LogModuleManager: Shutting down and abandoning module WindowsNoEditorTargetPlatform (75)
[2017.10.13-00.22.17:010][913]LogModuleManager: Shutting down and abandoning module WindowsClientTargetPlatform (73)
[2017.10.13-00.22.17:010][913]LogModuleManager: Shutting down and abandoning module MacTargetPlatform (71)
[2017.10.13-00.22.17:010][913]LogModuleManager: Shutting down and abandoning module MacServerTargetPlatform (69)
[2017.10.13-00.22.17:011][913]LogModuleManager: Shutting down and abandoning module MacNoEditorTargetPlatform (67)
[2017.10.13-00.22.17:011][913]LogModuleManager: Shutting down and abandoning module MacClientTargetPlatform (65)
[2017.10.13-00.22.17:011][913]LogModuleManager: Shutting down and abandoning module AllDesktopTargetPlatform (63)
[2017.10.13-00.22.17:011][913]LogModuleManager: Shutting down and abandoning module InputCore (60)
[2017.10.13-00.22.17:011][913]LogModuleManager: Shutting down and abandoning module Settings (58)
[2017.10.13-00.22.17:011][913]LogModuleManager: Shutting down and abandoning module PhysXCooking (56)
[2017.10.13-00.22.17:011][913]LogModuleManager: Shutting down and abandoning module SteamVR (54)
[2017.10.13-00.22.17:011][913]LogModuleManager: Shutting down and abandoning module OculusHMD (52)
[2017.10.13-00.22.17:012][913]LogModuleManager: Shutting down and abandoning module ExampleDeviceProfileSelector (50)
[2017.10.13-00.22.17:012][913]LogModuleManager: Shutting down and abandoning module OnlineBlueprintSupport (48)
[2017.10.13-00.22.17:012][913]LogModuleManager: Shutting down and abandoning module OnlineSubsystem (44)
[2017.10.13-00.22.17:012][913]LogOnline: Display: Unloading online subsystem: NULL
[2017.10.13-00.22.17:013][913]LogModuleManager: Shutting down and abandoning module XMPP (43)
[2017.10.13-00.22.17:014][913]LogModuleManager: Shutting down and abandoning module HTTP (41)
[2017.10.13-00.22.17:014][913]LogHttp: Display: Http module shutting down, but needs to wait on 1 outstanding Http requests:
[2017.10.13-00.22.17:014][913]LogHttp: Display: 	verb=[POST] url=[https://datarouter.ol.epicgames.com/datarouter/api/v1/public/data?SessionID=%7B21007B52-48AA-6EE5-A189-28B9F856A1DC%7D&AppID=UEEditor.Rocket.Release&AppVersion=4.17.2-3658906%2B%2B%2BUE4%2BRelease-4.17&UserID=4a9090a145fd0287ad2ec4a62a8fb4cc%7C01a7b7c22aef419f924e6120a094e671%7C19104614-d73b-401c-82fd-0a81808f2f01&AppEnvironment=datacollector-binary&UploadType=eteventstream] status=Processing
[2017.10.13-00.22.17:030][913]LogModuleManager: Shutting down and abandoning module SSL (40)
[2017.10.13-00.22.17:039][913]LogModuleManager: Shutting down and abandoning module AnimationModifiers (36)
[2017.10.13-00.22.17:039][913]LogModuleManager: Shutting down and abandoning module PropertyEditor (35)
[2017.10.13-00.22.17:040][913]LogModuleManager: Shutting down and abandoning module AudioEditor (32)
[2017.10.13-00.22.17:040][913]LogModuleManager: Shutting down and abandoning module TextureCompressor (30)
[2017.10.13-00.22.17:040][913]LogModuleManager: Shutting down and abandoning module ShaderCore (28)
[2017.10.13-00.22.17:040][913]LogModuleManager: Shutting down and abandoning module Landscape (26)
[2017.10.13-00.22.17:040][913]LogModuleManager: Shutting down and abandoning module SlateRHIRenderer (24)
[2017.10.13-00.22.17:046][913]LogModuleManager: Shutting down and abandoning module OpenGLDrv (22)
[2017.10.13-00.22.17:047][913]LogModuleManager: Shutting down and abandoning module D3D11RHI (20)
[2017.10.13-00.22.17:047][913]LogModuleManager: Shutting down and abandoning module AnimGraphRuntime (18)
[2017.10.13-00.22.17:047][913]LogModuleManager: Shutting down and abandoning module Renderer (16)
[2017.10.13-00.22.17:047][913]LogModuleManager: Shutting down and abandoning module Engine (14)
[2017.10.13-00.22.17:047][913]LogModuleManager: Shutting down and abandoning module CoreUObject (12)
[2017.10.13-00.22.17:047][913]LogModuleManager: Shutting down and abandoning module NetworkFile (10)
[2017.10.13-00.22.17:047][913]LogModuleManager: Shutting down and abandoning module CookedIterativeFile (8)
[2017.10.13-00.22.17:048][913]LogModuleManager: Shutting down and abandoning module StreamingFile (6)
[2017.10.13-00.22.17:048][913]LogModuleManager: Shutting down and abandoning module SandboxFile (4)
[2017.10.13-00.22.17:048][913]LogModuleManager: Shutting down and abandoning module PakFile (2)
[2017.10.13-00.22.17:058][913]LogExit: Exiting.
[2017.10.13-00.22.17:125][913]Log file closed, 10/12/17 17:22:17
