Log file open, 10/24/17 22:06:18
LogWindows: Failed to load 'aqProf.dll' (GetLastError=126)
LogWindows: File 'aqProf.dll' does not exist
LogWindows: Failed to load 'VtuneApi.dll' (GetLastError=126)
LogWindows: File 'VtuneApi.dll' does not exist
LogWindows: Failed to load 'VtuneApi32e.dll' (GetLastError=126)
LogWindows: File 'VtuneApi32e.dll' does not exist
LogInit: Display: Running engine for game: FRazavi_LevelDesign1
LogPlatformFile: Not using cached read wrapper
LogInit: Display: RandInit(1307587947) SRandInit(1307587947).
LogTaskGraph: Started task graph with 5 named threads and 14 total threads with 3 sets of task threads.
LogStats: Stats thread started at 0.364277
LogD3D11RHI: Aftermath initialized
LogPluginManager: Mounting plugin Paper2D
LogPluginManager: Mounting plugin LightPropagationVolume
LogPluginManager: Mounting plugin CodeLiteSourceCodeAccess
LogPluginManager: Mounting plugin GitSourceControl
LogPluginManager: Mounting plugin KDevelopSourceCodeAccess
LogPluginManager: Mounting plugin NullSourceCodeAccess
LogPluginManager: Mounting plugin PerforceSourceControl
LogPluginManager: Mounting plugin SubversionSourceControl
LogPluginManager: Mounting plugin UObjectPlugin
LogPluginManager: Mounting plugin VisualStudioSourceCodeAccess
LogPluginManager: Mounting plugin XCodeSourceCodeAccess
LogPluginManager: Mounting plugin AssetManagerEditor
LogPluginManager: Mounting plugin AudioCapture
LogPluginManager: Mounting plugin FacialAnimation
LogPluginManager: Mounting plugin GameplayTagsEditor
LogPluginManager: Mounting plugin MobileLauncherProfileWizard
LogPluginManager: Mounting plugin PluginBrowser
LogPluginManager: Mounting plugin SpeedTreeImporter
LogPluginManager: Mounting plugin AlembicImporter
LogPluginManager: Mounting plugin CharacterAI
LogPluginManager: Mounting plugin HTML5Networking
LogPluginManager: Mounting plugin AndroidMedia
LogPluginManager: Mounting plugin AvfMedia
LogPluginManager: Mounting plugin MediaPlayerEditor
LogPluginManager: Mounting plugin WmfMedia
LogPluginManager: Mounting plugin TcpMessaging
LogPluginManager: Mounting plugin UdpMessaging
LogPluginManager: Mounting plugin LevelSequenceEditor
LogPluginManager: Mounting plugin MatineeToLevelSequence
LogPluginManager: Mounting plugin OnlineSubsystemGooglePlay
LogPluginManager: Mounting plugin OnlineSubsystemIOS
LogPluginManager: Mounting plugin OnlineSubsystem
LogPluginManager: Mounting plugin OnlineSubsystemNull
LogPluginManager: Mounting plugin OnlineSubsystemUtils
LogPluginManager: Mounting plugin AndroidDeviceProfileSelector
LogPluginManager: Mounting plugin AndroidMoviePlayer
LogPluginManager: Mounting plugin AndroidPermission
LogPluginManager: Mounting plugin AppleMoviePlayer
LogPluginManager: Mounting plugin ArchVisCharacter
LogPluginManager: Mounting plugin CableComponent
LogPluginManager: Mounting plugin CustomMeshComponent
LogPluginManager: Mounting plugin ExampleDeviceProfileSelector
LogPluginManager: Mounting plugin GoogleCloudMessaging
LogPluginManager: Mounting plugin ImmediatePhysics
LogPluginManager: Mounting plugin IOSDeviceProfileSelector
LogPluginManager: Mounting plugin LinuxDeviceProfileSelector
LogPluginManager: Mounting plugin LocationServicesBPLibrary
LogPluginManager: Mounting plugin MobilePatchingUtils
LogPluginManager: Mounting plugin OculusVR
LogPluginManager: Mounting plugin PhysXVehicles
LogPluginManager: Mounting plugin ProceduralMeshComponent
LogPluginManager: Mounting plugin RuntimePhysXCooking
LogPluginManager: Mounting plugin SteamVR
LogPluginManager: Mounting plugin WindowsMoviePlayer
LogInit: Using libcurl 7.47.1
LogInit:  - built for x86_64-pc-win32
LogInit:  - supports SSL with OpenSSL/1.0.2g
LogInit:  - supports HTTP deflate (compression) using libz 1.2.8
LogInit:  - other features:
LogInit:      CURL_VERSION_SSL
LogInit:      CURL_VERSION_LIBZ
LogInit:      CURL_VERSION_IPV6
LogInit:      CURL_VERSION_ASYNCHDNS
LogInit:      CURL_VERSION_LARGEFILE
LogInit:      CURL_VERSION_IDN
LogInit:  CurlRequestOptions (configurable via config and command line):
LogInit:  - bVerifyPeer = false  - Libcurl will NOT verify peer certificate
LogInit:  - bUseHttpProxy = false  - Libcurl will NOT use HTTP proxy
LogInit:  - bDontReuseConnections = false  - Libcurl will reuse connections
LogInit:  - CertBundlePath = nullptr  - Libcurl will use whatever was configured at build time.
LogInit: Build: ++UE4+Release-4.17-CL-3658906
LogInit: Engine Version: 4.17.2-3658906+++UE4+Release-4.17
LogInit: Compatible Engine Version: 4.17.0-3573198+++UE4+Release-4.17
LogInit: Net CL: 3573198
LogDevObjectVersion: Number of dev versions registered: 16
LogDevObjectVersion:   Dev-Blueprints (B0D832E4-1F89-4F0D-ACCF-7EB736FD4AA2): 10
LogDevObjectVersion:   Dev-Build (E1C64328-A22C-4D53-A36C-8E866417BD8C): 0
LogDevObjectVersion:   Dev-Core (375EC13C-06E4-48FB-B500-84F0262A717E): 2
LogDevObjectVersion:   Dev-Editor (E4B068ED-F494-42E9-A231-DA0B2E46BB41): 20
LogDevObjectVersion:   Dev-Framework (CFFC743F-43B0-4480-9391-14DF171D2073): 28
LogDevObjectVersion:   Dev-Mobile (B02B49B5-BB20-44E9-A304-32B752E40360): 0
LogDevObjectVersion:   Dev-Networking (A4E4105C-59A1-49B5-A7C5-40C4547EDFEE): 0
LogDevObjectVersion:   Dev-Online (39C831C9-5AE6-47DC-9A44-9C173E1C8E7C): 0
LogDevObjectVersion:   Dev-Physics (78F01B33-EBEA-4F98-B9B4-84EACCB95AA2): 0
LogDevObjectVersion:   Dev-Platform (6631380F-2D4D-43E0-8009-CF276956A95A): 0
LogDevObjectVersion:   Dev-Rendering (12F88B9F-8875-4AFC-A67C-D90C383ABD29): 19
LogDevObjectVersion:   Dev-Sequencer (7B5AE74C-D270-4C10-A958-57980B212A5A): 4
LogDevObjectVersion:   Dev-VR (D7296918-1DD6-4BDD-9DE2-64A83CC13884): 0
LogDevObjectVersion:   Dev-LoadTimes (C2A15278-BFE7-4AFE-6C17-90FF531DF755): 1
LogDevObjectVersion:   Private-Geometry (6EACA3D4-40EC-4CC1-B786-8BED09428FC5): 1
LogDevObjectVersion:   Dev-AnimPhys (29E575DD-E0A3-4627-9D10-D276232CDCEA): 7
LogInit: Compiled (64-bit): Sep 22 2017 13:47:16
LogInit: Compiled with Visual C++: 19.00.24215.01
LogInit: Build Configuration: Development
LogInit: Branch Name: ++UE4+Release-4.17
LogInit: Command line:  
LogInit: Base directory: C:/Program Files/Epic Games/UE_4.17/Engine/Binaries/Win64/
LogInit: Installed Engine Build: 1
LogInit: Presizing for max 8388607 objects, including 0 objects not considered by GC, pre-allocating 0 bytes for permanent pool.
LogInit: Object subsystem initialized
[2017.10.25-05.06.20:860][  0]LogInit: Selected Device Profile: [Windows]
[2017.10.25-05.06.20:860][  0]LogInit: Applying CVar settings loaded from the selected device profile: [Windows]
[2017.10.25-05.06.20:940][  0]LogInit: Computer: FARANAKPC
[2017.10.25-05.06.20:940][  0]LogInit: User: Faranak
[2017.10.25-05.06.20:940][  0]LogInit: CPU Page size=4096, Cores=4
[2017.10.25-05.06.20:940][  0]LogInit: High frequency timer resolution =2.533208 MHz
[2017.10.25-05.06.20:941][  0]LogMemory: Memory total: Physical=15.9GB (16GB approx)
[2017.10.25-05.06.20:941][  0]LogMemory: Platform Memory Stats for Windows
[2017.10.25-05.06.20:941][  0]LogMemory: Process Physical Memory: 278.72 MB used, 278.72 MB peak
[2017.10.25-05.06.20:941][  0]LogMemory: Process Virtual Memory: 274.21 MB used, 274.21 MB peak
[2017.10.25-05.06.20:941][  0]LogMemory: Physical Memory: 4984.57 MB used,  11322.45 MB free, 16307.03 MB total
[2017.10.25-05.06.20:941][  0]LogMemory: Virtual Memory: 669.05 MB used,  11322.45 MB free, 134217728.00 MB total
[2017.10.25-05.06.23:107][  0]LogInit: Using OS detected language (en-US).
[2017.10.25-05.06.23:107][  0]LogInit: Using OS detected locale (en-US).
[2017.10.25-05.06.23:338][  0]LogTextLocalizationManager: No specific localization for 'en-US' exists, so the 'en' localization will be used.
[2017.10.25-05.06.33:956][  0]LogD3D11RHI: D3D11 adapters:
[2017.10.25-05.06.35:048][  0]LogD3D11RHI:    0. 'NVIDIA GeForce GTX 970M' (Feature Level 11_0)
[2017.10.25-05.06.35:048][  0]LogD3D11RHI:       3040/0/8153 MB DedicatedVideo/DedicatedSystem/SharedSystem, Outputs:2, VendorId:0x10de
[2017.10.25-05.06.35:066][  0]LogD3D11RHI:    1. 'Intel(R) HD Graphics 4600' (Feature Level 11_0)
[2017.10.25-05.06.35:066][  0]LogD3D11RHI:       112/0/2048 MB DedicatedVideo/DedicatedSystem/SharedSystem, Outputs:0, VendorId:0x8086
[2017.10.25-05.06.35:072][  0]LogD3D11RHI:    2. 'Microsoft Basic Render Driver' (Feature Level 11_0)
[2017.10.25-05.06.35:072][  0]LogD3D11RHI:       0/0/8153 MB DedicatedVideo/DedicatedSystem/SharedSystem, Outputs:0, VendorId:0x1414
[2017.10.25-05.06.35:072][  0]LogD3D11RHI: Chosen D3D11 Adapter: 0
[2017.10.25-05.06.35:100][  0]LogD3D11RHI: Creating new Direct3DDevice
[2017.10.25-05.06.35:100][  0]LogD3D11RHI:     GPU DeviceId: 0x13d8 (for the marketing name, search the web for "GPU Device Id")
[2017.10.25-05.06.35:100][  0]LogWindows: EnumDisplayDevices:
[2017.10.25-05.06.35:101][  0]LogWindows:    0. 'Intel(R) HD Graphics 4600' (P:1 D:1)
[2017.10.25-05.06.35:102][  0]LogWindows:    1. 'Intel(R) HD Graphics 4600' (P:0 D:1)
[2017.10.25-05.06.35:102][  0]LogWindows:    2. 'Intel(R) HD Graphics 4600' (P:0 D:0)
[2017.10.25-05.06.35:103][  0]LogWindows: DebugString: PrimaryIsNotTheChoosenAdapter PrimaryIsNotTheChoosenAdapter PrimaryIsNotTheChoosenAdapter FoundDriverCount:0 
[2017.10.25-05.06.35:103][  0]LogD3D11RHI:     Adapter Name: NVIDIA GeForce GTX 970M
[2017.10.25-05.06.35:103][  0]LogD3D11RHI:   Driver Version: Unknown (internal:Unknown, unified:Unknown)
[2017.10.25-05.06.35:103][  0]LogD3D11RHI:      Driver Date: Unknown
[2017.10.25-05.06.35:103][  0]LogRHI: Texture pool is 1361 MB (70% of 1945 MB)
[2017.10.25-05.06.35:238][  0]LogD3D11RHI: Async texture creation enabled
[2017.10.25-05.06.35:295][  0]LogD3D11RHI: GPU Timing Frequency: 1000.000000 (Debug: 2 1)
[2017.10.25-05.06.35:307][  0]LogShaderCompilers: Guid format shader working directory is -13 characters bigger than the processId version (../../../../../../Users/Faranak/Desktop/FRazavi_LevelDesign1/Intermediate/Shaders/WorkingDirectory/21024/).
[2017.10.25-05.06.35:307][  0]LogShaderCompilers: Cleaned the shader compiler working directory 'C:/Users/Faranak/AppData/Local/Temp/UnrealShaderWorkingDir/E6A457874DD93D02605BF1A332A70847/'.
[2017.10.25-05.06.35:307][  0]LogShaderCompilers: Display: Using Local Shader Compiler.
[2017.10.25-05.06.43:542][  0]LogTemp: Display: Loaded TP AllDesktopTargetPlatform
[2017.10.25-05.06.43:761][  0]LogTemp: Display: Loaded TP MacClientTargetPlatform
[2017.10.25-05.06.43:998][  0]LogTemp: Display: Loaded TP MacNoEditorTargetPlatform
[2017.10.25-05.06.44:263][  0]LogTemp: Display: Loaded TP MacServerTargetPlatform
[2017.10.25-05.06.44:534][  0]LogTemp: Display: Loaded TP MacTargetPlatform
[2017.10.25-05.06.44:787][  0]LogTemp: Display: Loaded TP WindowsClientTargetPlatform
[2017.10.25-05.06.45:010][  0]LogTemp: Display: Loaded TP WindowsNoEditorTargetPlatform
[2017.10.25-05.06.45:232][  0]LogTemp: Display: Loaded TP WindowsServerTargetPlatform
[2017.10.25-05.06.45:433][  0]LogTemp: Display: Loaded TP WindowsTargetPlatform
[2017.10.25-05.06.45:665][  0]LogTemp: Display: Loaded TP AndroidTargetPlatform
[2017.10.25-05.06.45:877][  0]LogTemp: Display: Loaded TP Android_ASTCTargetPlatform
[2017.10.25-05.06.46:096][  0]LogTemp: Display: Loaded TP Android_ATCTargetPlatform
[2017.10.25-05.06.46:313][  0]LogTemp: Display: Loaded TP Android_DXTTargetPlatform
[2017.10.25-05.06.46:529][  0]LogTemp: Display: Loaded TP Android_ETC1TargetPlatform
[2017.10.25-05.06.46:748][  0]LogTemp: Display: Loaded TP Android_ETC2TargetPlatform
[2017.10.25-05.06.47:196][  0]LogTemp: Display: Loaded TP Android_MultiTargetPlatform
[2017.10.25-05.06.47:196][  0]LogTemp: Display: Loaded TP Android_PVRTCTargetPlatform
[2017.10.25-05.06.47:367][  0]LogTemp: Display: Loaded TP HTML5TargetPlatform
[2017.10.25-05.06.47:722][  0]LogTemp: Display: Loaded TP IOSTargetPlatform
[2017.10.25-05.06.47:851][  0]LogTemp: Display: Loaded TP TVOSTargetPlatform
[2017.10.25-05.06.48:065][  0]LogTemp: Display: Loaded TP LinuxClientTargetPlatform
[2017.10.25-05.06.48:285][  0]LogTemp: Display: Loaded TP LinuxNoEditorTargetPlatform
[2017.10.25-05.06.48:499][  0]LogTemp: Display: Loaded TP LinuxServerTargetPlatform
[2017.10.25-05.06.48:730][  0]LogTemp: Display: Loaded TP LinuxTargetPlatform
[2017.10.25-05.06.48:730][  0]LogTargetPlatformManager: Display: Building Assets For Windows
[2017.10.25-05.06.51:187][  0]LogDerivedDataCache: Display: Max Cache Size: 512 MB
[2017.10.25-05.06.52:054][  0]LogDerivedDataCache: Loaded boot cache 0.87s 93MB C:/Users/Faranak/AppData/Local/UnrealEngine/4.17/DerivedDataCache/Boot.ddc.
[2017.10.25-05.06.52:054][  0]LogDerivedDataCache: Display: Loaded Boot cache: C:/Users/Faranak/AppData/Local/UnrealEngine/4.17/DerivedDataCache/Boot.ddc
[2017.10.25-05.06.52:054][  0]LogDerivedDataCache: FDerivedDataBackendGraph:  Pak pak cache file ../../../../../../Users/Faranak/Desktop/FRazavi_LevelDesign1/DerivedDataCache/DDC.ddp not found, will not use a pak cache.
[2017.10.25-05.06.52:054][  0]LogDerivedDataCache: Unable to find inner node Pak for hierarchical cache Hierarchy.
[2017.10.25-05.06.52:054][  0]LogDerivedDataCache: FDerivedDataBackendGraph:  CompressedPak pak cache file ../../../../../../Users/Faranak/Desktop/FRazavi_LevelDesign1/DerivedDataCache/Compressed.ddp not found, will not use a pak cache.
[2017.10.25-05.06.52:055][  0]LogDerivedDataCache: Unable to find inner node CompressedPak for hierarchical cache Hierarchy.
[2017.10.25-05.06.52:144][  0]LogDerivedDataCache: Display: Pak cache opened for reading ../../../Engine/DerivedDataCache/Compressed.ddp.
[2017.10.25-05.06.52:166][  0]LogDerivedDataCache: Using Local data cache path C:/Users/Faranak/AppData/Local/UnrealEngine/Common/DerivedDataCache: Writable
[2017.10.25-05.06.52:210][  0]LogMaterial: Verifying Global Shaders for PCD3D_SM5
[2017.10.25-05.06.52:220][  0]LogSlate: Using Freetype 2.6.0
[2017.10.25-05.06.52:282][  0]LogSlate: SlateFontCache - WITH_FREETYPE: 1, WITH_HARFBUZZ: 1
[2017.10.25-05.06.52:282][  0]LogSlate: SlateFontCache - WITH_FREETYPE: 1, WITH_HARFBUZZ: 1
[2017.10.25-05.06.55:714][  0]LogAssetRegistry: FAssetRegistry took 0.0451 seconds to start up
[2017.10.25-05.06.56:288][  0]LogInit: Selected Device Profile: [Windows]
[2017.10.25-05.06.57:641][  0]LogContentStreaming: Texture pool size is 0.00 MB
[2017.10.25-05.06.59:066][  0]LogSimplygon: Simplygon DLL not present - disabling.
[2017.10.25-05.06.59:262][  0]LogMeshReduction: Using SimplygonSwarm for distributed automatic mesh merging
[2017.10.25-05.06.59:263][  0]LogMeshReduction: Using QuadricMeshReduction for automatic static mesh reduction
[2017.10.25-05.06.59:263][  0]LogMeshReduction: No automatic skeletal mesh reduction module available
[2017.10.25-05.06.59:263][  0]LogMeshReduction: No automatic mesh merging module available
[2017.10.25-05.06.59:263][  0]LogMeshMerging: No automatic mesh merging module available
[2017.10.25-05.07.01:642][  0]LogNetVersion: FRazavi_LevelDesign1 , NetCL: 3573198, EngineNetVer: 2, GameNetVer: 0 (Checksum: 2915890311)
[2017.10.25-05.07.02:954][  0]LogPackageLocalizationCache: Processed 5 localized package path(s) for 2 prioritized culture(s) in 0.218223 seconds
[2017.10.25-05.07.02:974][  0]LogUObjectArray: 35825 objects as part of root set at end of initial load.
[2017.10.25-05.07.02:975][  0]LogUObjectAllocator: 7529104 out of 0 bytes used by permanent object pool.
[2017.10.25-05.07.02:975][  0]LogUObjectArray: CloseDisregardForGC: 0/0 objects in disregard for GC pool
[2017.10.25-05.07.03:256][  0]LogInit: WinSock: version 1.1 (2.2), MaxSocks=32767, MaxUdp=65467
[2017.10.25-05.07.23:355][  0]LogTcpMessaging: Initializing TcpMessaging bridge
[2017.10.25-05.07.23:511][  0]LogUdpMessaging: Initializing bridge on interface 0.0.0.0:0 to multicast group 230.0.0.1:6666.
[2017.10.25-05.07.26:493][  0]LogMaterial: Uniform references updated for custom material expression Custom.
[2017.10.25-05.07.28:374][  0]SourceControl: Source control is disabled
[2017.10.25-05.07.28:374][  0]SourceControl: Source control is disabled
[2017.10.25-05.07.28:603][  0]SourceControl: Source control is disabled
[2017.10.25-05.07.28:820][  0]SourceControl: Source control is disabled
[2017.10.25-05.07.31:600][  0]LogAndroidPermission: UAndroidPermissionCallbackProxy::GetInstance
[2017.10.25-05.07.32:690][  0]LogOcInput: OculusInput pre-init called
[2017.10.25-05.07.33:836][  0]LogEngine: Initializing Engine...
[2017.10.25-05.07.33:845][  0]LogHMD: Failed to initialize OpenVR with code 110
[2017.10.25-05.07.34:685][  0]LogStats: UGameplayTagsManager::ConstructGameplayTagTree: Construct from data asset -  0.000 s
[2017.10.25-05.07.34:686][  0]LogStats: UGameplayTagsManager::ConstructGameplayTagTree: GameplayTagTreeChangedEvent.Broadcast -  0.000 s
[2017.10.25-05.07.35:299][  0]LogAIModule: Creating AISystem for world Untitled
[2017.10.25-05.07.35:441][  0]LogInit: XAudio2 using 'Speakers (Realtek High Definition Audio)' : 2 channels at 48 kHz using 32 bits per sample (channel mask 0x3)
[2017.10.25-05.07.35:494][  0]LogInit: FAudioDevice initialized.
[2017.10.25-05.07.35:687][  0]LogDerivedDataCache: Saved boot cache 0.19s 93MB C:/Users/Faranak/AppData/Local/UnrealEngine/4.17/DerivedDataCache/Boot.ddc.
[2017.10.25-05.07.35:722][  0]LogInit: Texture streaming: Enabled
[2017.10.25-05.07.36:317][  0]LogEngineSessionManager: EngineSessionManager initialized
[2017.10.25-05.07.37:287][  0]LogWindowsTextInputMethodSystem: Display: IME system now deactivated.
[2017.10.25-05.07.37:287][  0]LogWindowsTextInputMethodSystem: Display: IME system now deactivated.
[2017.10.25-05.07.37:369][  0]LogInit: Transaction tracking system initialized
[2017.10.25-05.07.38:877][  0]BlueprintLog: New page: Editor Load
[2017.10.25-05.07.43:524][  0]LocalizationService: Localization service is disabled
[2017.10.25-05.07.48:061][  0]LogConsoleResponse: Display: 
[2017.10.25-05.07.48:864][  0]LogCook: Display: Max memory allowance for cook 16384mb min free memory 0mb
[2017.10.25-05.07.48:865][  0]LogCook: Display: Mobile HDR setting 1
[2017.10.25-05.07.48:867][  0]LogGameplayTags: Display: UGameplayTagsManager::DoneAddingNativeTags. DelegateIsBound: 0
[2017.10.25-05.07.49:160][  0]LogFileCache: Scanning file cache for directory 'C:/Users/Faranak/Desktop/FRazavi_LevelDesign1/Content/' took 0.05s
[2017.10.25-05.07.54:140][  0]SourceControl: Source control is disabled
[2017.10.25-05.07.54:143][  0]Cmd: MAP LOAD FILE="../../../../../../Users/Faranak/Desktop/FRazavi_LevelDesign1/Content/ThirdPersonBP/Maps/ThirdPersonExampleMap.umap" TEMPLATE=0 SHOWPROGRESS=1 FEATURELEVEL=3
[2017.10.25-05.07.54:146][  0]LightingResults: New page: Lighting Build
[2017.10.25-05.07.54:359][  0]MapCheck: New page: Map Check
[2017.10.25-05.07.54:360][  0]LightingResults: New page: Lighting Build
[2017.10.25-05.07.57:289][  0]LogTexture: Display: Building textures: HQ_Lightmap1_3 (AutoDXT, 64X64)
[2017.10.25-05.07.57:289][  0]LogTexture: Display: Building textures: LQ_Lightmap_1_3 (DXT1, 64X64)
[2017.10.25-05.07.57:289][  0]LogTexture: Display: Building textures: SkyOcclusion1_2 (AutoDXT, 1024X512)
[2017.10.25-05.07.57:289][  0]LogTexture: Display: Building textures: HQ_Lightmap1_2 (AutoDXT, 1024X1024)
[2017.10.25-05.07.57:289][  0]LogTexture: Display: Building textures: LQ_Lightmap_1_2 (DXT1, 1024X1024)
[2017.10.25-05.07.57:290][  0]LogTexture: Display: Building textures: SkyOcclusion1_1 (AutoDXT, 1024X512)
[2017.10.25-05.07.57:290][  0]LogTexture: Display: Building textures: HQ_Lightmap1_1 (AutoDXT, 1024X1024)
[2017.10.25-05.07.57:290][  0]LogTexture: Display: Building textures: LQ_Lightmap_1_1 (DXT1, 1024X1024)
[2017.10.25-05.07.57:999][  0]LogTexture: Display: Building textures: SkyOcclusion1_3 (AutoDXT, 64X32)
[2017.10.25-05.07.57:999][  0]LogTexture: Display: Building textures: ShadowMapTexture2D_10 (BGRA8, 1024X1024)
[2017.10.25-05.07.57:999][  0]LogTexture: Display: Building textures: ShadowMapTexture2D_11 (BGRA8, 64X32)
[2017.10.25-05.07.58:321][  0]LogStaticMesh: Building static mesh BlueNewsStand...
[2017.10.25-05.07.58:372][  0]LogStaticMesh: Built static mesh [0.05s] /Game/Subway/BlueNewsStand.BlueNewsStand
[2017.10.25-05.07.58:493][  0]LogStaticMesh: Building static mesh GreenNewsStand...
[2017.10.25-05.07.58:528][  0]LogStaticMesh: Built static mesh [0.04s] /Game/Subway/GreenNewsStand.GreenNewsStand
[2017.10.25-05.07.58:735][  0]LogStaticMesh: Building static mesh SecretDoor...
[2017.10.25-05.07.58:742][  0]LogStaticMesh: Built static mesh [0.01s] /Game/Subway/SecretDoor.SecretDoor
[2017.10.25-05.07.59:167][  0]LogMaterial: Missing cached shader map for material M_Glass, compiling. 
[2017.10.25-05.07.59:731][  0]LogMaterial: Missing cached shader map for material DarkGreenMaterial1, compiling. 
[2017.10.25-05.07.59:833][  0]LogAIModule: Creating AISystem for world ThirdPersonExampleMap
[2017.10.25-05.07.59:966][  0]LogEditorServer: Finished looking for orphan Actors (0.000 secs)
[2017.10.25-05.08.00:047][  0]Cmd: MAP CHECKDEP NOCLEARLOG
[2017.10.25-05.08.00:227][  0]MapCheck: Map check complete: 0 Error(s), 0 Warning(s), took 179.503ms to complete.
[2017.10.25-05.08.00:227][  0]LogFileHelpers: Loading map 'ThirdPersonExampleMap' took 6.085
[2017.10.25-05.08.00:634][  0]LogCollectionManager: Loaded 0 collections in 0.004494 seconds
[2017.10.25-05.08.00:896][  0]LogFileCache: Scanning file cache for directory 'C:/Users/Faranak/Desktop/FRazavi_LevelDesign1/Saved/Collections/' took 0.01s
[2017.10.25-05.08.00:896][  0]LogFileCache: Scanning file cache for directory 'C:/Users/Faranak/Desktop/FRazavi_LevelDesign1/Content/Developers/Faranak/Collections/' took 0.01s
[2017.10.25-05.08.00:896][  0]LogFileCache: Scanning file cache for directory 'C:/Users/Faranak/Desktop/FRazavi_LevelDesign1/Content/Collections/' took 0.01s
[2017.10.25-05.08.00:896][  0]LogCollectionManager: Rebuilt the GUID cache for 0 collections in 0.000001 seconds
[2017.10.25-05.08.00:919][  0]LogContentBrowser: Native class hierarchy populated in 0.0219 seconds. Added 2386 classes and 500 folders.
[2017.10.25-05.08.01:128][  0]LogContentBrowser: Native class hierarchy updated for 'WidgetCarousel' in 0.0018 seconds. Added 0 classes and 0 folders.
[2017.10.25-05.08.01:946][  0]LogContentBrowser: Native class hierarchy updated for 'AddContentDialog' in 0.0014 seconds. Added 0 classes and 0 folders.
[2017.10.25-05.08.02:056][  0]LogContentBrowser: Native class hierarchy updated for 'SceneOutliner' in 0.0011 seconds. Added 1 classes and 2 folders.
[2017.10.25-05.08.02:502][  0]LogSlate: Took 0.011160 seconds to synchronously load lazily loaded font '../../../Engine/Content/Slate/Fonts/Roboto-Regular.ttf' (155K)
[2017.10.25-05.08.02:514][  0]LogSlate: Took 0.007117 seconds to synchronously load lazily loaded font '../../../Engine/Content/Slate/Fonts/Roboto-Bold.ttf' (160K)
[2017.10.25-05.08.02:535][  0]LogSlate: Took 0.009943 seconds to synchronously load lazily loaded font '../../../Engine/Content/Editor/Slate/Fonts/FontAwesome.ttf' (139K)
[2017.10.25-05.08.02:783][  0]LogRenderer: Reallocating scene render targets to support 788x388 Format 9 NumSamples 1 (Frame:1).
[2017.10.25-05.08.03:137][  0]LogContentBrowser: Native class hierarchy updated for 'HierarchicalLODOutliner' in 0.0012 seconds. Added 1 classes and 2 folders.
[2017.10.25-05.08.03:137][  0]LogLoad: (Engine Initialization) Total time: 110.64 seconds
[2017.10.25-05.08.03:137][  0]LogLoad: (Engine Initialization) Total Blueprint compile time: 0.00 seconds
[2017.10.25-05.08.03:138][  0]LogExternalProfiler: Found external profiler: VSPerf
[2017.10.25-05.08.03:138][  0]LogExternalProfiler: Using external profiler: VSPerf
[2017.10.25-05.08.03:185][  0]LogContentStreaming: Texture pool size now 400 MB
[2017.10.25-05.08.03:333][  0]LogSlate: Took 0.010932 seconds to synchronously load lazily loaded font '../../../Engine/Content/Slate/Fonts/Roboto-Light.ttf' (159K)
[2017.10.25-05.08.03:421][  2]LogAssetRegistry: Asset discovery search completed in 67.7316 seconds
[2017.10.25-05.08.03:425][  2]LogCollectionManager: Rebuilt the object cache for 0 collections in 0.000001 seconds (found 0 objects)
[2017.10.25-05.08.03:425][  2]LogCollectionManager: Fixed up redirectors for 0 collections in 0.000090 seconds (updated 0 objects)
[2017.10.25-05.08.04:204][ 42]LogSlate: Took 0.000372 seconds to synchronously load lazily loaded font '../../../Engine/Content/Slate/Fonts/Roboto-Light.ttf' (159K)
[2017.10.25-05.08.18:675][773]LogRenderer: Reallocating scene render targets to support 1068x556 Format 9 NumSamples 1 (Frame:775).
[2017.10.25-05.16.42:575][ 10]LogSlate: Took 0.000598 seconds to synchronously load lazily loaded font '../../../Engine/Content/Slate/Fonts/Roboto-Light.ttf' (159K)
[2017.10.25-05.16.55:235][541]LogEditorViewport: Clicking on Actor (LMB): StaticMeshActor (HalfButterfly3)
[2017.10.25-05.16.56:777][594]Cmd: CAMERA ALIGN ACTIVEVIEWPORTONLY
[2017.10.25-05.17.05:079][972]LogEditorViewport: Clicking on Actor (LMB): StaticMeshActor (HalfButterfly4)
[2017.10.25-05.17.24:162][784]LogEditorViewport: Clicking on Actor (context menu): StaticMeshActor (HalfButterfly4)
[2017.10.25-05.17.35:017][227]Cmd: TRANSACTION UNDO
[2017.10.25-05.17.35:017][227]LogEditorTransaction: Undo Rotate Actors
[2017.10.25-05.20.08:943][450]LogEditorViewport: Clicking on Actor (LMB): StaticMeshActor (HalfButterfly3)
[2017.10.25-05.20.11:554][555]LogEditorViewport: Clicking on Actor (LMB): StaticMeshActor (HalfButterfly3)
[2017.10.25-05.20.16:077][740]Cmd: TRANSACTION UNDO
[2017.10.25-05.20.16:077][740]LogEditorTransaction: Undo Clicking on Actors
[2017.10.25-05.20.16:354][746]Cmd: TRANSACTION UNDO
[2017.10.25-05.20.16:354][746]LogEditorTransaction: Undo Select Actors/Components
[2017.10.25-05.20.16:670][755]Cmd: TRANSACTION UNDO
[2017.10.25-05.20.16:671][755]LogEditorTransaction: Undo Select Actors/Components
[2017.10.25-05.20.17:069][770]Cmd: TRANSACTION UNDO
[2017.10.25-05.20.17:069][770]LogEditorTransaction: Undo Select Actors/Components
[2017.10.25-05.20.17:428][783]Cmd: TRANSACTION UNDO
[2017.10.25-05.20.17:428][783]LogEditorTransaction: Undo Select Actors/Components
[2017.10.25-05.20.17:713][793]Cmd: TRANSACTION UNDO
[2017.10.25-05.20.17:713][793]LogEditorTransaction: Undo Select Actors/Components
[2017.10.25-05.20.18:045][805]Cmd: TRANSACTION UNDO
[2017.10.25-05.20.18:045][805]LogEditorTransaction: Undo Select Actors/Components
[2017.10.25-05.20.18:329][815]Cmd: TRANSACTION UNDO
[2017.10.25-05.20.18:329][815]LogEditorTransaction: Undo Select Actors/Components
[2017.10.25-05.20.18:638][826]Cmd: TRANSACTION UNDO
[2017.10.25-05.20.18:638][826]LogEditorTransaction: Undo Select Actors/Components
[2017.10.25-05.20.18:919][836]Cmd: TRANSACTION UNDO
[2017.10.25-05.20.18:920][836]LogEditorTransaction: Undo Select Actors/Components
[2017.10.25-05.20.19:239][850]Cmd: TRANSACTION UNDO
[2017.10.25-05.20.19:239][850]LogEditorTransaction: Undo Select Actors/Components
[2017.10.25-05.20.19:656][871]Cmd: TRANSACTION UNDO
[2017.10.25-05.20.19:656][871]LogEditorTransaction: Undo Select Actors/Components
[2017.10.25-05.20.20:083][889]Cmd: TRANSACTION UNDO
[2017.10.25-05.20.20:083][889]LogEditorTransaction: Undo Select Actors/Components
[2017.10.25-05.20.20:388][900]Cmd: TRANSACTION UNDO
[2017.10.25-05.20.20:388][900]LogEditorTransaction: Undo Select Actors/Components
[2017.10.25-05.20.20:673][910]Cmd: TRANSACTION UNDO
[2017.10.25-05.20.20:673][910]LogEditorTransaction: Undo Select Actors/Components
[2017.10.25-05.20.20:863][916]Cmd: TRANSACTION UNDO
[2017.10.25-05.20.20:863][916]LogEditorTransaction: Undo Select Actors/Components
[2017.10.25-05.20.21:115][926]Cmd: TRANSACTION UNDO
[2017.10.25-05.20.21:116][926]LogEditorTransaction: Undo Select Actors/Components
[2017.10.25-05.20.21:317][935]Cmd: TRANSACTION UNDO
[2017.10.25-05.20.21:318][935]LogEditorTransaction: Undo Select Actors/Components
[2017.10.25-05.20.21:534][945]Cmd: TRANSACTION UNDO
[2017.10.25-05.20.21:534][945]LogEditorTransaction: Undo Select Actors/Components
[2017.10.25-05.20.21:720][952]Cmd: TRANSACTION UNDO
[2017.10.25-05.20.21:721][952]LogEditorTransaction: Undo Select Actors/Components
[2017.10.25-05.20.21:933][959]Cmd: TRANSACTION UNDO
[2017.10.25-05.20.21:933][959]LogEditorTransaction: Undo Select Actors/Components
[2017.10.25-05.20.22:120][965]Cmd: TRANSACTION UNDO
[2017.10.25-05.20.22:121][965]LogEditorTransaction: Undo Select Actors/Components
[2017.10.25-05.20.22:332][972]Cmd: TRANSACTION UNDO
[2017.10.25-05.20.22:332][972]LogEditorTransaction: Undo Select Actors/Components
[2017.10.25-05.20.22:525][978]Cmd: TRANSACTION UNDO
[2017.10.25-05.20.22:526][978]LogEditorTransaction: Undo Select Actors/Components
[2017.10.25-05.20.22:761][986]Cmd: TRANSACTION UNDO
[2017.10.25-05.20.22:761][986]LogEditorTransaction: Undo Select Actors/Components
[2017.10.25-05.20.22:974][993]Cmd: TRANSACTION UNDO
[2017.10.25-05.20.22:974][993]LogEditorTransaction: Undo Select Actors/Components
[2017.10.25-05.20.23:160][999]Cmd: TRANSACTION UNDO
[2017.10.25-05.20.23:160][999]LogEditorTransaction: Undo Select Actors/Components
[2017.10.25-05.20.23:373][  6]Cmd: TRANSACTION UNDO
[2017.10.25-05.20.23:373][  6]LogEditorTransaction: Undo Select Actors/Components
[2017.10.25-05.20.23:582][ 13]Cmd: TRANSACTION UNDO
[2017.10.25-05.20.23:582][ 13]LogEditorTransaction: Undo Select Actors/Components
[2017.10.25-05.20.23:795][ 20]Cmd: TRANSACTION UNDO
[2017.10.25-05.20.23:796][ 20]LogEditorTransaction: Undo Select Actors/Components
[2017.10.25-05.20.23:983][ 26]Cmd: TRANSACTION UNDO
[2017.10.25-05.20.23:983][ 26]LogEditorTransaction: Undo Select Actors/Components
[2017.10.25-05.20.28:025][189]LogEditorViewport: Clicking on Actor (LMB): StaticMeshActor (HalfButterfly3)
[2017.10.25-05.20.34:954][483]Cmd: TRANSACTION UNDO
[2017.10.25-05.20.34:954][483]LogEditorTransaction: Undo Move Actors
[2017.10.25-05.20.42:308][801]Cmd: TRANSACTION UNDO
[2017.10.25-05.20.42:308][801]LogEditorTransaction: Undo Move Actors
[2017.10.25-05.20.45:784][915]Cmd: CAMERA ALIGN ACTIVEVIEWPORTONLY
[2017.10.25-05.21.20:864][210]LogSlate: Took 0.000634 seconds to synchronously load lazily loaded font '../../../Engine/Content/Slate/Fonts/Roboto-Regular.ttf' (155K)
[2017.10.25-05.21.25:956][210]LogSavePackage: Save=11357.30ms
[2017.10.25-05.21.25:956][210]LogSavePackage: Moving '../../../../../../Users/Faranak/Desktop/FRazavi_LevelDesign1/Saved/ThirdPersonExampleMap_Auto18AE834E7474D57DC62890C9C45A8E749.tmp' to '../../../../../../Users/Faranak/Desktop/FRazavi_LevelDesign1/Saved/Autosaves/Game/ThirdPersonBP/Maps/ThirdPersonExampleMap_Auto1.umap'
[2017.10.25-05.21.25:968][210]LogSavePackage: Display: Finished SavePackage ../../../../../../Users/Faranak/Desktop/FRazavi_LevelDesign1/Saved/Autosaves/Game/ThirdPersonBP/Maps/ThirdPersonExampleMap_Auto1.umap
[2017.10.25-05.21.25:978][210]LogFileHelpers: Editor autosave (incl. sublevels) for '/Game/ThirdPersonBP/Maps/ThirdPersonExampleMap' took 11.486
[2017.10.25-05.21.25:978][210]LogFileHelpers: Editor autosave (incl. sublevels) for all levels took 11.486
[2017.10.25-05.21.25:987][210]OBJ SavePackage: Generating thumbnails for [0] asset(s) in package [/Game/Subway/IGC/ButterflyBedToNewsstand] ([1] browsable assets)...
[2017.10.25-05.21.25:988][210]OBJ SavePackage: Finished generating thumbnails for package [/Game/Subway/IGC/ButterflyBedToNewsstand]
[2017.10.25-05.21.26:016][210]LogSavePackage: Save=21.14ms
[2017.10.25-05.21.26:016][210]LogSavePackage: Moving '../../../../../../Users/Faranak/Desktop/FRazavi_LevelDesign1/Saved/ButterflyBedToNewsstand_Auto1982917F8413F95A06E5A50B7614F3195.tmp' to '../../../../../../Users/Faranak/Desktop/FRazavi_LevelDesign1/Saved/Autosaves/Game/Subway/IGC/ButterflyBedToNewsstand_Auto1.uasset'
[2017.10.25-05.21.26:022][210]LogSavePackage: Display: Finished SavePackage ../../../../../../Users/Faranak/Desktop/FRazavi_LevelDesign1/Saved/Autosaves/Game/Subway/IGC/ButterflyBedToNewsstand_Auto1.uasset
[2017.10.25-05.21.26:022][210]LogFileHelpers: Auto-saving content packages took 0.039
[2017.10.25-05.23.00:025][719]Cmd: TRANSACTION UNDO
[2017.10.25-05.23.00:026][719]LogEditorTransaction: Undo Select Brush Surface
[2017.10.25-05.23.01:845][754]Cmd: TRANSACTION UNDO
[2017.10.25-05.23.01:845][754]LogEditorTransaction: Undo Animatable Property Changed
[2017.10.25-05.23.02:794][790]Cmd: TRANSACTION UNDO
[2017.10.25-05.23.02:795][790]LogEditorTransaction: Undo Animatable Property Changed
[2017.10.25-05.23.03:403][813]Cmd: TRANSACTION UNDO
[2017.10.25-05.23.03:403][813]LogEditorTransaction: Undo Move Actors
[2017.10.25-05.23.10:153][ 93]Cmd: TRANSACTION UNDO
[2017.10.25-05.23.10:153][ 93]LogEditorTransaction: Undo Move Actors
[2017.10.25-05.23.23:305][535]Cmd: TRANSACTION UNDO
[2017.10.25-05.23.23:305][535]LogEditorTransaction: Undo Move Actors
[2017.10.25-05.23.24:374][546]Cmd: TRANSACTION UNDO
[2017.10.25-05.23.24:374][546]LogEditorTransaction: Undo Animatable Property Changed
[2017.10.25-05.23.44:140][350]LogEditorViewport: Clicking on Actor (LMB): StaticMeshActor (HalfButterfly3)
[2017.10.25-05.23.48:049][506]Cmd: CAMERA ALIGN ACTIVEVIEWPORTONLY
[2017.10.25-05.25.51:322][428]Cmd: TRANSACTION UNDO
[2017.10.25-05.25.51:322][428]LogEditorTransaction: Undo Move Actors
[2017.10.25-05.26.08:266][ 73]Cmd: TRANSACTION UNDO
[2017.10.25-05.26.08:266][ 73]LogEditorTransaction: Undo Move Actors
[2017.10.25-05.26.15:622][360]LogEditorViewport: Clicking on Actor (LMB): StaticMeshActor (HalfButterfly4)
[2017.10.25-05.26.19:951][538]Cmd: TRANSACTION UNDO
[2017.10.25-05.26.19:951][538]LogEditorTransaction: Undo Clicking on Actors
[2017.10.25-05.26.20:433][550]Cmd: TRANSACTION UNDO
[2017.10.25-05.26.20:434][550]LogEditorTransaction: Undo Add Keys at Current Time
[2017.10.25-05.26.20:863][563]Cmd: TRANSACTION UNDO
[2017.10.25-05.26.20:863][563]LogEditorTransaction: Undo Add Keys at Current Time
[2017.10.25-05.26.35:271][160]LogEditorViewport: Clicking on Actor (LMB): StaticMeshActor (HalfButterfly3)
[2017.10.25-05.26.36:248][198]LogEditorViewport: Clicking on Actor (LMB): StaticMeshActor (HalfButterfly4)
[2017.10.25-05.28.06:095][822]Cmd: TRANSACTION UNDO
[2017.10.25-05.28.06:095][822]LogEditorTransaction: Undo Add Keys at Current Time
[2017.10.25-05.28.14:178][143]Cmd: TRANSACTION UNDO
[2017.10.25-05.28.14:178][143]LogEditorTransaction: Undo Add Keys at Current Time
[2017.10.25-05.28.46:037][444]LogSlate: Took 0.021898 seconds to synchronously load lazily loaded font '../../../Engine/Content/Editor/Slate/Fonts/Roboto-Italic.ttf' (157K)
[2017.10.25-05.32.00:361][599]Cmd: CAMERA ALIGN ACTIVEVIEWPORTONLY
[2017.10.25-05.32.36:834][ 97]Cmd: CAMERA ALIGN ACTIVEVIEWPORTONLY
[2017.10.25-05.34.19:497][264]Cmd: TRANSACTION UNDO
[2017.10.25-05.34.19:498][264]LogEditorTransaction: Undo Move Actors
[2017.10.25-05.35.22:214][451]LogSavePackage: Save=11337.18ms
[2017.10.25-05.35.22:214][451]LogSavePackage: Moving '../../../../../../Users/Faranak/Desktop/FRazavi_LevelDesign1/Saved/ThirdPersonExampleMap_Auto25911525C47C1C0EDC1DFC9B62AAB51CC.tmp' to '../../../../../../Users/Faranak/Desktop/FRazavi_LevelDesign1/Saved/Autosaves/Game/ThirdPersonBP/Maps/ThirdPersonExampleMap_Auto2.umap'
[2017.10.25-05.35.22:226][451]LogSavePackage: Display: Finished SavePackage ../../../../../../Users/Faranak/Desktop/FRazavi_LevelDesign1/Saved/Autosaves/Game/ThirdPersonBP/Maps/ThirdPersonExampleMap_Auto2.umap
[2017.10.25-05.35.22:235][451]LogFileHelpers: Editor autosave (incl. sublevels) for '/Game/ThirdPersonBP/Maps/ThirdPersonExampleMap' took 11.452
[2017.10.25-05.35.22:235][451]LogFileHelpers: Editor autosave (incl. sublevels) for all levels took 11.452
[2017.10.25-05.35.22:244][451]OBJ SavePackage: Generating thumbnails for [0] asset(s) in package [/Game/Subway/IGC/ButterflyBedToNewsstand] ([1] browsable assets)...
[2017.10.25-05.35.22:245][451]OBJ SavePackage: Finished generating thumbnails for package [/Game/Subway/IGC/ButterflyBedToNewsstand]
[2017.10.25-05.35.22:290][451]LogSavePackage: Save=37.91ms
[2017.10.25-05.35.22:290][451]LogSavePackage: Moving '../../../../../../Users/Faranak/Desktop/FRazavi_LevelDesign1/Saved/ButterflyBedToNewsstand_Auto2EA3E578A44792FF446940481EAF11D93.tmp' to '../../../../../../Users/Faranak/Desktop/FRazavi_LevelDesign1/Saved/Autosaves/Game/Subway/IGC/ButterflyBedToNewsstand_Auto2.uasset'
[2017.10.25-05.35.22:296][451]LogSavePackage: Display: Finished SavePackage ../../../../../../Users/Faranak/Desktop/FRazavi_LevelDesign1/Saved/Autosaves/Game/Subway/IGC/ButterflyBedToNewsstand_Auto2.uasset
[2017.10.25-05.35.22:296][451]LogFileHelpers: Auto-saving content packages took 0.055
[2017.10.25-05.36.31:107][294]Cmd: CAMERA ALIGN ACTIVEVIEWPORTONLY
[2017.10.25-05.37.04:009][632]Cmd: TRANSACTION UNDO
[2017.10.25-05.37.04:009][632]LogEditorTransaction: Undo Move Actors
[2017.10.25-05.37.20:621][313]Cmd: OBJ SAVEPACKAGE PACKAGE="/Game/Subway/IGC/ButterflyBedToNewsstand" FILE="../../../../../../Users/Faranak/Desktop/FRazavi_LevelDesign1/Content/Subway/IGC/ButterflyBedToNewsstand.uasset" SILENT=true
[2017.10.25-05.37.20:672][313]LogSavePackage: Save=41.74ms
[2017.10.25-05.37.20:672][313]LogSavePackage: Moving '../../../../../../Users/Faranak/Desktop/FRazavi_LevelDesign1/Saved/ButterflyBedToNewsstandFFD024DF4E4DCB5BC39E2AB0A5E5D42C.tmp' to '../../../../../../Users/Faranak/Desktop/FRazavi_LevelDesign1/Content/Subway/IGC/ButterflyBedToNewsstand.uasset'
[2017.10.25-05.37.20:693][313]LogSavePackage: Display: Finished SavePackage ../../../../../../Users/Faranak/Desktop/FRazavi_LevelDesign1/Content/Subway/IGC/ButterflyBedToNewsstand.uasset
[2017.10.25-05.38.00:415][868]Cmd: CAMERA ALIGN ACTIVEVIEWPORTONLY
[2017.10.25-05.38.26:475][900]Cmd: CAMERA ALIGN ACTIVEVIEWPORTONLY
[2017.10.25-05.38.47:263][696]LogEditorViewport: Clicking on Actor (LMB): StaticMeshActor (HalfButterfly4)
[2017.10.25-05.38.52:098][884]Cmd: CAMERA ALIGN ACTIVEVIEWPORTONLY
[2017.10.25-05.42.09:822][ 81]Cmd: CAMERA ALIGN ACTIVEVIEWPORTONLY
[2017.10.25-05.43.18:808][408]Cmd: TRANSACTION UNDO
[2017.10.25-05.43.18:808][408]LogEditorTransaction: Undo Move Actors
[2017.10.25-05.43.50:361][668]Cmd: CAMERA ALIGN ACTIVEVIEWPORTONLY
[2017.10.25-05.44.09:160][409]Cmd: CAMERA ALIGN ACTIVEVIEWPORTONLY
[2017.10.25-05.44.19:149][800]Cmd: CAMERA ALIGN ACTIVEVIEWPORTONLY
[2017.10.25-05.45.33:937][423]LogSavePackage: Save=11342.69ms
[2017.10.25-05.45.33:937][423]LogSavePackage: Moving '../../../../../../Users/Faranak/Desktop/FRazavi_LevelDesign1/Saved/ThirdPersonExampleMap_Auto30520B1124B7663A542CAD29A2D809757.tmp' to '../../../../../../Users/Faranak/Desktop/FRazavi_LevelDesign1/Saved/Autosaves/Game/ThirdPersonBP/Maps/ThirdPersonExampleMap_Auto3.umap'
[2017.10.25-05.45.33:949][423]LogSavePackage: Display: Finished SavePackage ../../../../../../Users/Faranak/Desktop/FRazavi_LevelDesign1/Saved/Autosaves/Game/ThirdPersonBP/Maps/ThirdPersonExampleMap_Auto3.umap
[2017.10.25-05.45.33:958][423]LogFileHelpers: Editor autosave (incl. sublevels) for '/Game/ThirdPersonBP/Maps/ThirdPersonExampleMap' took 11.464
[2017.10.25-05.45.33:958][423]LogFileHelpers: Editor autosave (incl. sublevels) for all levels took 11.464
[2017.10.25-05.45.33:968][423]OBJ SavePackage: Generating thumbnails for [0] asset(s) in package [/Game/Subway/IGC/ButterflyBedToNewsstand] ([1] browsable assets)...
[2017.10.25-05.45.33:968][423]OBJ SavePackage: Finished generating thumbnails for package [/Game/Subway/IGC/ButterflyBedToNewsstand]
[2017.10.25-05.45.34:040][423]LogSavePackage: Save=39.04ms
[2017.10.25-05.45.34:040][423]LogSavePackage: Moving '../../../../../../Users/Faranak/Desktop/FRazavi_LevelDesign1/Saved/ButterflyBedToNewsstand_Auto340A5C8064BBCF2E28152148D02D1CE17.tmp' to '../../../../../../Users/Faranak/Desktop/FRazavi_LevelDesign1/Saved/Autosaves/Game/Subway/IGC/ButterflyBedToNewsstand_Auto3.uasset'
[2017.10.25-05.45.34:045][423]LogSavePackage: Display: Finished SavePackage ../../../../../../Users/Faranak/Desktop/FRazavi_LevelDesign1/Saved/Autosaves/Game/Subway/IGC/ButterflyBedToNewsstand_Auto3.uasset
[2017.10.25-05.45.34:046][423]LogFileHelpers: Auto-saving content packages took 0.081
[2017.10.25-05.45.41:338][705]Cmd: CAMERA ALIGN ACTIVEVIEWPORTONLY
[2017.10.25-05.45.48:898][996]Cmd: CAMERA ALIGN ACTIVEVIEWPORTONLY
[2017.10.25-05.45.59:611][416]Cmd: CAMERA ALIGN ACTIVEVIEWPORTONLY
[2017.10.25-05.46.14:219][994]Cmd: CAMERA ALIGN ACTIVEVIEWPORTONLY
[2017.10.25-05.46.27:108][504]Cmd: CAMERA ALIGN ACTIVEVIEWPORTONLY
[2017.10.25-05.46.48:782][280]Cmd: OBJ SAVEPACKAGE PACKAGE="/Game/Subway/IGC/ButterflyBedToNewsstand" FILE="../../../../../../Users/Faranak/Desktop/FRazavi_LevelDesign1/Content/Subway/IGC/ButterflyBedToNewsstand.uasset" SILENT=true
[2017.10.25-05.46.48:833][280]LogSavePackage: Save=37.55ms
[2017.10.25-05.46.48:834][280]LogSavePackage: Moving '../../../../../../Users/Faranak/Desktop/FRazavi_LevelDesign1/Saved/ButterflyBedToNewsstand6FD2DC104C2DD67428C408AED1ACA395.tmp' to '../../../../../../Users/Faranak/Desktop/FRazavi_LevelDesign1/Content/Subway/IGC/ButterflyBedToNewsstand.uasset'
[2017.10.25-05.46.48:855][280]LogSavePackage: Display: Finished SavePackage ../../../../../../Users/Faranak/Desktop/FRazavi_LevelDesign1/Content/Subway/IGC/ButterflyBedToNewsstand.uasset
[2017.10.25-05.53.08:451][666]Cmd: CAMERA ALIGN ACTIVEVIEWPORTONLY
[2017.10.25-05.53.24:635][325]Cmd: CAMERA ALIGN ACTIVEVIEWPORTONLY
[2017.10.25-05.54.20:689][521]Cmd: CAMERA ALIGN ACTIVEVIEWPORTONLY
[2017.10.25-05.54.31:403][935]Cmd: TRANSACTION UNDO
[2017.10.25-05.54.31:403][935]LogEditorTransaction: Undo Move Actors
[2017.10.25-05.54.55:367][886]LogEditorViewport: Clicking on Actor (LMB): StaticMeshActor (HalfButterfly4)
[2017.10.25-05.54.59:979][ 70]LogEditorViewport: Clicking on Actor (LMB): StaticMeshActor (HalfButterfly4)
[2017.10.25-05.56.04:521][646]Cmd: CAMERA ALIGN ACTIVEVIEWPORTONLY
[2017.10.25-05.56.22:531][366]Cmd: CAMERA ALIGN ACTIVEVIEWPORTONLY
[2017.10.25-05.56.43:118][175]Cmd: CAMERA ALIGN ACTIVEVIEWPORTONLY
[2017.10.25-05.56.52:693][550]Cmd: CAMERA ALIGN ACTIVEVIEWPORTONLY
[2017.10.25-05.57.00:102][846]Cmd: CAMERA ALIGN ACTIVEVIEWPORTONLY
[2017.10.25-05.58.19:527][636]LogSavePackage: Save=11318.57ms
[2017.10.25-05.58.19:527][636]LogSavePackage: Moving '../../../../../../Users/Faranak/Desktop/FRazavi_LevelDesign1/Saved/ThirdPersonExampleMap_Auto4B926694A4CAFE0403D5F1FA87E5942EA.tmp' to '../../../../../../Users/Faranak/Desktop/FRazavi_LevelDesign1/Saved/Autosaves/Game/ThirdPersonBP/Maps/ThirdPersonExampleMap_Auto4.umap'
[2017.10.25-05.58.19:539][636]LogSavePackage: Display: Finished SavePackage ../../../../../../Users/Faranak/Desktop/FRazavi_LevelDesign1/Saved/Autosaves/Game/ThirdPersonBP/Maps/ThirdPersonExampleMap_Auto4.umap
[2017.10.25-05.58.19:548][636]LogFileHelpers: Editor autosave (incl. sublevels) for '/Game/ThirdPersonBP/Maps/ThirdPersonExampleMap' took 11.480
[2017.10.25-05.58.19:548][636]LogFileHelpers: Editor autosave (incl. sublevels) for all levels took 11.480
[2017.10.25-05.58.19:557][636]OBJ SavePackage: Generating thumbnails for [0] asset(s) in package [/Game/Subway/IGC/ButterflyBedToNewsstand] ([1] browsable assets)...
[2017.10.25-05.58.19:557][636]OBJ SavePackage: Finished generating thumbnails for package [/Game/Subway/IGC/ButterflyBedToNewsstand]
[2017.10.25-05.58.19:624][636]LogSavePackage: Save=36.68ms
[2017.10.25-05.58.19:625][636]LogSavePackage: Moving '../../../../../../Users/Faranak/Desktop/FRazavi_LevelDesign1/Saved/ButterflyBedToNewsstand_Auto41BB417F84C1D7AA55907DD8CC9C9718B.tmp' to '../../../../../../Users/Faranak/Desktop/FRazavi_LevelDesign1/Saved/Autosaves/Game/Subway/IGC/ButterflyBedToNewsstand_Auto4.uasset'
[2017.10.25-05.58.19:630][636]LogSavePackage: Display: Finished SavePackage ../../../../../../Users/Faranak/Desktop/FRazavi_LevelDesign1/Saved/Autosaves/Game/Subway/IGC/ButterflyBedToNewsstand_Auto4.uasset
[2017.10.25-05.58.19:630][636]LogFileHelpers: Auto-saving content packages took 0.076
[2017.10.25-05.59.35:456][766]Cmd: OBJ SAVEPACKAGE PACKAGE="/Game/Subway/IGC/ButterflyBedToNewsstand" FILE="../../../../../../Users/Faranak/Desktop/FRazavi_LevelDesign1/Content/Subway/IGC/ButterflyBedToNewsstand.uasset" SILENT=true
[2017.10.25-05.59.35:537][766]LogSavePackage: Save=66.69ms
[2017.10.25-05.59.35:537][766]LogSavePackage: Moving '../../../../../../Users/Faranak/Desktop/FRazavi_LevelDesign1/Saved/ButterflyBedToNewsstandF986A06B4850B0ADEAB2F6937530FBD9.tmp' to '../../../../../../Users/Faranak/Desktop/FRazavi_LevelDesign1/Content/Subway/IGC/ButterflyBedToNewsstand.uasset'
[2017.10.25-05.59.35:559][766]LogSavePackage: Display: Finished SavePackage ../../../../../../Users/Faranak/Desktop/FRazavi_LevelDesign1/Content/Subway/IGC/ButterflyBedToNewsstand.uasset
[2017.10.25-05.59.57:821][670]Cmd: TRANSACTION UNDO
[2017.10.25-05.59.57:821][670]LogEditorTransaction: Undo Move Actors
[2017.10.25-06.00.34:145][129]Cmd: CAMERA ALIGN ACTIVEVIEWPORTONLY
[2017.10.25-06.00.41:722][427]Cmd: CAMERA ALIGN ACTIVEVIEWPORTONLY
[2017.10.25-06.00.51:851][819]Cmd: CAMERA ALIGN ACTIVEVIEWPORTONLY
[2017.10.25-06.01.13:270][647]LogEditorViewport: Clicking on Actor (LMB): StaticMeshActor (HalfButterfly4)
[2017.10.25-06.01.20:804][948]Cmd: CAMERA ALIGN ACTIVEVIEWPORTONLY
[2017.10.25-06.01.41:207][744]Cmd: CAMERA ALIGN ACTIVEVIEWPORTONLY
[2017.10.25-06.02.41:863][141]Cmd: CAMERA ALIGN ACTIVEVIEWPORTONLY
[2017.10.25-06.02.58:050][758]Cmd: CAMERA ALIGN ACTIVEVIEWPORTONLY
[2017.10.25-06.03.30:630][ 33]Cmd: CAMERA ALIGN ACTIVEVIEWPORTONLY
[2017.10.25-06.04.12:734][627]Cmd: CAMERA ALIGN ACTIVEVIEWPORTONLY
[2017.10.25-06.05.41:964][410]Cmd: OBJ SAVEPACKAGE PACKAGE="/Game/Subway/IGC/ButterflyBedToNewsstand" FILE="../../../../../../Users/Faranak/Desktop/FRazavi_LevelDesign1/Content/Subway/IGC/ButterflyBedToNewsstand.uasset" SILENT=true
[2017.10.25-06.05.42:068][410]LogSavePackage: Save=62.25ms
[2017.10.25-06.05.42:068][410]LogSavePackage: Moving '../../../../../../Users/Faranak/Desktop/FRazavi_LevelDesign1/Saved/ButterflyBedToNewsstand2B5EE3214802CB1BD7A0FFA5B3CF1255.tmp' to '../../../../../../Users/Faranak/Desktop/FRazavi_LevelDesign1/Content/Subway/IGC/ButterflyBedToNewsstand.uasset'
[2017.10.25-06.05.42:079][410]LogSavePackage: Display: Finished SavePackage ../../../../../../Users/Faranak/Desktop/FRazavi_LevelDesign1/Content/Subway/IGC/ButterflyBedToNewsstand.uasset
[2017.10.25-06.11.52:901][511]Cmd: OBJ SAVEPACKAGE PACKAGE="/Game/Subway/IGC/ButterflyBedToNewsstand" FILE="../../../../../../Users/Faranak/Desktop/FRazavi_LevelDesign1/Content/Subway/IGC/ButterflyBedToNewsstand.uasset" SILENT=true
[2017.10.25-06.11.52:997][511]LogSavePackage: Save=61.82ms
[2017.10.25-06.11.52:997][511]LogSavePackage: Moving '../../../../../../Users/Faranak/Desktop/FRazavi_LevelDesign1/Saved/ButterflyBedToNewsstandF06C6B7D4E1096A4914853A5AC138390.tmp' to '../../../../../../Users/Faranak/Desktop/FRazavi_LevelDesign1/Content/Subway/IGC/ButterflyBedToNewsstand.uasset'
[2017.10.25-06.11.53:009][511]LogSavePackage: Display: Finished SavePackage ../../../../../../Users/Faranak/Desktop/FRazavi_LevelDesign1/Content/Subway/IGC/ButterflyBedToNewsstand.uasset
[2017.10.25-06.17.31:694][481]Cmd: OBJ SAVEPACKAGE PACKAGE="/Game/Subway/IGC/ButterflyBedToNewsstand" FILE="../../../../../../Users/Faranak/Desktop/FRazavi_LevelDesign1/Content/Subway/IGC/ButterflyBedToNewsstand.uasset" SILENT=true
[2017.10.25-06.17.31:788][481]LogSavePackage: Save=61.39ms
[2017.10.25-06.17.31:789][481]LogSavePackage: Moving '../../../../../../Users/Faranak/Desktop/FRazavi_LevelDesign1/Saved/ButterflyBedToNewsstand846D6B074A5AF925E8A7EAA4659E58B6.tmp' to '../../../../../../Users/Faranak/Desktop/FRazavi_LevelDesign1/Content/Subway/IGC/ButterflyBedToNewsstand.uasset'
[2017.10.25-06.17.31:803][481]LogSavePackage: Display: Finished SavePackage ../../../../../../Users/Faranak/Desktop/FRazavi_LevelDesign1/Content/Subway/IGC/ButterflyBedToNewsstand.uasset
[2017.10.25-06.18.13:661][ 96]Cmd: OBJ SAVEPACKAGE PACKAGE="/Game/Subway/IGC/ButterflyBedToNewsstand" FILE="../../../../../../Users/Faranak/Desktop/FRazavi_LevelDesign1/Content/Subway/IGC/ButterflyBedToNewsstand.uasset" SILENT=true
[2017.10.25-06.18.13:738][ 96]LogSavePackage: Save=62.49ms
[2017.10.25-06.18.13:739][ 96]LogSavePackage: Moving '../../../../../../Users/Faranak/Desktop/FRazavi_LevelDesign1/Saved/ButterflyBedToNewsstand6FD4DCCE4DDE0BE6562207B7A4AFCFA9.tmp' to '../../../../../../Users/Faranak/Desktop/FRazavi_LevelDesign1/Content/Subway/IGC/ButterflyBedToNewsstand.uasset'
[2017.10.25-06.18.13:751][ 96]LogSavePackage: Display: Finished SavePackage ../../../../../../Users/Faranak/Desktop/FRazavi_LevelDesign1/Content/Subway/IGC/ButterflyBedToNewsstand.uasset
[2017.10.25-06.20.49:037][ 95]Cmd: OBJ SAVEPACKAGE PACKAGE="/Game/Subway/IGC/ButterflyBedToNewsstand" FILE="../../../../../../Users/Faranak/Desktop/FRazavi_LevelDesign1/Content/Subway/IGC/ButterflyBedToNewsstand.uasset" SILENT=true
[2017.10.25-06.20.49:115][ 95]LogSavePackage: Save=63.05ms
[2017.10.25-06.20.49:115][ 95]LogSavePackage: Moving '../../../../../../Users/Faranak/Desktop/FRazavi_LevelDesign1/Saved/ButterflyBedToNewsstandFBAA999E4C7B962E3F93B8B157F2BF13.tmp' to '../../../../../../Users/Faranak/Desktop/FRazavi_LevelDesign1/Content/Subway/IGC/ButterflyBedToNewsstand.uasset'
[2017.10.25-06.20.49:128][ 95]LogSavePackage: Display: Finished SavePackage ../../../../../../Users/Faranak/Desktop/FRazavi_LevelDesign1/Content/Subway/IGC/ButterflyBedToNewsstand.uasset
[2017.10.25-06.22.49:912][982]Cmd: OBJ SAVEPACKAGE PACKAGE="/Game/Subway/IGC/ButterflyBedToNewsstand" FILE="../../../../../../Users/Faranak/Desktop/FRazavi_LevelDesign1/Content/Subway/IGC/ButterflyBedToNewsstand.uasset" SILENT=true
[2017.10.25-06.22.50:009][982]LogSavePackage: Save=61.43ms
[2017.10.25-06.22.50:009][982]LogSavePackage: Moving '../../../../../../Users/Faranak/Desktop/FRazavi_LevelDesign1/Saved/ButterflyBedToNewsstand2B32110046BB3C4AC3D8D0AA4848CCA0.tmp' to '../../../../../../Users/Faranak/Desktop/FRazavi_LevelDesign1/Content/Subway/IGC/ButterflyBedToNewsstand.uasset'
[2017.10.25-06.22.50:022][982]LogSavePackage: Display: Finished SavePackage ../../../../../../Users/Faranak/Desktop/FRazavi_LevelDesign1/Content/Subway/IGC/ButterflyBedToNewsstand.uasset
[2017.10.25-06.23.16:471][ 35]Cmd: OBJ SAVEPACKAGE PACKAGE="/Game/Subway/IGC/ButterflyBedToNewsstand" FILE="../../../../../../Users/Faranak/Desktop/FRazavi_LevelDesign1/Content/Subway/IGC/ButterflyBedToNewsstand.uasset" SILENT=true
[2017.10.25-06.23.16:525][ 35]LogSavePackage: Save=37.95ms
[2017.10.25-06.23.16:525][ 35]LogSavePackage: Moving '../../../../../../Users/Faranak/Desktop/FRazavi_LevelDesign1/Saved/ButterflyBedToNewsstandC42112B24B9615A983515B9393184DE8.tmp' to '../../../../../../Users/Faranak/Desktop/FRazavi_LevelDesign1/Content/Subway/IGC/ButterflyBedToNewsstand.uasset'
[2017.10.25-06.23.16:530][ 35]LogSavePackage: Display: Finished SavePackage ../../../../../../Users/Faranak/Desktop/FRazavi_LevelDesign1/Content/Subway/IGC/ButterflyBedToNewsstand.uasset
[2017.10.25-06.23.34:307][246]LogSavePackage: Save=11502.69ms
[2017.10.25-06.23.34:307][246]LogSavePackage: Moving '../../../../../../Users/Faranak/Desktop/FRazavi_LevelDesign1/Saved/ThirdPersonExampleMap_Auto5763C02134A1FEA4C23F288AF51859AF4.tmp' to '../../../../../../Users/Faranak/Desktop/FRazavi_LevelDesign1/Saved/Autosaves/Game/ThirdPersonBP/Maps/ThirdPersonExampleMap_Auto5.umap'
[2017.10.25-06.23.34:315][246]LogSavePackage: Display: Finished SavePackage ../../../../../../Users/Faranak/Desktop/FRazavi_LevelDesign1/Saved/Autosaves/Game/ThirdPersonBP/Maps/ThirdPersonExampleMap_Auto5.umap
[2017.10.25-06.23.34:324][246]LogFileHelpers: Editor autosave (incl. sublevels) for '/Game/ThirdPersonBP/Maps/ThirdPersonExampleMap' took 11.651
[2017.10.25-06.23.34:324][246]LogFileHelpers: Editor autosave (incl. sublevels) for all levels took 11.651
[2017.10.25-06.25.23:127][774]Cmd: CAMERA ALIGN ACTIVEVIEWPORTONLY
[2017.10.25-06.26.30:557][ 85]LogSavePackage: Save=11416.32ms
[2017.10.25-06.26.30:557][ 85]LogSavePackage: Moving '../../../../../../Users/Faranak/Desktop/FRazavi_LevelDesign1/Saved/ThirdPersonExampleMap6684EF644889ED89E99E539DDAEB9DDE.tmp' to '../../../../../../Users/Faranak/Desktop/FRazavi_LevelDesign1/Content/ThirdPersonBP/Maps/ThirdPersonExampleMap.umap'
[2017.10.25-06.26.30:602][ 85]LogSavePackage: Display: Finished SavePackage ../../../../../../Users/Faranak/Desktop/FRazavi_LevelDesign1/Content/ThirdPersonBP/Maps/ThirdPersonExampleMap.umap
[2017.10.25-06.26.30:756][ 85]LogFileHelpers: Saving map 'ThirdPersonExampleMap' took 11.953
[2017.10.25-06.26.31:844][ 86]Cmd: QUIT_EDITOR
[2017.10.25-06.26.31:902][ 86]LogWindowsTextInputMethodSystem: Display: IME system now deactivated.
[2017.10.25-06.26.31:902][ 86]LogWindowsTextInputMethodSystem: Display: IME system now deactivated.
[2017.10.25-06.26.31:957][ 86]LogExit: Preparing to exit.
[2017.10.25-06.26.33:043][ 86]LogDirectoryWatcher: A directory notification for 'C:/Users/Faranak/Desktop/FRazavi_LevelDesign1/Content/' was aborted.
[2017.10.25-06.26.33:124][ 86]LogExit: Editor shut down
[2017.10.25-06.26.33:169][ 86]LogExit: Transaction tracking system shut down
[2017.10.25-06.26.33:456][ 86]LogDirectoryWatcher: A directory notification for '../../../Engine/Content/' was aborted.
[2017.10.25-06.26.33:456][ 86]LogDirectoryWatcher: A directory notification for '../../../../../../Users/Faranak/Desktop/FRazavi_LevelDesign1/Content/' was aborted.
[2017.10.25-06.26.33:457][ 86]LogDirectoryWatcher: A directory notification for '../../../Engine/Plugins/2D/Paper2D/Content/' was aborted.
[2017.10.25-06.26.33:457][ 86]LogDirectoryWatcher: A directory notification for '../../../Engine/Plugins/Runtime/Oculus/OculusVR/Content/' was aborted.
[2017.10.25-06.26.33:457][ 86]LogDirectoryWatcher: A directory notification for '../../../Engine/Plugins/Runtime/Steam/SteamVR/Content/' was aborted.
[2017.10.25-06.26.33:629][ 86]LogExit: Object subsystem successfully closed.
[2017.10.25-06.26.33:677][ 86]LogD3D11RHI: Shutdown
[2017.10.25-06.26.33:677][ 86]LogD3D11RHI: CleanupD3DDevice
[2017.10.25-06.26.34:042][ 86]LogD3D11RHI: ~FD3D11DynamicRHI
[2017.10.25-06.26.34:117][ 86]LogModuleManager: Shutting down and abandoning module SequencerWidgets (532)
[2017.10.25-06.26.34:117][ 86]LogModuleManager: Shutting down and abandoning module HierarchicalLODOutliner (530)
[2017.10.25-06.26.34:117][ 86]LogModuleManager: Shutting down and abandoning module SceneOutliner (528)
[2017.10.25-06.26.34:117][ 86]LogModuleManager: Shutting down and abandoning module AddContentDialog (526)
[2017.10.25-06.26.34:118][ 86]LogDirectoryWatcher: A directory notification for 'C:/Program Files/Epic Games/UE_4.17/FeaturePacks/' was aborted.
[2017.10.25-06.26.34:121][ 86]LogModuleManager: Shutting down and abandoning module WidgetCarousel (525)
[2017.10.25-06.26.34:121][ 86]LogModuleManager: Shutting down and abandoning module EditorWidgets (522)
[2017.10.25-06.26.34:121][ 86]LogModuleManager: Shutting down and abandoning module CollectionManager (520)
[2017.10.25-06.26.34:121][ 86]LogDirectoryWatcher: A directory notification for 'C:/Users/Faranak/Desktop/FRazavi_LevelDesign1/Content/Collections/' was aborted.
[2017.10.25-06.26.34:121][ 86]LogDirectoryWatcher: A directory notification for 'C:/Users/Faranak/Desktop/FRazavi_LevelDesign1/Content/Developers/Faranak/Collections/' was aborted.
[2017.10.25-06.26.34:121][ 86]LogDirectoryWatcher: A directory notification for 'C:/Users/Faranak/Desktop/FRazavi_LevelDesign1/Saved/Collections/' was aborted.
[2017.10.25-06.26.34:122][ 86]LogModuleManager: Shutting down and abandoning module StatsViewer (518)
[2017.10.25-06.26.34:122][ 86]LogModuleManager: Shutting down and abandoning module FoliageEdit (516)
[2017.10.25-06.26.34:122][ 86]LogModuleManager: Shutting down and abandoning module LandscapeEditor (514)
[2017.10.25-06.26.34:123][ 86]LogModuleManager: Shutting down and abandoning module MeshPaintMode (512)
[2017.10.25-06.26.34:123][ 86]LogModuleManager: Shutting down and abandoning module SceneDepthPickerMode (510)
[2017.10.25-06.26.34:123][ 86]LogModuleManager: Shutting down and abandoning module ActorPickerMode (508)
[2017.10.25-06.26.34:123][ 86]LogModuleManager: Shutting down and abandoning module GeometryMode (506)
[2017.10.25-06.26.34:123][ 86]LogModuleManager: Shutting down and abandoning module TextureAlignMode (504)
[2017.10.25-06.26.34:123][ 86]LogModuleManager: Shutting down and abandoning module BspMode (502)
[2017.10.25-06.26.34:123][ 86]LogModuleManager: Shutting down and abandoning module PIEPreviewDeviceProfileSelector (500)
[2017.10.25-06.26.34:123][ 86]LogModuleManager: Shutting down and abandoning module HardwareSurvey (498)
[2017.10.25-06.26.34:123][ 86]LogModuleManager: Shutting down and abandoning module SequenceRecorderSections (496)
[2017.10.25-06.26.34:123][ 86]LogModuleManager: Shutting down and abandoning module AutomationWorker (494)
[2017.10.25-06.26.34:124][ 86]LogModuleManager: Shutting down and abandoning module MatineeToLevelSequence (492)
[2017.10.25-06.26.34:124][ 86]LogModuleManager: Shutting down and abandoning module LevelSequenceEditor (490)
[2017.10.25-06.26.34:124][ 86]LogModuleManager: Shutting down and abandoning module PlacementMode (489)
[2017.10.25-06.26.34:124][ 86]LogModuleManager: Shutting down and abandoning module WmfMediaFactory (486)
[2017.10.25-06.26.34:124][ 86]LogModuleManager: Shutting down and abandoning module WmfMediaEditor (484)
[2017.10.25-06.26.34:124][ 86]LogModuleManager: Shutting down and abandoning module AvfMediaFactory (482)
[2017.10.25-06.26.34:124][ 86]LogModuleManager: Shutting down and abandoning module AvfMediaEditor (480)
[2017.10.25-06.26.34:125][ 86]LogModuleManager: Shutting down and abandoning module AndroidMediaFactory (478)
[2017.10.25-06.26.34:125][ 86]LogModuleManager: Shutting down and abandoning module Media (477)
[2017.10.25-06.26.34:125][ 86]LogModuleManager: Shutting down and abandoning module AndroidMediaEditor (474)
[2017.10.25-06.26.34:125][ 86]LogModuleManager: Shutting down and abandoning module CharacterAI (472)
[2017.10.25-06.26.34:125][ 86]LogModuleManager: Shutting down and abandoning module AudioCapture (470)
[2017.10.25-06.26.34:125][ 86]LogModuleManager: Shutting down and abandoning module SequenceRecorder (469)
[2017.10.25-06.26.34:125][ 86]LogModuleManager: Shutting down and abandoning module SmartSnapping (466)
[2017.10.25-06.26.34:125][ 86]LogModuleManager: Shutting down and abandoning module SessionServices (464)
[2017.10.25-06.26.34:125][ 86]LogModuleManager: Shutting down and abandoning module ViewportSnapping (462)
[2017.10.25-06.26.34:125][ 86]LogModuleManager: Shutting down and abandoning module ViewportInteraction (460)
[2017.10.25-06.26.34:125][ 86]LogModuleManager: Shutting down and abandoning module ClothPainter (458)
[2017.10.25-06.26.34:126][ 86]LogModuleManager: Shutting down and abandoning module LogVisualizer (456)
[2017.10.25-06.26.34:126][ 86]LogModuleManager: Shutting down and abandoning module IntroTutorials (454)
[2017.10.25-06.26.34:126][ 86]LogModuleManager: Shutting down and abandoning module GameProjectGeneration (453)
[2017.10.25-06.26.34:127][ 86]LogModuleManager: Shutting down and abandoning module IOSPlatformEditor (450)
[2017.10.25-06.26.34:127][ 86]LogModuleManager: Shutting down and abandoning module HTML5PlatformEditor (448)
[2017.10.25-06.26.34:127][ 86]LogModuleManager: Shutting down and abandoning module AndroidPlatformEditor (446)
[2017.10.25-06.26.34:127][ 86]LogModuleManager: Shutting down and abandoning module AndroidDeviceDetection (445)
[2017.10.25-06.26.35:034][ 86]LogModuleManager: Shutting down and abandoning module WindowsPlatformEditor (442)
[2017.10.25-06.26.35:034][ 86]LogModuleManager: Shutting down and abandoning module IOSRuntimeSettings (440)
[2017.10.25-06.26.35:034][ 86]LogModuleManager: Shutting down and abandoning module AndroidRuntimeSettings (438)
[2017.10.25-06.26.35:034][ 86]LogModuleManager: Shutting down and abandoning module InputBindingEditor (436)
[2017.10.25-06.26.35:038][ 86]LogModuleManager: Shutting down and abandoning module MergeActors (434)
[2017.10.25-06.26.35:038][ 86]LogModuleManager: Shutting down and abandoning module SizeMap (432)
[2017.10.25-06.26.35:038][ 86]LogModuleManager: Shutting down and abandoning module TreeMap (430)
[2017.10.25-06.26.35:038][ 86]LogModuleManager: Shutting down and abandoning module ReferenceViewer (428)
[2017.10.25-06.26.35:038][ 86]LogModuleManager: Shutting down and abandoning module LocalizationDashboard (426)
[2017.10.25-06.26.35:039][ 86]LogModuleManager: Shutting down and abandoning module LocalizationService (425)
[2017.10.25-06.26.35:039][ 86]LogModuleManager: Shutting down and abandoning module HardwareTargeting (422)
[2017.10.25-06.26.35:039][ 86]LogModuleManager: Shutting down and abandoning module DeviceProfileEditor (420)
[2017.10.25-06.26.35:039][ 86]LogModuleManager: Shutting down and abandoning module UndoHistory (418)
[2017.10.25-06.26.35:040][ 86]LogModuleManager: Shutting down and abandoning module XmlParser (416)
[2017.10.25-06.26.35:040][ 86]LogModuleManager: Shutting down and abandoning module Blutility (414)
[2017.10.25-06.26.35:040][ 86]LogModuleManager: Shutting down and abandoning module ProjectSettingsViewer (412)
[2017.10.25-06.26.35:040][ 86]LogModuleManager: Shutting down and abandoning module ProjectTargetPlatformEditor (411)
[2017.10.25-06.26.35:040][ 86]LogModuleManager: Shutting down and abandoning module EditorSettingsViewer (408)
[2017.10.25-06.26.35:040][ 86]LogModuleManager: Shutting down and abandoning module SettingsEditor (406)
[2017.10.25-06.26.35:041][ 86]LogModuleManager: Shutting down and abandoning module ProjectLauncher (404)
[2017.10.25-06.26.35:041][ 86]LogModuleManager: Shutting down and abandoning module SessionFrontend (402)
[2017.10.25-06.26.35:041][ 86]LogModuleManager: Shutting down and abandoning module ProfilerClient (400)
[2017.10.25-06.26.35:042][ 86]LogModuleManager: Shutting down and abandoning module DeviceManager (398)
[2017.10.25-06.26.35:042][ 86]LogModuleManager: Shutting down and abandoning module TargetDeviceServices (397)
[2017.10.25-06.26.35:107][ 86]LogModuleManager: Shutting down and abandoning module AutomationController (394)
[2017.10.25-06.26.35:107][ 86]LogModuleManager: Shutting down and abandoning module AutomationWindow (392)
[2017.10.25-06.26.35:108][ 86]LogModuleManager: Shutting down and abandoning module Layers (390)
[2017.10.25-06.26.35:110][ 86]LogModuleManager: Shutting down and abandoning module ComponentVisualizers (388)
[2017.10.25-06.26.35:110][ 86]LogModuleManager: Shutting down and abandoning module DetailCustomizations (386)
[2017.10.25-06.26.35:110][ 86]LogModuleManager: Shutting down and abandoning module PackagesDialog (384)
[2017.10.25-06.26.35:111][ 86]LogModuleManager: Shutting down and abandoning module Persona (382)
[2017.10.25-06.26.35:112][ 86]LogModuleManager: Shutting down and abandoning module AdvancedPreviewScene (381)
[2017.10.25-06.26.35:112][ 86]LogModuleManager: Shutting down and abandoning module AnimGraph (379)
[2017.10.25-06.26.35:112][ 86]LogModuleManager: Shutting down and abandoning module Kismet (376)
[2017.10.25-06.26.35:115][ 86]LogModuleManager: Shutting down and abandoning module ClassViewer (374)
[2017.10.25-06.26.35:115][ 86]LogModuleManager: Shutting down and abandoning module Toolbox (372)
[2017.10.25-06.26.35:115][ 86]LogModuleManager: Shutting down and abandoning module ModuleUI (370)
[2017.10.25-06.26.35:115][ 86]LogModuleManager: Shutting down and abandoning module MovieSceneTools (368)
[2017.10.25-06.26.35:116][ 86]LogModuleManager: Shutting down and abandoning module OutputLog (366)
[2017.10.25-06.26.35:116][ 86]LogModuleManager: Shutting down and abandoning module GammaUI (364)
[2017.10.25-06.26.35:116][ 86]LogModuleManager: Shutting down and abandoning module Documentation (362)
[2017.10.25-06.26.35:116][ 86]LogModuleManager: Shutting down and abandoning module MovieSceneTracks (360)
[2017.10.25-06.26.35:116][ 86]LogModuleManager: Shutting down and abandoning module MovieScene (358)
[2017.10.25-06.26.35:117][ 86]LogModuleManager: Shutting down and abandoning module Niagara (356)
[2017.10.25-06.26.35:117][ 86]LogModuleManager: Shutting down and abandoning module NiagaraEditor (355)
[2017.10.25-06.26.35:117][ 86]LogModuleManager: Shutting down and abandoning module StreamingPauseRendering (352)
[2017.10.25-06.26.35:117][ 86]LogModuleManager: Shutting down and abandoning module LauncherPlatform (350)
[2017.10.25-06.26.35:118][ 86]LogModuleManager: Shutting down and abandoning module AnalyticsET (348)
[2017.10.25-06.26.35:118][ 86]LogModuleManager: Shutting down and abandoning module PortalServices (346)
[2017.10.25-06.26.35:118][ 86]LogModuleManager: Shutting down and abandoning module PortalRpc (344)
[2017.10.25-06.26.35:118][ 86]LogModuleManager: Shutting down and abandoning module MessagingRpc (342)
[2017.10.25-06.26.35:118][ 86]LogModuleManager: Shutting down and abandoning module AIModule (340)
[2017.10.25-06.26.35:118][ 86]LogModuleManager: Shutting down and abandoning module GameplayDebugger (339)
[2017.10.25-06.26.35:118][ 86]LogModuleManager: Shutting down and abandoning module AITestSuite (337)
[2017.10.25-06.26.35:118][ 86]LogModuleManager: Shutting down and abandoning module ProfilerService (334)
[2017.10.25-06.26.35:193][ 86]LogModuleManager: Shutting down and abandoning module TaskGraph (332)
[2017.10.25-06.26.35:195][ 86]LogModuleManager: Shutting down and abandoning module SteamVRController (330)
[2017.10.25-06.26.35:195][ 86]LogModuleManager: Shutting down and abandoning module ProceduralMeshComponentEditor (328)
[2017.10.25-06.26.35:195][ 86]LogModuleManager: Shutting down and abandoning module ProceduralMeshComponent (326)
[2017.10.25-06.26.35:195][ 86]LogModuleManager: Shutting down and abandoning module OculusInput (324)
[2017.10.25-06.26.35:195][ 86]LogModuleManager: Shutting down and abandoning module MobilePatchingUtils (322)
[2017.10.25-06.26.35:195][ 86]LogModuleManager: Shutting down and abandoning module CustomMeshComponent (320)
[2017.10.25-06.26.35:195][ 86]LogModuleManager: Shutting down and abandoning module CableComponent (318)
[2017.10.25-06.26.35:195][ 86]LogModuleManager: Shutting down and abandoning module ArchVisCharacter (316)
[2017.10.25-06.26.35:195][ 86]LogModuleManager: Shutting down and abandoning module AndroidPermission (314)
[2017.10.25-06.26.35:195][ 86]LogModuleManager: Shutting down and abandoning module MediaPlayerEditor (310)
[2017.10.25-06.26.35:196][ 86]LogModuleManager: Shutting down and abandoning module HTML5Networking (308)
[2017.10.25-06.26.35:196][ 86]LogModuleManager: Shutting down and abandoning module AlembicImporter (306)
[2017.10.25-06.26.35:197][ 86]LogModuleManager: Shutting down and abandoning module AlembicLibrary (305)
[2017.10.25-06.26.35:197][ 86]LogModuleManager: Shutting down and abandoning module GeometryCache (304)
[2017.10.25-06.26.35:197][ 86]LogModuleManager: Shutting down and abandoning module GeometryCacheEd (303)
[2017.10.25-06.26.35:197][ 86]LogModuleManager: Shutting down and abandoning module SpeedTreeImporter (298)
[2017.10.25-06.26.35:197][ 86]LogModuleManager: Shutting down and abandoning module PluginBrowser (296)
[2017.10.25-06.26.35:198][ 86]LogModuleManager: Shutting down and abandoning module MobileLauncherProfileWizard (294)
[2017.10.25-06.26.35:198][ 86]LogModuleManager: Shutting down and abandoning module VisualStudioSourceCodeAccess (292)
[2017.10.25-06.26.35:198][ 86]LogModuleManager: Shutting down and abandoning module DesktopPlatform (291)
[2017.10.25-06.26.35:198][ 86]LogModuleManager: Shutting down and abandoning module UObjectPlugin (288)
[2017.10.25-06.26.35:198][ 86]LogModuleManager: Shutting down and abandoning module SubversionSourceControl (286)
[2017.10.25-06.26.35:199][ 86]LogModuleManager: Shutting down and abandoning module PerforceSourceControl (284)
[2017.10.25-06.26.35:199][ 86]LogModuleManager: Shutting down and abandoning module GitSourceControl (282)
[2017.10.25-06.26.35:199][ 86]LogModuleManager: Shutting down and abandoning module SourceControl (281)
[2017.10.25-06.26.35:199][ 86]LogModuleManager: Shutting down and abandoning module LightPropagationVolumeEditor (278)
[2017.10.25-06.26.35:199][ 86]LogModuleManager: Shutting down and abandoning module PaperTiledImporter (276)
[2017.10.25-06.26.35:200][ 86]LogModuleManager: Shutting down and abandoning module PaperSpriteSheetImporter (274)
[2017.10.25-06.26.35:200][ 86]LogModuleManager: Shutting down and abandoning module Paper2DEditor (272)
[2017.10.25-06.26.35:200][ 86]LogModuleManager: Shutting down and abandoning module MeshPaint (271)
[2017.10.25-06.26.35:200][ 86]LogModuleManager: Shutting down and abandoning module LevelEditor (269)
[2017.10.25-06.26.35:202][ 86]LogModuleManager: Shutting down and abandoning module PixelInspectorModule (268)
[2017.10.25-06.26.35:202][ 86]LogModuleManager: Shutting down and abandoning module MainFrame (266)
[2017.10.25-06.26.35:202][ 86]LogModuleManager: Shutting down and abandoning module HotReload (265)
[2017.10.25-06.26.35:204][ 86]LogModuleManager: Shutting down and abandoning module RuntimePhysXCooking (260)
[2017.10.25-06.26.35:204][ 86]LogModuleManager: Shutting down and abandoning module PhysXVehiclesEditor (258)
[2017.10.25-06.26.35:204][ 86]LogModuleManager: Shutting down and abandoning module PhysXVehicles (256)
[2017.10.25-06.26.35:204][ 86]LogModuleManager: Shutting down and abandoning module OculusEditor (254)
[2017.10.25-06.26.35:204][ 86]LogModuleManager: Shutting down and abandoning module LocationServicesBPLibrary (252)
[2017.10.25-06.26.35:204][ 86]LogModuleManager: Shutting down and abandoning module ImmediatePhysicsEditor (250)
[2017.10.25-06.26.35:204][ 86]LogModuleManager: Shutting down and abandoning module ImmediatePhysics (248)
[2017.10.25-06.26.35:204][ 86]LogModuleManager: Shutting down and abandoning module UdpMessaging (246)
[2017.10.25-06.26.35:305][ 86]LogModuleManager: Shutting down and abandoning module TcpMessaging (244)
[2017.10.25-06.26.35:406][ 86]LogModuleManager: Shutting down and abandoning module GameplayTagsEditor (242)
[2017.10.25-06.26.35:409][ 86]LogModuleManager: Shutting down and abandoning module FacialAnimationEditor (240)
[2017.10.25-06.26.35:409][ 86]LogModuleManager: Shutting down and abandoning module FacialAnimation (238)
[2017.10.25-06.26.35:409][ 86]LogModuleManager: Shutting down and abandoning module AssetManagerEditor (236)
[2017.10.25-06.26.35:410][ 86]LogModuleManager: Shutting down and abandoning module GraphEditor (235)
[2017.10.25-06.26.35:412][ 86]LogModuleManager: Shutting down and abandoning module ContentBrowser (233)
[2017.10.25-06.26.35:415][ 86]LogModuleManager: Shutting down and abandoning module LightPropagationVolumeRuntime (230)
[2017.10.25-06.26.35:415][ 86]LogModuleManager: Shutting down and abandoning module Paper2D (228)
[2017.10.25-06.26.35:415][ 86]LogModuleManager: Shutting down and abandoning module WindowsMoviePlayer (226)
[2017.10.25-06.26.35:415][ 86]LogModuleManager: Shutting down and abandoning module WmfMedia (224)
[2017.10.25-06.26.35:415][ 86]LogModuleManager: Shutting down and abandoning module PacketHandler (222)
[2017.10.25-06.26.35:415][ 86]LogModuleManager: Shutting down and abandoning module ClothingSystemEditor (220)
[2017.10.25-06.26.35:415][ 86]LogModuleManager: Shutting down and abandoning module ClothingSystemRuntime (218)
[2017.10.25-06.26.35:416][ 86]LogModuleManager: Shutting down and abandoning module Overlay (216)
[2017.10.25-06.26.35:416][ 86]LogModuleManager: Shutting down and abandoning module OverlayEditor (215)
[2017.10.25-06.26.35:416][ 86]LogModuleManager: Shutting down and abandoning module MediaAssets (212)
[2017.10.25-06.26.35:416][ 86]LogModuleManager: Shutting down and abandoning module VREditor (210)
[2017.10.25-06.26.35:417][ 86]LogModuleManager: Shutting down and abandoning module StringTableEditor (208)
[2017.10.25-06.26.35:417][ 86]LogModuleManager: Shutting down and abandoning module GameplayTasksEditor (206)
[2017.10.25-06.26.35:417][ 86]LogModuleManager: Shutting down and abandoning module BehaviorTreeEditor (204)
[2017.10.25-06.26.35:418][ 86]LogModuleManager: Shutting down and abandoning module FunctionalTesting (202)
[2017.10.25-06.26.35:418][ 86]LogModuleManager: Shutting down and abandoning module CollisionAnalyzer (200)
[2017.10.25-06.26.35:418][ 86]LogModuleManager: Shutting down and abandoning module WorkspaceMenuStructure (199)
[2017.10.25-06.26.35:419][ 86]LogModuleManager: Shutting down and abandoning module UMG (196)
[2017.10.25-06.26.35:419][ 86]LogModuleManager: Shutting down and abandoning module UMGEditor (195)
[2017.10.25-06.26.35:420][ 86]LogModuleManager: Shutting down and abandoning module Sequencer (194)
[2017.10.25-06.26.35:420][ 86]LogModuleManager: Shutting down and abandoning module MessageLog (191)
[2017.10.25-06.26.35:420][ 86]LogModuleManager: Shutting down and abandoning module SlateReflector (186)
[2017.10.25-06.26.35:421][ 86]LogModuleManager: Shutting down and abandoning module Slate (184)
[2017.10.25-06.26.35:421][ 86]LogModuleManager: Shutting down and abandoning module EditorStyle (182)
[2017.10.25-06.26.35:429][ 86]LogModuleManager: Shutting down and abandoning module MRMesh (180)
[2017.10.25-06.26.35:429][ 86]LogModuleManager: Shutting down and abandoning module SourceCodeAccess (178)
[2017.10.25-06.26.35:430][ 86]LogModuleManager: Shutting down and abandoning module HeadMountedDisplay (176)
[2017.10.25-06.26.35:430][ 86]LogModuleManager: Shutting down and abandoning module XAudio2 (174)
[2017.10.25-06.26.35:430][ 86]LogModuleManager: Shutting down and abandoning module Networking (172)
[2017.10.25-06.26.35:430][ 86]LogModuleManager: Shutting down and abandoning module Core (168)
[2017.10.25-06.26.35:430][ 86]LogModuleManager: Shutting down and abandoning module KismetCompiler (164)
[2017.10.25-06.26.35:430][ 86]LogModuleManager: Shutting down and abandoning module LevelSequence (162)
[2017.10.25-06.26.35:430][ 86]LogModuleManager: Shutting down and abandoning module MeshUtilities (160)
[2017.10.25-06.26.35:430][ 86]LogModuleManager: Shutting down and abandoning module MeshMergeUtilities (159)
[2017.10.25-06.26.35:431][ 86]LogModuleManager: Shutting down and abandoning module MeshReductionInterface (158)
[2017.10.25-06.26.35:431][ 86]LogModuleManager: Shutting down and abandoning module SimplygonSwarm (157)
[2017.10.25-06.26.35:431][ 86]LogModuleManager: Shutting down and abandoning module SimplygonMeshReduction (155)
[2017.10.25-06.26.35:431][ 86]LogModuleManager: Shutting down and abandoning module QuadricMeshReduction (153)
[2017.10.25-06.26.35:431][ 86]LogModuleManager: Shutting down and abandoning module MaterialBaking (149)
[2017.10.25-06.26.35:432][ 86]LogModuleManager: Shutting down and abandoning module DirectoryWatcher (146)
[2017.10.25-06.26.35:435][ 86]LogModuleManager: Shutting down and abandoning module DerivedDataCache (144)
[2017.10.25-06.26.35:482][ 86]LogDerivedDataCache: Shutdown
[2017.10.25-06.26.35:482][ 86]LogModuleManager: Shutting down and abandoning module TargetPlatform (142)
[2017.10.25-06.26.35:482][ 86]LogModuleManager: Shutting down and abandoning module VulkanShaderFormat (141)
[2017.10.25-06.26.35:482][ 86]LogModuleManager: Shutting down and abandoning module ShaderFormatVectorVM (139)
[2017.10.25-06.26.35:483][ 86]LogModuleManager: Shutting down and abandoning module ShaderFormatOpenGL (137)
[2017.10.25-06.26.35:484][ 86]LogModuleManager: Shutting down and abandoning module ShaderFormatD3D (135)
[2017.10.25-06.26.35:484][ 86]LogModuleManager: Shutting down and abandoning module MetalShaderFormat (133)
[2017.10.25-06.26.35:484][ 86]LogModuleManager: Shutting down and abandoning module TextureFormatUncompressed (131)
[2017.10.25-06.26.35:484][ 86]LogModuleManager: Shutting down and abandoning module TextureFormatPVR (129)
[2017.10.25-06.26.35:485][ 86]LogModuleManager: Shutting down and abandoning module TextureFormatDXT (127)
[2017.10.25-06.26.35:485][ 86]LogModuleManager: Shutting down and abandoning module TextureFormatIntelISPCTexComp (125)
[2017.10.25-06.26.35:486][ 86]LogModuleManager: Shutting down and abandoning module TextureFormatASTC (123)
[2017.10.25-06.26.35:486][ 86]LogModuleManager: Shutting down and abandoning module ImageWrapper (122)
[2017.10.25-06.26.35:486][ 86]LogModuleManager: Shutting down and abandoning module TextureFormatAndroid (119)
[2017.10.25-06.26.35:486][ 86]LogModuleManager: Shutting down and abandoning module AudioFormatOpus (117)
[2017.10.25-06.26.35:486][ 86]LogModuleManager: Shutting down and abandoning module AudioFormatOgg (115)
[2017.10.25-06.26.35:486][ 86]LogModuleManager: Shutting down and abandoning module AudioFormatADPCM (113)
[2017.10.25-06.26.35:486][ 86]LogModuleManager: Shutting down and abandoning module LinuxTargetPlatform (111)
[2017.10.25-06.26.35:486][ 86]LogModuleManager: Shutting down and abandoning module LinuxServerTargetPlatform (109)
[2017.10.25-06.26.35:486][ 86]LogModuleManager: Shutting down and abandoning module LinuxNoEditorTargetPlatform (107)
[2017.10.25-06.26.35:487][ 86]LogModuleManager: Shutting down and abandoning module LinuxClientTargetPlatform (105)
[2017.10.25-06.26.35:487][ 86]LogModuleManager: Shutting down and abandoning module TVOSTargetPlatform (103)
[2017.10.25-06.26.35:487][ 86]LogModuleManager: Shutting down and abandoning module Messaging (101)
[2017.10.25-06.26.35:487][ 86]LogModuleManager: Shutting down and abandoning module IOSTargetPlatform (99)
[2017.10.25-06.26.35:487][ 86]LogModuleManager: Shutting down and abandoning module HTML5TargetPlatform (97)
[2017.10.25-06.26.35:487][ 86]LogModuleManager: Shutting down and abandoning module Android_PVRTCTargetPlatform (95)
[2017.10.25-06.26.35:487][ 86]LogModuleManager: Shutting down and abandoning module Android_MultiTargetPlatform (93)
[2017.10.25-06.26.35:487][ 86]LogModuleManager: Shutting down and abandoning module Android_ETC2TargetPlatform (91)
[2017.10.25-06.26.35:487][ 86]LogModuleManager: Shutting down and abandoning module Android_ETC1TargetPlatform (89)
[2017.10.25-06.26.35:487][ 86]LogModuleManager: Shutting down and abandoning module Android_DXTTargetPlatform (87)
[2017.10.25-06.26.35:487][ 86]LogModuleManager: Shutting down and abandoning module Android_ATCTargetPlatform (85)
[2017.10.25-06.26.35:487][ 86]LogModuleManager: Shutting down and abandoning module Android_ASTCTargetPlatform (83)
[2017.10.25-06.26.35:487][ 86]LogModuleManager: Shutting down and abandoning module AndroidTargetPlatform (81)
[2017.10.25-06.26.35:487][ 86]LogModuleManager: Shutting down and abandoning module WindowsTargetPlatform (79)
[2017.10.25-06.26.35:487][ 86]LogModuleManager: Shutting down and abandoning module WindowsServerTargetPlatform (77)
[2017.10.25-06.26.35:487][ 86]LogModuleManager: Shutting down and abandoning module WindowsNoEditorTargetPlatform (75)
[2017.10.25-06.26.35:487][ 86]LogModuleManager: Shutting down and abandoning module WindowsClientTargetPlatform (73)
[2017.10.25-06.26.35:488][ 86]LogModuleManager: Shutting down and abandoning module MacTargetPlatform (71)
[2017.10.25-06.26.35:488][ 86]LogModuleManager: Shutting down and abandoning module MacServerTargetPlatform (69)
[2017.10.25-06.26.35:488][ 86]LogModuleManager: Shutting down and abandoning module MacNoEditorTargetPlatform (67)
[2017.10.25-06.26.35:488][ 86]LogModuleManager: Shutting down and abandoning module MacClientTargetPlatform (65)
[2017.10.25-06.26.35:488][ 86]LogModuleManager: Shutting down and abandoning module AllDesktopTargetPlatform (63)
[2017.10.25-06.26.35:488][ 86]LogModuleManager: Shutting down and abandoning module InputCore (60)
[2017.10.25-06.26.35:488][ 86]LogModuleManager: Shutting down and abandoning module Settings (58)
[2017.10.25-06.26.35:488][ 86]LogModuleManager: Shutting down and abandoning module PhysXCooking (56)
[2017.10.25-06.26.35:488][ 86]LogModuleManager: Shutting down and abandoning module SteamVR (54)
[2017.10.25-06.26.35:488][ 86]LogModuleManager: Shutting down and abandoning module OculusHMD (52)
[2017.10.25-06.26.35:488][ 86]LogModuleManager: Shutting down and abandoning module ExampleDeviceProfileSelector (50)
[2017.10.25-06.26.35:488][ 86]LogModuleManager: Shutting down and abandoning module OnlineBlueprintSupport (48)
[2017.10.25-06.26.35:488][ 86]LogModuleManager: Shutting down and abandoning module OnlineSubsystem (44)
[2017.10.25-06.26.35:488][ 86]LogOnline: Display: Unloading online subsystem: NULL
[2017.10.25-06.26.35:489][ 86]LogModuleManager: Shutting down and abandoning module XMPP (43)
[2017.10.25-06.26.35:490][ 86]LogModuleManager: Shutting down and abandoning module HTTP (41)
[2017.10.25-06.26.35:490][ 86]LogHttp: Display: Http module shutting down, but needs to wait on 1 outstanding Http requests:
[2017.10.25-06.26.35:490][ 86]LogHttp: Display: 	verb=[POST] url=[https://datarouter.ol.epicgames.com/datarouter/api/v1/public/data?SessionID=%7B76A5F256-4358-CF37-7B12-FFB0C6F2AF3C%7D&AppID=UEEditor.Rocket.Release&AppVersion=4.17.2-3658906%2B%2B%2BUE4%2BRelease-4.17&UserID=4a9090a145fd0287ad2ec4a62a8fb4cc%7C01a7b7c22aef419f924e6120a094e671%7C19104614-d73b-401c-82fd-0a81808f2f01&AppEnvironment=datacollector-binary&UploadType=eteventstream] status=Processing
[2017.10.25-06.26.35:508][ 86]LogModuleManager: Shutting down and abandoning module SSL (40)
[2017.10.25-06.26.35:512][ 86]LogModuleManager: Shutting down and abandoning module AnimationModifiers (36)
[2017.10.25-06.26.35:513][ 86]LogModuleManager: Shutting down and abandoning module PropertyEditor (35)
[2017.10.25-06.26.35:513][ 86]LogModuleManager: Shutting down and abandoning module AudioEditor (32)
[2017.10.25-06.26.35:513][ 86]LogModuleManager: Shutting down and abandoning module TextureCompressor (30)
[2017.10.25-06.26.35:513][ 86]LogModuleManager: Shutting down and abandoning module ShaderCore (28)
[2017.10.25-06.26.35:513][ 86]LogModuleManager: Shutting down and abandoning module Landscape (26)
[2017.10.25-06.26.35:513][ 86]LogModuleManager: Shutting down and abandoning module SlateRHIRenderer (24)
[2017.10.25-06.26.35:517][ 86]LogModuleManager: Shutting down and abandoning module OpenGLDrv (22)
[2017.10.25-06.26.35:518][ 86]LogModuleManager: Shutting down and abandoning module D3D11RHI (20)
[2017.10.25-06.26.35:518][ 86]LogModuleManager: Shutting down and abandoning module AnimGraphRuntime (18)
[2017.10.25-06.26.35:518][ 86]LogModuleManager: Shutting down and abandoning module Renderer (16)
[2017.10.25-06.26.35:518][ 86]LogModuleManager: Shutting down and abandoning module Engine (14)
[2017.10.25-06.26.35:518][ 86]LogModuleManager: Shutting down and abandoning module CoreUObject (12)
[2017.10.25-06.26.35:518][ 86]LogModuleManager: Shutting down and abandoning module NetworkFile (10)
[2017.10.25-06.26.35:518][ 86]LogModuleManager: Shutting down and abandoning module CookedIterativeFile (8)
[2017.10.25-06.26.35:518][ 86]LogModuleManager: Shutting down and abandoning module StreamingFile (6)
[2017.10.25-06.26.35:519][ 86]LogModuleManager: Shutting down and abandoning module SandboxFile (4)
[2017.10.25-06.26.35:519][ 86]LogModuleManager: Shutting down and abandoning module PakFile (2)
[2017.10.25-06.26.35:528][ 86]LogExit: Exiting.
[2017.10.25-06.26.35:581][ 86]Log file closed, 10/24/17 23:26:35
